#
# There is insufficient memory for the Java Runtime Environment to continue.
# Native memory allocation (malloc) failed to allocate 404336 bytes for Chunk::new
# Possible reasons:
#   The system is out of physical RAM or swap space
#   The process is running with CompressedOops enabled, and the Java Heap may be blocking the growth of the native heap
# Possible solutions:
#   Reduce memory load on the system
#   Increase physical memory or swap space
#   Check if swap backing store is full
#   Decrease Java heap size (-Xmx/-Xms)
#   Decrease number of Java threads
#   Decrease Java thread stack sizes (-Xss)
#   Set larger code cache with -XX:ReservedCodeCacheSize=
#   JVM is running with Unscaled Compressed Oops mode in which the Java heap is
#     placed in the first 4GB address space. The Java Heap base address is the
#     maximum limit for the native heap growth. Please use -XX:HeapBaseMinAddress
#     to set the Java Heap base and to place the Java Heap above 4GB virtual address.
# This output file may be truncated or incomplete.
#
#  Out of Memory Error (arena.cpp:189), pid=20688, tid=21704
#
# JRE version: OpenJDK Runtime Environment Temurin-17.0.2+8 (17.0.2+8) (build 17.0.2+8)
# Java VM: OpenJDK 64-Bit Server VM Temurin-17.0.2+8 (17.0.2+8, mixed mode, tiered, compressed oops, compressed class ptrs, parallel gc, windows-amd64)
# No core dump will be written. Minidumps are not enabled by default on client versions of Windows
#

---------------  S U M M A R Y ------------

Command Line: --add-modules=ALL-SYSTEM --add-opens=java.base/java.util=ALL-UNNAMED --add-opens=java.base/java.lang=ALL-UNNAMED --add-opens=java.base/sun.nio.fs=ALL-UNNAMED -Declipse.application=org.eclipse.jdt.ls.core.id1 -Dosgi.bundles.defaultStartLevel=4 -Declipse.product=org.eclipse.jdt.ls.core.product -Djava.import.generatesMetadataFilesAtProjectRoot=false -Dfile.encoding=utf8 -DwatchParentProcess=false -XX:+UseParallelGC -XX:GCTimeRatio=4 -XX:AdaptiveSizePolicyWeight=90 -Dsun.zip.disableMemoryMapping=true -Xmx1G -Xms100m -XX:+HeapDumpOnOutOfMemoryError -XX:HeapDumpPath=c:\Users\Nisarg Shah\AppData\Roaming\Code\User\workspaceStorage\54ba89270061d8e32219ce9d5ef7f790\redhat.java c:\Users\Nisarg Shah\.vscode\extensions\redhat.java-1.6.0-win32-x64\server\plugins\org.eclipse.equinox.launcher_1.6.400.v20210924-0641.jar -configuration c:\Users\Nisarg Shah\AppData\Roaming\Code\User\globalStorage\redhat.java\1.6.0\config_win -data c:\Users\Nisarg Shah\AppData\Roaming\Code\User\workspaceStorage\54ba89270061d8e32219ce9d5ef7f790\redhat.java\jdt_ws

Host: AMD Ryzen 5 5600H with Radeon Graphics         , 12 cores, 7G,  Windows 11 , 64 bit Build 22000 (10.0.22000.675)
Time: Sat May 21 21:48:09 2022 India Standard Time elapsed time: 7.495090 seconds (0d 0h 0m 7s)

---------------  T H R E A D  ---------------

Current thread (0x0000020dc879f020):  JavaThread "C2 CompilerThread1" daemon [_thread_in_native, id=21704, stack(0x0000007932f00000,0x0000007933000000)]


Current CompileTask:
C2:   7495 7327   !   4       org.eclipse.jdt.internal.compiler.lookup.Scope::getBinding (1395 bytes)

Stack: [0x0000007932f00000,0x0000007933000000]
Native frames: (J=compiled Java code, j=interpreted, Vv=VM code, C=native code)
V  [jvm.dll+0x67564a]
V  [jvm.dll+0x82fc04]
V  [jvm.dll+0x8313ae]
V  [jvm.dll+0x831a13]
V  [jvm.dll+0x245235]
V  [jvm.dll+0xabd7b]
V  [jvm.dll+0xac30c]
V  [jvm.dll+0x3631a2]
V  [jvm.dll+0x32d891]
V  [jvm.dll+0x32cd3a]
V  [jvm.dll+0x2180d1]
V  [jvm.dll+0x2174f1]
V  [jvm.dll+0x1a3a8d]
V  [jvm.dll+0x226ef8]
V  [jvm.dll+0x22503c]
V  [jvm.dll+0x7e596b]
V  [jvm.dll+0x7dff2a]
V  [jvm.dll+0x6744d5]
C  [ucrtbase.dll+0x26c0c]
C  [KERNEL32.DLL+0x154e0]
C  [ntdll.dll+0x485b]


---------------  P R O C E S S  ---------------

Threads class SMR info:
_java_thread_list=0x0000020dcaa0ed60, length=26, elements={
0x0000020daf45bfe0, 0x0000020dc5395e60, 0x0000020dc5396820, 0x0000020dc7094080,
0x0000020dc7094b40, 0x0000020dc7095600, 0x0000020dc70963c0, 0x0000020dc7097060,
0x0000020dc70c67d0, 0x0000020dc5398b20, 0x0000020db15d41a0, 0x0000020dc7380470,
0x0000020dc879f020, 0x0000020dc88b55d0, 0x0000020dc8a89fe0, 0x0000020dc8a8a940,
0x0000020dc9b6e6e0, 0x0000020dc9c77d50, 0x0000020dc8bc20c0, 0x0000020dc9f0ca00,
0x0000020dc9f0d3a0, 0x0000020dc9f0ced0, 0x0000020dc9f0d870, 0x0000020dca4b3250,
0x0000020dca4b10a0, 0x0000020dca4b1570
}

Java Threads: ( => current thread )
  0x0000020daf45bfe0 JavaThread "main" [_thread_blocked, id=18952, stack(0x0000007932200000,0x0000007932300000)]
  0x0000020dc5395e60 JavaThread "Reference Handler" daemon [_thread_blocked, id=2748, stack(0x0000007932500000,0x0000007932600000)]
  0x0000020dc5396820 JavaThread "Finalizer" daemon [_thread_blocked, id=9024, stack(0x0000007932600000,0x0000007932700000)]
  0x0000020dc7094080 JavaThread "Signal Dispatcher" daemon [_thread_blocked, id=6920, stack(0x0000007932700000,0x0000007932800000)]
  0x0000020dc7094b40 JavaThread "Attach Listener" daemon [_thread_blocked, id=17456, stack(0x0000007932800000,0x0000007932900000)]
  0x0000020dc7095600 JavaThread "Service Thread" daemon [_thread_blocked, id=18388, stack(0x0000007932900000,0x0000007932a00000)]
  0x0000020dc70963c0 JavaThread "Monitor Deflation Thread" daemon [_thread_blocked, id=2228, stack(0x0000007932a00000,0x0000007932b00000)]
  0x0000020dc7097060 JavaThread "C2 CompilerThread0" daemon [_thread_in_native, id=22024, stack(0x0000007932b00000,0x0000007932c00000)]
  0x0000020dc70c67d0 JavaThread "C1 CompilerThread0" daemon [_thread_blocked, id=13644, stack(0x0000007932c00000,0x0000007932d00000)]
  0x0000020dc5398b20 JavaThread "Sweeper thread" daemon [_thread_blocked, id=7988, stack(0x0000007932d00000,0x0000007932e00000)]
  0x0000020db15d41a0 JavaThread "Common-Cleaner" daemon [_thread_blocked, id=19948, stack(0x0000007932e00000,0x0000007932f00000)]
  0x0000020dc7380470 JavaThread "Notification Thread" daemon [_thread_blocked, id=11828, stack(0x0000007933000000,0x0000007933100000)]
=>0x0000020dc879f020 JavaThread "C2 CompilerThread1" daemon [_thread_in_native, id=21704, stack(0x0000007932f00000,0x0000007933000000)]
  0x0000020dc88b55d0 JavaThread "Active Thread: Equinox Container: 9581a5df-a7e0-4030-acfe-28d7c9c47ba7" [_thread_blocked, id=13748, stack(0x0000007933400000,0x0000007933500000)]
  0x0000020dc8a89fe0 JavaThread "Framework Event Dispatcher: Equinox Container: 9581a5df-a7e0-4030-acfe-28d7c9c47ba7" daemon [_thread_blocked, id=8900, stack(0x0000007933300000,0x0000007933400000)]
  0x0000020dc8a8a940 JavaThread "Start Level: Equinox Container: 9581a5df-a7e0-4030-acfe-28d7c9c47ba7" daemon [_thread_blocked, id=20508, stack(0x0000007933b00000,0x0000007933c00000)]
  0x0000020dc9b6e6e0 JavaThread "SCR Component Actor" daemon [_thread_blocked, id=19304, stack(0x0000007933c00000,0x0000007933d00000)]
  0x0000020dc9c77d50 JavaThread "Bundle File Closer" daemon [_thread_blocked, id=21692, stack(0x0000007933e00000,0x0000007933f00000)]
  0x0000020dc8bc20c0 JavaThread "Worker-JM" [_thread_blocked, id=18408, stack(0x0000007933f00000,0x0000007934000000)]
  0x0000020dc9f0ca00 JavaThread "Worker-0" [_thread_blocked, id=5636, stack(0x0000007934300000,0x0000007934400000)]
  0x0000020dc9f0d3a0 JavaThread "Worker-1" [_thread_blocked, id=2072, stack(0x0000007934400000,0x0000007934500000)]
  0x0000020dc9f0ced0 JavaThread "Java indexing" daemon [_thread_blocked, id=17828, stack(0x0000007934500000,0x0000007934600000)]
  0x0000020dc9f0d870 JavaThread "Worker-2: Building" [_thread_in_native, id=4260, stack(0x0000007934600000,0x0000007934700000)]
  0x0000020dca4b3250 JavaThread "pool-2-thread-1" [_thread_blocked, id=724, stack(0x0000007934700000,0x0000007934800000)]
  0x0000020dca4b10a0 JavaThread "Worker-3: Initialize workspace" [_thread_blocked, id=13764, stack(0x0000007934800000,0x0000007934900000)]
  0x0000020dca4b1570 JavaThread "Compiler Processing Task" daemon [_thread_in_Java, id=15888, stack(0x0000007934900000,0x0000007934a00000)]

Other Threads:
  0x0000020dc5259eb0 VMThread "VM Thread" [stack: 0x0000007932400000,0x0000007932500000] [id=11176]
  0x0000020dc7340fa0 WatcherThread [stack: 0x0000007933100000,0x0000007933200000] [id=15564]
  0x0000020db1525bc0 GCTaskThread "GC Thread#0" [stack: 0x0000007932300000,0x0000007932400000] [id=17936]
  0x0000020dc8912310 GCTaskThread "GC Thread#1" [stack: 0x0000007933500000,0x0000007933600000] [id=21724]
  0x0000020dc8913330 GCTaskThread "GC Thread#2" [stack: 0x0000007933600000,0x0000007933700000] [id=12648]
  0x0000020dc8913b40 GCTaskThread "GC Thread#3" [stack: 0x0000007933700000,0x0000007933800000] [id=22144]
  0x0000020dc89135e0 GCTaskThread "GC Thread#4" [stack: 0x0000007933800000,0x0000007933900000] [id=19708]
  0x0000020dc8912dd0 GCTaskThread "GC Thread#5" [stack: 0x0000007933900000,0x0000007933a00000] [id=19524]
  0x0000020dc89125c0 GCTaskThread "GC Thread#6" [stack: 0x0000007933a00000,0x0000007933b00000] [id=9052]
  0x0000020dc8913080 GCTaskThread "GC Thread#7" [stack: 0x0000007934000000,0x0000007934100000] [id=21288]
  0x0000020dc9f562c0 GCTaskThread "GC Thread#8" [stack: 0x0000007934100000,0x0000007934200000] [id=13560]
  0x0000020dc9f55550 GCTaskThread "GC Thread#9" [stack: 0x0000007934200000,0x0000007934300000] [id=11268]

Threads with active compile tasks:
C2 CompilerThread0     7514 7138       4       org.eclipse.jdt.internal.compiler.parser.Parser::consumeToken (2283 bytes)
C1 CompilerThread0     7514 7370       3       org.eclipse.jdt.internal.compiler.ClassFile::<init> (238 bytes)
C2 CompilerThread1     7514 7327   !   4       org.eclipse.jdt.internal.compiler.lookup.Scope::getBinding (1395 bytes)

VM state: not at safepoint (normal execution)

VM Mutex/Monitor currently owned by a thread: None

Heap address: 0x00000000c0000000, size: 1024 MB, Compressed Oops mode: 32-bit

CDS archive(s) not mapped
Compressed class space mapped at: 0x0000000100000000-0x0000000140000000, reserved size: 1073741824
Narrow klass base: 0x0000000000000000, Narrow klass shift: 3, Narrow klass range: 0x140000000

GC Precious Log:
 CPUs: 12 total, 12 available
 Memory: 7524M
 Large Page Support: Disabled
 NUMA Support: Disabled
 Compressed Oops: Enabled (32-bit)
 Alignments: Space 512K, Generation 512K, Heap 2M
 Heap Min Capacity: 100M
 Heap Initial Capacity: 100M
 Heap Max Capacity: 1G
 Pre-touch: Disabled
 Parallel Workers: 10

Heap:
 PSYoungGen      total 15872K, used 10071K [0x00000000eab00000, 0x00000000ec100000, 0x0000000100000000)
  eden space 12288K, 55% used [0x00000000eab00000,0x00000000eb1adcf8,0x00000000eb700000)
  from space 3584K, 90% used [0x00000000eb700000,0x00000000eba28000,0x00000000eba80000)
  to   space 5120K, 0% used [0x00000000ebc00000,0x00000000ebc00000,0x00000000ec100000)
 ParOldGen       total 68608K, used 44788K [0x00000000c0000000, 0x00000000c4300000, 0x00000000eab00000)
  object space 68608K, 65% used [0x00000000c0000000,0x00000000c2bbd288,0x00000000c4300000)
 Metaspace       used 55359K, committed 56064K, reserved 1105920K
  class space    used 5709K, committed 6016K, reserved 1048576K

Card table byte_map: [0x0000020db0f00000,0x0000020db1110000] _byte_map_base: 0x0000020db0900000

Marking Bits: (ParMarkBitMap*) 0x00007ffda67f3af0
 Begin Bits: [0x0000020dc31a0000, 0x0000020dc41a0000)
 End Bits:   [0x0000020dc41a0000, 0x0000020dc51a0000)

Polling page: 0x0000020db0cf0000

Metaspace:

Usage:
  Non-class:     48.49 MB used.
      Class:      5.58 MB used.
       Both:     54.06 MB used.

Virtual space:
  Non-class space:       56.00 MB reserved,      48.88 MB ( 87%) committed,  7 nodes.
      Class space:        1.00 GB reserved,       5.88 MB ( <1%) committed,  1 nodes.
             Both:        1.05 GB reserved,      54.75 MB (  5%) committed. 

Chunk freelists:
   Non-Class:  2.88 MB
       Class:  1.94 MB
        Both:  4.81 MB

MaxMetaspaceSize: unlimited
CompressedClassSpaceSize: 1.00 GB
Initial GC threshold: 21.00 MB
Current GC threshold: 58.38 MB
CDS: off
MetaspaceReclaimPolicy: balanced
 - commit_granule_bytes: 65536.
 - commit_granule_words: 8192.
 - virtual_space_node_default_size: 1048576.
 - enlarge_chunks_in_place: 1.
 - new_chunks_are_fully_committed: 0.
 - uncommit_free_chunks: 1.
 - use_allocation_guard: 0.
 - handle_deallocations: 1.


Internal statistics:

num_allocs_failed_limit: 6.
num_arena_births: 312.
num_arena_deaths: 0.
num_vsnodes_births: 8.
num_vsnodes_deaths: 0.
num_space_committed: 876.
num_space_uncommitted: 0.
num_chunks_returned_to_freelist: 6.
num_chunks_taken_from_freelist: 2293.
num_chunk_merges: 6.
num_chunk_splits: 1512.
num_chunks_enlarged: 989.
num_purges: 0.
num_inconsistent_stats: 0.

CodeHeap 'non-profiled nmethods': size=120000Kb used=2888Kb max_used=2888Kb free=117111Kb
 bounds [0x0000020dbbc70000, 0x0000020dbbf50000, 0x0000020dc31a0000]
CodeHeap 'profiled nmethods': size=120000Kb used=15138Kb max_used=15138Kb free=104861Kb
 bounds [0x0000020db4740000, 0x0000020db5610000, 0x0000020dbbc70000]
CodeHeap 'non-nmethods': size=5760Kb used=1306Kb max_used=1368Kb free=4453Kb
 bounds [0x0000020db41a0000, 0x0000020db4410000, 0x0000020db4740000]
 total_blobs=7110 nmethods=6475 adapters=548
 compilation: enabled
              stopped_count=0, restarted_count=0
 full_count=0

Compilation events (20 events):
Event: 7.460 Thread 0x0000020dc70c67d0 7332       3       org.eclipse.jdt.internal.compiler.codegen.TypeAnnotationCodeStream::new_ (32 bytes)
Event: 7.460 Thread 0x0000020dc70c67d0 nmethod 7332 0x0000020db55ebc10 code [0x0000020db55ebdc0, 0x0000020db55ec0b8]
Event: 7.460 Thread 0x0000020dc70c67d0 7339   !   3       org.eclipse.core.internal.filesystem.local.nio.DosHandler::fetchFileInfo (225 bytes)
Event: 7.463 Thread 0x0000020dc70c67d0 nmethod 7339 0x0000020db55ec210 code [0x0000020db55ec680, 0x0000020db55eead8]
Event: 7.463 Thread 0x0000020dc70c67d0 7345       3       org.eclipse.jdt.internal.compiler.lookup.FieldBinding::canBeSeenBy (513 bytes)
Event: 7.465 Thread 0x0000020dc70c67d0 nmethod 7345 0x0000020db55efd10 code [0x0000020db55f0260, 0x0000020db55f32e8]
Event: 7.465 Thread 0x0000020dc70c67d0 7337       3       org.eclipse.jdt.internal.compiler.parser.Parser::consumeEnterInstanceCreationArgumentList (1 bytes)
Event: 7.466 Thread 0x0000020dc70c67d0 nmethod 7337 0x0000020db55f3f10 code [0x0000020db55f40a0, 0x0000020db55f41b8]
Event: 7.466 Thread 0x0000020dc70c67d0 7341       3       org.eclipse.jdt.internal.compiler.parser.Parser::consumeClassInstanceCreationExpression (10 bytes)
Event: 7.466 Thread 0x0000020dc70c67d0 nmethod 7341 0x0000020db55f4290 code [0x0000020db55f4440, 0x0000020db55f46e8]
Event: 7.466 Thread 0x0000020dc70c67d0 7343       3       org.eclipse.jdt.internal.compiler.parser.Parser::newAllocationExpression (25 bytes)
Event: 7.466 Thread 0x0000020dc70c67d0 nmethod 7343 0x0000020db55f4810 code [0x0000020db55f4a20, 0x0000020db55f5118]
Event: 7.466 Thread 0x0000020dc70c67d0 7346       3       org.eclipse.jdt.internal.compiler.CompilationResult::getLineSeparatorPositions (18 bytes)
Event: 7.466 Thread 0x0000020dc70c67d0 nmethod 7346 0x0000020db55f5390 code [0x0000020db55f5520, 0x0000020db55f5678]
Event: 7.466 Thread 0x0000020dc70c67d0 7333       3       org.eclipse.jdt.internal.compiler.codegen.CodeStream::new_ (98 bytes)
Event: 7.467 Thread 0x0000020dc70c67d0 nmethod 7333 0x0000020db55f5710 code [0x0000020db55f5940, 0x0000020db55f62b8]
Event: 7.467 Thread 0x0000020dc70c67d0 7348       3       org.eclipse.jdt.internal.compiler.lookup.CompilationUnitScope::recordSuperTypeReference (47 bytes)
Event: 7.468 Thread 0x0000020dc70c67d0 nmethod 7348 0x0000020db55f6790 code [0x0000020db55f6980, 0x0000020db55f6e98]
Event: 7.468 Thread 0x0000020dc70c67d0 7344       3       org.eclipse.jdt.internal.compiler.parser.Parser::consumeClassBodyopt (14 bytes)
Event: 7.468 Thread 0x0000020dc70c67d0 nmethod 7344 0x0000020db55f7110 code [0x0000020db55f72c0, 0x0000020db55f74a8]

GC Heap History (20 events):
Event: 4.106 GC heap before
{Heap before GC invocations=14 (full 2):
 PSYoungGen      total 24576K, used 24512K [0x00000000eab00000, 0x00000000ec780000, 0x0000000100000000)
  eden space 22016K, 100% used [0x00000000eab00000,0x00000000ec080000,0x00000000ec080000)
  from space 2560K, 97% used [0x00000000ec100000,0x00000000ec370010,0x00000000ec380000)
  to   space 3584K, 0% used [0x00000000ec400000,0x00000000ec400000,0x00000000ec780000)
 ParOldGen       total 68608K, used 21760K [0x00000000c0000000, 0x00000000c4300000, 0x00000000eab00000)
  object space 68608K, 31% used [0x00000000c0000000,0x00000000c15400c8,0x00000000c4300000)
 Metaspace       used 39897K, committed 40640K, reserved 1089536K
  class space    used 4246K, committed 4544K, reserved 1048576K
}
Event: 4.110 GC heap after
{Heap after GC invocations=14 (full 2):
 PSYoungGen      total 24576K, used 2451K [0x00000000eab00000, 0x00000000ec680000, 0x0000000100000000)
  eden space 22016K, 0% used [0x00000000eab00000,0x00000000eab00000,0x00000000ec080000)
  from space 2560K, 95% used [0x00000000ec400000,0x00000000ec664e50,0x00000000ec680000)
  to   space 3072K, 0% used [0x00000000ec080000,0x00000000ec080000,0x00000000ec380000)
 ParOldGen       total 68608K, used 24128K [0x00000000c0000000, 0x00000000c4300000, 0x00000000eab00000)
  object space 68608K, 35% used [0x00000000c0000000,0x00000000c17900d8,0x00000000c4300000)
 Metaspace       used 39897K, committed 40640K, reserved 1089536K
  class space    used 4246K, committed 4544K, reserved 1048576K
}
Event: 4.169 GC heap before
{Heap before GC invocations=15 (full 2):
 PSYoungGen      total 24576K, used 24467K [0x00000000eab00000, 0x00000000ec680000, 0x0000000100000000)
  eden space 22016K, 100% used [0x00000000eab00000,0x00000000ec080000,0x00000000ec080000)
  from space 2560K, 95% used [0x00000000ec400000,0x00000000ec664e50,0x00000000ec680000)
  to   space 3072K, 0% used [0x00000000ec080000,0x00000000ec080000,0x00000000ec380000)
 ParOldGen       total 68608K, used 24128K [0x00000000c0000000, 0x00000000c4300000, 0x00000000eab00000)
  object space 68608K, 35% used [0x00000000c0000000,0x00000000c17900d8,0x00000000c4300000)
 Metaspace       used 40361K, committed 41088K, reserved 1089536K
  class space    used 4281K, committed 4608K, reserved 1048576K
}
Event: 4.174 GC heap after
{Heap after GC invocations=15 (full 2):
 PSYoungGen      total 24576K, used 2393K [0x00000000eab00000, 0x00000000ec580000, 0x0000000100000000)
  eden space 22016K, 0% used [0x00000000eab00000,0x00000000eab00000,0x00000000ec080000)
  from space 2560K, 93% used [0x00000000ec080000,0x00000000ec2d6480,0x00000000ec300000)
  to   space 2560K, 0% used [0x00000000ec300000,0x00000000ec300000,0x00000000ec580000)
 ParOldGen       total 68608K, used 26376K [0x00000000c0000000, 0x00000000c4300000, 0x00000000eab00000)
  object space 68608K, 38% used [0x00000000c0000000,0x00000000c19c20d8,0x00000000c4300000)
 Metaspace       used 40361K, committed 41088K, reserved 1089536K
  class space    used 4281K, committed 4608K, reserved 1048576K
}
Event: 4.361 GC heap before
{Heap before GC invocations=16 (full 2):
 PSYoungGen      total 24576K, used 24409K [0x00000000eab00000, 0x00000000ec580000, 0x0000000100000000)
  eden space 22016K, 100% used [0x00000000eab00000,0x00000000ec080000,0x00000000ec080000)
  from space 2560K, 93% used [0x00000000ec080000,0x00000000ec2d6480,0x00000000ec300000)
  to   space 2560K, 0% used [0x00000000ec300000,0x00000000ec300000,0x00000000ec580000)
 ParOldGen       total 68608K, used 26376K [0x00000000c0000000, 0x00000000c4300000, 0x00000000eab00000)
  object space 68608K, 38% used [0x00000000c0000000,0x00000000c19c20d8,0x00000000c4300000)
 Metaspace       used 42154K, committed 42816K, reserved 1089536K
  class space    used 4501K, committed 4800K, reserved 1048576K
}
Event: 4.364 GC heap after
{Heap after GC invocations=16 (full 2):
 PSYoungGen      total 23552K, used 1312K [0x00000000eab00000, 0x00000000ec480000, 0x0000000100000000)
  eden space 22016K, 0% used [0x00000000eab00000,0x00000000eab00000,0x00000000ec080000)
  from space 1536K, 85% used [0x00000000ec300000,0x00000000ec448000,0x00000000ec480000)
  to   space 2048K, 0% used [0x00000000ec080000,0x00000000ec080000,0x00000000ec280000)
 ParOldGen       total 68608K, used 28440K [0x00000000c0000000, 0x00000000c4300000, 0x00000000eab00000)
  object space 68608K, 41% used [0x00000000c0000000,0x00000000c1bc60d8,0x00000000c4300000)
 Metaspace       used 42154K, committed 42816K, reserved 1089536K
  class space    used 4501K, committed 4800K, reserved 1048576K
}
Event: 4.688 GC heap before
{Heap before GC invocations=17 (full 2):
 PSYoungGen      total 23552K, used 23328K [0x00000000eab00000, 0x00000000ec480000, 0x0000000100000000)
  eden space 22016K, 100% used [0x00000000eab00000,0x00000000ec080000,0x00000000ec080000)
  from space 1536K, 85% used [0x00000000ec300000,0x00000000ec448000,0x00000000ec480000)
  to   space 2048K, 0% used [0x00000000ec080000,0x00000000ec080000,0x00000000ec280000)
 ParOldGen       total 68608K, used 28440K [0x00000000c0000000, 0x00000000c4300000, 0x00000000eab00000)
  object space 68608K, 41% used [0x00000000c0000000,0x00000000c1bc60d8,0x00000000c4300000)
 Metaspace       used 46051K, committed 46784K, reserved 1097728K
  class space    used 4983K, committed 5312K, reserved 1048576K
}
Event: 4.690 GC heap after
{Heap after GC invocations=17 (full 2):
 PSYoungGen      total 23552K, used 1380K [0x00000000eab00000, 0x00000000ec380000, 0x0000000100000000)
  eden space 22016K, 0% used [0x00000000eab00000,0x00000000eab00000,0x00000000ec080000)
  from space 1536K, 89% used [0x00000000ec080000,0x00000000ec1d9168,0x00000000ec200000)
  to   space 1536K, 0% used [0x00000000ec200000,0x00000000ec200000,0x00000000ec380000)
 ParOldGen       total 68608K, used 29584K [0x00000000c0000000, 0x00000000c4300000, 0x00000000eab00000)
  object space 68608K, 43% used [0x00000000c0000000,0x00000000c1ce40d8,0x00000000c4300000)
 Metaspace       used 46051K, committed 46784K, reserved 1097728K
  class space    used 4983K, committed 5312K, reserved 1048576K
}
Event: 5.030 GC heap before
{Heap before GC invocations=18 (full 2):
 PSYoungGen      total 23552K, used 23396K [0x00000000eab00000, 0x00000000ec380000, 0x0000000100000000)
  eden space 22016K, 100% used [0x00000000eab00000,0x00000000ec080000,0x00000000ec080000)
  from space 1536K, 89% used [0x00000000ec080000,0x00000000ec1d9168,0x00000000ec200000)
  to   space 1536K, 0% used [0x00000000ec200000,0x00000000ec200000,0x00000000ec380000)
 ParOldGen       total 68608K, used 29584K [0x00000000c0000000, 0x00000000c4300000, 0x00000000eab00000)
  object space 68608K, 43% used [0x00000000c0000000,0x00000000c1ce40d8,0x00000000c4300000)
 Metaspace       used 49982K, committed 50688K, reserved 1097728K
  class space    used 5394K, committed 5696K, reserved 1048576K
}
Event: 5.031 GC heap after
{Heap after GC invocations=18 (full 2):
 PSYoungGen      total 21504K, used 1504K [0x00000000eab00000, 0x00000000ec780000, 0x0000000100000000)
  eden space 19968K, 0% used [0x00000000eab00000,0x00000000eab00000,0x00000000ebe80000)
  from space 1536K, 97% used [0x00000000ec200000,0x00000000ec378028,0x00000000ec380000)
  to   space 3584K, 0% used [0x00000000ebe80000,0x00000000ebe80000,0x00000000ec200000)
 ParOldGen       total 68608K, used 30971K [0x00000000c0000000, 0x00000000c4300000, 0x00000000eab00000)
  object space 68608K, 45% used [0x00000000c0000000,0x00000000c1e3ede8,0x00000000c4300000)
 Metaspace       used 49982K, committed 50688K, reserved 1097728K
  class space    used 5394K, committed 5696K, reserved 1048576K
}
Event: 5.848 GC heap before
{Heap before GC invocations=19 (full 2):
 PSYoungGen      total 21504K, used 21472K [0x00000000eab00000, 0x00000000ec780000, 0x0000000100000000)
  eden space 19968K, 100% used [0x00000000eab00000,0x00000000ebe80000,0x00000000ebe80000)
  from space 1536K, 97% used [0x00000000ec200000,0x00000000ec378028,0x00000000ec380000)
  to   space 3584K, 0% used [0x00000000ebe80000,0x00000000ebe80000,0x00000000ec200000)
 ParOldGen       total 68608K, used 30971K [0x00000000c0000000, 0x00000000c4300000, 0x00000000eab00000)
  object space 68608K, 45% used [0x00000000c0000000,0x00000000c1e3ede8,0x00000000c4300000)
 Metaspace       used 50895K, committed 51584K, reserved 1097728K
  class space    used 5451K, committed 5760K, reserved 1048576K
}
Event: 5.850 GC heap after
{Heap after GC invocations=19 (full 2):
 PSYoungGen      total 20992K, used 656K [0x00000000eab00000, 0x00000000ec280000, 0x0000000100000000)
  eden space 19968K, 0% used [0x00000000eab00000,0x00000000eab00000,0x00000000ebe80000)
  from space 1024K, 64% used [0x00000000ebe80000,0x00000000ebf24010,0x00000000ebf80000)
  to   space 1536K, 0% used [0x00000000ec100000,0x00000000ec100000,0x00000000ec280000)
 ParOldGen       total 68608K, used 32484K [0x00000000c0000000, 0x00000000c4300000, 0x00000000eab00000)
  object space 68608K, 47% used [0x00000000c0000000,0x00000000c1fb90f8,0x00000000c4300000)
 Metaspace       used 50895K, committed 51584K, reserved 1097728K
  class space    used 5451K, committed 5760K, reserved 1048576K
}
Event: 6.170 GC heap before
{Heap before GC invocations=20 (full 2):
 PSYoungGen      total 20992K, used 20624K [0x00000000eab00000, 0x00000000ec280000, 0x0000000100000000)
  eden space 19968K, 100% used [0x00000000eab00000,0x00000000ebe80000,0x00000000ebe80000)
  from space 1024K, 64% used [0x00000000ebe80000,0x00000000ebf24010,0x00000000ebf80000)
  to   space 1536K, 0% used [0x00000000ec100000,0x00000000ec100000,0x00000000ec280000)
 ParOldGen       total 68608K, used 32484K [0x00000000c0000000, 0x00000000c4300000, 0x00000000eab00000)
  object space 68608K, 47% used [0x00000000c0000000,0x00000000c1fb90f8,0x00000000c4300000)
 Metaspace       used 53082K, committed 53824K, reserved 1097728K
  class space    used 5642K, committed 5952K, reserved 1048576K
}
Event: 6.173 GC heap after
{Heap after GC invocations=20 (full 2):
 PSYoungGen      total 18944K, used 1527K [0x00000000eab00000, 0x00000000ec880000, 0x0000000100000000)
  eden space 17408K, 0% used [0x00000000eab00000,0x00000000eab00000,0x00000000ebc00000)
  from space 1536K, 99% used [0x00000000ec100000,0x00000000ec27dce8,0x00000000ec280000)
  to   space 5120K, 0% used [0x00000000ebc00000,0x00000000ebc00000,0x00000000ec100000)
 ParOldGen       total 68608K, used 35177K [0x00000000c0000000, 0x00000000c4300000, 0x00000000eab00000)
  object space 68608K, 51% used [0x00000000c0000000,0x00000000c225a490,0x00000000c4300000)
 Metaspace       used 53082K, committed 53824K, reserved 1097728K
  class space    used 5642K, committed 5952K, reserved 1048576K
}
Event: 6.651 GC heap before
{Heap before GC invocations=21 (full 2):
 PSYoungGen      total 18944K, used 18935K [0x00000000eab00000, 0x00000000ec880000, 0x0000000100000000)
  eden space 17408K, 100% used [0x00000000eab00000,0x00000000ebc00000,0x00000000ebc00000)
  from space 1536K, 99% used [0x00000000ec100000,0x00000000ec27dce8,0x00000000ec280000)
  to   space 5120K, 0% used [0x00000000ebc00000,0x00000000ebc00000,0x00000000ec100000)
 ParOldGen       total 68608K, used 35177K [0x00000000c0000000, 0x00000000c4300000, 0x00000000eab00000)
  object space 68608K, 51% used [0x00000000c0000000,0x00000000c225a490,0x00000000c4300000)
 Metaspace       used 54328K, committed 55168K, reserved 1105920K
  class space    used 5678K, committed 6016K, reserved 1048576K
}
Event: 6.656 GC heap after
{Heap after GC invocations=21 (full 2):
 PSYoungGen      total 20992K, used 3187K [0x00000000eab00000, 0x00000000ec300000, 0x0000000100000000)
  eden space 17408K, 0% used [0x00000000eab00000,0x00000000eab00000,0x00000000ebc00000)
  from space 3584K, 88% used [0x00000000ebc00000,0x00000000ebf1cd60,0x00000000ebf80000)
  to   space 3584K, 0% used [0x00000000ebf80000,0x00000000ebf80000,0x00000000ec300000)
 ParOldGen       total 68608K, used 36670K [0x00000000c0000000, 0x00000000c4300000, 0x00000000eab00000)
  object space 68608K, 53% used [0x00000000c0000000,0x00000000c23cf978,0x00000000c4300000)
 Metaspace       used 54328K, committed 55168K, reserved 1105920K
  class space    used 5678K, committed 6016K, reserved 1048576K
}
Event: 7.048 GC heap before
{Heap before GC invocations=22 (full 2):
 PSYoungGen      total 20992K, used 20592K [0x00000000eab00000, 0x00000000ec300000, 0x0000000100000000)
  eden space 17408K, 99% used [0x00000000eab00000,0x00000000ebbff650,0x00000000ebc00000)
  from space 3584K, 88% used [0x00000000ebc00000,0x00000000ebf1cd60,0x00000000ebf80000)
  to   space 3584K, 0% used [0x00000000ebf80000,0x00000000ebf80000,0x00000000ec300000)
 ParOldGen       total 68608K, used 36670K [0x00000000c0000000, 0x00000000c4300000, 0x00000000eab00000)
  object space 68608K, 53% used [0x00000000c0000000,0x00000000c23cf978,0x00000000c4300000)
 Metaspace       used 54989K, committed 55744K, reserved 1105920K
  class space    used 5694K, committed 6016K, reserved 1048576K
}
Event: 7.052 GC heap after
{Heap after GC invocations=22 (full 2):
 PSYoungGen      total 15872K, used 3582K [0x00000000eab00000, 0x00000000ecd00000, 0x0000000100000000)
  eden space 12288K, 0% used [0x00000000eab00000,0x00000000eab00000,0x00000000eb700000)
  from space 3584K, 99% used [0x00000000ebf80000,0x00000000ec2ff810,0x00000000ec300000)
  to   space 8704K, 0% used [0x00000000eb700000,0x00000000eb700000,0x00000000ebf80000)
 ParOldGen       total 68608K, used 40917K [0x00000000c0000000, 0x00000000c4300000, 0x00000000eab00000)
  object space 68608K, 59% used [0x00000000c0000000,0x00000000c27f5558,0x00000000c4300000)
 Metaspace       used 54989K, committed 55744K, reserved 1105920K
  class space    used 5694K, committed 6016K, reserved 1048576K
}
Event: 7.316 GC heap before
{Heap before GC invocations=23 (full 2):
 PSYoungGen      total 15872K, used 15870K [0x00000000eab00000, 0x00000000ecd00000, 0x0000000100000000)
  eden space 12288K, 100% used [0x00000000eab00000,0x00000000eb700000,0x00000000eb700000)
  from space 3584K, 99% used [0x00000000ebf80000,0x00000000ec2ff810,0x00000000ec300000)
  to   space 8704K, 0% used [0x00000000eb700000,0x00000000eb700000,0x00000000ebf80000)
 ParOldGen       total 68608K, used 40917K [0x00000000c0000000, 0x00000000c4300000, 0x00000000eab00000)
  object space 68608K, 59% used [0x00000000c0000000,0x00000000c27f5558,0x00000000c4300000)
 Metaspace       used 55227K, committed 56000K, reserved 1105920K
  class space    used 5708K, committed 6016K, reserved 1048576K
}
Event: 7.320 GC heap after
{Heap after GC invocations=23 (full 2):
 PSYoungGen      total 15872K, used 3232K [0x00000000eab00000, 0x00000000ec100000, 0x0000000100000000)
  eden space 12288K, 0% used [0x00000000eab00000,0x00000000eab00000,0x00000000eb700000)
  from space 3584K, 90% used [0x00000000eb700000,0x00000000eba28000,0x00000000eba80000)
  to   space 5120K, 0% used [0x00000000ebc00000,0x00000000ebc00000,0x00000000ec100000)
 ParOldGen       total 68608K, used 44788K [0x00000000c0000000, 0x00000000c4300000, 0x00000000eab00000)
  object space 68608K, 65% used [0x00000000c0000000,0x00000000c2bbd288,0x00000000c4300000)
 Metaspace       used 55227K, committed 56000K, reserved 1105920K
  class space    used 5708K, committed 6016K, reserved 1048576K
}

Deoptimization events (20 events):
Event: 7.176 Thread 0x0000020dca4b1570 DEOPT PACKING pc=0x0000020dbbefe0c8 sp=0x00000079349fe980
Event: 7.176 Thread 0x0000020dca4b1570 DEOPT UNPACKING pc=0x0000020db41f20a3 sp=0x00000079349fe908 mode 2
Event: 7.180 Thread 0x0000020dca4b1570 Uncommon trap: trap_request=0xffffff45 fr.pc=0x0000020dbbd875fc relative=0x000000000000079c
Event: 7.180 Thread 0x0000020dca4b1570 Uncommon trap: reason=unstable_if action=reinterpret pc=0x0000020dbbd875fc method=java.util.HashMap.getNode(Ljava/lang/Object;)Ljava/util/HashMap$Node; @ 131 c2
Event: 7.180 Thread 0x0000020dca4b1570 DEOPT PACKING pc=0x0000020dbbd875fc sp=0x00000079349feb00
Event: 7.180 Thread 0x0000020dca4b1570 DEOPT UNPACKING pc=0x0000020db41f20a3 sp=0x00000079349fe9c0 mode 2
Event: 7.213 Thread 0x0000020dca4b1570 Uncommon trap: trap_request=0xffffff45 fr.pc=0x0000020dbbd986f0 relative=0x0000000000000070
Event: 7.213 Thread 0x0000020dca4b1570 Uncommon trap: reason=unstable_if action=reinterpret pc=0x0000020dbbd986f0 method=org.eclipse.jdt.internal.compiler.lookup.TypeBinding.isLocalType()Z @ 10 c2
Event: 7.213 Thread 0x0000020dca4b1570 DEOPT PACKING pc=0x0000020dbbd986f0 sp=0x00000079349feb10
Event: 7.213 Thread 0x0000020dca4b1570 DEOPT UNPACKING pc=0x0000020db41f20a3 sp=0x00000079349feaa0 mode 2
Event: 7.213 Thread 0x0000020dca4b1570 Uncommon trap: trap_request=0xffffff45 fr.pc=0x0000020dbbe2011c relative=0x000000000000033c
Event: 7.213 Thread 0x0000020dca4b1570 Uncommon trap: reason=unstable_if action=reinterpret pc=0x0000020dbbe2011c method=org.eclipse.jdt.internal.compiler.lookup.TypeBinding.isLocalType()Z @ 10 c2
Event: 7.213 Thread 0x0000020dca4b1570 DEOPT PACKING pc=0x0000020dbbe2011c sp=0x00000079349fe190
Event: 7.213 Thread 0x0000020dca4b1570 DEOPT UNPACKING pc=0x0000020db41f20a3 sp=0x00000079349fe058 mode 2
Event: 7.218 Thread 0x0000020dca4b1570 Uncommon trap: trap_request=0xffffff45 fr.pc=0x0000020dbbf28ee8 relative=0x0000000000000068
Event: 7.218 Thread 0x0000020dca4b1570 Uncommon trap: reason=unstable_if action=reinterpret pc=0x0000020dbbf28ee8 method=org.eclipse.jdt.internal.compiler.lookup.TypeBinding.equalsEquals(Lorg/eclipse/jdt/internal/compiler/lookup/TypeBinding;Lorg/eclipse/jdt/internal/compiler/lookup/TypeBinding
Event: 7.218 Thread 0x0000020dca4b1570 DEOPT PACKING pc=0x0000020dbbf28ee8 sp=0x00000079349fedf0
Event: 7.218 Thread 0x0000020dca4b1570 DEOPT UNPACKING pc=0x0000020db41f20a3 sp=0x00000079349feda0 mode 2
Event: 7.416 Thread 0x0000020dca4b1570 DEOPT PACKING pc=0x0000020db553581c sp=0x00000079349feeb0
Event: 7.416 Thread 0x0000020dca4b1570 DEOPT UNPACKING pc=0x0000020db41f2843 sp=0x00000079349fe398 mode 0

Classes unloaded (0 events):
No events

Classes redefined (0 events):
No events

Internal exceptions (20 events):
Event: 7.388 Thread 0x0000020dc9f0d870 Exception <a 'sun/nio/fs/WindowsException'{0x00000000ead10318}> (0x00000000ead10318) 
thrown [e:\jenkins\tmp\workspace\build\src\src\hotspot\share\prims\jni.cpp, line 516]
Event: 7.391 Thread 0x0000020dc9f0d870 Exception <a 'sun/nio/fs/WindowsException'{0x00000000ead20eb8}> (0x00000000ead20eb8) 
thrown [e:\jenkins\tmp\workspace\build\src\src\hotspot\share\prims\jni.cpp, line 516]
Event: 7.394 Thread 0x0000020dc9f0d870 Exception <a 'sun/nio/fs/WindowsException'{0x00000000ead31dd8}> (0x00000000ead31dd8) 
thrown [e:\jenkins\tmp\workspace\build\src\src\hotspot\share\prims\jni.cpp, line 516]
Event: 7.401 Thread 0x0000020dc9f0d870 Exception <a 'sun/nio/fs/WindowsException'{0x00000000ead42e18}> (0x00000000ead42e18) 
thrown [e:\jenkins\tmp\workspace\build\src\src\hotspot\share\prims\jni.cpp, line 516]
Event: 7.409 Thread 0x0000020dc9f0d870 Exception <a 'sun/nio/fs/WindowsException'{0x00000000ead54748}> (0x00000000ead54748) 
thrown [e:\jenkins\tmp\workspace\build\src\src\hotspot\share\prims\jni.cpp, line 516]
Event: 7.413 Thread 0x0000020dc9f0d870 Exception <a 'sun/nio/fs/WindowsException'{0x00000000ead65ed8}> (0x00000000ead65ed8) 
thrown [e:\jenkins\tmp\workspace\build\src\src\hotspot\share\prims\jni.cpp, line 516]
Event: 7.417 Thread 0x0000020dc9f0d870 Exception <a 'sun/nio/fs/WindowsException'{0x00000000ead76050}> (0x00000000ead76050) 
thrown [e:\jenkins\tmp\workspace\build\src\src\hotspot\share\prims\jni.cpp, line 516]
Event: 7.422 Thread 0x0000020dc9f0d870 Exception <a 'sun/nio/fs/WindowsException'{0x00000000eadcde68}> (0x00000000eadcde68) 
thrown [e:\jenkins\tmp\workspace\build\src\src\hotspot\share\prims\jni.cpp, line 516]
Event: 7.426 Thread 0x0000020dc9f0d870 Exception <a 'sun/nio/fs/WindowsException'{0x00000000eae02940}> (0x00000000eae02940) 
thrown [e:\jenkins\tmp\workspace\build\src\src\hotspot\share\prims\jni.cpp, line 516]
Event: 7.431 Thread 0x0000020dc9f0d870 Exception <a 'sun/nio/fs/WindowsException'{0x00000000eae58898}> (0x00000000eae58898) 
thrown [e:\jenkins\tmp\workspace\build\src\src\hotspot\share\prims\jni.cpp, line 516]
Event: 7.438 Thread 0x0000020dc9f0d870 Exception <a 'sun/nio/fs/WindowsException'{0x00000000eae6ab88}> (0x00000000eae6ab88) 
thrown [e:\jenkins\tmp\workspace\build\src\src\hotspot\share\prims\jni.cpp, line 516]
Event: 7.442 Thread 0x0000020dc9f0d870 Exception <a 'sun/nio/fs/WindowsException'{0x00000000eae9e658}> (0x00000000eae9e658) 
thrown [e:\jenkins\tmp\workspace\build\src\src\hotspot\share\prims\jni.cpp, line 516]
Event: 7.447 Thread 0x0000020dc9f0d870 Exception <a 'sun/nio/fs/WindowsException'{0x00000000eaeaf068}> (0x00000000eaeaf068) 
thrown [e:\jenkins\tmp\workspace\build\src\src\hotspot\share\prims\jni.cpp, line 516]
Event: 7.452 Thread 0x0000020dc9f0d870 Exception <a 'sun/nio/fs/WindowsException'{0x00000000eaebec18}> (0x00000000eaebec18) 
thrown [e:\jenkins\tmp\workspace\build\src\src\hotspot\share\prims\jni.cpp, line 516]
Event: 7.456 Thread 0x0000020dc9f0d870 Exception <a 'sun/nio/fs/WindowsException'{0x00000000eaecea80}> (0x00000000eaecea80) 
thrown [e:\jenkins\tmp\workspace\build\src\src\hotspot\share\prims\jni.cpp, line 516]
Event: 7.461 Thread 0x0000020dc9f0d870 Exception <a 'sun/nio/fs/WindowsException'{0x00000000eaf01d70}> (0x00000000eaf01d70) 
thrown [e:\jenkins\tmp\workspace\build\src\src\hotspot\share\prims\jni.cpp, line 516]
Event: 7.465 Thread 0x0000020dc9f0d870 Exception <a 'sun/nio/fs/WindowsException'{0x00000000eaf118a8}> (0x00000000eaf118a8) 
thrown [e:\jenkins\tmp\workspace\build\src\src\hotspot\share\prims\jni.cpp, line 516]
Event: 7.473 Thread 0x0000020dc9f0d870 Exception <a 'sun/nio/fs/WindowsException'{0x00000000eaf67120}> (0x00000000eaf67120) 
thrown [e:\jenkins\tmp\workspace\build\src\src\hotspot\share\prims\jni.cpp, line 516]
Event: 7.479 Thread 0x0000020dc9f0d870 Exception <a 'sun/nio/fs/WindowsException'{0x00000000eaf77a00}> (0x00000000eaf77a00) 
thrown [e:\jenkins\tmp\workspace\build\src\src\hotspot\share\prims\jni.cpp, line 516]
Event: 7.484 Thread 0x0000020dc9f0d870 Exception <a 'sun/nio/fs/WindowsException'{0x00000000eaf877d0}> (0x00000000eaf877d0) 
thrown [e:\jenkins\tmp\workspace\build\src\src\hotspot\share\prims\jni.cpp, line 516]

VM Operations (20 events):
Event: 6.909 Executing VM operation: HandshakeAllThreads
Event: 6.909 Executing VM operation: HandshakeAllThreads done
Event: 6.915 Executing VM operation: ICBufferFull
Event: 6.915 Executing VM operation: ICBufferFull done
Event: 6.970 Executing VM operation: HandshakeAllThreads
Event: 6.971 Executing VM operation: HandshakeAllThreads done
Event: 7.048 Executing VM operation: ParallelGCFailedAllocation
Event: 7.052 Executing VM operation: ParallelGCFailedAllocation done
Event: 7.128 Executing VM operation: HandshakeAllThreads
Event: 7.128 Executing VM operation: HandshakeAllThreads done
Event: 7.158 Executing VM operation: HandshakeAllThreads
Event: 7.158 Executing VM operation: HandshakeAllThreads done
Event: 7.212 Executing VM operation: HandshakeAllThreads
Event: 7.212 Executing VM operation: HandshakeAllThreads done
Event: 7.251 Executing VM operation: HandshakeAllThreads
Event: 7.251 Executing VM operation: HandshakeAllThreads done
Event: 7.316 Executing VM operation: ParallelGCFailedAllocation
Event: 7.320 Executing VM operation: ParallelGCFailedAllocation done
Event: 7.416 Executing VM operation: HandshakeAllThreads
Event: 7.416 Executing VM operation: HandshakeAllThreads done

Events (20 events):
Event: 6.168 loading class java/util/stream/ReferencePipeline$4
Event: 6.168 loading class java/util/stream/ReferencePipeline$4 done
Event: 6.168 loading class java/util/stream/Nodes$IntFixedNodeBuilder
Event: 6.168 loading class java/util/stream/Node$Builder$OfInt
Event: 6.169 loading class java/util/stream/Node$Builder$OfInt done
Event: 6.169 loading class java/util/stream/Nodes$IntArrayNode
Event: 6.169 loading class java/util/stream/Nodes$IntArrayNode done
Event: 6.169 loading class java/util/stream/Nodes$IntFixedNodeBuilder done
Event: 6.169 loading class java/util/stream/ReferencePipeline$4$1
Event: 6.169 loading class java/util/stream/ReferencePipeline$4$1 done
Event: 6.781 Thread 0x0000020dc5398b20 flushing nmethod 0x0000020dbbefd690
Event: 6.781 Thread 0x0000020dc5398b20 flushing nmethod 0x0000020db4768510
Event: 6.788 Thread 0x0000020dc5398b20 flushing nmethod 0x0000020db4eb3e10
Event: 6.792 Thread 0x0000020dc5398b20 flushing nmethod 0x0000020db51dc290
Event: 6.792 Thread 0x0000020dc5398b20 flushing nmethod 0x0000020db51e3710
Event: 6.792 Thread 0x0000020dc5398b20 flushing nmethod 0x0000020db51ee190
Event: 6.792 Thread 0x0000020dc5398b20 flushing nmethod 0x0000020db51f1a90
Event: 6.792 Thread 0x0000020dc5398b20 flushing nmethod 0x0000020db5231610
Event: 6.792 Thread 0x0000020dc5398b20 flushing nmethod 0x0000020db523e190
Event: 6.868 Thread 0x0000020dc9baa020 Thread exited: 0x0000020dc9baa020


Dynamic libraries:
0x00007ff68b050000 - 0x00007ff68b05e000 	c:\Users\Nisarg Shah\.vscode\extensions\redhat.java-1.6.0-win32-x64\jre\17.0.2-win32-x86_64\bin\java.exe
0x00007ffdfc160000 - 0x00007ffdfc369000 	C:\WINDOWS\SYSTEM32\ntdll.dll
0x00007ffdfb1f0000 - 0x00007ffdfb2ad000 	C:\WINDOWS\System32\KERNEL32.DLL
0x00007ffdf9b60000 - 0x00007ffdf9ed9000 	C:\WINDOWS\System32\KERNELBASE.dll
0x00007ffdf99d0000 - 0x00007ffdf9ae1000 	C:\WINDOWS\System32\ucrtbase.dll
0x00007ffddc690000 - 0x00007ffddc6a8000 	c:\Users\Nisarg Shah\.vscode\extensions\redhat.java-1.6.0-win32-x64\jre\17.0.2-win32-x86_64\bin\jli.dll
0x00007ffdfa650000 - 0x00007ffdfa7fc000 	C:\WINDOWS\System32\USER32.dll
0x00007ffdf99a0000 - 0x00007ffdf99c6000 	C:\WINDOWS\System32\win32u.dll
0x00007ffdfb540000 - 0x00007ffdfb569000 	C:\WINDOWS\System32\GDI32.dll
0x00007ffdf9710000 - 0x00007ffdf9822000 	C:\WINDOWS\System32\gdi32full.dll
0x00007ffdf9ee0000 - 0x00007ffdf9f7d000 	C:\WINDOWS\System32\msvcp_win.dll
0x00007ffddb670000 - 0x00007ffddb689000 	c:\Users\Nisarg Shah\.vscode\extensions\redhat.java-1.6.0-win32-x64\jre\17.0.2-win32-x86_64\bin\VCRUNTIME140.dll
0x00007ffdde0d0000 - 0x00007ffdde375000 	C:\WINDOWS\WinSxS\amd64_microsoft.windows.common-controls_6595b64144ccf1df_6.0.22000.120_none_9d947278b86cc467\COMCTL32.dll
0x00007ffdfa800000 - 0x00007ffdfa8a3000 	C:\WINDOWS\System32\msvcrt.dll
0x00007ffdfb1b0000 - 0x00007ffdfb1e1000 	C:\WINDOWS\System32\IMM32.DLL
0x00007ffdf53b0000 - 0x00007ffdf53bc000 	c:\Users\Nisarg Shah\.vscode\extensions\redhat.java-1.6.0-win32-x64\jre\17.0.2-win32-x86_64\bin\vcruntime140_1.dll
0x00007ffdc1050000 - 0x00007ffdc10e1000 	c:\Users\Nisarg Shah\.vscode\extensions\redhat.java-1.6.0-win32-x64\jre\17.0.2-win32-x86_64\bin\msvcp140.dll
0x00007ffda5c70000 - 0x00007ffda68b7000 	c:\Users\Nisarg Shah\.vscode\extensions\redhat.java-1.6.0-win32-x64\jre\17.0.2-win32-x86_64\bin\server\jvm.dll
0x00007ffdfa120000 - 0x00007ffdfa1ce000 	C:\WINDOWS\System32\ADVAPI32.dll
0x00007ffdfb110000 - 0x00007ffdfb1ae000 	C:\WINDOWS\System32\sechost.dll
0x00007ffdfb3c0000 - 0x00007ffdfb4e0000 	C:\WINDOWS\System32\RPCRT4.dll
0x00007ffdfa8b0000 - 0x00007ffdfa8b8000 	C:\WINDOWS\System32\PSAPI.DLL
0x00007ffdd7c80000 - 0x00007ffdd7c89000 	C:\WINDOWS\SYSTEM32\WSOCK32.dll
0x00007ffdfae10000 - 0x00007ffdfae7f000 	C:\WINDOWS\System32\WS2_32.dll
0x00007ffdf3030000 - 0x00007ffdf3063000 	C:\WINDOWS\SYSTEM32\WINMM.dll
0x00007ffdf26f0000 - 0x00007ffdf26fa000 	C:\WINDOWS\SYSTEM32\VERSION.dll
0x00007ffdf87c0000 - 0x00007ffdf87d8000 	C:\WINDOWS\SYSTEM32\kernel.appcore.dll
0x00007ffdf4740000 - 0x00007ffdf474a000 	c:\Users\Nisarg Shah\.vscode\extensions\redhat.java-1.6.0-win32-x64\jre\17.0.2-win32-x86_64\bin\jimage.dll
0x00007ffdf71e0000 - 0x00007ffdf7401000 	C:\WINDOWS\SYSTEM32\DBGHELP.DLL
0x00007ffdd9210000 - 0x00007ffdd9241000 	C:\WINDOWS\SYSTEM32\dbgcore.DLL
0x00007ffdf9f80000 - 0x00007ffdf9fff000 	C:\WINDOWS\System32\bcryptPrimitives.dll
0x00007ffdc94a0000 - 0x00007ffdc94c5000 	c:\Users\Nisarg Shah\.vscode\extensions\redhat.java-1.6.0-win32-x64\jre\17.0.2-win32-x86_64\bin\java.dll
0x00007ffdda0a0000 - 0x00007ffdda0b8000 	c:\Users\Nisarg Shah\.vscode\extensions\redhat.java-1.6.0-win32-x64\jre\17.0.2-win32-x86_64\bin\zip.dll
0x00007ffdfb570000 - 0x00007ffdfbd1f000 	C:\WINDOWS\System32\SHELL32.dll
0x00007ffdf7740000 - 0x00007ffdf7fa8000 	C:\WINDOWS\SYSTEM32\windows.storage.dll
0x00007ffdfbd20000 - 0x00007ffdfc098000 	C:\WINDOWS\System32\combase.dll
0x00007ffdf75d0000 - 0x00007ffdf7736000 	C:\WINDOWS\SYSTEM32\wintypes.dll
0x00007ffdfb020000 - 0x00007ffdfb10a000 	C:\WINDOWS\System32\SHCORE.dll
0x00007ffdfb2b0000 - 0x00007ffdfb30d000 	C:\WINDOWS\System32\shlwapi.dll
0x00007ffdf9580000 - 0x00007ffdf95a1000 	C:\WINDOWS\SYSTEM32\profapi.dll
0x00007ffdda000000 - 0x00007ffdda019000 	C:\Users\Nisarg Shah\.vscode\extensions\redhat.java-1.6.0-win32-x64\jre\17.0.2-win32-x86_64\bin\net.dll
0x00007ffdf2ba0000 - 0x00007ffdf2cac000 	C:\WINDOWS\SYSTEM32\WINHTTP.dll
0x00007ffdf8bf0000 - 0x00007ffdf8c57000 	C:\WINDOWS\system32\mswsock.dll
0x00007ffdd7500000 - 0x00007ffdd7515000 	C:\Users\Nisarg Shah\.vscode\extensions\redhat.java-1.6.0-win32-x64\jre\17.0.2-win32-x86_64\bin\nio.dll
0x00007ffdf8e30000 - 0x00007ffdf8e48000 	C:\WINDOWS\SYSTEM32\CRYPTSP.dll
0x00007ffdf8720000 - 0x00007ffdf8755000 	C:\WINDOWS\system32\rsaenh.dll
0x00007ffdf8ce0000 - 0x00007ffdf8d09000 	C:\WINDOWS\SYSTEM32\USERENV.dll
0x00007ffdf8fb0000 - 0x00007ffdf8fd7000 	C:\WINDOWS\SYSTEM32\bcrypt.dll
0x00007ffdf8e50000 - 0x00007ffdf8e5c000 	C:\WINDOWS\SYSTEM32\CRYPTBASE.dll
0x00007ffdf81f0000 - 0x00007ffdf821d000 	C:\WINDOWS\SYSTEM32\IPHLPAPI.DLL
0x00007ffdfaa20000 - 0x00007ffdfaa29000 	C:\WINDOWS\System32\NSI.dll
0x00007ffdf29c0000 - 0x00007ffdf29d9000 	C:\WINDOWS\SYSTEM32\dhcpcsvc6.DLL
0x00007ffdf2d20000 - 0x00007ffdf2d3e000 	C:\WINDOWS\SYSTEM32\dhcpcsvc.DLL
0x00007ffdf8220000 - 0x00007ffdf8308000 	C:\WINDOWS\SYSTEM32\DNSAPI.dll
0x00007ffdc3ab0000 - 0x00007ffdc3aee000 	C:\Users\Nisarg Shah\AppData\Roaming\Code\User\globalStorage\redhat.java\1.6.0\config_win\org.eclipse.equinox.launcher\org.eclipse.equinox.launcher.win32.win32.x86_64_1.2.400.v20211117-0650\eclipse_11602.dll
0x00007ffdfae80000 - 0x00007ffdfb01a000 	C:\WINDOWS\System32\ole32.dll
0x00007ffdf3d70000 - 0x00007ffdf3d80000 	c:\Users\Nisarg Shah\.vscode\extensions\redhat.java-1.6.0-win32-x64\jre\17.0.2-win32-x86_64\bin\verify.dll
0x00007ffdc28d0000 - 0x00007ffdc2914000 	C:\Users\Nisarg Shah\AppData\Local\Temp\jna--955153698\jna14778618547296028386.dll

dbghelp: loaded successfully - version: 4.0.5 - missing functions: none
symbol engine: initialized successfully - sym options: 0x614 - pdb path: .;c:\Users\Nisarg Shah\.vscode\extensions\redhat.java-1.6.0-win32-x64\jre\17.0.2-win32-x86_64\bin;C:\WINDOWS\SYSTEM32;C:\WINDOWS\WinSxS\amd64_microsoft.windows.common-controls_6595b64144ccf1df_6.0.22000.120_none_9d947278b86cc467;c:\Users\Nisarg Shah\.vscode\extensions\redhat.java-1.6.0-win32-x64\jre\17.0.2-win32-x86_64\bin\server;C:\Users\Nisarg Shah\AppData\Roaming\Code\User\globalStorage\redhat.java\1.6.0\config_win\org.eclipse.equinox.launcher\org.eclipse.equinox.launcher.win32.win32.x86_64_1.2.400.v20211117-0650;C:\Users\Nisarg Shah\AppData\Local\Temp\jna--955153698

VM Arguments:
jvm_args: --add-modules=ALL-SYSTEM --add-opens=java.base/java.util=ALL-UNNAMED --add-opens=java.base/java.lang=ALL-UNNAMED --add-opens=java.base/sun.nio.fs=ALL-UNNAMED -Declipse.application=org.eclipse.jdt.ls.core.id1 -Dosgi.bundles.defaultStartLevel=4 -Declipse.product=org.eclipse.jdt.ls.core.product -Djava.import.generatesMetadataFilesAtProjectRoot=false -Dfile.encoding=utf8 -DwatchParentProcess=false -XX:+UseParallelGC -XX:GCTimeRatio=4 -XX:AdaptiveSizePolicyWeight=90 -Dsun.zip.disableMemoryMapping=true -Xmx1G -Xms100m -XX:+HeapDumpOnOutOfMemoryError -XX:HeapDumpPath=c:\Users\Nisarg Shah\AppData\Roaming\Code\User\workspaceStorage\54ba89270061d8e32219ce9d5ef7f790\redhat.java 
java_command: c:\Users\Nisarg Shah\.vscode\extensions\redhat.java-1.6.0-win32-x64\server\plugins\org.eclipse.equinox.launcher_1.6.400.v20210924-0641.jar -configuration c:\Users\Nisarg Shah\AppData\Roaming\Code\User\globalStorage\redhat.java\1.6.0\config_win -data c:\Users\Nisarg Shah\AppData\Roaming\Code\User\workspaceStorage\54ba89270061d8e32219ce9d5ef7f790\redhat.java\jdt_ws
java_class_path (initial): c:\Users\Nisarg Shah\.vscode\extensions\redhat.java-1.6.0-win32-x64\server\plugins\org.eclipse.equinox.launcher_1.6.400.v20210924-0641.jar
Launcher Type: SUN_STANDARD

[Global flags]
    uintx AdaptiveSizePolicyWeight                 = 90                                        {product} {command line}
     intx CICompilerCount                          = 4                                         {product} {ergonomic}
    uintx GCTimeRatio                              = 4                                         {product} {command line}
     bool HeapDumpOnOutOfMemoryError               = true                                   {manageable} {command line}
    ccstr HeapDumpPath                             = c:\Users\Nisarg Shah\AppData\Roaming\Code\User\workspaceStorage\54ba89270061d8e32219ce9d5ef7f790\redhat.java         {manageable} {command line}
   size_t InitialHeapSize                          = 104857600                                 {product} {command line}
   size_t MaxHeapSize                              = 1073741824                                {product} {command line}
   size_t MaxNewSize                               = 357564416                                 {product} {ergonomic}
   size_t MinHeapDeltaBytes                        = 524288                                    {product} {ergonomic}
   size_t MinHeapSize                              = 104857600                                 {product} {command line}
   size_t NewSize                                  = 34603008                                  {product} {ergonomic}
    uintx NonNMethodCodeHeapSize                   = 5839372                                {pd product} {ergonomic}
    uintx NonProfiledCodeHeapSize                  = 122909434                              {pd product} {ergonomic}
   size_t OldSize                                  = 70254592                                  {product} {ergonomic}
    uintx ProfiledCodeHeapSize                     = 122909434                              {pd product} {ergonomic}
    uintx ReservedCodeCacheSize                    = 251658240                              {pd product} {ergonomic}
     bool SegmentedCodeCache                       = true                                      {product} {ergonomic}
   size_t SoftMaxHeapSize                          = 1073741824                             {manageable} {ergonomic}
     bool UseCompressedClassPointers               = true                           {product lp64_product} {ergonomic}
     bool UseCompressedOops                        = true                           {product lp64_product} {ergonomic}
     bool UseLargePagesIndividualAllocation        = false                                  {pd product} {ergonomic}
     bool UseParallelGC                            = true                                      {product} {command line}

Logging:
Log output configuration:
 #0: stdout all=warning uptime,level,tags
 #1: stderr all=off uptime,level,tags

Environment Variables:
JAVA_HOME=C:\Program Files\Eclipse Adoptium\jdk-11.0.13.8-hotspot\
PATH=C:\Program Files\Python310\Scripts\;C:\Program Files\Python310\;C:\Program Files\Eclipse Adoptium\jdk-11.0.13.8-hotspot\bin;C:\windows\system32;C:\windows;C:\windows\System32\Wbem;C:\windows\System32\WindowsPowerShell\v1.0\;C:\windows\System32\OpenSSH\;C:\Program Files (x86)\NVIDIA Corporation\PhysX\Common;C:\Program Files\NVIDIA Corporation\NVIDIA NvDLISR;D:\Programs\Git\cmd;C:\Users\Nisarg Shah\AppData\Local\Microsoft\WindowsApps;D:\Programs\msys64\mingw64\bin;D:\Program Files\Nodejs\;C:\WINDOWS\system32;C:\WINDOWS;C:\WINDOWS\System32\Wbem;C:\WINDOWS\System32\WindowsPowerShell\v1.0\;C:\WINDOWS\System32\OpenSSH\;E:\Downloads\ffmpeg-2022-03-03-git-72684d2c2d-full_build\bin;D:\Program Files\apache-maven-3.8.4\bin;D:\Programs\XAMPP\php;C:\Users\Nisarg Shah\AppData\Roaming\Python\Python310\Scripts;C:\Users\Nisarg Shah\Downloads\platform-tools_r33.0.1-windows\platform-tools;C:\Users\Nisarg Shah\AppData\Local\Microsoft\WindowsApps;;D:\Programs\Microsoft VS Code\bin;D:\Program Files\IntelliJ IDEA 2021.3.1\bin;;C:\Users\Nisarg Shah\AppData\Roaming\npm;D:\Programs\heroku\bin
USERNAME=Nisarg Shah
OS=Windows_NT
PROCESSOR_IDENTIFIER=AMD64 Family 25 Model 80 Stepping 0, AuthenticAMD



---------------  S Y S T E M  ---------------

OS:
 Windows 11 , 64 bit Build 22000 (10.0.22000.675)
OS uptime: 0 days 11:35 hours

CPU: total 12 (initial active 12) (12 cores per cpu, 2 threads per core) family 25 model 80 stepping 0 microcode 0x0, cx8, cmov, fxsr, ht, mmx, 3dnowpref, sse, sse2, sse3, ssse3, sse4a, sse4.1, sse4.2, popcnt, lzcnt, tsc, tscinvbit, avx, avx2, aes, erms, clmul, bmi1, bmi2, adx, sha, fma, vzeroupper, clflush, clflushopt

Memory: 4k page, system-wide physical 7524M (293M free)
TotalPageFile size 11620M (AvailPageFile size 26M)
current process WorkingSet (physical memory assigned to process): 255M, peak: 277M
current process commit charge ("private bytes"): 325M, peak: 348M

vm_info: OpenJDK 64-Bit Server VM (17.0.2+8) for windows-amd64 JRE (17.0.2+8), built on Jan 20 2022 04:52:34 by "" with MS VC++ 16.7 (VS2019)

END.
