#
# There is insufficient memory for the Java Runtime Environment to continue.
# Native memory allocation (mmap) failed to map 65536 bytes for Failed to commit metaspace.
# Possible reasons:
#   The system is out of physical RAM or swap space
#   The process is running with CompressedOops enabled, and the Java Heap may be blocking the growth of the native heap
# Possible solutions:
#   Reduce memory load on the system
#   Increase physical memory or swap space
#   Check if swap backing store is full
#   Decrease Java heap size (-Xmx/-Xms)
#   Decrease number of Java threads
#   Decrease Java thread stack sizes (-Xss)
#   Set larger code cache with -XX:ReservedCodeCacheSize=
#   JVM is running with Unscaled Compressed Oops mode in which the Java heap is
#     placed in the first 4GB address space. The Java Heap base address is the
#     maximum limit for the native heap growth. Please use -XX:HeapBaseMinAddress
#     to set the Java Heap base and to place the Java Heap above 4GB virtual address.
# This output file may be truncated or incomplete.
#
#  Out of Memory Error (virtualSpaceNode.cpp:110), pid=12624, tid=9360
#
# JRE version: OpenJDK Runtime Environment Temurin-17.0.2+8 (17.0.2+8) (build 17.0.2+8)
# Java VM: OpenJDK 64-Bit Server VM Temurin-17.0.2+8 (17.0.2+8, mixed mode, emulated-client, tiered, compressed oops, compressed class ptrs, g1 gc, windows-amd64)
# No core dump will be written. Minidumps are not enabled by default on client versions of Windows
#

---------------  S U M M A R Y ------------

Command Line: -Dsts.lsp.client=vscode -Dsts.log.file=/dev/null -XX:TieredStopAtLevel=1 -Dspring.config.location=file:c:\Users\Nisarg Shah\.vscode\extensions\pivotal.vscode-spring-boot-1.33.0\language-server\BOOT-INF\classes\application.properties org.springframework.ide.vscode.boot.app.BootLanguageServerBootApp

Host: AMD Ryzen 5 5600H with Radeon Graphics         , 12 cores, 7G,  Windows 11 , 64 bit Build 22000 (10.0.22000.675)
Time: Sun May 22 19:38:16 2022 India Standard Time elapsed time: 0.323738 seconds (0d 0h 0m 0s)

---------------  T H R E A D  ---------------

Current thread (0x0000026175083a20):  JavaThread "main" [_thread_in_vm, id=9360, stack(0x000000ffb5700000,0x000000ffb5800000)]

Stack: [0x000000ffb5700000,0x000000ffb5800000]
Native frames: (J=compiled Java code, j=interpreted, Vv=VM code, C=native code)
V  [jvm.dll+0x67564a]
V  [jvm.dll+0x82fc04]
V  [jvm.dll+0x8313ae]
V  [jvm.dll+0x831a13]
V  [jvm.dll+0x245235]
V  [jvm.dll+0x82bbab]
V  [jvm.dll+0x61a336]
V  [jvm.dll+0x1c016e]
V  [jvm.dll+0x61cc81]
V  [jvm.dll+0x61acd6]
V  [jvm.dll+0x242c8c]
V  [jvm.dll+0x6cb9ed]
V  [jvm.dll+0x6cc41f]
V  [jvm.dll+0x36f9b3]
V  [jvm.dll+0x36eb72]
V  [jvm.dll+0x36eb18]
V  [jvm.dll+0x37e90a]
C  0x0000026177d29a6e

Java frames: (J=compiled Java code, j=interpreted, Vv=VM code)
j  ch.qos.logback.core.joran.JoranConfiguratorBase.addInstanceRules(Lch/qos/logback/core/joran/spi/RuleStore;)V+164
j  ch.qos.logback.classic.joran.JoranConfigurator.addInstanceRules(Lch/qos/logback/core/joran/spi/RuleStore;)V+2
j  ch.qos.logback.core.joran.GenericConfigurator.buildInterpreter()V+14
j  ch.qos.logback.core.joran.JoranConfiguratorBase.buildInterpreter()V+1
j  ch.qos.logback.core.joran.GenericConfigurator.doConfigure(Ljava/util/List;)V+1
j  ch.qos.logback.core.joran.GenericConfigurator.doConfigure(Lorg/xml/sax/InputSource;)V+30
j  ch.qos.logback.core.joran.GenericConfigurator.doConfigure(Ljava/io/InputStream;Ljava/lang/String;)V+16
j  ch.qos.logback.core.joran.GenericConfigurator.doConfigure(Ljava/net/URL;)V+31
j  ch.qos.logback.classic.util.ContextInitializer.configureByResource(Ljava/net/URL;)V+103
j  ch.qos.logback.classic.util.ContextInitializer.autoConfig()V+19
j  org.slf4j.impl.StaticLoggerBinder.init()V+11
j  org.slf4j.impl.StaticLoggerBinder.<clinit>()V+28
v  ~StubRoutines::call_stub
j  org.slf4j.LoggerFactory.bind()V+16
j  org.slf4j.LoggerFactory.performInitialization()V+0
j  org.slf4j.LoggerFactory.getILoggerFactory()Lorg/slf4j/ILoggerFactory;+22
j  org.slf4j.LoggerFactory.getLogger(Ljava/lang/String;)Lorg/slf4j/Logger;+0
j  reactor.util.Loggers$Slf4JLoggerFactory.getLogger(Ljava/lang/String;)Lreactor/util/Logger;+5
j  reactor.util.Loggers.useSl4jLoggers()V+17
j  reactor.util.Loggers.resetLoggerFactory()V+0
j  reactor.util.Loggers.<clinit>()V+0
v  ~StubRoutines::call_stub
j  reactor.core.publisher.Hooks.<clinit>()V+2
v  ~StubRoutines::call_stub
j  org.springframework.ide.vscode.boot.app.BootLanguageServerBootApp.main([Ljava/lang/String;)V+0
v  ~StubRoutines::call_stub

---------------  P R O C E S S  ---------------

Threads class SMR info:
_java_thread_list=0x0000026102e05530, length=13, elements={
0x0000026175083a20, 0x00000261022b7390, 0x00000261022b8000, 0x00000261022f1130,
0x00000261022f1cb0, 0x00000261022f3980, 0x00000261022f7740, 0x00000261022f80b0,
0x00000261023009c0, 0x0000026102e1e060, 0x0000026102e24590, 0x0000026102e2aed0,
0x0000026102e41010
}

Java Threads: ( => current thread )
=>0x0000026175083a20 JavaThread "main" [_thread_in_vm, id=9360, stack(0x000000ffb5700000,0x000000ffb5800000)]
  0x00000261022b7390 JavaThread "Reference Handler" daemon [_thread_blocked, id=19260, stack(0x000000ffb5e00000,0x000000ffb5f00000)]
  0x00000261022b8000 JavaThread "Finalizer" daemon [_thread_blocked, id=17992, stack(0x000000ffb5f00000,0x000000ffb6000000)]
  0x00000261022f1130 JavaThread "Signal Dispatcher" daemon [_thread_blocked, id=17596, stack(0x000000ffb6000000,0x000000ffb6100000)]
  0x00000261022f1cb0 JavaThread "Attach Listener" daemon [_thread_blocked, id=13356, stack(0x000000ffb6100000,0x000000ffb6200000)]
  0x00000261022f3980 JavaThread "Service Thread" daemon [_thread_blocked, id=22052, stack(0x000000ffb6200000,0x000000ffb6300000)]
  0x00000261022f7740 JavaThread "Monitor Deflation Thread" daemon [_thread_blocked, id=13384, stack(0x000000ffb6300000,0x000000ffb6400000)]
  0x00000261022f80b0 JavaThread "C1 CompilerThread0" daemon [_thread_blocked, id=12428, stack(0x000000ffb6400000,0x000000ffb6500000)]
  0x00000261023009c0 JavaThread "Sweeper thread" daemon [_thread_blocked, id=3720, stack(0x000000ffb6500000,0x000000ffb6600000)]
  0x0000026102e1e060 JavaThread "C1 CompilerThread1" daemon [_thread_blocked, id=11704, stack(0x000000ffb6600000,0x000000ffb6700000)]
  0x0000026102e24590 JavaThread "C1 CompilerThread2" daemon [_thread_blocked, id=20204, stack(0x000000ffb6700000,0x000000ffb6800000)]
  0x0000026102e2aed0 JavaThread "Notification Thread" daemon [_thread_blocked, id=20928, stack(0x000000ffb6800000,0x000000ffb6900000)]
  0x0000026102e41010 JavaThread "Common-Cleaner" daemon [_thread_blocked, id=13688, stack(0x000000ffb6a00000,0x000000ffb6b00000)]

Other Threads:
  0x00000261022947a0 VMThread "VM Thread" [stack: 0x000000ffb5d00000,0x000000ffb5e00000] [id=18656]
  0x0000026102e2d3b0 WatcherThread [stack: 0x000000ffb6900000,0x000000ffb6a00000] [id=5148]
  0x00000261750c31d0 GCTaskThread "GC Thread#0" [stack: 0x000000ffb5800000,0x000000ffb5900000] [id=17812]
  0x00000261750d3c60 ConcurrentGCThread "G1 Main Marker" [stack: 0x000000ffb5900000,0x000000ffb5a00000] [id=16724]
  0x00000261750d4e10 ConcurrentGCThread "G1 Conc#0" [stack: 0x000000ffb5a00000,0x000000ffb5b00000] [id=12016]
  0x0000026175156730 ConcurrentGCThread "G1 Refine#0" [stack: 0x000000ffb5b00000,0x000000ffb5c00000] [id=15040]
  0x0000026175159060 ConcurrentGCThread "G1 Service" [stack: 0x000000ffb5c00000,0x000000ffb5d00000] [id=13700]

Threads with active compile tasks:

VM state: not at safepoint (normal execution)

VM Mutex/Monitor currently owned by a thread:  ([mutex/lock_event])
[0x0000026172e698e0] Metaspace_lock - owner thread: 0x0000026175083a20

Heap address: 0x000000008a600000, size: 1882 MB, Compressed Oops mode: 32-bit

CDS archive(s) not mapped
Compressed class space mapped at: 0x0000000100000000-0x0000000140000000, reserved size: 1073741824
Narrow klass base: 0x0000000000000000, Narrow klass shift: 3, Narrow klass range: 0x140000000

GC Precious Log:
 CPUs: 12 total, 12 available
 Memory: 7524M
 Large Page Support: Disabled
 NUMA Support: Disabled
 Compressed Oops: Enabled (32-bit)
 Heap Region Size: 1M
 Heap Min Capacity: 8M
 Heap Initial Capacity: 118M
 Heap Max Capacity: 1882M
 Pre-touch: Disabled
 Parallel Workers: 10
 Concurrent Workers: 3
 Concurrent Refinement Workers: 10
 Periodic GC: Disabled

Heap:
 garbage-first heap   total 120832K, used 11264K [0x000000008a600000, 0x0000000100000000)
  region size 1024K, 13 young (13312K), 0 survivors (0K)
 Metaspace       used 7643K, committed 7744K, reserved 1056768K
  class space    used 810K, committed 896K, reserved 1048576K

Heap Regions: E=young(eden), S=young(survivor), O=old, HS=humongous(starts), HC=humongous(continues), CS=collection set, F=free, OA=open archive, CA=closed archive, TAMS=top-at-mark-start (previous, next)
|   0|0x000000008a600000, 0x000000008a600000, 0x000000008a700000|  0%| F|  |TAMS 0x000000008a600000, 0x000000008a600000| Untracked 
|   1|0x000000008a700000, 0x000000008a700000, 0x000000008a800000|  0%| F|  |TAMS 0x000000008a700000, 0x000000008a700000| Untracked 
|   2|0x000000008a800000, 0x000000008a800000, 0x000000008a900000|  0%| F|  |TAMS 0x000000008a800000, 0x000000008a800000| Untracked 
|   3|0x000000008a900000, 0x000000008a900000, 0x000000008aa00000|  0%| F|  |TAMS 0x000000008a900000, 0x000000008a900000| Untracked 
|   4|0x000000008aa00000, 0x000000008aa00000, 0x000000008ab00000|  0%| F|  |TAMS 0x000000008aa00000, 0x000000008aa00000| Untracked 
|   5|0x000000008ab00000, 0x000000008ab00000, 0x000000008ac00000|  0%| F|  |TAMS 0x000000008ab00000, 0x000000008ab00000| Untracked 
|   6|0x000000008ac00000, 0x000000008ac00000, 0x000000008ad00000|  0%| F|  |TAMS 0x000000008ac00000, 0x000000008ac00000| Untracked 
|   7|0x000000008ad00000, 0x000000008ad00000, 0x000000008ae00000|  0%| F|  |TAMS 0x000000008ad00000, 0x000000008ad00000| Untracked 
|   8|0x000000008ae00000, 0x000000008ae00000, 0x000000008af00000|  0%| F|  |TAMS 0x000000008ae00000, 0x000000008ae00000| Untracked 
|   9|0x000000008af00000, 0x000000008af00000, 0x000000008b000000|  0%| F|  |TAMS 0x000000008af00000, 0x000000008af00000| Untracked 
|  10|0x000000008b000000, 0x000000008b000000, 0x000000008b100000|  0%| F|  |TAMS 0x000000008b000000, 0x000000008b000000| Untracked 
|  11|0x000000008b100000, 0x000000008b100000, 0x000000008b200000|  0%| F|  |TAMS 0x000000008b100000, 0x000000008b100000| Untracked 
|  12|0x000000008b200000, 0x000000008b200000, 0x000000008b300000|  0%| F|  |TAMS 0x000000008b200000, 0x000000008b200000| Untracked 
|  13|0x000000008b300000, 0x000000008b300000, 0x000000008b400000|  0%| F|  |TAMS 0x000000008b300000, 0x000000008b300000| Untracked 
|  14|0x000000008b400000, 0x000000008b400000, 0x000000008b500000|  0%| F|  |TAMS 0x000000008b400000, 0x000000008b400000| Untracked 
|  15|0x000000008b500000, 0x000000008b500000, 0x000000008b600000|  0%| F|  |TAMS 0x000000008b500000, 0x000000008b500000| Untracked 
|  16|0x000000008b600000, 0x000000008b600000, 0x000000008b700000|  0%| F|  |TAMS 0x000000008b600000, 0x000000008b600000| Untracked 
|  17|0x000000008b700000, 0x000000008b700000, 0x000000008b800000|  0%| F|  |TAMS 0x000000008b700000, 0x000000008b700000| Untracked 
|  18|0x000000008b800000, 0x000000008b800000, 0x000000008b900000|  0%| F|  |TAMS 0x000000008b800000, 0x000000008b800000| Untracked 
|  19|0x000000008b900000, 0x000000008b900000, 0x000000008ba00000|  0%| F|  |TAMS 0x000000008b900000, 0x000000008b900000| Untracked 
|  20|0x000000008ba00000, 0x000000008ba00000, 0x000000008bb00000|  0%| F|  |TAMS 0x000000008ba00000, 0x000000008ba00000| Untracked 
|  21|0x000000008bb00000, 0x000000008bb00000, 0x000000008bc00000|  0%| F|  |TAMS 0x000000008bb00000, 0x000000008bb00000| Untracked 
|  22|0x000000008bc00000, 0x000000008bc00000, 0x000000008bd00000|  0%| F|  |TAMS 0x000000008bc00000, 0x000000008bc00000| Untracked 
|  23|0x000000008bd00000, 0x000000008bd00000, 0x000000008be00000|  0%| F|  |TAMS 0x000000008bd00000, 0x000000008bd00000| Untracked 
|  24|0x000000008be00000, 0x000000008be00000, 0x000000008bf00000|  0%| F|  |TAMS 0x000000008be00000, 0x000000008be00000| Untracked 
|  25|0x000000008bf00000, 0x000000008bf00000, 0x000000008c000000|  0%| F|  |TAMS 0x000000008bf00000, 0x000000008bf00000| Untracked 
|  26|0x000000008c000000, 0x000000008c000000, 0x000000008c100000|  0%| F|  |TAMS 0x000000008c000000, 0x000000008c000000| Untracked 
|  27|0x000000008c100000, 0x000000008c100000, 0x000000008c200000|  0%| F|  |TAMS 0x000000008c100000, 0x000000008c100000| Untracked 
|  28|0x000000008c200000, 0x000000008c200000, 0x000000008c300000|  0%| F|  |TAMS 0x000000008c200000, 0x000000008c200000| Untracked 
|  29|0x000000008c300000, 0x000000008c300000, 0x000000008c400000|  0%| F|  |TAMS 0x000000008c300000, 0x000000008c300000| Untracked 
|  30|0x000000008c400000, 0x000000008c400000, 0x000000008c500000|  0%| F|  |TAMS 0x000000008c400000, 0x000000008c400000| Untracked 
|  31|0x000000008c500000, 0x000000008c500000, 0x000000008c600000|  0%| F|  |TAMS 0x000000008c500000, 0x000000008c500000| Untracked 
|  32|0x000000008c600000, 0x000000008c600000, 0x000000008c700000|  0%| F|  |TAMS 0x000000008c600000, 0x000000008c600000| Untracked 
|  33|0x000000008c700000, 0x000000008c700000, 0x000000008c800000|  0%| F|  |TAMS 0x000000008c700000, 0x000000008c700000| Untracked 
|  34|0x000000008c800000, 0x000000008c800000, 0x000000008c900000|  0%| F|  |TAMS 0x000000008c800000, 0x000000008c800000| Untracked 
|  35|0x000000008c900000, 0x000000008c900000, 0x000000008ca00000|  0%| F|  |TAMS 0x000000008c900000, 0x000000008c900000| Untracked 
|  36|0x000000008ca00000, 0x000000008ca00000, 0x000000008cb00000|  0%| F|  |TAMS 0x000000008ca00000, 0x000000008ca00000| Untracked 
|  37|0x000000008cb00000, 0x000000008cb00000, 0x000000008cc00000|  0%| F|  |TAMS 0x000000008cb00000, 0x000000008cb00000| Untracked 
|  38|0x000000008cc00000, 0x000000008cc00000, 0x000000008cd00000|  0%| F|  |TAMS 0x000000008cc00000, 0x000000008cc00000| Untracked 
|  39|0x000000008cd00000, 0x000000008cd00000, 0x000000008ce00000|  0%| F|  |TAMS 0x000000008cd00000, 0x000000008cd00000| Untracked 
|  40|0x000000008ce00000, 0x000000008ce00000, 0x000000008cf00000|  0%| F|  |TAMS 0x000000008ce00000, 0x000000008ce00000| Untracked 
|  41|0x000000008cf00000, 0x000000008cf00000, 0x000000008d000000|  0%| F|  |TAMS 0x000000008cf00000, 0x000000008cf00000| Untracked 
|  42|0x000000008d000000, 0x000000008d000000, 0x000000008d100000|  0%| F|  |TAMS 0x000000008d000000, 0x000000008d000000| Untracked 
|  43|0x000000008d100000, 0x000000008d100000, 0x000000008d200000|  0%| F|  |TAMS 0x000000008d100000, 0x000000008d100000| Untracked 
|  44|0x000000008d200000, 0x000000008d200000, 0x000000008d300000|  0%| F|  |TAMS 0x000000008d200000, 0x000000008d200000| Untracked 
|  45|0x000000008d300000, 0x000000008d300000, 0x000000008d400000|  0%| F|  |TAMS 0x000000008d300000, 0x000000008d300000| Untracked 
|  46|0x000000008d400000, 0x000000008d400000, 0x000000008d500000|  0%| F|  |TAMS 0x000000008d400000, 0x000000008d400000| Untracked 
|  47|0x000000008d500000, 0x000000008d500000, 0x000000008d600000|  0%| F|  |TAMS 0x000000008d500000, 0x000000008d500000| Untracked 
|  48|0x000000008d600000, 0x000000008d600000, 0x000000008d700000|  0%| F|  |TAMS 0x000000008d600000, 0x000000008d600000| Untracked 
|  49|0x000000008d700000, 0x000000008d700000, 0x000000008d800000|  0%| F|  |TAMS 0x000000008d700000, 0x000000008d700000| Untracked 
|  50|0x000000008d800000, 0x000000008d800000, 0x000000008d900000|  0%| F|  |TAMS 0x000000008d800000, 0x000000008d800000| Untracked 
|  51|0x000000008d900000, 0x000000008d900000, 0x000000008da00000|  0%| F|  |TAMS 0x000000008d900000, 0x000000008d900000| Untracked 
|  52|0x000000008da00000, 0x000000008da00000, 0x000000008db00000|  0%| F|  |TAMS 0x000000008da00000, 0x000000008da00000| Untracked 
|  53|0x000000008db00000, 0x000000008db00000, 0x000000008dc00000|  0%| F|  |TAMS 0x000000008db00000, 0x000000008db00000| Untracked 
|  54|0x000000008dc00000, 0x000000008dc00000, 0x000000008dd00000|  0%| F|  |TAMS 0x000000008dc00000, 0x000000008dc00000| Untracked 
|  55|0x000000008dd00000, 0x000000008dd00000, 0x000000008de00000|  0%| F|  |TAMS 0x000000008dd00000, 0x000000008dd00000| Untracked 
|  56|0x000000008de00000, 0x000000008de00000, 0x000000008df00000|  0%| F|  |TAMS 0x000000008de00000, 0x000000008de00000| Untracked 
|  57|0x000000008df00000, 0x000000008df00000, 0x000000008e000000|  0%| F|  |TAMS 0x000000008df00000, 0x000000008df00000| Untracked 
|  58|0x000000008e000000, 0x000000008e000000, 0x000000008e100000|  0%| F|  |TAMS 0x000000008e000000, 0x000000008e000000| Untracked 
|  59|0x000000008e100000, 0x000000008e100000, 0x000000008e200000|  0%| F|  |TAMS 0x000000008e100000, 0x000000008e100000| Untracked 
|  60|0x000000008e200000, 0x000000008e200000, 0x000000008e300000|  0%| F|  |TAMS 0x000000008e200000, 0x000000008e200000| Untracked 
|  61|0x000000008e300000, 0x000000008e300000, 0x000000008e400000|  0%| F|  |TAMS 0x000000008e300000, 0x000000008e300000| Untracked 
|  62|0x000000008e400000, 0x000000008e400000, 0x000000008e500000|  0%| F|  |TAMS 0x000000008e400000, 0x000000008e400000| Untracked 
|  63|0x000000008e500000, 0x000000008e500000, 0x000000008e600000|  0%| F|  |TAMS 0x000000008e500000, 0x000000008e500000| Untracked 
|  64|0x000000008e600000, 0x000000008e600000, 0x000000008e700000|  0%| F|  |TAMS 0x000000008e600000, 0x000000008e600000| Untracked 
|  65|0x000000008e700000, 0x000000008e700000, 0x000000008e800000|  0%| F|  |TAMS 0x000000008e700000, 0x000000008e700000| Untracked 
|  66|0x000000008e800000, 0x000000008e800000, 0x000000008e900000|  0%| F|  |TAMS 0x000000008e800000, 0x000000008e800000| Untracked 
|  67|0x000000008e900000, 0x000000008e900000, 0x000000008ea00000|  0%| F|  |TAMS 0x000000008e900000, 0x000000008e900000| Untracked 
|  68|0x000000008ea00000, 0x000000008ea00000, 0x000000008eb00000|  0%| F|  |TAMS 0x000000008ea00000, 0x000000008ea00000| Untracked 
|  69|0x000000008eb00000, 0x000000008eb00000, 0x000000008ec00000|  0%| F|  |TAMS 0x000000008eb00000, 0x000000008eb00000| Untracked 
|  70|0x000000008ec00000, 0x000000008ec00000, 0x000000008ed00000|  0%| F|  |TAMS 0x000000008ec00000, 0x000000008ec00000| Untracked 
|  71|0x000000008ed00000, 0x000000008ed00000, 0x000000008ee00000|  0%| F|  |TAMS 0x000000008ed00000, 0x000000008ed00000| Untracked 
|  72|0x000000008ee00000, 0x000000008ee00000, 0x000000008ef00000|  0%| F|  |TAMS 0x000000008ee00000, 0x000000008ee00000| Untracked 
|  73|0x000000008ef00000, 0x000000008ef00000, 0x000000008f000000|  0%| F|  |TAMS 0x000000008ef00000, 0x000000008ef00000| Untracked 
|  74|0x000000008f000000, 0x000000008f000000, 0x000000008f100000|  0%| F|  |TAMS 0x000000008f000000, 0x000000008f000000| Untracked 
|  75|0x000000008f100000, 0x000000008f100000, 0x000000008f200000|  0%| F|  |TAMS 0x000000008f100000, 0x000000008f100000| Untracked 
|  76|0x000000008f200000, 0x000000008f200000, 0x000000008f300000|  0%| F|  |TAMS 0x000000008f200000, 0x000000008f200000| Untracked 
|  77|0x000000008f300000, 0x000000008f300000, 0x000000008f400000|  0%| F|  |TAMS 0x000000008f300000, 0x000000008f300000| Untracked 
|  78|0x000000008f400000, 0x000000008f400000, 0x000000008f500000|  0%| F|  |TAMS 0x000000008f400000, 0x000000008f400000| Untracked 
|  79|0x000000008f500000, 0x000000008f500000, 0x000000008f600000|  0%| F|  |TAMS 0x000000008f500000, 0x000000008f500000| Untracked 
|  80|0x000000008f600000, 0x000000008f600000, 0x000000008f700000|  0%| F|  |TAMS 0x000000008f600000, 0x000000008f600000| Untracked 
|  81|0x000000008f700000, 0x000000008f700000, 0x000000008f800000|  0%| F|  |TAMS 0x000000008f700000, 0x000000008f700000| Untracked 
|  82|0x000000008f800000, 0x000000008f800000, 0x000000008f900000|  0%| F|  |TAMS 0x000000008f800000, 0x000000008f800000| Untracked 
|  83|0x000000008f900000, 0x000000008f900000, 0x000000008fa00000|  0%| F|  |TAMS 0x000000008f900000, 0x000000008f900000| Untracked 
|  84|0x000000008fa00000, 0x000000008fa00000, 0x000000008fb00000|  0%| F|  |TAMS 0x000000008fa00000, 0x000000008fa00000| Untracked 
|  85|0x000000008fb00000, 0x000000008fb00000, 0x000000008fc00000|  0%| F|  |TAMS 0x000000008fb00000, 0x000000008fb00000| Untracked 
|  86|0x000000008fc00000, 0x000000008fc00000, 0x000000008fd00000|  0%| F|  |TAMS 0x000000008fc00000, 0x000000008fc00000| Untracked 
|  87|0x000000008fd00000, 0x000000008fd00000, 0x000000008fe00000|  0%| F|  |TAMS 0x000000008fd00000, 0x000000008fd00000| Untracked 
|  88|0x000000008fe00000, 0x000000008fe00000, 0x000000008ff00000|  0%| F|  |TAMS 0x000000008fe00000, 0x000000008fe00000| Untracked 
|  89|0x000000008ff00000, 0x000000008ff00000, 0x0000000090000000|  0%| F|  |TAMS 0x000000008ff00000, 0x000000008ff00000| Untracked 
|  90|0x0000000090000000, 0x0000000090000000, 0x0000000090100000|  0%| F|  |TAMS 0x0000000090000000, 0x0000000090000000| Untracked 
|  91|0x0000000090100000, 0x0000000090100000, 0x0000000090200000|  0%| F|  |TAMS 0x0000000090100000, 0x0000000090100000| Untracked 
|  92|0x0000000090200000, 0x0000000090200000, 0x0000000090300000|  0%| F|  |TAMS 0x0000000090200000, 0x0000000090200000| Untracked 
|  93|0x0000000090300000, 0x0000000090300000, 0x0000000090400000|  0%| F|  |TAMS 0x0000000090300000, 0x0000000090300000| Untracked 
|  94|0x0000000090400000, 0x0000000090400000, 0x0000000090500000|  0%| F|  |TAMS 0x0000000090400000, 0x0000000090400000| Untracked 
|  95|0x0000000090500000, 0x0000000090500000, 0x0000000090600000|  0%| F|  |TAMS 0x0000000090500000, 0x0000000090500000| Untracked 
|  96|0x0000000090600000, 0x0000000090600000, 0x0000000090700000|  0%| F|  |TAMS 0x0000000090600000, 0x0000000090600000| Untracked 
|  97|0x0000000090700000, 0x0000000090700000, 0x0000000090800000|  0%| F|  |TAMS 0x0000000090700000, 0x0000000090700000| Untracked 
|  98|0x0000000090800000, 0x0000000090800000, 0x0000000090900000|  0%| F|  |TAMS 0x0000000090800000, 0x0000000090800000| Untracked 
|  99|0x0000000090900000, 0x0000000090900000, 0x0000000090a00000|  0%| F|  |TAMS 0x0000000090900000, 0x0000000090900000| Untracked 
| 100|0x0000000090a00000, 0x0000000090a00000, 0x0000000090b00000|  0%| F|  |TAMS 0x0000000090a00000, 0x0000000090a00000| Untracked 
| 101|0x0000000090b00000, 0x0000000090b00000, 0x0000000090c00000|  0%| F|  |TAMS 0x0000000090b00000, 0x0000000090b00000| Untracked 
| 102|0x0000000090c00000, 0x0000000090c00000, 0x0000000090d00000|  0%| F|  |TAMS 0x0000000090c00000, 0x0000000090c00000| Untracked 
| 103|0x0000000090d00000, 0x0000000090d00000, 0x0000000090e00000|  0%| F|  |TAMS 0x0000000090d00000, 0x0000000090d00000| Untracked 
| 104|0x0000000090e00000, 0x0000000090e00000, 0x0000000090f00000|  0%| F|  |TAMS 0x0000000090e00000, 0x0000000090e00000| Untracked 
| 105|0x0000000090f00000, 0x0000000090f791f8, 0x0000000091000000| 47%| E|  |TAMS 0x0000000090f00000, 0x0000000090f00000| Complete 
| 106|0x0000000091000000, 0x0000000091100000, 0x0000000091100000|100%| E|CS|TAMS 0x0000000091000000, 0x0000000091000000| Complete 
| 107|0x0000000091100000, 0x0000000091200000, 0x0000000091200000|100%| E|CS|TAMS 0x0000000091100000, 0x0000000091100000| Complete 
| 108|0x0000000091200000, 0x0000000091300000, 0x0000000091300000|100%| E|CS|TAMS 0x0000000091200000, 0x0000000091200000| Complete 
| 109|0x0000000091300000, 0x0000000091400000, 0x0000000091400000|100%| E|CS|TAMS 0x0000000091300000, 0x0000000091300000| Complete 
| 110|0x0000000091400000, 0x0000000091500000, 0x0000000091500000|100%| E|CS|TAMS 0x0000000091400000, 0x0000000091400000| Complete 
| 111|0x0000000091500000, 0x0000000091600000, 0x0000000091600000|100%| E|CS|TAMS 0x0000000091500000, 0x0000000091500000| Complete 
| 112|0x0000000091600000, 0x0000000091700000, 0x0000000091700000|100%| E|CS|TAMS 0x0000000091600000, 0x0000000091600000| Complete 
| 113|0x0000000091700000, 0x0000000091800000, 0x0000000091800000|100%| E|  |TAMS 0x0000000091700000, 0x0000000091700000| Complete 
| 114|0x0000000091800000, 0x0000000091900000, 0x0000000091900000|100%| E|CS|TAMS 0x0000000091800000, 0x0000000091800000| Complete 
| 115|0x0000000091900000, 0x0000000091a00000, 0x0000000091a00000|100%| E|CS|TAMS 0x0000000091900000, 0x0000000091900000| Complete 
| 116|0x0000000091a00000, 0x0000000091b00000, 0x0000000091b00000|100%| E|CS|TAMS 0x0000000091a00000, 0x0000000091a00000| Complete 
| 117|0x0000000091b00000, 0x0000000091c00000, 0x0000000091c00000|100%| E|CS|TAMS 0x0000000091b00000, 0x0000000091b00000| Complete 

Card table byte_map: [0x000002617b3f0000,0x000002617b7a0000] _byte_map_base: 0x000002617af9d000

Marking Bits (Prev, Next): (CMBitMap*) 0x00000261750c47f0, (CMBitMap*) 0x00000261750c4830
 Prev Bits: [0x000002617bb50000, 0x000002617d8b8000)
 Next Bits: [0x000002617d8c0000, 0x000002617f628000)

Polling page: 0x0000026173020000

Metaspace:

Usage:
  Non-class:      6.67 MB used.
      Class:    810.40 KB used.
       Both:      7.46 MB used.

Virtual space:
  Non-class space:        8.00 MB reserved,       6.69 MB ( 84%) committed,  1 nodes.
      Class space:        1.00 GB reserved,     896.00 KB ( <1%) committed,  1 nodes.
             Both:        1.01 GB reserved,       7.56 MB ( <1%) committed. 

Chunk freelists:
   Non-Class:  1.30 MB
       Class:  3.11 MB
        Both:  4.41 MB

MaxMetaspaceSize: unlimited
CompressedClassSpaceSize: 1.00 GB
Initial GC threshold: 21.00 MB
Current GC threshold: 21.00 MB
CDS: off
MetaspaceReclaimPolicy: balanced
 - commit_granule_bytes: 65536.
 - commit_granule_words: 8192.
 - virtual_space_node_default_size: 1048576.
 - enlarge_chunks_in_place: 1.
 - new_chunks_are_fully_committed: 0.
 - uncommit_free_chunks: 1.
 - use_allocation_guard: 0.
 - handle_deallocations: 1.


Internal statistics:

num_allocs_failed_limit: 0.
num_arena_births: 28.
num_arena_deaths: 0.
num_vsnodes_births: 2.
num_vsnodes_deaths: 0.
num_space_committed: 121.
num_space_uncommitted: 0.
num_chunks_returned_to_freelist: 0.
num_chunks_taken_from_freelist: 91.
num_chunk_merges: 0.
num_chunk_splits: 66.
num_chunks_enlarged: 52.
num_purges: 0.
num_inconsistent_stats: 0.

CodeCache: size=49152Kb used=3091Kb max_used=3091Kb free=46060Kb
 bounds [0x0000026177d10000, 0x0000026178020000, 0x000002617ad10000]
 total_blobs=978 nmethods=600 adapters=304
 compilation: enabled
              stopped_count=0, restarted_count=0
 full_count=0

Compilation events (20 events):
Event: 0.315 Thread 0x00000261022f80b0  592       1       java.util.jar.JarFile::getManifest (5 bytes)
Event: 0.315 Thread 0x0000026102e1e060 nmethod 585 0x000002617800ee10 code [0x000002617800f080, 0x000002617800f828]
Event: 0.315 Thread 0x0000026102e1e060  593   !   1       java.util.jar.JarFile::getManifestFromReference (197 bytes)
Event: 0.315 Thread 0x00000261022f80b0 nmethod 592 0x000002617800fe10 code [0x000002617800ffa0, 0x0000026178010088]
Event: 0.315 Thread 0x00000261022f80b0  594       1       java.util.jar.JavaUtilJarAccessImpl::getTrustedAttributes (6 bytes)
Event: 0.315 Thread 0x00000261022f80b0 nmethod 594 0x0000026178010110 code [0x00000261780102a0, 0x0000026178010388]
Event: 0.315 Thread 0x00000261022f80b0  595       1       java.util.jar.Manifest::getTrustedAttributes (57 bytes)
Event: 0.315 Thread 0x0000026102e24590 nmethod 591 0x0000026178010490 code [0x00000261780106c0, 0x0000026178010da8]
Event: 0.315 Thread 0x0000026102e24590  596       1       java.util.zip.CRC32::<init> (5 bytes)
Event: 0.315 Thread 0x0000026102e24590 nmethod 596 0x0000026178011110 code [0x00000261780112a0, 0x0000026178011358]
Event: 0.316 Thread 0x00000261022f80b0 nmethod 595 0x0000026178011410 code [0x0000026178011620, 0x0000026178011a98]
Event: 0.316 Thread 0x0000026102e1e060 nmethod 593 0x0000026178011d10 code [0x0000026178011fe0, 0x0000026178012c08]
Event: 0.318 Thread 0x0000026102e1e060  597       1       java.security.SecureClassLoader$CodeSourceKey::equals (60 bytes)
Event: 0.318 Thread 0x0000026102e1e060 nmethod 597 0x0000026178013590 code [0x0000026178013740, 0x00000261780139b8]
Event: 0.319 Thread 0x00000261022f80b0  598       1       java.util.Arrays::fill (28 bytes)
Event: 0.319 Thread 0x0000026102e24590  599       1       java.util.Arrays::rangeCheck (74 bytes)
Event: 0.319 Thread 0x00000261022f80b0 nmethod 598 0x0000026178013b90 code [0x0000026178013d20, 0x0000026178013e68]
Event: 0.319 Thread 0x0000026102e24590 nmethod 599 0x0000026178013f90 code [0x00000261780141c0, 0x0000026178014728]
Event: 0.322 Thread 0x00000261022f80b0  600       1       java.util.AbstractList::<init> (10 bytes)
Event: 0.322 Thread 0x00000261022f80b0 nmethod 600 0x0000026178014a10 code [0x0000026178014ba0, 0x0000026178014c78]

GC Heap History (0 events):
No events

Deoptimization events (0 events):
No events

Classes unloaded (0 events):
No events

Classes redefined (0 events):
No events

Internal exceptions (2 events):
Event: 0.205 Thread 0x0000026175083a20 Exception <a 'java/lang/ClassNotFoundException'{0x0000000091339150}: javax/smartcardio/CardPermission> (0x0000000091339150) 
thrown [e:\jenkins\tmp\workspace\build\src\src\hotspot\share\classfile\systemDictionary.cpp, line 256]
Event: 0.207 Thread 0x0000026175083a20 Exception <a 'java/io/FileNotFoundException'{0x00000000913480b8}> (0x00000000913480b8) 
thrown [e:\jenkins\tmp\workspace\build\src\src\hotspot\share\prims\jni.cpp, line 516]

VM Operations (4 events):
Event: 0.121 Executing VM operation: HandshakeAllThreads
Event: 0.121 Executing VM operation: HandshakeAllThreads done
Event: 0.222 Executing VM operation: HandshakeAllThreads
Event: 0.222 Executing VM operation: HandshakeAllThreads done

Events (20 events):
Event: 0.292 loading class java/io/CharConversionException
Event: 0.292 loading class java/io/CharConversionException done
Event: 0.312 loading class java/util/MissingResourceException
Event: 0.312 loading class java/util/MissingResourceException done
Event: 0.313 loading class org/xml/sax/ext/Attributes2
Event: 0.313 loading class org/xml/sax/ext/Attributes2 done
Event: 0.313 loading class java/lang/ArrayIndexOutOfBoundsException
Event: 0.313 loading class java/lang/ArrayIndexOutOfBoundsException done
Event: 0.313 loading class org/xml/sax/ext/EntityResolver2
Event: 0.313 loading class org/xml/sax/ext/EntityResolver2 done
Event: 0.318 loading class org/xml/sax/ext/Locator2
Event: 0.318 loading class org/xml/sax/ext/Locator2 done
Event: 0.320 loading class java/util/NoSuchElementException
Event: 0.320 loading class java/util/NoSuchElementException done
Event: 0.320 loading class org/xml/sax/helpers/LocatorImpl
Event: 0.320 loading class org/xml/sax/helpers/LocatorImpl done
Event: 0.320 loading class org/xml/sax/helpers/AttributesImpl
Event: 0.320 loading class org/xml/sax/helpers/AttributesImpl done
Event: 0.322 loading class java/util/ArrayList$SubList
Event: 0.322 loading class java/util/ArrayList$SubList done


Dynamic libraries:
0x00007ff62a1a0000 - 0x00007ff62a1ae000 	c:\Users\Nisarg Shah\.vscode\extensions\redhat.java-1.6.0-win32-x64\jre\17.0.2-win32-x86_64\bin\java.exe
0x00007ffdfc160000 - 0x00007ffdfc369000 	C:\WINDOWS\SYSTEM32\ntdll.dll
0x00007ffdfb1f0000 - 0x00007ffdfb2ad000 	C:\WINDOWS\System32\KERNEL32.DLL
0x00007ffdf9b60000 - 0x00007ffdf9ed9000 	C:\WINDOWS\System32\KERNELBASE.dll
0x00007ffdf99d0000 - 0x00007ffdf9ae1000 	C:\WINDOWS\System32\ucrtbase.dll
0x00007ffde3360000 - 0x00007ffde3379000 	c:\Users\Nisarg Shah\.vscode\extensions\redhat.java-1.6.0-win32-x64\jre\17.0.2-win32-x86_64\bin\VCRUNTIME140.dll
0x00007ffde39e0000 - 0x00007ffde39f8000 	c:\Users\Nisarg Shah\.vscode\extensions\redhat.java-1.6.0-win32-x64\jre\17.0.2-win32-x86_64\bin\jli.dll
0x00007ffdfa650000 - 0x00007ffdfa7fc000 	C:\WINDOWS\System32\USER32.dll
0x00007ffdf99a0000 - 0x00007ffdf99c6000 	C:\WINDOWS\System32\win32u.dll
0x00007ffdde0d0000 - 0x00007ffdde375000 	C:\WINDOWS\WinSxS\amd64_microsoft.windows.common-controls_6595b64144ccf1df_6.0.22000.120_none_9d947278b86cc467\COMCTL32.dll
0x00007ffdfb540000 - 0x00007ffdfb569000 	C:\WINDOWS\System32\GDI32.dll
0x00007ffdfa800000 - 0x00007ffdfa8a3000 	C:\WINDOWS\System32\msvcrt.dll
0x00007ffdf9710000 - 0x00007ffdf9822000 	C:\WINDOWS\System32\gdi32full.dll
0x00007ffdf9ee0000 - 0x00007ffdf9f7d000 	C:\WINDOWS\System32\msvcp_win.dll
0x00007ffdfb1b0000 - 0x00007ffdfb1e1000 	C:\WINDOWS\System32\IMM32.DLL
0x00007ffdf5450000 - 0x00007ffdf545c000 	c:\Users\Nisarg Shah\.vscode\extensions\redhat.java-1.6.0-win32-x64\jre\17.0.2-win32-x86_64\bin\vcruntime140_1.dll
0x00007ffdb5e20000 - 0x00007ffdb5eb1000 	c:\Users\Nisarg Shah\.vscode\extensions\redhat.java-1.6.0-win32-x64\jre\17.0.2-win32-x86_64\bin\msvcp140.dll
0x00007ffda5db0000 - 0x00007ffda69f7000 	c:\Users\Nisarg Shah\.vscode\extensions\redhat.java-1.6.0-win32-x64\jre\17.0.2-win32-x86_64\bin\server\jvm.dll
0x00007ffdfa120000 - 0x00007ffdfa1ce000 	C:\WINDOWS\System32\ADVAPI32.dll
0x00007ffdfb110000 - 0x00007ffdfb1ae000 	C:\WINDOWS\System32\sechost.dll
0x00007ffdfb3c0000 - 0x00007ffdfb4e0000 	C:\WINDOWS\System32\RPCRT4.dll
0x00007ffdfa8b0000 - 0x00007ffdfa8b8000 	C:\WINDOWS\System32\PSAPI.DLL
0x00007ffdd7c80000 - 0x00007ffdd7c89000 	C:\WINDOWS\SYSTEM32\WSOCK32.dll
0x00007ffdf26f0000 - 0x00007ffdf26fa000 	C:\WINDOWS\SYSTEM32\VERSION.dll
0x00007ffdf3030000 - 0x00007ffdf3063000 	C:\WINDOWS\SYSTEM32\WINMM.dll
0x00007ffdfae10000 - 0x00007ffdfae7f000 	C:\WINDOWS\System32\WS2_32.dll
0x00007ffdf87c0000 - 0x00007ffdf87d8000 	C:\WINDOWS\SYSTEM32\kernel.appcore.dll
0x00007ffdf2cb0000 - 0x00007ffdf2cba000 	c:\Users\Nisarg Shah\.vscode\extensions\redhat.java-1.6.0-win32-x64\jre\17.0.2-win32-x86_64\bin\jimage.dll
0x00007ffdf71e0000 - 0x00007ffdf7401000 	C:\WINDOWS\SYSTEM32\DBGHELP.DLL
0x00007ffdd9210000 - 0x00007ffdd9241000 	C:\WINDOWS\SYSTEM32\dbgcore.DLL
0x00007ffdf9f80000 - 0x00007ffdf9fff000 	C:\WINDOWS\System32\bcryptPrimitives.dll
0x00007ffdc3c90000 - 0x00007ffdc3cb5000 	c:\Users\Nisarg Shah\.vscode\extensions\redhat.java-1.6.0-win32-x64\jre\17.0.2-win32-x86_64\bin\java.dll
0x00007ffde2dd0000 - 0x00007ffde2de8000 	c:\Users\Nisarg Shah\.vscode\extensions\redhat.java-1.6.0-win32-x64\jre\17.0.2-win32-x86_64\bin\zip.dll
0x00007ffdfb570000 - 0x00007ffdfbd1f000 	C:\WINDOWS\System32\SHELL32.dll
0x00007ffdf7740000 - 0x00007ffdf7fa8000 	C:\WINDOWS\SYSTEM32\windows.storage.dll
0x00007ffdfbd20000 - 0x00007ffdfc098000 	C:\WINDOWS\System32\combase.dll
0x00007ffdf75d0000 - 0x00007ffdf7736000 	C:\WINDOWS\SYSTEM32\wintypes.dll
0x00007ffdfb020000 - 0x00007ffdfb10a000 	C:\WINDOWS\System32\SHCORE.dll
0x00007ffdfb2b0000 - 0x00007ffdfb30d000 	C:\WINDOWS\System32\shlwapi.dll
0x00007ffdf9580000 - 0x00007ffdf95a1000 	C:\WINDOWS\SYSTEM32\profapi.dll
0x00007ffddc9d0000 - 0x00007ffddc9e9000 	C:\Users\Nisarg Shah\.vscode\extensions\redhat.java-1.6.0-win32-x64\jre\17.0.2-win32-x86_64\bin\net.dll
0x00007ffdf2ba0000 - 0x00007ffdf2cac000 	C:\WINDOWS\SYSTEM32\WINHTTP.dll
0x00007ffdf8bf0000 - 0x00007ffdf8c57000 	C:\WINDOWS\system32\mswsock.dll
0x00007ffddbd50000 - 0x00007ffddbd65000 	C:\Users\Nisarg Shah\.vscode\extensions\redhat.java-1.6.0-win32-x64\jre\17.0.2-win32-x86_64\bin\nio.dll
0x00007ffdea690000 - 0x00007ffdea6a0000 	c:\Users\Nisarg Shah\.vscode\extensions\redhat.java-1.6.0-win32-x64\jre\17.0.2-win32-x86_64\bin\verify.dll

dbghelp: loaded successfully - version: 4.0.5 - missing functions: none
symbol engine: initialized successfully - sym options: 0x614 - pdb path: .;c:\Users\Nisarg Shah\.vscode\extensions\redhat.java-1.6.0-win32-x64\jre\17.0.2-win32-x86_64\bin;C:\WINDOWS\SYSTEM32;C:\WINDOWS\WinSxS\amd64_microsoft.windows.common-controls_6595b64144ccf1df_6.0.22000.120_none_9d947278b86cc467;c:\Users\Nisarg Shah\.vscode\extensions\redhat.java-1.6.0-win32-x64\jre\17.0.2-win32-x86_64\bin\server

VM Arguments:
jvm_args: -Dsts.lsp.client=vscode -Dsts.log.file=/dev/null -XX:TieredStopAtLevel=1 -Dspring.config.location=file:c:\Users\Nisarg Shah\.vscode\extensions\pivotal.vscode-spring-boot-1.33.0\language-server\BOOT-INF\classes\application.properties 
java_command: org.springframework.ide.vscode.boot.app.BootLanguageServerBootApp
java_class_path (initial): c:\Users\Nisarg Shah\.vscode\extensions\pivotal.vscode-spring-boot-1.33.0\language-server\BOOT-INF\classes;c:\Users\Nisarg Shah\.vscode\extensions\pivotal.vscode-spring-boot-1.33.0\language-server\BOOT-INF\lib\antlr4-runtime-4.5.3.jar;c:\Users\Nisarg Shah\.vscode\extensions\pivotal.vscode-spring-boot-1.33.0\language-server\BOOT-INF\lib\byte-buddy-1.10.18.jar;c:\Users\Nisarg Shah\.vscode\extensions\pivotal.vscode-spring-boot-1.33.0\language-server\BOOT-INF\lib\commons-codec-1.14.jar;c:\Users\Nisarg Shah\.vscode\extensions\pivotal.vscode-spring-boot-1.33.0\language-server\BOOT-INF\lib\commons-io-2.4.jar;c:\Users\Nisarg Shah\.vscode\extensions\pivotal.vscode-spring-boot-1.33.0\language-server\BOOT-INF\lib\commons-java-1.33.0-SNAPSHOT.jar;c:\Users\Nisarg Shah\.vscode\extensions\pivotal.vscode-spring-boot-1.33.0\language-server\BOOT-INF\lib\commons-lang3-3.10.jar;c:\Users\Nisarg Shah\.vscode\extensions\pivotal.vscode-spring-boot-1.33.0\language-server\BOOT-INF\lib\commons-language-server-1.33.0-SNAPSHOT.jar;c:\Users\Nisarg Shah\.vscode\extensions\pivotal.vscode-spring-boot-1.33.0\language-server\BOOT-INF\lib\commons-lsp-extensions-1.33.0-SNAPSHOT.jar;c:\Users\Nisarg Shah\.vscode\extensions\pivotal.vscode-spring-boot-1.33.0\language-server\BOOT-INF\lib\commons-util-1.33.0-SNAPSHOT.jar;c:\Users\Nisarg Shah\.vscode\extensions\pivotal.vscode-spring-boot-1.33.0\language-server\BOOT-INF\lib\commons-yaml-1.33.0-SNAPSHOT.jar;c:\Users\Nisarg Shah\.vscode\extensions\pivotal.vscode-spring-boot-1.33.0\language-server\BOOT-INF\lib\gson-2.8.6.jar;c:\Users\Nisarg Shah\.vscode\extensions\pivotal.vscode-spring-boot-1.33.0\language-server\BOOT-INF\lib\guava-19.0.jar;c:\Users\Nisarg Shah\.vscode\extensions\pivotal.vscode-spring-boot-1.33.0\language-server\BOOT-INF\lib\jakarta.annotation-api-1.3.5.jar;c:\Users\Nisarg Shah\.vscode\extensions\pivotal.vscode-spring-boot-1.33.0\language-server\BOOT-INF\lib\jandex-2.0.5.Final.jar;c:\Users\Nisarg Shah\.vscode\extensio
Launcher Type: SUN_STANDARD

[Global flags]
     intx CICompilerCount                          = 4                                         {product} {ergonomic}
     uint ConcGCThreads                            = 3                                         {product} {ergonomic}
     uint G1ConcRefinementThreads                  = 10                                        {product} {ergonomic}
   size_t G1HeapRegionSize                         = 1048576                                   {product} {ergonomic}
    uintx GCDrainStackTargetSize                   = 64                                        {product} {ergonomic}
   size_t InitialHeapSize                          = 123731968                                 {product} {ergonomic}
   size_t MarkStackSize                            = 4194304                                   {product} {ergonomic}
   size_t MaxHeapSize                              = 1973420032                                {product} {ergonomic}
   size_t MaxNewSize                               = 1183842304                                {product} {ergonomic}
   size_t MinHeapDeltaBytes                        = 1048576                                   {product} {ergonomic}
   size_t MinHeapSize                              = 8388608                                   {product} {ergonomic}
    uintx NonProfiledCodeHeapSize                  = 0                                      {pd product} {ergonomic}
     bool ProfileInterpreter                       = false                                  {pd product} {command line}
    uintx ProfiledCodeHeapSize                     = 0                                      {pd product} {ergonomic}
   size_t SoftMaxHeapSize                          = 1973420032                             {manageable} {ergonomic}
     intx TieredStopAtLevel                        = 1                                         {product} {command line}
     bool UseCompressedClassPointers               = true                           {product lp64_product} {ergonomic}
     bool UseCompressedOops                        = true                           {product lp64_product} {ergonomic}
     bool UseG1GC                                  = true                                      {product} {ergonomic}
     bool UseLargePagesIndividualAllocation        = false                                  {pd product} {ergonomic}

Logging:
Log output configuration:
 #0: stdout all=warning uptime,level,tags
 #1: stderr all=off uptime,level,tags

Environment Variables:
JAVA_HOME=C:\Program Files\Eclipse Adoptium\jdk-11.0.13.8-hotspot\
PATH=C:\Program Files\Python310\Scripts\;C:\Program Files\Python310\;C:\Program Files\Eclipse Adoptium\jdk-11.0.13.8-hotspot\bin;C:\windows\system32;C:\windows;C:\windows\System32\Wbem;C:\windows\System32\WindowsPowerShell\v1.0\;C:\windows\System32\OpenSSH\;C:\Program Files (x86)\NVIDIA Corporation\PhysX\Common;C:\Program Files\NVIDIA Corporation\NVIDIA NvDLISR;D:\Programs\Git\cmd;C:\Users\Nisarg Shah\AppData\Local\Microsoft\WindowsApps;D:\Programs\msys64\mingw64\bin;D:\Program Files\Nodejs\;C:\WINDOWS\system32;C:\WINDOWS;C:\WINDOWS\System32\Wbem;C:\WINDOWS\System32\WindowsPowerShell\v1.0\;C:\WINDOWS\System32\OpenSSH\;E:\Downloads\ffmpeg-2022-03-03-git-72684d2c2d-full_build\bin;D:\Program Files\apache-maven-3.8.4\bin;D:\Programs\XAMPP\php;C:\Users\Nisarg Shah\AppData\Roaming\Python\Python310\Scripts;C:\Users\Nisarg Shah\Downloads\platform-tools_r33.0.1-windows\platform-tools;C:\Users\Nisarg Shah\AppData\Local\Microsoft\WindowsApps;;D:\Programs\Microsoft VS Code\bin;D:\Program Files\IntelliJ IDEA 2021.3.1\bin;;C:\Users\Nisarg Shah\AppData\Roaming\npm;D:\Programs\heroku\bin
USERNAME=Nisarg Shah
OS=Windows_NT
PROCESSOR_IDENTIFIER=AMD64 Family 25 Model 80 Stepping 0, AuthenticAMD



---------------  S Y S T E M  ---------------

OS:
 Windows 11 , 64 bit Build 22000 (10.0.22000.675)
OS uptime: 1 days 9:25 hours

CPU: total 12 (initial active 12) (12 cores per cpu, 2 threads per core) family 25 model 80 stepping 0 microcode 0x0, cx8, cmov, fxsr, ht, mmx, 3dnowpref, sse, sse2, sse3, ssse3, sse4a, sse4.1, sse4.2, popcnt, lzcnt, tsc, tscinvbit, avx, avx2, aes, erms, clmul, bmi1, bmi2, adx, sha, fma, vzeroupper, clflush, clflushopt

Memory: 4k page, system-wide physical 7524M (432M free)
TotalPageFile size 11620M (AvailPageFile size 0M)
current process WorkingSet (physical memory assigned to process): 49M, peak: 49M
current process commit charge ("private bytes"): 202M, peak: 202M

vm_info: OpenJDK 64-Bit Server VM (17.0.2+8) for windows-amd64 JRE (17.0.2+8), built on Jan 20 2022 04:52:34 by "" with MS VC++ 16.7 (VS2019)

END.
