#
# There is insufficient memory for the Java Runtime Environment to continue.
# Native memory allocation (malloc) failed to allocate 1229200 bytes for Chunk::new
# Possible reasons:
#   The system is out of physical RAM or swap space
#   The process is running with CompressedOops enabled, and the Java Heap may be blocking the growth of the native heap
# Possible solutions:
#   Reduce memory load on the system
#   Increase physical memory or swap space
#   Check if swap backing store is full
#   Decrease Java heap size (-Xmx/-Xms)
#   Decrease number of Java threads
#   Decrease Java thread stack sizes (-Xss)
#   Set larger code cache with -XX:ReservedCodeCacheSize=
#   JVM is running with Unscaled Compressed Oops mode in which the Java heap is
#     placed in the first 4GB address space. The Java Heap base address is the
#     maximum limit for the native heap growth. Please use -XX:HeapBaseMinAddress
#     to set the Java Heap base and to place the Java Heap above 4GB virtual address.
# This output file may be truncated or incomplete.
#
#  Out of Memory Error (arena.cpp:189), pid=10832, tid=17968
#
# JRE version: OpenJDK Runtime Environment Temurin-17.0.2+8 (17.0.2+8) (build 17.0.2+8)
# Java VM: OpenJDK 64-Bit Server VM Temurin-17.0.2+8 (17.0.2+8, mixed mode, tiered, compressed oops, compressed class ptrs, parallel gc, windows-amd64)
# No core dump will be written. Minidumps are not enabled by default on client versions of Windows
#

---------------  S U M M A R Y ------------

Command Line: --add-modules=ALL-SYSTEM --add-opens=java.base/java.util=ALL-UNNAMED --add-opens=java.base/java.lang=ALL-UNNAMED --add-opens=java.base/sun.nio.fs=ALL-UNNAMED -Declipse.application=org.eclipse.jdt.ls.core.id1 -Dosgi.bundles.defaultStartLevel=4 -Declipse.product=org.eclipse.jdt.ls.core.product -Djava.import.generatesMetadataFilesAtProjectRoot=false -Dfile.encoding=utf8 -DwatchParentProcess=false -XX:+UseParallelGC -XX:GCTimeRatio=4 -XX:AdaptiveSizePolicyWeight=90 -Dsun.zip.disableMemoryMapping=true -Xmx1G -Xms100m c:\Users\Nisarg Shah\.vscode\extensions\redhat.java-1.6.0-win32-x64\server\plugins\org.eclipse.equinox.launcher_1.6.400.v20210924-0641.jar -configuration c:\Users\Nisarg Shah\AppData\Roaming\Code\User\globalStorage\redhat.java\1.6.0\config_ss_win -data c:\Users\Nisarg Shah\AppData\Roaming\Code\User\workspaceStorage\54ba89270061d8e32219ce9d5ef7f790\redhat.java\ss_ws

Host: AMD Ryzen 5 5600H with Radeon Graphics         , 12 cores, 7G,  Windows 11 , 64 bit Build 22000 (10.0.22000.675)
Time: Sat May 21 21:44:01 2022 India Standard Time elapsed time: 2.867049 seconds (0d 0h 0m 2s)

---------------  T H R E A D  ---------------

Current thread (0x000002384cb4abc0):  
[error occurred during error reporting (printing current thread), id 0xc0000005, EXCEPTION_ACCESS_VIOLATION (0xc0000005) at pc=0x00007ffda5d922f0]


Current CompileTask:
C2:   2868 2986       4       org.eclipse.jdt.internal.core.JarPackageFragmentRoot::initRawPackageInfo (349 bytes)

Stack: [0x000000d2e5a00000,0x000000d2e5b00000]
Native frames: (J=compiled Java code, j=interpreted, Vv=VM code, C=native code)
V  [jvm.dll+0x67564a]
V  [jvm.dll+0x82fc04]
V  [jvm.dll+0x8313ae]
V  [jvm.dll+0x831975]
V  [jvm.dll+0x83192b]
V  [jvm.dll+0x674a27]
V  [jvm.dll+0x88c4b2]
C  [VCRUNTIME140.dll+0xe390]
C  [ntdll.dll+0xa8e4f]
C  [ntdll.dll+0x35e9a]
C  [ntdll.dll+0xa7e5e]
V  [jvm.dll+0x1222f0]


---------------  P R O C E S S  ---------------

Threads class SMR info:
_java_thread_list=0x000002384cce9ba0, length=22, elements={
0x00000238342d40a0, 0x0000023848157830, 0x0000023848158b50, 0x0000023849e6ff00,
0x0000023849e70a80, 0x0000023849e71da0, 0x0000023849e74cb0, 0x0000023849ea5420,
0x0000023849ea6570, 0x000002384815af50, 0x0000023849f64020, 0x000002384a132470,
0x000002384b6854a0, 0x000002384b774b90, 0x000002384b775310, 0x000002384b9b2f40,
0x000002384b969ee0, 0x000002384c9015d0, 0x000002384c9370f0, 0x000002384c8fe480,
0x000002384cb4abc0, 0x000002384c8fd610
}

Java Threads: ( => current thread )
  0x00000238342d40a0 JavaThread "main" [_thread_blocked, id=2004, stack(0x000000d2e4d00000,0x000000d2e4e00000)]
  0x0000023848157830 JavaThread "Reference Handler" daemon [_thread_blocked, id=14296, stack(0x000000d2e5000000,0x000000d2e5100000)]
  0x0000023848158b50 JavaThread "Finalizer" daemon [_thread_blocked, id=19144, stack(0x000000d2e5100000,0x000000d2e5200000)]
  0x0000023849e6ff00 JavaThread "Signal Dispatcher" daemon [_thread_blocked, id=20784, stack(0x000000d2e5200000,0x000000d2e5300000)]
  0x0000023849e70a80 JavaThread "Attach Listener" daemon [_thread_blocked, id=18876, stack(0x000000d2e5300000,0x000000d2e5400000)]
  0x0000023849e71da0 JavaThread "Service Thread" daemon [_thread_blocked, id=19780, stack(0x000000d2e5400000,0x000000d2e5500000)]
  0x0000023849e74cb0 JavaThread "Monitor Deflation Thread" daemon [_thread_blocked, id=19416, stack(0x000000d2e5500000,0x000000d2e5600000)]
  0x0000023849ea5420 JavaThread "C2 CompilerThread0" daemon [_thread_in_native, id=9832, stack(0x000000d2e5600000,0x000000d2e5700000)]
  0x0000023849ea6570 JavaThread "C1 CompilerThread0" daemon [_thread_blocked, id=12588, stack(0x000000d2e5700000,0x000000d2e5800000)]
  0x000002384815af50 JavaThread "Sweeper thread" daemon [_thread_blocked, id=21524, stack(0x000000d2e5800000,0x000000d2e5900000)]
  0x0000023849f64020 JavaThread "Common-Cleaner" daemon [_thread_blocked, id=16008, stack(0x000000d2e5900000,0x000000d2e5a00000)]
  0x000002384a132470 JavaThread "Notification Thread" daemon [_thread_blocked, id=1640, stack(0x000000d2e5b00000,0x000000d2e5c00000)]
  0x000002384b6854a0 JavaThread "Active Thread: Equinox Container: fd213846-99a8-48af-a516-027edbcefa9b" [_thread_blocked, id=16160, stack(0x000000d2e5d00000,0x000000d2e5e00000)]
  0x000002384b774b90 JavaThread "Framework Event Dispatcher: Equinox Container: fd213846-99a8-48af-a516-027edbcefa9b" daemon [_thread_blocked, id=10980, stack(0x000000d2e5e00000,0x000000d2e5f00000)]
  0x000002384b775310 JavaThread "Start Level: Equinox Container: fd213846-99a8-48af-a516-027edbcefa9b" daemon [_thread_blocked, id=18072, stack(0x000000d2e5f00000,0x000000d2e6000000)]
  0x000002384b9b2f40 JavaThread "SCR Component Actor" daemon [_thread_blocked, id=14436, stack(0x000000d2e6000000,0x000000d2e6100000)]
  0x000002384b969ee0 JavaThread "Timer-0" [_thread_blocked, id=1348, stack(0x000000d2e6700000,0x000000d2e6800000)]
  0x000002384c9015d0 JavaThread "Worker-JM" [_thread_blocked, id=3680, stack(0x000000d2e6800000,0x000000d2e6900000)]
  0x000002384c9370f0 JavaThread "Worker-0" [_thread_blocked, id=16484, stack(0x000000d2e6900000,0x000000d2e6a00000)]
  0x000002384c8fe480 JavaThread "Worker-1" [_thread_blocked, id=364, stack(0x000000d2e6a00000,0x000000d2e6b00000)]
=>0x000002384cb4abc0 JavaThread "C2 CompilerThread1" daemon [_thread_in_native, id=17968, stack(0x000000d2e5a00000,0x000000d2e5b00000)]
  0x000002384c8fd610 JavaThread "pool-1-thread-1" [_thread_in_vm, id=940, stack(0x000000d2e6e00000,0x000000d2e6f00000)]

Other Threads:
  0x000002384801a870 VMThread "VM Thread" [stack: 0x000000d2e4f00000,0x000000d2e5000000] [id=21736]
  0x000002384a137770 WatcherThread [stack: 0x000000d2e5c00000,0x000000d2e5d00000] [id=19892]
  0x00000238342ebdc0 GCTaskThread "GC Thread#0" [stack: 0x000000d2e4e00000,0x000000d2e4f00000] [id=3280]
  0x000002384b2ca810 GCTaskThread "GC Thread#1" [stack: 0x000000d2e6100000,0x000000d2e6200000] [id=17400]
  0x000002384b8a6350 GCTaskThread "GC Thread#2" [stack: 0x000000d2e6200000,0x000000d2e6300000] [id=3960]
  0x000002384b8a6600 GCTaskThread "GC Thread#3" [stack: 0x000000d2e6300000,0x000000d2e6400000] [id=9652]
  0x000002384b8a6c80 GCTaskThread "GC Thread#4" [stack: 0x000000d2e6400000,0x000000d2e6500000] [id=20588]
  0x000002384b858660 GCTaskThread "GC Thread#5" [stack: 0x000000d2e6500000,0x000000d2e6600000] [id=21900]
  0x000002384b94f030 GCTaskThread "GC Thread#6" [stack: 0x000000d2e6600000,0x000000d2e6700000] [id=19340]
  0x000002384c97a8b0 GCTaskThread "GC Thread#7" [stack: 0x000000d2e6b00000,0x000000d2e6c00000] [id=12168]
  0x000002384c97ab60 GCTaskThread "GC Thread#8" [stack: 0x000000d2e6c00000,0x000000d2e6d00000] [id=17236]
  0x000002384c98b880 GCTaskThread "GC Thread#9" [stack: 0x000000d2e6d00000,0x000000d2e6e00000] [id=13108]

Threads with active compile tasks:
C2 CompilerThread0     2886 3101       4       org.eclipse.jdt.internal.compiler.classfmt.ClassFileStruct::utf8At (171 bytes)
C2 CompilerThread1     2886 2986       4       org.eclipse.jdt.internal.core.JarPackageFragmentRoot::initRawPackageInfo (349 bytes)

VM state: not at safepoint (normal execution)

VM Mutex/Monitor currently owned by a thread: None

Heap address: 0x00000000c0000000, size: 1024 MB, Compressed Oops mode: 32-bit

CDS archive(s) not mapped
Compressed class space mapped at: 0x0000000100000000-0x0000000140000000, reserved size: 1073741824
Narrow klass base: 0x0000000000000000, Narrow klass shift: 3, Narrow klass range: 0x140000000

GC Precious Log:
 CPUs: 12 total, 12 available
 Memory: 7524M
 Large Page Support: Disabled
 NUMA Support: Disabled
 Compressed Oops: Enabled (32-bit)
 Alignments: Space 512K, Generation 512K, Heap 2M
 Heap Min Capacity: 100M
 Heap Initial Capacity: 100M
 Heap Max Capacity: 1G
 Pre-touch: Disabled
 Parallel Workers: 10

Heap:
 PSYoungGen      total 27136K, used 384K [0x00000000eab00000, 0x00000000ecd80000, 0x0000000100000000)
  eden space 23040K, 1% used [0x00000000eab00000,0x00000000eab603f8,0x00000000ec180000)
  from space 4096K, 0% used [0x00000000ec980000,0x00000000ec980000,0x00000000ecd80000)
  to   space 5120K, 0% used [0x00000000ec380000,0x00000000ec380000,0x00000000ec880000)
 ParOldGen       total 68608K, used 24152K [0x00000000c0000000, 0x00000000c4300000, 0x00000000eab00000)
  object space 68608K, 35% used [0x00000000c0000000,0x00000000c1796188,0x00000000c4300000)
 Metaspace       used 35228K, committed 35904K, reserved 1081344K
  class space    used 3616K, committed 3968K, reserved 1048576K

Card table byte_map: [0x0000023833cc0000,0x0000023833ed0000] _byte_map_base: 0x00000238336c0000

Marking Bits: (ParMarkBitMap*) 0x00007ffda67f3af0
 Begin Bits: [0x0000023845f60000, 0x0000023846f60000)
 End Bits:   [0x0000023846f60000, 0x0000023847f60000)

Polling page: 0x0000023833ab0000

Metaspace:

Usage:
  Non-class:     30.87 MB used.
      Class:      3.53 MB used.
       Both:     34.40 MB used.

Virtual space:
  Non-class space:       32.00 MB reserved,      31.19 MB ( 97%) committed,  4 nodes.
      Class space:        1.00 GB reserved,       3.88 MB ( <1%) committed,  1 nodes.
             Both:        1.03 GB reserved,      35.06 MB (  3%) committed. 

Chunk freelists:
   Non-Class:  112.00 KB
       Class:  112.00 KB
        Both:  224.00 KB

MaxMetaspaceSize: unlimited
CompressedClassSpaceSize: 1.00 GB
Initial GC threshold: 21.00 MB
Current GC threshold: 58.38 MB
CDS: off
MetaspaceReclaimPolicy: balanced
 - commit_granule_bytes: 65536.
 - commit_granule_words: 8192.
 - virtual_space_node_default_size: 1048576.
 - enlarge_chunks_in_place: 1.
 - new_chunks_are_fully_committed: 0.
 - uncommit_free_chunks: 1.
 - use_allocation_guard: 0.
 - handle_deallocations: 1.


Internal statistics:

num_allocs_failed_limit: 6.
num_arena_births: 220.
num_arena_deaths: 0.
num_vsnodes_births: 5.
num_vsnodes_deaths: 0.
num_space_committed: 561.
num_space_uncommitted: 0.
num_chunks_returned_to_freelist: 6.
num_chunks_taken_from_freelist: 1246.
num_chunk_merges: 6.
num_chunk_splits: 854.
num_chunks_enlarged: 614.
num_purges: 0.
num_inconsistent_stats: 0.

CodeHeap 'non-profiled nmethods': size=120000Kb used=1245Kb max_used=1245Kb free=118754Kb
 bounds [0x000002383ea30000, 0x000002383eca0000, 0x0000023845f60000]
CodeHeap 'profiled nmethods': size=120000Kb used=6145Kb max_used=6145Kb free=113854Kb
 bounds [0x0000023837500000, 0x0000023837b10000, 0x000002383ea30000]
CodeHeap 'non-nmethods': size=5760Kb used=1255Kb max_used=1284Kb free=4504Kb
 bounds [0x0000023836f60000, 0x00000238371d0000, 0x0000023837500000]
 total_blobs=3694 nmethods=3125 adapters=482
 compilation: enabled
              stopped_count=0, restarted_count=0
 full_count=0

Compilation events (20 events):
Event: 2.783 Thread 0x0000023849ea6570 3143       2       java.util.ResourceBundle::getObject (82 bytes)
Event: 2.784 Thread 0x0000023849ea6570 nmethod 3143 0x0000023837afcf90 code [0x0000023837afd1c0, 0x0000023837afd638]
Event: 2.784 Thread 0x0000023849ea6570 3147       2       org.eclipse.jdt.internal.compiler.util.HashtableOfInt::put (95 bytes)
Event: 2.784 Thread 0x0000023849ea6570 nmethod 3147 0x0000023837afd910 code [0x0000023837afdae0, 0x0000023837afde88]
Event: 2.784 Thread 0x0000023849ea6570 3146       2       sun.util.ResourceBundleEnumeration::hasMoreElements (117 bytes)
Event: 2.785 Thread 0x0000023849ea6570 nmethod 3146 0x0000023837afe110 code [0x0000023837afe300, 0x0000023837afe6e8]
Event: 2.785 Thread 0x0000023849ea6570 3144       2       java.util.ResourceBundle::getString (9 bytes)
Event: 2.785 Thread 0x0000023849ea6570 nmethod 3144 0x0000023837afe890 code [0x0000023837afea20, 0x0000023837afeb68]
Event: 2.785 Thread 0x0000023849ea6570 3145       2       java.util.PropertyResourceBundle::handleGetObject (23 bytes)
Event: 2.785 Thread 0x0000023849ea6570 nmethod 3145 0x0000023837afec10 code [0x0000023837afedc0, 0x0000023837afef98]
Event: 2.785 Thread 0x0000023849ea6570 3148       2       sun.util.ResourceBundleEnumeration::nextElement (5 bytes)
Event: 2.785 Thread 0x0000023849ea6570 nmethod 3148 0x0000023837aff090 code [0x0000023837aff240, 0x0000023837aff458]
Event: 2.785 Thread 0x0000023849ea6570 3149       2       sun.util.ResourceBundleEnumeration::nextElement (27 bytes)
Event: 2.785 Thread 0x0000023849ea6570 nmethod 3149 0x0000023837aff590 code [0x0000023837aff740, 0x0000023837aff958]
Event: 2.785 Thread 0x0000023849ea6570 3150       2       org.eclipse.jdt.internal.compiler.problem.DefaultProblemFactory::keyFromID (4 bytes)
Event: 2.785 Thread 0x0000023849ea6570 nmethod 3150 0x0000023837affa90 code [0x0000023837affc20, 0x0000023837affd18]
Event: 2.785 Thread 0x0000023849ea6570 3151       2       org.eclipse.core.internal.resources.Project::checkAccessible (42 bytes)
Event: 2.786 Thread 0x0000023849ea6570 nmethod 3151 0x0000023837affd90 code [0x0000023837afff80, 0x0000023837b002f8]
Event: 2.815 Thread 0x0000023849ea5420 nmethod 2977 0x000002383eb60e10 code [0x000002383eb61120, 0x000002383eb63808]
Event: 2.816 Thread 0x0000023849ea5420 3140       4       java.util.Properties::loadConvert (540 bytes)

GC Heap History (20 events):
Event: 1.159 GC heap after
{Heap after GC invocations=2 (full 0):
 PSYoungGen      total 29696K, used 4083K [0x00000000eab00000, 0x00000000ecc00000, 0x0000000100000000)
  eden space 25600K, 0% used [0x00000000eab00000,0x00000000eab00000,0x00000000ec400000)
  from space 4096K, 99% used [0x00000000ec800000,0x00000000ecbfced0,0x00000000ecc00000)
  to   space 4096K, 0% used [0x00000000ec400000,0x00000000ec400000,0x00000000ec800000)
 ParOldGen       total 68608K, used 3038K [0x00000000c0000000, 0x00000000c4300000, 0x00000000eab00000)
  object space 68608K, 4% used [0x00000000c0000000,0x00000000c02f7a78,0x00000000c4300000)
 Metaspace       used 21043K, committed 21504K, reserved 1073152K
  class space    used 2134K, committed 2368K, reserved 1048576K
}
Event: 1.159 GC heap before
{Heap before GC invocations=3 (full 1):
 PSYoungGen      total 29696K, used 4083K [0x00000000eab00000, 0x00000000ecc00000, 0x0000000100000000)
  eden space 25600K, 0% used [0x00000000eab00000,0x00000000eab00000,0x00000000ec400000)
  from space 4096K, 99% used [0x00000000ec800000,0x00000000ecbfced0,0x00000000ecc00000)
  to   space 4096K, 0% used [0x00000000ec400000,0x00000000ec400000,0x00000000ec800000)
 ParOldGen       total 68608K, used 3038K [0x00000000c0000000, 0x00000000c4300000, 0x00000000eab00000)
  object space 68608K, 4% used [0x00000000c0000000,0x00000000c02f7a78,0x00000000c4300000)
 Metaspace       used 21043K, committed 21504K, reserved 1073152K
  class space    used 2134K, committed 2368K, reserved 1048576K
}
Event: 1.172 GC heap after
{Heap after GC invocations=3 (full 1):
 PSYoungGen      total 29696K, used 0K [0x00000000eab00000, 0x00000000ecc00000, 0x0000000100000000)
  eden space 25600K, 0% used [0x00000000eab00000,0x00000000eab00000,0x00000000ec400000)
  from space 4096K, 0% used [0x00000000ec800000,0x00000000ec800000,0x00000000ecc00000)
  to   space 4096K, 0% used [0x00000000ec400000,0x00000000ec400000,0x00000000ec800000)
 ParOldGen       total 68608K, used 7016K [0x00000000c0000000, 0x00000000c4300000, 0x00000000eab00000)
  object space 68608K, 10% used [0x00000000c0000000,0x00000000c06da018,0x00000000c4300000)
 Metaspace       used 21043K, committed 21504K, reserved 1073152K
  class space    used 2134K, committed 2368K, reserved 1048576K
}
Event: 2.038 GC heap before
{Heap before GC invocations=4 (full 1):
 PSYoungGen      total 29696K, used 25600K [0x00000000eab00000, 0x00000000ecc00000, 0x0000000100000000)
  eden space 25600K, 100% used [0x00000000eab00000,0x00000000ec400000,0x00000000ec400000)
  from space 4096K, 0% used [0x00000000ec800000,0x00000000ec800000,0x00000000ecc00000)
  to   space 4096K, 0% used [0x00000000ec400000,0x00000000ec400000,0x00000000ec800000)
 ParOldGen       total 68608K, used 7016K [0x00000000c0000000, 0x00000000c4300000, 0x00000000eab00000)
  object space 68608K, 10% used [0x00000000c0000000,0x00000000c06da018,0x00000000c4300000)
 Metaspace       used 28598K, committed 29184K, reserved 1081344K
  class space    used 2851K, committed 3136K, reserved 1048576K
}
Event: 2.039 GC heap after
{Heap after GC invocations=4 (full 1):
 PSYoungGen      total 29696K, used 1646K [0x00000000eab00000, 0x00000000ecc00000, 0x0000000100000000)
  eden space 25600K, 0% used [0x00000000eab00000,0x00000000eab00000,0x00000000ec400000)
  from space 4096K, 40% used [0x00000000ec400000,0x00000000ec59ba50,0x00000000ec800000)
  to   space 4096K, 0% used [0x00000000ec800000,0x00000000ec800000,0x00000000ecc00000)
 ParOldGen       total 68608K, used 7024K [0x00000000c0000000, 0x00000000c4300000, 0x00000000eab00000)
  object space 68608K, 10% used [0x00000000c0000000,0x00000000c06dc018,0x00000000c4300000)
 Metaspace       used 28598K, committed 29184K, reserved 1081344K
  class space    used 2851K, committed 3136K, reserved 1048576K
}
Event: 2.335 GC heap before
{Heap before GC invocations=5 (full 1):
 PSYoungGen      total 29696K, used 27246K [0x00000000eab00000, 0x00000000ecc00000, 0x0000000100000000)
  eden space 25600K, 100% used [0x00000000eab00000,0x00000000ec400000,0x00000000ec400000)
  from space 4096K, 40% used [0x00000000ec400000,0x00000000ec59ba50,0x00000000ec800000)
  to   space 4096K, 0% used [0x00000000ec800000,0x00000000ec800000,0x00000000ecc00000)
 ParOldGen       total 68608K, used 7024K [0x00000000c0000000, 0x00000000c4300000, 0x00000000eab00000)
  object space 68608K, 10% used [0x00000000c0000000,0x00000000c06dc018,0x00000000c4300000)
 Metaspace       used 33061K, committed 33728K, reserved 1081344K
  class space    used 3369K, committed 3712K, reserved 1048576K
}
Event: 2.338 GC heap after
{Heap after GC invocations=5 (full 1):
 PSYoungGen      total 29696K, used 4086K [0x00000000eab00000, 0x00000000ecc00000, 0x0000000100000000)
  eden space 25600K, 0% used [0x00000000eab00000,0x00000000eab00000,0x00000000ec400000)
  from space 4096K, 99% used [0x00000000ec800000,0x00000000ecbfda88,0x00000000ecc00000)
  to   space 4096K, 0% used [0x00000000ec400000,0x00000000ec400000,0x00000000ec800000)
 ParOldGen       total 68608K, used 7096K [0x00000000c0000000, 0x00000000c4300000, 0x00000000eab00000)
  object space 68608K, 10% used [0x00000000c0000000,0x00000000c06ee018,0x00000000c4300000)
 Metaspace       used 33061K, committed 33728K, reserved 1081344K
  class space    used 3369K, committed 3712K, reserved 1048576K
}
Event: 2.405 GC heap before
{Heap before GC invocations=6 (full 1):
 PSYoungGen      total 29696K, used 29686K [0x00000000eab00000, 0x00000000ecc00000, 0x0000000100000000)
  eden space 25600K, 100% used [0x00000000eab00000,0x00000000ec400000,0x00000000ec400000)
  from space 4096K, 99% used [0x00000000ec800000,0x00000000ecbfda88,0x00000000ecc00000)
  to   space 4096K, 0% used [0x00000000ec400000,0x00000000ec400000,0x00000000ec800000)
 ParOldGen       total 68608K, used 7096K [0x00000000c0000000, 0x00000000c4300000, 0x00000000eab00000)
  object space 68608K, 10% used [0x00000000c0000000,0x00000000c06ee018,0x00000000c4300000)
 Metaspace       used 33238K, committed 33856K, reserved 1081344K
  class space    used 3388K, committed 3712K, reserved 1048576K
}
Event: 2.408 GC heap after
{Heap after GC invocations=6 (full 1):
 PSYoungGen      total 29184K, used 4070K [0x00000000eab00000, 0x00000000ed180000, 0x0000000100000000)
  eden space 25088K, 0% used [0x00000000eab00000,0x00000000eab00000,0x00000000ec380000)
  from space 4096K, 99% used [0x00000000ec400000,0x00000000ec7f9a48,0x00000000ec800000)
  to   space 7168K, 0% used [0x00000000eca80000,0x00000000eca80000,0x00000000ed180000)
 ParOldGen       total 68608K, used 9432K [0x00000000c0000000, 0x00000000c4300000, 0x00000000eab00000)
  object space 68608K, 13% used [0x00000000c0000000,0x00000000c0936058,0x00000000c4300000)
 Metaspace       used 33238K, committed 33856K, reserved 1081344K
  class space    used 3388K, committed 3712K, reserved 1048576K
}
Event: 2.472 GC heap before
{Heap before GC invocations=7 (full 1):
 PSYoungGen      total 29184K, used 29158K [0x00000000eab00000, 0x00000000ed180000, 0x0000000100000000)
  eden space 25088K, 100% used [0x00000000eab00000,0x00000000ec380000,0x00000000ec380000)
  from space 4096K, 99% used [0x00000000ec400000,0x00000000ec7f9a48,0x00000000ec800000)
  to   space 7168K, 0% used [0x00000000eca80000,0x00000000eca80000,0x00000000ed180000)
 ParOldGen       total 68608K, used 9432K [0x00000000c0000000, 0x00000000c4300000, 0x00000000eab00000)
  object space 68608K, 13% used [0x00000000c0000000,0x00000000c0936058,0x00000000c4300000)
 Metaspace       used 33327K, committed 33920K, reserved 1081344K
  class space    used 3391K, committed 3712K, reserved 1048576K
}
Event: 2.476 GC heap after
{Heap after GC invocations=7 (full 1):
 PSYoungGen      total 31232K, used 6518K [0x00000000eab00000, 0x00000000ed100000, 0x0000000100000000)
  eden space 24576K, 0% used [0x00000000eab00000,0x00000000eab00000,0x00000000ec300000)
  from space 6656K, 97% used [0x00000000eca80000,0x00000000ed0dda78,0x00000000ed100000)
  to   space 6656K, 0% used [0x00000000ec400000,0x00000000ec400000,0x00000000eca80000)
 ParOldGen       total 68608K, used 9440K [0x00000000c0000000, 0x00000000c4300000, 0x00000000eab00000)
  object space 68608K, 13% used [0x00000000c0000000,0x00000000c0938058,0x00000000c4300000)
 Metaspace       used 33327K, committed 33920K, reserved 1081344K
  class space    used 3391K, committed 3712K, reserved 1048576K
}
Event: 2.531 GC heap before
{Heap before GC invocations=8 (full 1):
 PSYoungGen      total 31232K, used 31094K [0x00000000eab00000, 0x00000000ed100000, 0x0000000100000000)
  eden space 24576K, 100% used [0x00000000eab00000,0x00000000ec300000,0x00000000ec300000)
  from space 6656K, 97% used [0x00000000eca80000,0x00000000ed0dda78,0x00000000ed100000)
  to   space 6656K, 0% used [0x00000000ec400000,0x00000000ec400000,0x00000000eca80000)
 ParOldGen       total 68608K, used 9440K [0x00000000c0000000, 0x00000000c4300000, 0x00000000eab00000)
  object space 68608K, 13% used [0x00000000c0000000,0x00000000c0938058,0x00000000c4300000)
 Metaspace       used 33379K, committed 33984K, reserved 1081344K
  class space    used 3403K, committed 3712K, reserved 1048576K
}
Event: 2.535 GC heap after
{Heap after GC invocations=8 (full 1):
 PSYoungGen      total 30720K, used 6633K [0x00000000eab00000, 0x00000000ed580000, 0x0000000100000000)
  eden space 24064K, 0% used [0x00000000eab00000,0x00000000eab00000,0x00000000ec280000)
  from space 6656K, 99% used [0x00000000ec400000,0x00000000eca7a5a0,0x00000000eca80000)
  to   space 9728K, 0% used [0x00000000ecc00000,0x00000000ecc00000,0x00000000ed580000)
 ParOldGen       total 68608K, used 11924K [0x00000000c0000000, 0x00000000c4300000, 0x00000000eab00000)
  object space 68608K, 17% used [0x00000000c0000000,0x00000000c0ba52b8,0x00000000c4300000)
 Metaspace       used 33379K, committed 33984K, reserved 1081344K
  class space    used 3403K, committed 3712K, reserved 1048576K
}
Event: 2.577 GC heap before
{Heap before GC invocations=9 (full 1):
 PSYoungGen      total 30720K, used 30697K [0x00000000eab00000, 0x00000000ed580000, 0x0000000100000000)
  eden space 24064K, 100% used [0x00000000eab00000,0x00000000ec280000,0x00000000ec280000)
  from space 6656K, 99% used [0x00000000ec400000,0x00000000eca7a5a0,0x00000000eca80000)
  to   space 9728K, 0% used [0x00000000ecc00000,0x00000000ecc00000,0x00000000ed580000)
 ParOldGen       total 68608K, used 11924K [0x00000000c0000000, 0x00000000c4300000, 0x00000000eab00000)
  object space 68608K, 17% used [0x00000000c0000000,0x00000000c0ba52b8,0x00000000c4300000)
 Metaspace       used 33379K, committed 33984K, reserved 1081344K
  class space    used 3403K, committed 3712K, reserved 1048576K
}
Event: 2.585 GC heap after
{Heap after GC invocations=9 (full 1):
 PSYoungGen      total 30720K, used 7090K [0x00000000eab00000, 0x00000000ed300000, 0x0000000100000000)
  eden space 23552K, 0% used [0x00000000eab00000,0x00000000eab00000,0x00000000ec200000)
  from space 7168K, 98% used [0x00000000ecc00000,0x00000000ed2ecb28,0x00000000ed300000)
  to   space 8192K, 0% used [0x00000000ec300000,0x00000000ec300000,0x00000000ecb00000)
 ParOldGen       total 68608K, used 14261K [0x00000000c0000000, 0x00000000c4300000, 0x00000000eab00000)
  object space 68608K, 20% used [0x00000000c0000000,0x00000000c0ded730,0x00000000c4300000)
 Metaspace       used 33379K, committed 33984K, reserved 1081344K
  class space    used 3403K, committed 3712K, reserved 1048576K
}
Event: 2.644 GC heap before
{Heap before GC invocations=10 (full 1):
 PSYoungGen      total 30720K, used 30642K [0x00000000eab00000, 0x00000000ed300000, 0x0000000100000000)
  eden space 23552K, 100% used [0x00000000eab00000,0x00000000ec200000,0x00000000ec200000)
  from space 7168K, 98% used [0x00000000ecc00000,0x00000000ed2ecb28,0x00000000ed300000)
  to   space 8192K, 0% used [0x00000000ec300000,0x00000000ec300000,0x00000000ecb00000)
 ParOldGen       total 68608K, used 14261K [0x00000000c0000000, 0x00000000c4300000, 0x00000000eab00000)
  object space 68608K, 20% used [0x00000000c0000000,0x00000000c0ded730,0x00000000c4300000)
 Metaspace       used 33379K, committed 33984K, reserved 1081344K
  class space    used 3403K, committed 3712K, reserved 1048576K
}
Event: 2.650 GC heap after
{Heap after GC invocations=10 (full 1):
 PSYoungGen      total 29696K, used 6560K [0x00000000eab00000, 0x00000000ecf80000, 0x0000000100000000)
  eden space 23040K, 0% used [0x00000000eab00000,0x00000000eab00000,0x00000000ec180000)
  from space 6656K, 98% used [0x00000000ec300000,0x00000000ec968010,0x00000000ec980000)
  to   space 6144K, 0% used [0x00000000ec980000,0x00000000ec980000,0x00000000ecf80000)
 ParOldGen       total 68608K, used 16932K [0x00000000c0000000, 0x00000000c4300000, 0x00000000eab00000)
  object space 68608K, 24% used [0x00000000c0000000,0x00000000c1089290,0x00000000c4300000)
 Metaspace       used 33379K, committed 33984K, reserved 1081344K
  class space    used 3403K, committed 3712K, reserved 1048576K
}
Event: 2.837 GC heap before
{Heap before GC invocations=11 (full 1):
 PSYoungGen      total 29696K, used 14805K [0x00000000eab00000, 0x00000000ecf80000, 0x0000000100000000)
  eden space 23040K, 35% used [0x00000000eab00000,0x00000000eb30d608,0x00000000ec180000)
  from space 6656K, 98% used [0x00000000ec300000,0x00000000ec968010,0x00000000ec980000)
  to   space 6144K, 0% used [0x00000000ec980000,0x00000000ec980000,0x00000000ecf80000)
 ParOldGen       total 68608K, used 16932K [0x00000000c0000000, 0x00000000c4300000, 0x00000000eab00000)
  object space 68608K, 24% used [0x00000000c0000000,0x00000000c1089290,0x00000000c4300000)
 Metaspace       used 35218K, committed 35840K, reserved 1081344K
  class space    used 3614K, committed 3904K, reserved 1048576K
}
Event: 2.842 GC heap after
{Heap after GC invocations=11 (full 1):
 PSYoungGen      total 27136K, used 3776K [0x00000000eab00000, 0x00000000ecd80000, 0x0000000100000000)
  eden space 23040K, 0% used [0x00000000eab00000,0x00000000eab00000,0x00000000ec180000)
  from space 4096K, 92% used [0x00000000ec980000,0x00000000ecd30000,0x00000000ecd80000)
  to   space 5120K, 0% used [0x00000000ec380000,0x00000000ec380000,0x00000000ec880000)
 ParOldGen       total 68608K, used 21281K [0x00000000c0000000, 0x00000000c4300000, 0x00000000eab00000)
  object space 68608K, 31% used [0x00000000c0000000,0x00000000c14c8590,0x00000000c4300000)
 Metaspace       used 35218K, committed 35840K, reserved 1081344K
  class space    used 3614K, committed 3904K, reserved 1048576K
}
Event: 2.843 GC heap before
{Heap before GC invocations=12 (full 2):
 PSYoungGen      total 27136K, used 3776K [0x00000000eab00000, 0x00000000ecd80000, 0x0000000100000000)
  eden space 23040K, 0% used [0x00000000eab00000,0x00000000eab00000,0x00000000ec180000)
  from space 4096K, 92% used [0x00000000ec980000,0x00000000ecd30000,0x00000000ecd80000)
  to   space 5120K, 0% used [0x00000000ec380000,0x00000000ec380000,0x00000000ec880000)
 ParOldGen       total 68608K, used 21281K [0x00000000c0000000, 0x00000000c4300000, 0x00000000eab00000)
  object space 68608K, 31% used [0x00000000c0000000,0x00000000c14c8590,0x00000000c4300000)
 Metaspace       used 35218K, committed 35840K, reserved 1081344K
  class space    used 3614K, committed 3904K, reserved 1048576K
}

Deoptimization events (20 events):
Event: 2.556 Thread 0x000002384c8fe480 Uncommon trap: trap_request=0xffffffbe fr.pc=0x000002383eb49dcc relative=0x000000000000060c
Event: 2.556 Thread 0x000002384c8fe480 Uncommon trap: reason=profile_predicate action=maybe_recompile pc=0x000002383eb49dcc method=org.eclipse.jdt.internal.core.util.HashtableOfArrayToObject.getKey([Ljava/lang/Object;I)[Ljava/lang/Object; @ 61 c2
Event: 2.556 Thread 0x000002384c8fe480 DEOPT PACKING pc=0x000002383eb49dcc sp=0x000000d2e6afeb10
Event: 2.556 Thread 0x000002384c8fe480 DEOPT UNPACKING pc=0x0000023836fb20a3 sp=0x000000d2e6afeac0 mode 2
Event: 2.556 Thread 0x000002384c8fe480 Uncommon trap: trap_request=0xffffffbe fr.pc=0x000002383eb48ef8 relative=0x00000000000005b8
Event: 2.556 Thread 0x000002384c8fe480 Uncommon trap: reason=profile_predicate action=maybe_recompile pc=0x000002383eb48ef8 method=org.eclipse.jdt.internal.core.util.HashtableOfArrayToObject.get([Ljava/lang/Object;)Ljava/lang/Object; @ 64 c2
Event: 2.556 Thread 0x000002384c8fe480 DEOPT PACKING pc=0x000002383eb48ef8 sp=0x000000d2e6afeb40
Event: 2.556 Thread 0x000002384c8fe480 DEOPT UNPACKING pc=0x0000023836fb20a3 sp=0x000000d2e6afeaf0 mode 2
Event: 2.556 Thread 0x000002384c8fe480 Uncommon trap: trap_request=0xffffffbe fr.pc=0x000002383eb48ef8 relative=0x00000000000005b8
Event: 2.556 Thread 0x000002384c8fe480 Uncommon trap: reason=profile_predicate action=maybe_recompile pc=0x000002383eb48ef8 method=org.eclipse.jdt.internal.core.util.HashtableOfArrayToObject.get([Ljava/lang/Object;)Ljava/lang/Object; @ 64 c2
Event: 2.556 Thread 0x000002384c8fe480 DEOPT PACKING pc=0x000002383eb48ef8 sp=0x000000d2e6afeb40
Event: 2.556 Thread 0x000002384c8fe480 DEOPT UNPACKING pc=0x0000023836fb20a3 sp=0x000000d2e6afeaf0 mode 2
Event: 2.557 Thread 0x000002384c8fe480 Uncommon trap: trap_request=0xffffffbe fr.pc=0x000002383eb48ef8 relative=0x00000000000005b8
Event: 2.557 Thread 0x000002384c8fe480 Uncommon trap: reason=profile_predicate action=maybe_recompile pc=0x000002383eb48ef8 method=org.eclipse.jdt.internal.core.util.HashtableOfArrayToObject.get([Ljava/lang/Object;)Ljava/lang/Object; @ 64 c2
Event: 2.557 Thread 0x000002384c8fe480 DEOPT PACKING pc=0x000002383eb48ef8 sp=0x000000d2e6afeb40
Event: 2.557 Thread 0x000002384c8fe480 DEOPT UNPACKING pc=0x0000023836fb20a3 sp=0x000000d2e6afeaf0 mode 2
Event: 2.776 Thread 0x000002384c8fd610 Uncommon trap: trap_request=0xffffff45 fr.pc=0x000002383eb07204 relative=0x0000000000000e04
Event: 2.776 Thread 0x000002384c8fd610 Uncommon trap: reason=unstable_if action=reinterpret pc=0x000002383eb07204 method=java.util.Properties$LineReader.readLine()I @ 295 c2
Event: 2.776 Thread 0x000002384c8fd610 DEOPT PACKING pc=0x000002383eb07204 sp=0x000000d2e6efd1c0
Event: 2.776 Thread 0x000002384c8fd610 DEOPT UNPACKING pc=0x0000023836fb20a3 sp=0x000000d2e6efd158 mode 2

Classes unloaded (0 events):
No events

Classes redefined (0 events):
No events

Internal exceptions (20 events):
Event: 1.353 Thread 0x000002384b775310 Implicit null exception at 0x000002383eace678 to 0x000002383eacf2e4
Event: 1.353 Thread 0x000002384b775310 Exception <a 'java/lang/ClassNotFoundException'{0x00000000ebc697e0}: com/sun/org/apache/xerces/internal/impl/msg/spi/XMLSerializerMessagesProvider> (0x00000000ebc697e0) 
thrown [e:\jenkins\tmp\workspace\build\src\src\hotspot\share\classfile\systemDictionary.cpp, line 256]
Event: 1.354 Thread 0x000002384b775310 Exception <a 'java/lang/ClassNotFoundException'{0x00000000ebc76d08}: com/sun/org/apache/xerces/internal/impl/msg/spi/XMLMessagesProvider> (0x00000000ebc76d08) 
thrown [e:\jenkins\tmp\workspace\build\src\src\hotspot\share\classfile\systemDictionary.cpp, line 256]
Event: 1.908 Thread 0x000002384b775310 Exception <a 'java/lang/ClassNotFoundException'{0x00000000ebe9a3b8}: com/sun/org/apache/xml/internal/serializer/spi/XMLEntitiesProvider> (0x00000000ebe9a3b8) 
thrown [e:\jenkins\tmp\workspace\build\src\src\hotspot\share\classfile\systemDictionary.cpp, line 256]
Event: 1.956 Thread 0x000002384b775310 Exception <a 'java/io/FileNotFoundException'{0x00000000ec0a6790}> (0x00000000ec0a6790) 
thrown [e:\jenkins\tmp\workspace\build\src\src\hotspot\share\prims\jni.cpp, line 516]
Event: 1.998 Thread 0x000002384b775310 Exception <a 'java/lang/UnsatisfiedLinkError'{0x00000000ec1f1e20}: The specified procedure could not be found.
> (0x00000000ec1f1e20) 
thrown [e:\jenkins\tmp\workspace\build\src\src\hotspot\share\prims\jni.cpp, line 535]
Event: 2.001 Thread 0x000002384b775310 Exception <a 'java/io/FileNotFoundException'{0x00000000ec1fdfb8}> (0x00000000ec1fdfb8) 
thrown [e:\jenkins\tmp\workspace\build\src\src\hotspot\share\prims\jni.cpp, line 516]
Event: 2.004 Thread 0x000002384b775310 Exception <a 'java/io/FileNotFoundException'{0x00000000ec228560}> (0x00000000ec228560) 
thrown [e:\jenkins\tmp\workspace\build\src\src\hotspot\share\prims\jni.cpp, line 516]
Event: 2.011 Thread 0x000002384b775310 Exception <a 'java/lang/UnsatisfiedLinkError'{0x00000000ec32da10}: The specified procedure could not be found.
> (0x00000000ec32da10) 
thrown [e:\jenkins\tmp\workspace\build\src\src\hotspot\share\prims\jni.cpp, line 535]
Event: 2.038 Thread 0x00000238342d40a0 Exception <a 'java/lang/NoSuchMethodError'{0x00000000ec3fa5c8}: 'void java.lang.invoke.DirectMethodHandle$Holder.invokeStatic(java.lang.Object, java.lang.Object, java.lang.Object, java.lang.Object)'> (0x00000000ec3fa5c8) 
thrown [e:\jenkins\tmp\workspace\build\src\src\hotspot\share\interpreter\linkResolver.cpp, line 766]
Event: 2.096 Thread 0x00000238342d40a0 Exception <a 'java/lang/NoSuchMethodError'{0x00000000eae68e08}: 'java.lang.Object java.lang.invoke.DirectMethodHandle$Holder.newInvokeSpecial(java.lang.Object, java.lang.Object, java.lang.Object, java.lang.Object, java.lang.Object)'> (0x00000000eae68e08) 
thrown [e:\jenkins\tmp\workspace\build\src\src\hotspot\share\interpreter\linkResolver.cpp, line 766]
Event: 2.138 Thread 0x000002384c8fd610 Exception <a 'java/io/FileNotFoundException'{0x00000000eb081c98}> (0x00000000eb081c98) 
thrown [e:\jenkins\tmp\workspace\build\src\src\hotspot\share\prims\jni.cpp, line 516]
Event: 2.177 Thread 0x000002384c8fd610 Exception <a 'java/lang/NoSuchMethodError'{0x00000000eb318f40}: 'int java.lang.invoke.DirectMethodHandle$Holder.invokeVirtual(java.lang.Object, java.lang.Object)'> (0x00000000eb318f40) 
thrown [e:\jenkins\tmp\workspace\build\src\src\hotspot\share\interpreter\linkResolver.cpp, line 766]
Event: 2.227 Thread 0x000002384c8fe480 Exception <a 'java/lang/NoSuchMethodError'{0x00000000eb5bd410}: 'java.lang.Object java.lang.invoke.Invokers$Holder.invoke_MT(java.lang.Object, java.lang.Object, java.lang.Object)'> (0x00000000eb5bd410) 
thrown [e:\jenkins\tmp\workspace\build\src\src\hotspot\share\interpreter\linkResolver.cpp, line 766]
Event: 2.345 Thread 0x000002384c8fe480 Exception <a 'java/io/FileNotFoundException'{0x00000000eac7d190}> (0x00000000eac7d190) 
thrown [e:\jenkins\tmp\workspace\build\src\src\hotspot\share\prims\jni.cpp, line 516]
Event: 2.345 Thread 0x000002384c8fe480 Exception <a 'java/io/FileNotFoundException'{0x00000000eac7ed60}> (0x00000000eac7ed60) 
thrown [e:\jenkins\tmp\workspace\build\src\src\hotspot\share\prims\jni.cpp, line 516]
Event: 2.346 Thread 0x000002384c8fe480 Exception <a 'java/lang/NoSuchMethodError'{0x00000000eac86a08}: 'void java.lang.invoke.DirectMethodHandle$Holder.invokeStaticInit(java.lang.Object, java.lang.Object, java.lang.Object)'> (0x00000000eac86a08) 
thrown [e:\jenkins\tmp\workspace\build\src\src\hotspot\share\interpreter\linkResolver.cpp, line 766]
Event: 2.677 Thread 0x000002384c8fe480 Exception <a 'java/lang/NoSuchMethodError'{0x00000000ead5f038}: 'java.lang.Object java.lang.invoke.DirectMethodHandle$Holder.newInvokeSpecial(java.lang.Object, java.lang.Object, java.lang.Object, int, java.lang.Object)'> (0x00000000ead5f038) 
thrown [e:\jenkins\tmp\workspace\build\src\src\hotspot\share\interpreter\linkResolver.cpp, line 766]
Event: 2.677 Thread 0x000002384c8fe480 Exception <a 'java/lang/NoSuchMethodError'{0x00000000ead631e8}: 'java.lang.Object java.lang.invoke.DirectMethodHandle$Holder.invokeSpecial(java.lang.Object, java.lang.Object, java.lang.Object, java.lang.Object, int, java.lang.Object)'> (0x00000000ead631e8) 
thrown [e:\jenkins\tmp\workspace\build\src\src\hotspot\share\interpreter\linkResolver.cpp, line 766]
Event: 2.725 Thread 0x000002384c8fd610 Exception <a 'java/lang/NoSuchMethodError'{0x00000000eaef5a38}: 'java.lang.Object java.lang.invoke.DirectMethodHandle$Holder.invokeInterface(java.lang.Object, java.lang.Object, java.lang.Object)'> (0x00000000eaef5a38) 
thrown [e:\jenkins\tmp\workspace\build\src\src\hotspot\share\interpreter\linkResolver.cpp, line 766]

VM Operations (20 events):
Event: 2.216 Executing VM operation: HandshakeAllThreads done
Event: 2.234 Executing VM operation: HandshakeAllThreads
Event: 2.235 Executing VM operation: HandshakeAllThreads done
Event: 2.317 Executing VM operation: ICBufferFull
Event: 2.317 Executing VM operation: ICBufferFull done
Event: 2.335 Executing VM operation: ParallelGCFailedAllocation
Event: 2.338 Executing VM operation: ParallelGCFailedAllocation done
Event: 2.405 Executing VM operation: ParallelGCFailedAllocation
Event: 2.408 Executing VM operation: ParallelGCFailedAllocation done
Event: 2.472 Executing VM operation: ParallelGCFailedAllocation
Event: 2.476 Executing VM operation: ParallelGCFailedAllocation done
Event: 2.530 Executing VM operation: ParallelGCFailedAllocation
Event: 2.536 Executing VM operation: ParallelGCFailedAllocation done
Event: 2.577 Executing VM operation: ParallelGCFailedAllocation
Event: 2.585 Executing VM operation: ParallelGCFailedAllocation done
Event: 2.644 Executing VM operation: ParallelGCFailedAllocation
Event: 2.650 Executing VM operation: ParallelGCFailedAllocation done
Event: 2.676 Executing VM operation: HandshakeAllThreads
Event: 2.676 Executing VM operation: HandshakeAllThreads done
Event: 2.836 Executing VM operation: CollectForMetadataAllocation

Events (20 events):
Event: 2.316 loading class java/nio/channels/Channels$ReadableByteChannelImpl
Event: 2.316 loading class java/nio/channels/Channels$ReadableByteChannelImpl done
Event: 2.316 loading class java/nio/channels/NonWritableChannelException
Event: 2.316 loading class java/nio/channels/NonWritableChannelException done
Event: 2.316 loading class sun/nio/ch/ChannelInputStream
Event: 2.316 loading class sun/nio/ch/ChannelInputStream done
Event: 2.316 loading class java/nio/channels/SelectableChannel
Event: 2.316 loading class java/nio/channels/SelectableChannel done
Event: 2.713 loading class jdk/internal/reflect/UnsafeIntegerFieldAccessorImpl
Event: 2.714 loading class jdk/internal/reflect/UnsafeIntegerFieldAccessorImpl done
Event: 2.766 loading class sun/nio/cs/ThreadLocalCoders
Event: 2.766 loading class sun/nio/cs/ThreadLocalCoders done
Event: 2.766 loading class sun/nio/cs/ThreadLocalCoders$1
Event: 2.766 loading class sun/nio/cs/ThreadLocalCoders$Cache
Event: 2.767 loading class sun/nio/cs/ThreadLocalCoders$Cache done
Event: 2.767 loading class sun/nio/cs/ThreadLocalCoders$1 done
Event: 2.767 loading class sun/nio/cs/ThreadLocalCoders$2
Event: 2.767 loading class sun/nio/cs/ThreadLocalCoders$2 done
Event: 2.785 loading class java/lang/ExceptionInInitializerError
Event: 2.785 loading class java/lang/ExceptionInInitializerError done


Dynamic libraries:
0x00007ff6d0d80000 - 0x00007ff6d0d8e000 	c:\Users\Nisarg Shah\.vscode\extensions\redhat.java-1.6.0-win32-x64\jre\17.0.2-win32-x86_64\bin\java.exe
0x00007ffdfc160000 - 0x00007ffdfc369000 	C:\WINDOWS\SYSTEM32\ntdll.dll
0x00007ffdfb1f0000 - 0x00007ffdfb2ad000 	C:\WINDOWS\System32\KERNEL32.DLL
0x00007ffdf9b60000 - 0x00007ffdf9ed9000 	C:\WINDOWS\System32\KERNELBASE.dll
0x00007ffdf99d0000 - 0x00007ffdf9ae1000 	C:\WINDOWS\System32\ucrtbase.dll
0x00007ffddbb80000 - 0x00007ffddbb98000 	c:\Users\Nisarg Shah\.vscode\extensions\redhat.java-1.6.0-win32-x64\jre\17.0.2-win32-x86_64\bin\jli.dll
0x00007ffddb670000 - 0x00007ffddb689000 	c:\Users\Nisarg Shah\.vscode\extensions\redhat.java-1.6.0-win32-x64\jre\17.0.2-win32-x86_64\bin\VCRUNTIME140.dll
0x00007ffdfa650000 - 0x00007ffdfa7fc000 	C:\WINDOWS\System32\USER32.dll
0x00007ffdf99a0000 - 0x00007ffdf99c6000 	C:\WINDOWS\System32\win32u.dll
0x00007ffdfb540000 - 0x00007ffdfb569000 	C:\WINDOWS\System32\GDI32.dll
0x00007ffdde0d0000 - 0x00007ffdde375000 	C:\WINDOWS\WinSxS\amd64_microsoft.windows.common-controls_6595b64144ccf1df_6.0.22000.120_none_9d947278b86cc467\COMCTL32.dll
0x00007ffdf9710000 - 0x00007ffdf9822000 	C:\WINDOWS\System32\gdi32full.dll
0x00007ffdfa800000 - 0x00007ffdfa8a3000 	C:\WINDOWS\System32\msvcrt.dll
0x00007ffdf9ee0000 - 0x00007ffdf9f7d000 	C:\WINDOWS\System32\msvcp_win.dll
0x00007ffdfb1b0000 - 0x00007ffdfb1e1000 	C:\WINDOWS\System32\IMM32.DLL
0x00007ffdf4090000 - 0x00007ffdf409c000 	c:\Users\Nisarg Shah\.vscode\extensions\redhat.java-1.6.0-win32-x64\jre\17.0.2-win32-x86_64\bin\vcruntime140_1.dll
0x00007ffdba980000 - 0x00007ffdbaa11000 	c:\Users\Nisarg Shah\.vscode\extensions\redhat.java-1.6.0-win32-x64\jre\17.0.2-win32-x86_64\bin\msvcp140.dll
0x00007ffda5c70000 - 0x00007ffda68b7000 	c:\Users\Nisarg Shah\.vscode\extensions\redhat.java-1.6.0-win32-x64\jre\17.0.2-win32-x86_64\bin\server\jvm.dll
0x00007ffdfa120000 - 0x00007ffdfa1ce000 	C:\WINDOWS\System32\ADVAPI32.dll
0x00007ffdfb110000 - 0x00007ffdfb1ae000 	C:\WINDOWS\System32\sechost.dll
0x00007ffdfb3c0000 - 0x00007ffdfb4e0000 	C:\WINDOWS\System32\RPCRT4.dll
0x00007ffdfa8b0000 - 0x00007ffdfa8b8000 	C:\WINDOWS\System32\PSAPI.DLL
0x00007ffdd7c80000 - 0x00007ffdd7c89000 	C:\WINDOWS\SYSTEM32\WSOCK32.dll
0x00007ffdf3030000 - 0x00007ffdf3063000 	C:\WINDOWS\SYSTEM32\WINMM.dll
0x00007ffdf26f0000 - 0x00007ffdf26fa000 	C:\WINDOWS\SYSTEM32\VERSION.dll
0x00007ffdfae10000 - 0x00007ffdfae7f000 	C:\WINDOWS\System32\WS2_32.dll
0x00007ffdf87c0000 - 0x00007ffdf87d8000 	C:\WINDOWS\SYSTEM32\kernel.appcore.dll
0x00007ffdf3070000 - 0x00007ffdf307a000 	c:\Users\Nisarg Shah\.vscode\extensions\redhat.java-1.6.0-win32-x64\jre\17.0.2-win32-x86_64\bin\jimage.dll
0x00007ffdf71e0000 - 0x00007ffdf7401000 	C:\WINDOWS\SYSTEM32\DBGHELP.DLL
0x00007ffdd9210000 - 0x00007ffdd9241000 	C:\WINDOWS\SYSTEM32\dbgcore.DLL
0x00007ffdf9f80000 - 0x00007ffdf9fff000 	C:\WINDOWS\System32\bcryptPrimitives.dll
0x00007ffdc94f0000 - 0x00007ffdc9515000 	c:\Users\Nisarg Shah\.vscode\extensions\redhat.java-1.6.0-win32-x64\jre\17.0.2-win32-x86_64\bin\java.dll
0x00007ffdda0a0000 - 0x00007ffdda0b8000 	c:\Users\Nisarg Shah\.vscode\extensions\redhat.java-1.6.0-win32-x64\jre\17.0.2-win32-x86_64\bin\zip.dll
0x00007ffdfb570000 - 0x00007ffdfbd1f000 	C:\WINDOWS\System32\SHELL32.dll
0x00007ffdf7740000 - 0x00007ffdf7fa8000 	C:\WINDOWS\SYSTEM32\windows.storage.dll
0x00007ffdfbd20000 - 0x00007ffdfc098000 	C:\WINDOWS\System32\combase.dll
0x00007ffdf75d0000 - 0x00007ffdf7736000 	C:\WINDOWS\SYSTEM32\wintypes.dll
0x00007ffdfb020000 - 0x00007ffdfb10a000 	C:\WINDOWS\System32\SHCORE.dll
0x00007ffdfb2b0000 - 0x00007ffdfb30d000 	C:\WINDOWS\System32\shlwapi.dll
0x00007ffdf9580000 - 0x00007ffdf95a1000 	C:\WINDOWS\SYSTEM32\profapi.dll
0x00007ffdda000000 - 0x00007ffdda019000 	C:\Users\Nisarg Shah\.vscode\extensions\redhat.java-1.6.0-win32-x64\jre\17.0.2-win32-x86_64\bin\net.dll
0x00007ffdf2ba0000 - 0x00007ffdf2cac000 	C:\WINDOWS\SYSTEM32\WINHTTP.dll
0x00007ffdf8bf0000 - 0x00007ffdf8c57000 	C:\WINDOWS\system32\mswsock.dll
0x00007ffdd7500000 - 0x00007ffdd7515000 	C:\Users\Nisarg Shah\.vscode\extensions\redhat.java-1.6.0-win32-x64\jre\17.0.2-win32-x86_64\bin\nio.dll
0x00007ffdf8e30000 - 0x00007ffdf8e48000 	C:\WINDOWS\SYSTEM32\CRYPTSP.dll
0x00007ffdf8720000 - 0x00007ffdf8755000 	C:\WINDOWS\system32\rsaenh.dll
0x00007ffdf8ce0000 - 0x00007ffdf8d09000 	C:\WINDOWS\SYSTEM32\USERENV.dll
0x00007ffdf8fb0000 - 0x00007ffdf8fd7000 	C:\WINDOWS\SYSTEM32\bcrypt.dll
0x00007ffdf8e50000 - 0x00007ffdf8e5c000 	C:\WINDOWS\SYSTEM32\CRYPTBASE.dll
0x00007ffdf81f0000 - 0x00007ffdf821d000 	C:\WINDOWS\SYSTEM32\IPHLPAPI.DLL
0x00007ffdfaa20000 - 0x00007ffdfaa29000 	C:\WINDOWS\System32\NSI.dll
0x00007ffdf29c0000 - 0x00007ffdf29d9000 	C:\WINDOWS\SYSTEM32\dhcpcsvc6.DLL
0x00007ffdf2d20000 - 0x00007ffdf2d3e000 	C:\WINDOWS\SYSTEM32\dhcpcsvc.DLL
0x00007ffdf8220000 - 0x00007ffdf8308000 	C:\WINDOWS\SYSTEM32\DNSAPI.dll
0x00007ffdc3ab0000 - 0x00007ffdc3aee000 	C:\Users\Nisarg Shah\AppData\Roaming\Code\User\globalStorage\redhat.java\1.6.0\config_ss_win\org.eclipse.equinox.launcher\org.eclipse.equinox.launcher.win32.win32.x86_64_1.2.400.v20211117-0650\eclipse_11602.dll
0x00007ffdfae80000 - 0x00007ffdfb01a000 	C:\WINDOWS\System32\ole32.dll
0x00007ffdf2cb0000 - 0x00007ffdf2cc0000 	c:\Users\Nisarg Shah\.vscode\extensions\redhat.java-1.6.0-win32-x64\jre\17.0.2-win32-x86_64\bin\verify.dll
0x00007ffdc1630000 - 0x00007ffdc1674000 	C:\Users\Nisarg Shah\AppData\Local\Temp\jna--955153698\jna7109311442920882396.dll

dbghelp: loaded successfully - version: 4.0.5 - missing functions: none
symbol engine: initialized successfully - sym options: 0x614 - pdb path: .;c:\Users\Nisarg Shah\.vscode\extensions\redhat.java-1.6.0-win32-x64\jre\17.0.2-win32-x86_64\bin;C:\WINDOWS\SYSTEM32;C:\WINDOWS\WinSxS\amd64_microsoft.windows.common-controls_6595b64144ccf1df_6.0.22000.120_none_9d947278b86cc467;c:\Users\Nisarg Shah\.vscode\extensions\redhat.java-1.6.0-win32-x64\jre\17.0.2-win32-x86_64\bin\server;C:\Users\Nisarg Shah\AppData\Roaming\Code\User\globalStorage\redhat.java\1.6.0\config_ss_win\org.eclipse.equinox.launcher\org.eclipse.equinox.launcher.win32.win32.x86_64_1.2.400.v20211117-0650;C:\Users\Nisarg Shah\AppData\Local\Temp\jna--955153698

VM Arguments:
jvm_args: --add-modules=ALL-SYSTEM --add-opens=java.base/java.util=ALL-UNNAMED --add-opens=java.base/java.lang=ALL-UNNAMED --add-opens=java.base/sun.nio.fs=ALL-UNNAMED -Declipse.application=org.eclipse.jdt.ls.core.id1 -Dosgi.bundles.defaultStartLevel=4 -Declipse.product=org.eclipse.jdt.ls.core.product -Djava.import.generatesMetadataFilesAtProjectRoot=false -Dfile.encoding=utf8 -DwatchParentProcess=false -XX:+UseParallelGC -XX:GCTimeRatio=4 -XX:AdaptiveSizePolicyWeight=90 -Dsun.zip.disableMemoryMapping=true -Xmx1G -Xms100m 
java_command: c:\Users\Nisarg Shah\.vscode\extensions\redhat.java-1.6.0-win32-x64\server\plugins\org.eclipse.equinox.launcher_1.6.400.v20210924-0641.jar -configuration c:\Users\Nisarg Shah\AppData\Roaming\Code\User\globalStorage\redhat.java\1.6.0\config_ss_win -data c:\Users\Nisarg Shah\AppData\Roaming\Code\User\workspaceStorage\54ba89270061d8e32219ce9d5ef7f790\redhat.java\ss_ws
java_class_path (initial): c:\Users\Nisarg Shah\.vscode\extensions\redhat.java-1.6.0-win32-x64\server\plugins\org.eclipse.equinox.launcher_1.6.400.v20210924-0641.jar
Launcher Type: SUN_STANDARD

[Global flags]
    uintx AdaptiveSizePolicyWeight                 = 90                                        {product} {command line}
     intx CICompilerCount                          = 4                                         {product} {ergonomic}
    uintx GCTimeRatio                              = 4                                         {product} {command line}
   size_t InitialHeapSize                          = 104857600                                 {product} {command line}
   size_t MaxHeapSize                              = 1073741824                                {product} {command line}
   size_t MaxNewSize                               = 357564416                                 {product} {ergonomic}
   size_t MinHeapDeltaBytes                        = 524288                                    {product} {ergonomic}
   size_t MinHeapSize                              = 104857600                                 {product} {command line}
   size_t NewSize                                  = 34603008                                  {product} {ergonomic}
    uintx NonNMethodCodeHeapSize                   = 5839372                                {pd product} {ergonomic}
    uintx NonProfiledCodeHeapSize                  = 122909434                              {pd product} {ergonomic}
   size_t OldSize                                  = 70254592                                  {product} {ergonomic}
    uintx ProfiledCodeHeapSize                     = 122909434                              {pd product} {ergonomic}
    uintx ReservedCodeCacheSize                    = 251658240                              {pd product} {ergonomic}
     bool SegmentedCodeCache                       = true                                      {product} {ergonomic}
   size_t SoftMaxHeapSize                          = 1073741824                             {manageable} {ergonomic}
     bool UseCompressedClassPointers               = true                           {product lp64_product} {ergonomic}
     bool UseCompressedOops                        = true                           {product lp64_product} {ergonomic}
     bool UseLargePagesIndividualAllocation        = false                                  {pd product} {ergonomic}
     bool UseParallelGC                            = true                                      {product} {command line}

Logging:
Log output configuration:
 #0: stdout all=warning uptime,level,tags
 #1: stderr all=off uptime,level,tags

Environment Variables:
JAVA_HOME=C:\Program Files\Eclipse Adoptium\jdk-11.0.13.8-hotspot\
PATH=C:\Program Files\Python310\Scripts\;C:\Program Files\Python310\;C:\Program Files\Eclipse Adoptium\jdk-11.0.13.8-hotspot\bin;C:\windows\system32;C:\windows;C:\windows\System32\Wbem;C:\windows\System32\WindowsPowerShell\v1.0\;C:\windows\System32\OpenSSH\;C:\Program Files (x86)\NVIDIA Corporation\PhysX\Common;C:\Program Files\NVIDIA Corporation\NVIDIA NvDLISR;D:\Programs\Git\cmd;C:\Users\Nisarg Shah\AppData\Local\Microsoft\WindowsApps;D:\Programs\msys64\mingw64\bin;D:\Program Files\Nodejs\;C:\WINDOWS\system32;C:\WINDOWS;C:\WINDOWS\System32\Wbem;C:\WINDOWS\System32\WindowsPowerShell\v1.0\;C:\WINDOWS\System32\OpenSSH\;E:\Downloads\ffmpeg-2022-03-03-git-72684d2c2d-full_build\bin;D:\Program Files\apache-maven-3.8.4\bin;D:\Programs\XAMPP\php;C:\Users\Nisarg Shah\AppData\Roaming\Python\Python310\Scripts;C:\Users\Nisarg Shah\Downloads\platform-tools_r33.0.1-windows\platform-tools;C:\Users\Nisarg Shah\AppData\Local\Microsoft\WindowsApps;;D:\Programs\Microsoft VS Code\bin;D:\Program Files\IntelliJ IDEA 2021.3.1\bin;;C:\Users\Nisarg Shah\AppData\Roaming\npm;D:\Programs\heroku\bin
USERNAME=Nisarg Shah
OS=Windows_NT
PROCESSOR_IDENTIFIER=AMD64 Family 25 Model 80 Stepping 0, AuthenticAMD



---------------  S Y S T E M  ---------------

OS:
 Windows 11 , 64 bit Build 22000 (10.0.22000.675)
OS uptime: 0 days 11:31 hours

CPU: total 12 (initial active 12) (12 cores per cpu, 2 threads per core) family 25 model 80 stepping 0 microcode 0x0, cx8, cmov, fxsr, ht, mmx, 3dnowpref, sse, sse2, sse3, ssse3, sse4a, sse4.1, sse4.2, popcnt, lzcnt, tsc, tscinvbit, avx, avx2, aes, erms, clmul, bmi1, bmi2, adx, sha, fma, vzeroupper, clflush, clflushopt

Memory: 4k page, system-wide physical 7524M (499M free)
TotalPageFile size 11620M (AvailPageFile size 113M)
current process WorkingSet (physical memory assigned to process): 167M, peak: 167M
current process commit charge ("private bytes"): 259M, peak: 263M

vm_info: OpenJDK 64-Bit Server VM (17.0.2+8) for windows-amd64 JRE (17.0.2+8), built on Jan 20 2022 04:52:34 by "" with MS VC++ 16.7 (VS2019)

END.
