#
# There is insufficient memory for the Java Runtime Environment to continue.
# Native memory allocation (malloc) failed to allocate 352016 bytes for Chunk::new
# Possible reasons:
#   The system is out of physical RAM or swap space
#   The process is running with CompressedOops enabled, and the Java Heap may be blocking the growth of the native heap
# Possible solutions:
#   Reduce memory load on the system
#   Increase physical memory or swap space
#   Check if swap backing store is full
#   Decrease Java heap size (-Xmx/-Xms)
#   Decrease number of Java threads
#   Decrease Java thread stack sizes (-Xss)
#   Set larger code cache with -XX:ReservedCodeCacheSize=
#   JVM is running with Unscaled Compressed Oops mode in which the Java heap is
#     placed in the first 4GB address space. The Java Heap base address is the
#     maximum limit for the native heap growth. Please use -XX:HeapBaseMinAddress
#     to set the Java Heap base and to place the Java Heap above 4GB virtual address.
# This output file may be truncated or incomplete.
#
#  Out of Memory Error (arena.cpp:189), pid=6188, tid=13972
#
# JRE version: OpenJDK Runtime Environment Temurin-17.0.2+8 (17.0.2+8) (build 17.0.2+8)
# Java VM: OpenJDK 64-Bit Server VM Temurin-17.0.2+8 (17.0.2+8, mixed mode, tiered, compressed oops, compressed class ptrs, parallel gc, windows-amd64)
# No core dump will be written. Minidumps are not enabled by default on client versions of Windows
#

---------------  S U M M A R Y ------------

Command Line: --add-modules=ALL-SYSTEM --add-opens=java.base/java.util=ALL-UNNAMED --add-opens=java.base/java.lang=ALL-UNNAMED --add-opens=java.base/sun.nio.fs=ALL-UNNAMED -Declipse.application=org.eclipse.jdt.ls.core.id1 -Dosgi.bundles.defaultStartLevel=4 -Declipse.product=org.eclipse.jdt.ls.core.product -Djava.import.generatesMetadataFilesAtProjectRoot=false -Dfile.encoding=utf8 -DwatchParentProcess=false -XX:+UseParallelGC -XX:GCTimeRatio=4 -XX:AdaptiveSizePolicyWeight=90 -Dsun.zip.disableMemoryMapping=true -Xmx1G -Xms100m -XX:+HeapDumpOnOutOfMemoryError -XX:HeapDumpPath=c:\Users\Nisarg Shah\AppData\Roaming\Code\User\workspaceStorage\54ba89270061d8e32219ce9d5ef7f790\redhat.java c:\Users\Nisarg Shah\.vscode\extensions\redhat.java-1.6.0-win32-x64\server\plugins\org.eclipse.equinox.launcher_1.6.400.v20210924-0641.jar -configuration c:\Users\Nisarg Shah\AppData\Roaming\Code\User\globalStorage\redhat.java\1.6.0\config_win -data c:\Users\Nisarg Shah\AppData\Roaming\Code\User\workspaceStorage\54ba89270061d8e32219ce9d5ef7f790\redhat.java\jdt_ws

Host: AMD Ryzen 5 5600H with Radeon Graphics         , 12 cores, 7G,  Windows 11 , 64 bit Build 22000 (10.0.22000.675)
Time: Sat May 21 21:43:55 2022 India Standard Time elapsed time: 2.049010 seconds (0d 0h 0m 2s)

---------------  T H R E A D  ---------------

Current thread (0x0000019f32b319a0):  JavaThread "C2 CompilerThread1" daemon [_thread_in_native, id=13972, stack(0x000000856ce00000,0x000000856cf00000)]


Current CompileTask:
C2:   2049 2733       4       sun.nio.fs.WindowsPathParser::normalize (233 bytes)

Stack: [0x000000856ce00000,0x000000856cf00000]
Native frames: (J=compiled Java code, j=interpreted, Vv=VM code, C=native code)
V  [jvm.dll+0x67564a]
V  [jvm.dll+0x82fc04]
V  [jvm.dll+0x8313ae]
V  [jvm.dll+0x831a13]
V  [jvm.dll+0x245235]
V  [jvm.dll+0xabd7b]
V  [jvm.dll+0xac30c]
V  [jvm.dll+0x3631f7]
V  [jvm.dll+0x32d891]
V  [jvm.dll+0x32cd3a]
V  [jvm.dll+0x2180d1]
V  [jvm.dll+0x2174f1]
V  [jvm.dll+0x1a3a8d]
V  [jvm.dll+0x226ef8]
V  [jvm.dll+0x22503c]
V  [jvm.dll+0x7e596b]
V  [jvm.dll+0x7dff2a]
V  [jvm.dll+0x6744d5]
C  [ucrtbase.dll+0x26c0c]
C  [KERNEL32.DLL+0x154e0]
C  [ntdll.dll+0x485b]


---------------  P R O C E S S  ---------------

Threads class SMR info:
_java_thread_list=0x0000019f3172cdd0, length=25, elements={
0x0000019f1b9240d0, 0x0000019f2f7a6740, 0x0000019f31495140, 0x0000019f2f7ae0a0,
0x0000019f314bf120, 0x0000019f314c2450, 0x0000019f314ca140, 0x0000019f314cb4d0,
0x0000019f314cc980, 0x0000019f314d61f0, 0x0000019f315788c0, 0x0000019f31749d50,
0x0000019f32b319a0, 0x0000019f32f0c440, 0x0000019f32dfdfe0, 0x0000019f32dec5d0,
0x0000019f32ded910, 0x0000019f32deadc0, 0x0000019f32decf70, 0x0000019f32ded440,
0x0000019f32dedde0, 0x0000019f32dec100, 0x0000019f32dea420, 0x0000019f32dea8f0,
0x0000019f32deb290
}

Java Threads: ( => current thread )
  0x0000019f1b9240d0 JavaThread "main" [_thread_blocked, id=2216, stack(0x000000856bf00000,0x000000856c000000)]
  0x0000019f2f7a6740 JavaThread "Reference Handler" daemon [_thread_blocked, id=6920, stack(0x000000856c200000,0x000000856c300000)]
  0x0000019f31495140 JavaThread "Finalizer" daemon [_thread_blocked, id=15664, stack(0x000000856c300000,0x000000856c400000)]
  0x0000019f2f7ae0a0 JavaThread "Signal Dispatcher" daemon [_thread_blocked, id=11096, stack(0x000000856c400000,0x000000856c500000)]
  0x0000019f314bf120 JavaThread "Attach Listener" daemon [_thread_blocked, id=18360, stack(0x000000856c500000,0x000000856c600000)]
  0x0000019f314c2450 JavaThread "Service Thread" daemon [_thread_blocked, id=2228, stack(0x000000856c600000,0x000000856c700000)]
  0x0000019f314ca140 JavaThread "Monitor Deflation Thread" daemon [_thread_blocked, id=18388, stack(0x000000856c700000,0x000000856c800000)]
  0x0000019f314cb4d0 JavaThread "C2 CompilerThread0" daemon [_thread_blocked, id=10888, stack(0x000000856c800000,0x000000856c900000)]
  0x0000019f314cc980 JavaThread "C1 CompilerThread0" daemon [_thread_blocked, id=2748, stack(0x000000856c900000,0x000000856ca00000)]
  0x0000019f314d61f0 JavaThread "Sweeper thread" daemon [_thread_blocked, id=3100, stack(0x000000856ca00000,0x000000856cb00000)]
  0x0000019f315788c0 JavaThread "Common-Cleaner" daemon [_thread_blocked, id=10848, stack(0x000000856cb00000,0x000000856cc00000)]
  0x0000019f31749d50 JavaThread "Notification Thread" daemon [_thread_blocked, id=21536, stack(0x000000856cc00000,0x000000856cd00000)]
=>0x0000019f32b319a0 JavaThread "C2 CompilerThread1" daemon [_thread_in_native, id=13972, stack(0x000000856ce00000,0x000000856cf00000)]
  0x0000019f32f0c440 JavaThread "Active Thread: Equinox Container: 329031c5-a601-42cb-8802-9e58b397286a" [_thread_blocked, id=15732, stack(0x000000856cf00000,0x000000856d000000)]
  0x0000019f32dfdfe0 JavaThread "Framework Event Dispatcher: Equinox Container: 329031c5-a601-42cb-8802-9e58b397286a" daemon [_thread_blocked, id=14300, stack(0x000000856d000000,0x000000856d100000)]
  0x0000019f32dec5d0 JavaThread "Start Level: Equinox Container: 329031c5-a601-42cb-8802-9e58b397286a" daemon [_thread_in_vm, id=14496, stack(0x000000856d700000,0x000000856d800000)]
  0x0000019f32ded910 JavaThread "SCR Component Actor" daemon [_thread_blocked, id=13736, stack(0x000000856d800000,0x000000856d900000)]
  0x0000019f32deadc0 JavaThread "Timer-0" [_thread_blocked, id=19300, stack(0x000000856d900000,0x000000856da00000)]
  0x0000019f32decf70 JavaThread "Bundle File Closer" daemon [_thread_blocked, id=10740, stack(0x000000856da00000,0x000000856db00000)]
  0x0000019f32ded440 JavaThread "Worker-JM" [_thread_blocked, id=16512, stack(0x000000856db00000,0x000000856dc00000)]
  0x0000019f32dedde0 JavaThread "Worker-0: Refreshing workspace" [_thread_in_native, id=12792, stack(0x000000856df00000,0x000000856e000000)]
  0x0000019f32dec100 JavaThread "Worker-1" [_thread_blocked, id=4024, stack(0x000000856e000000,0x000000856e100000)]
  0x0000019f32dea420 JavaThread "Worker-2" [_thread_blocked, id=14596, stack(0x000000856e100000,0x000000856e200000)]
  0x0000019f32dea8f0 JavaThread "Worker-3" [_thread_blocked, id=16612, stack(0x000000856e200000,0x000000856e300000)]
  0x0000019f32deb290 JavaThread "Java indexing" daemon [_thread_blocked, id=20540, stack(0x000000856e300000,0x000000856e400000)]

Other Threads:
  0x0000019f31482b50 VMThread "VM Thread" [stack: 0x000000856c100000,0x000000856c200000] [id=2272]
  0x0000019f3174c030 WatcherThread [stack: 0x000000856cd00000,0x000000856ce00000] [id=16088]
  0x0000019f1b935630 GCTaskThread "GC Thread#0" [stack: 0x000000856c000000,0x000000856c100000] [id=11276]
  0x0000019f3292e600 GCTaskThread "GC Thread#1" [stack: 0x000000856d100000,0x000000856d200000] [id=13908]
  0x0000019f32f288d0 GCTaskThread "GC Thread#2" [stack: 0x000000856d200000,0x000000856d300000] [id=20404]
  0x0000019f33028650 GCTaskThread "GC Thread#3" [stack: 0x000000856d300000,0x000000856d400000] [id=18780]
  0x0000019f32e1efb0 GCTaskThread "GC Thread#4" [stack: 0x000000856d400000,0x000000856d500000] [id=18040]
  0x0000019f32e1f260 GCTaskThread "GC Thread#5" [stack: 0x000000856d500000,0x000000856d600000] [id=21856]
  0x0000019f32e1f510 GCTaskThread "GC Thread#6" [stack: 0x000000856d600000,0x000000856d700000] [id=18400]
  0x0000019f3432d990 GCTaskThread "GC Thread#7" [stack: 0x000000856dc00000,0x000000856dd00000] [id=8740]
  0x0000019f34352210 GCTaskThread "GC Thread#8" [stack: 0x000000856dd00000,0x000000856de00000] [id=19384]
  0x0000019f343524c0 GCTaskThread "GC Thread#9" [stack: 0x000000856de00000,0x000000856df00000] [id=20064]

Threads with active compile tasks:
C2 CompilerThread1     2065 2733       4       sun.nio.fs.WindowsPathParser::normalize (233 bytes)

VM state: not at safepoint (normal execution)

VM Mutex/Monitor currently owned by a thread:  ([mutex/lock_event])
[0x0000019f1b91f1e0] Metaspace_lock - owner thread: 0x0000019f32dec5d0

Heap address: 0x00000000c0000000, size: 1024 MB, Compressed Oops mode: 32-bit

CDS archive(s) not mapped
Compressed class space mapped at: 0x0000000100000000-0x0000000140000000, reserved size: 1073741824
Narrow klass base: 0x0000000000000000, Narrow klass shift: 3, Narrow klass range: 0x140000000

GC Precious Log:
 CPUs: 12 total, 12 available
 Memory: 7524M
 Large Page Support: Disabled
 NUMA Support: Disabled
 Compressed Oops: Enabled (32-bit)
 Alignments: Space 512K, Generation 512K, Heap 2M
 Heap Min Capacity: 100M
 Heap Initial Capacity: 100M
 Heap Max Capacity: 1G
 Pre-touch: Disabled
 Parallel Workers: 10

Heap:
 PSYoungGen      total 29696K, used 6296K [0x00000000eab00000, 0x00000000ecc00000, 0x0000000100000000)
  eden space 25600K, 18% used [0x00000000eab00000,0x00000000eafb71d8,0x00000000ec400000)
  from space 4096K, 35% used [0x00000000ec800000,0x00000000ec96ef38,0x00000000ecc00000)
  to   space 4096K, 0% used [0x00000000ec400000,0x00000000ec400000,0x00000000ec800000)
 ParOldGen       total 68608K, used 10138K [0x00000000c0000000, 0x00000000c4300000, 0x00000000eab00000)
  object space 68608K, 14% used [0x00000000c0000000,0x00000000c09e6b58,0x00000000c4300000)
 Metaspace       used 28454K, committed 28992K, reserved 1081344K
  class space    used 2786K, committed 3008K, reserved 1048576K

Card table byte_map: [0x0000019f1b2e0000,0x0000019f1b4f0000] _byte_map_base: 0x0000019f1ace0000

Marking Bits: (ParMarkBitMap*) 0x00007ffda67f3af0
 Begin Bits: [0x0000019f2d5b0000, 0x0000019f2e5b0000)
 End Bits:   [0x0000019f2e5b0000, 0x0000019f2f5b0000)

Polling page: 0x0000019f198b0000

Metaspace:

Usage:
  Non-class:     25.07 MB used.
      Class:      2.72 MB used.
       Both:     27.79 MB used.

Virtual space:
  Non-class space:       32.00 MB reserved,      25.38 MB ( 79%) committed,  4 nodes.
      Class space:        1.00 GB reserved,       2.94 MB ( <1%) committed,  1 nodes.
             Both:        1.03 GB reserved,      28.31 MB (  3%) committed. 

Chunk freelists:
   Non-Class:  2.17 MB
       Class:  940.00 KB
        Both:  3.09 MB

MaxMetaspaceSize: unlimited
CompressedClassSpaceSize: 1.00 GB
Initial GC threshold: 21.00 MB
Current GC threshold: 35.00 MB
CDS: off
MetaspaceReclaimPolicy: balanced
 - commit_granule_bytes: 65536.
 - commit_granule_words: 8192.
 - virtual_space_node_default_size: 1048576.
 - enlarge_chunks_in_place: 1.
 - new_chunks_are_fully_committed: 0.
 - uncommit_free_chunks: 1.
 - use_allocation_guard: 0.
 - handle_deallocations: 1.


Internal statistics:

num_allocs_failed_limit: 3.
num_arena_births: 178.
num_arena_deaths: 0.
num_vsnodes_births: 5.
num_vsnodes_deaths: 0.
num_space_committed: 453.
num_space_uncommitted: 0.
num_chunks_returned_to_freelist: 3.
num_chunks_taken_from_freelist: 913.
num_chunk_merges: 3.
num_chunk_splits: 627.
num_chunks_enlarged: 453.
num_purges: 0.
num_inconsistent_stats: 0.

CodeHeap 'non-profiled nmethods': size=120000Kb used=1056Kb max_used=1056Kb free=118943Kb
 bounds [0x0000019f26080000, 0x0000019f262f0000, 0x0000019f2d5b0000]
CodeHeap 'profiled nmethods': size=120000Kb used=5566Kb max_used=5566Kb free=114433Kb
 bounds [0x0000019f1eb50000, 0x0000019f1f0c0000, 0x0000019f26080000]
CodeHeap 'non-nmethods': size=5760Kb used=1228Kb max_used=1256Kb free=4531Kb
 bounds [0x0000019f1e5b0000, 0x0000019f1e820000, 0x0000019f1eb50000]
 total_blobs=3288 nmethods=2746 adapters=455
 compilation: enabled
              stopped_count=0, restarted_count=0
 full_count=0

Compilation events (20 events):
Event: 2.036 Thread 0x0000019f314cc980 2738       3       sun.nio.fs.WindowsFileAttributes::isDirectory (25 bytes)
Event: 2.037 Thread 0x0000019f314cc980 nmethod 2738 0x0000019f1f0b8990 code [0x0000019f1f0b8b40, 0x0000019f1f0b8dd8]
Event: 2.037 Thread 0x0000019f314cc980 2739       3       java.util.concurrent.locks.ReentrantReadWriteLock$Sync::isHeldExclusively (16 bytes)
Event: 2.038 Thread 0x0000019f314cc980 nmethod 2739 0x0000019f1f0b8e90 code [0x0000019f1f0b9020, 0x0000019f1f0b91b8]
Event: 2.039 Thread 0x0000019f314cc980 2740       3       java.nio.file.Paths::get (6 bytes)
Event: 2.040 Thread 0x0000019f314cc980 nmethod 2740 0x0000019f1f0b9290 code [0x0000019f1f0b9460, 0x0000019f1f0b9868]
Event: 2.040 Thread 0x0000019f314cc980 2741       3       java.nio.file.Path::of (9 bytes)
Event: 2.040 Thread 0x0000019f314cc980 nmethod 2741 0x0000019f1f0b9a90 code [0x0000019f1f0b9c60, 0x0000019f1f0ba008]
Event: 2.040 Thread 0x0000019f314cc980 2742   !   3       org.eclipse.core.filesystem.provider.FileStore::fetchInfo (27 bytes)
Event: 2.041 Thread 0x0000019f314cc980 nmethod 2742 0x0000019f1f0ba190 code [0x0000019f1f0ba380, 0x0000019f1f0ba8a8]
Event: 2.041 Thread 0x0000019f314cc980 2743       3       org.eclipse.core.internal.filesystem.local.LocalFile::fetchInfo (45 bytes)
Event: 2.041 Thread 0x0000019f314cc980 nmethod 2743 0x0000019f1f0bab10 code [0x0000019f1f0bad40, 0x0000019f1f0bb3a8]
Event: 2.041 Thread 0x0000019f314cc980 2745       3       org.eclipse.core.internal.preferences.EclipsePreferences::firePreferenceEvent (75 bytes)
Event: 2.043 Thread 0x0000019f314cc980 nmethod 2745 0x0000019f1f0bb710 code [0x0000019f1f0bba20, 0x0000019f1f0bcbb8]
Event: 2.043 Thread 0x0000019f314cc980 2746  s    3       org.eclipse.core.internal.preferences.RootPreferences::getChild (58 bytes)
Event: 2.043 Thread 0x0000019f314cc980 nmethod 2746 0x0000019f1f0bd290 code [0x0000019f1f0bd4e0, 0x0000019f1f0be078]
Event: 2.043 Thread 0x0000019f314cc980 2747       3       org.eclipse.core.internal.preferences.DefaultPreferences::getLoadLevel (52 bytes)
Event: 2.044 Thread 0x0000019f314cc980 nmethod 2747 0x0000019f1f0be310 code [0x0000019f1f0be500, 0x0000019f1f0beb78]
Event: 2.044 Thread 0x0000019f314cc980 2744       3       sun.nio.fs.WindowsPath::toRealPath (6 bytes)
Event: 2.044 Thread 0x0000019f314cc980 nmethod 2744 0x0000019f1f0bed90 code [0x0000019f1f0befa0, 0x0000019f1f0bf678]

GC Heap History (10 events):
Event: 0.777 GC heap before
{Heap before GC invocations=1 (full 0):
 PSYoungGen      total 29696K, used 25600K [0x00000000eab00000, 0x00000000ecc00000, 0x0000000100000000)
  eden space 25600K, 100% used [0x00000000eab00000,0x00000000ec400000,0x00000000ec400000)
  from space 4096K, 0% used [0x00000000ec800000,0x00000000ec800000,0x00000000ecc00000)
  to   space 4096K, 0% used [0x00000000ec400000,0x00000000ec400000,0x00000000ec800000)
 ParOldGen       total 68608K, used 0K [0x00000000c0000000, 0x00000000c4300000, 0x00000000eab00000)
  object space 68608K, 0% used [0x00000000c0000000,0x00000000c0000000,0x00000000c4300000)
 Metaspace       used 12791K, committed 12992K, reserved 1064960K
  class space    used 1292K, committed 1408K, reserved 1048576K
}
Event: 0.785 GC heap after
{Heap after GC invocations=1 (full 0):
 PSYoungGen      total 29696K, used 4072K [0x00000000eab00000, 0x00000000ecc00000, 0x0000000100000000)
  eden space 25600K, 0% used [0x00000000eab00000,0x00000000eab00000,0x00000000ec400000)
  from space 4096K, 99% used [0x00000000ec400000,0x00000000ec7fa2d8,0x00000000ec800000)
  to   space 4096K, 0% used [0x00000000ec800000,0x00000000ec800000,0x00000000ecc00000)
 ParOldGen       total 68608K, used 766K [0x00000000c0000000, 0x00000000c4300000, 0x00000000eab00000)
  object space 68608K, 1% used [0x00000000c0000000,0x00000000c00bf830,0x00000000c4300000)
 Metaspace       used 12791K, committed 12992K, reserved 1064960K
  class space    used 1292K, committed 1408K, reserved 1048576K
}
Event: 1.381 GC heap before
{Heap before GC invocations=2 (full 0):
 PSYoungGen      total 29696K, used 29672K [0x00000000eab00000, 0x00000000ecc00000, 0x0000000100000000)
  eden space 25600K, 100% used [0x00000000eab00000,0x00000000ec400000,0x00000000ec400000)
  from space 4096K, 99% used [0x00000000ec400000,0x00000000ec7fa2d8,0x00000000ec800000)
  to   space 4096K, 0% used [0x00000000ec800000,0x00000000ec800000,0x00000000ecc00000)
 ParOldGen       total 68608K, used 766K [0x00000000c0000000, 0x00000000c4300000, 0x00000000eab00000)
  object space 68608K, 1% used [0x00000000c0000000,0x00000000c00bf830,0x00000000c4300000)
 Metaspace       used 19396K, committed 19776K, reserved 1073152K
  class space    used 1966K, committed 2112K, reserved 1048576K
}
Event: 1.388 GC heap after
{Heap after GC invocations=2 (full 0):
 PSYoungGen      total 29696K, used 4074K [0x00000000eab00000, 0x00000000ecc00000, 0x0000000100000000)
  eden space 25600K, 0% used [0x00000000eab00000,0x00000000eab00000,0x00000000ec400000)
  from space 4096K, 99% used [0x00000000ec800000,0x00000000ecbfab80,0x00000000ecc00000)
  to   space 4096K, 0% used [0x00000000ec400000,0x00000000ec400000,0x00000000ec800000)
 ParOldGen       total 68608K, used 6686K [0x00000000c0000000, 0x00000000c4300000, 0x00000000eab00000)
  object space 68608K, 9% used [0x00000000c0000000,0x00000000c0687b50,0x00000000c4300000)
 Metaspace       used 19396K, committed 19776K, reserved 1073152K
  class space    used 1966K, committed 2112K, reserved 1048576K
}
Event: 1.522 GC heap before
{Heap before GC invocations=3 (full 0):
 PSYoungGen      total 29696K, used 14986K [0x00000000eab00000, 0x00000000ecc00000, 0x0000000100000000)
  eden space 25600K, 42% used [0x00000000eab00000,0x00000000eb5a7d40,0x00000000ec400000)
  from space 4096K, 99% used [0x00000000ec800000,0x00000000ecbfab80,0x00000000ecc00000)
  to   space 4096K, 0% used [0x00000000ec400000,0x00000000ec400000,0x00000000ec800000)
 ParOldGen       total 68608K, used 6686K [0x00000000c0000000, 0x00000000c4300000, 0x00000000eab00000)
  object space 68608K, 9% used [0x00000000c0000000,0x00000000c0687b50,0x00000000c4300000)
 Metaspace       used 21109K, committed 21504K, reserved 1073152K
  class space    used 2134K, committed 2368K, reserved 1048576K
}
Event: 1.525 GC heap after
{Heap after GC invocations=3 (full 0):
 PSYoungGen      total 29696K, used 4083K [0x00000000eab00000, 0x00000000ecc00000, 0x0000000100000000)
  eden space 25600K, 0% used [0x00000000eab00000,0x00000000eab00000,0x00000000ec400000)
  from space 4096K, 99% used [0x00000000ec400000,0x00000000ec7fcd18,0x00000000ec800000)
  to   space 4096K, 0% used [0x00000000ec800000,0x00000000ec800000,0x00000000ecc00000)
 ParOldGen       total 68608K, used 7585K [0x00000000c0000000, 0x00000000c4300000, 0x00000000eab00000)
  object space 68608K, 11% used [0x00000000c0000000,0x00000000c0768748,0x00000000c4300000)
 Metaspace       used 21109K, committed 21504K, reserved 1073152K
  class space    used 2134K, committed 2368K, reserved 1048576K
}
Event: 1.525 GC heap before
{Heap before GC invocations=4 (full 1):
 PSYoungGen      total 29696K, used 4083K [0x00000000eab00000, 0x00000000ecc00000, 0x0000000100000000)
  eden space 25600K, 0% used [0x00000000eab00000,0x00000000eab00000,0x00000000ec400000)
  from space 4096K, 99% used [0x00000000ec400000,0x00000000ec7fcd18,0x00000000ec800000)
  to   space 4096K, 0% used [0x00000000ec800000,0x00000000ec800000,0x00000000ecc00000)
 ParOldGen       total 68608K, used 7585K [0x00000000c0000000, 0x00000000c4300000, 0x00000000eab00000)
  object space 68608K, 11% used [0x00000000c0000000,0x00000000c0768748,0x00000000c4300000)
 Metaspace       used 21109K, committed 21504K, reserved 1073152K
  class space    used 2134K, committed 2368K, reserved 1048576K
}
Event: 1.537 GC heap after
{Heap after GC invocations=4 (full 1):
 PSYoungGen      total 29696K, used 0K [0x00000000eab00000, 0x00000000ecc00000, 0x0000000100000000)
  eden space 25600K, 0% used [0x00000000eab00000,0x00000000eab00000,0x00000000ec400000)
  from space 4096K, 0% used [0x00000000ec400000,0x00000000ec400000,0x00000000ec800000)
  to   space 4096K, 0% used [0x00000000ec800000,0x00000000ec800000,0x00000000ecc00000)
 ParOldGen       total 68608K, used 10130K [0x00000000c0000000, 0x00000000c4300000, 0x00000000eab00000)
  object space 68608K, 14% used [0x00000000c0000000,0x00000000c09e4b58,0x00000000c4300000)
 Metaspace       used 21109K, committed 21504K, reserved 1073152K
  class space    used 2134K, committed 2368K, reserved 1048576K
}
Event: 1.925 GC heap before
{Heap before GC invocations=5 (full 1):
 PSYoungGen      total 29696K, used 25600K [0x00000000eab00000, 0x00000000ecc00000, 0x0000000100000000)
  eden space 25600K, 100% used [0x00000000eab00000,0x00000000ec400000,0x00000000ec400000)
  from space 4096K, 0% used [0x00000000ec400000,0x00000000ec400000,0x00000000ec800000)
  to   space 4096K, 0% used [0x00000000ec800000,0x00000000ec800000,0x00000000ecc00000)
 ParOldGen       total 68608K, used 10130K [0x00000000c0000000, 0x00000000c4300000, 0x00000000eab00000)
  object space 68608K, 14% used [0x00000000c0000000,0x00000000c09e4b58,0x00000000c4300000)
 Metaspace       used 27921K, committed 28416K, reserved 1081344K
  class space    used 2713K, committed 2944K, reserved 1048576K
}
Event: 1.927 GC heap after
{Heap after GC invocations=5 (full 1):
 PSYoungGen      total 29696K, used 1467K [0x00000000eab00000, 0x00000000ecc00000, 0x0000000100000000)
  eden space 25600K, 0% used [0x00000000eab00000,0x00000000eab00000,0x00000000ec400000)
  from space 4096K, 35% used [0x00000000ec800000,0x00000000ec96ef38,0x00000000ecc00000)
  to   space 4096K, 0% used [0x00000000ec400000,0x00000000ec400000,0x00000000ec800000)
 ParOldGen       total 68608K, used 10138K [0x00000000c0000000, 0x00000000c4300000, 0x00000000eab00000)
  object space 68608K, 14% used [0x00000000c0000000,0x00000000c09e6b58,0x00000000c4300000)
 Metaspace       used 27921K, committed 28416K, reserved 1081344K
  class space    used 2713K, committed 2944K, reserved 1048576K
}

Deoptimization events (20 events):
Event: 1.959 Thread 0x0000019f32dec5d0 Uncommon trap: trap_request=0xffffff45 fr.pc=0x0000019f260b61d8 relative=0x00000000000020d8
Event: 1.959 Thread 0x0000019f32dec5d0 Uncommon trap: reason=unstable_if action=reinterpret pc=0x0000019f260b61d8 method=java.util.jar.Manifest$FastInputStream.peek()B @ 8 c2
Event: 1.959 Thread 0x0000019f32dec5d0 DEOPT PACKING pc=0x0000019f260b61d8 sp=0x000000856d7f8260
Event: 1.959 Thread 0x0000019f32dec5d0 DEOPT UNPACKING pc=0x0000019f1e6020a3 sp=0x000000856d7f81f8 mode 2
Event: 1.961 Thread 0x0000019f32dec5d0 DEOPT PACKING pc=0x0000019f1f0a4156 sp=0x000000856d7f8130
Event: 1.961 Thread 0x0000019f32dec5d0 DEOPT UNPACKING pc=0x0000019f1e602843 sp=0x000000856d7f75b8 mode 0
Event: 1.965 Thread 0x0000019f32dec5d0 Uncommon trap: trap_request=0xffffff45 fr.pc=0x0000019f26113f04 relative=0x0000000000000084
Event: 1.965 Thread 0x0000019f32dec5d0 Uncommon trap: reason=unstable_if action=reinterpret pc=0x0000019f26113f04 method=java.util.jar.Manifest$FastInputStream.peek()B @ 8 c2
Event: 1.965 Thread 0x0000019f32dec5d0 DEOPT PACKING pc=0x0000019f26113f04 sp=0x000000856d7f8160
Event: 1.965 Thread 0x0000019f32dec5d0 DEOPT UNPACKING pc=0x0000019f1e6020a3 sp=0x000000856d7f80f0 mode 2
Event: 1.977 Thread 0x0000019f32dec5d0 DEOPT PACKING pc=0x0000019f1f0a4156 sp=0x000000856d7f8060
Event: 1.977 Thread 0x0000019f32dec5d0 DEOPT UNPACKING pc=0x0000019f1e602843 sp=0x000000856d7f74e8 mode 0
Event: 1.981 Thread 0x0000019f32dec5d0 DEOPT PACKING pc=0x0000019f1f0a4156 sp=0x000000856d7f7ff0
Event: 1.981 Thread 0x0000019f32dec5d0 DEOPT UNPACKING pc=0x0000019f1e602843 sp=0x000000856d7f7478 mode 0
Event: 2.011 Thread 0x0000019f32dec5d0 Uncommon trap: trap_request=0xffffff45 fr.pc=0x0000019f2615c964 relative=0x00000000000000c4
Event: 2.011 Thread 0x0000019f32dec5d0 Uncommon trap: reason=unstable_if action=reinterpret pc=0x0000019f2615c964 method=java.lang.Integer.valueOf(I)Ljava/lang/Integer; @ 3 c2
Event: 2.011 Thread 0x0000019f32dec5d0 DEOPT PACKING pc=0x0000019f2615c964 sp=0x000000856d7faad0
Event: 2.011 Thread 0x0000019f32dec5d0 DEOPT UNPACKING pc=0x0000019f1e6020a3 sp=0x000000856d7faa68 mode 2
Event: 2.027 Thread 0x0000019f32dedde0 DEOPT PACKING pc=0x0000019f1eda0e44 sp=0x000000856dffe3e0
Event: 2.027 Thread 0x0000019f32dedde0 DEOPT UNPACKING pc=0x0000019f1e602843 sp=0x000000856dffd960 mode 0

Classes unloaded (0 events):
No events

Classes redefined (0 events):
No events

Internal exceptions (20 events):
Event: 0.589 Thread 0x0000019f1b9240d0 Exception <a 'java/lang/NoSuchMethodError'{0x00000000eb95fad8}: 'void java.lang.invoke.DirectMethodHandle$Holder.invokeSpecial(java.lang.Object, java.lang.Object, java.lang.Object)'> (0x00000000eb95fad8) 
thrown [e:\jenkins\tmp\workspace\build\src\src\hotspot\share\interpreter\linkResolver.cpp, line 766]
Event: 0.686 Thread 0x0000019f1b9240d0 Exception <a 'java/lang/NoSuchMethodError'{0x00000000ec047388}: 'java.lang.Object java.lang.invoke.DirectMethodHandle$Holder.newInvokeSpecial(java.lang.Object, int, java.lang.Object)'> (0x00000000ec047388) 
thrown [e:\jenkins\tmp\workspace\build\src\src\hotspot\share\interpreter\linkResolver.cpp, line 766]
Event: 0.690 Thread 0x0000019f1b9240d0 Implicit null exception at 0x0000019f260b2bec to 0x0000019f260b2dcc
Event: 0.789 Thread 0x0000019f1b9240d0 Exception <a 'java/lang/UnsatisfiedLinkError'{0x00000000eab11c88}: 'void org.eclipse.equinox.launcher.JNIBridge._update_splash()'> (0x00000000eab11c88) 
thrown [e:\jenkins\tmp\workspace\build\src\src\hotspot\share\prims\nativeLookup.cpp, line 543]
Event: 0.822 Thread 0x0000019f32dec5d0 Exception <a 'java/lang/NoSuchMethodError'{0x00000000ead0e8f0}: 'java.lang.Object java.lang.invoke.DirectMethodHandle$Holder.invokeStaticInit(java.lang.Object)'> (0x00000000ead0e8f0) 
thrown [e:\jenkins\tmp\workspace\build\src\src\hotspot\share\interpreter\linkResolver.cpp, line 766]
Event: 0.946 Thread 0x0000019f32dec5d0 Exception <a 'java/io/FileNotFoundException'{0x00000000eaff28d8}> (0x00000000eaff28d8) 
thrown [e:\jenkins\tmp\workspace\build\src\src\hotspot\share\prims\jni.cpp, line 516]
Event: 1.263 Thread 0x0000019f32dec5d0 Exception <a 'java/lang/NoSuchMethodError'{0x00000000ebe7bf48}: 'void java.lang.invoke.DirectMethodHandle$Holder.invokeInterface(java.lang.Object, java.lang.Object, java.lang.Object)'> (0x00000000ebe7bf48) 
thrown [e:\jenkins\tmp\workspace\build\src\src\hotspot\share\interpreter\linkResolver.cpp, line 766]
Event: 1.304 Thread 0x0000019f32dec5d0 Exception <a 'java/lang/NoSuchMethodError'{0x00000000ec0111f0}: 'java.lang.Object java.lang.invoke.Invokers$Holder.invokeExact_MT(java.lang.Object, java.lang.Object, java.lang.Object, java.lang.Object, java.lang.Object, java.lang.Object)'> (0x00000000ec0111f0) 
thrown [e:\jenkins\tmp\workspace\build\src\src\hotspot\share\interpreter\linkResolver.cpp, line 766]
Event: 1.314 Thread 0x0000019f32dec5d0 Exception <a 'java/io/FileNotFoundException'{0x00000000ec0566a0}> (0x00000000ec0566a0) 
thrown [e:\jenkins\tmp\workspace\build\src\src\hotspot\share\prims\jni.cpp, line 516]
Event: 1.486 Thread 0x0000019f32dec5d0 Exception <a 'java/lang/NoSuchMethodError'{0x00000000eb3734b0}: 'int java.lang.invoke.DirectMethodHandle$Holder.invokeStaticInit(java.lang.Object, java.lang.Object, java.lang.Object)'> (0x00000000eb3734b0) 
thrown [e:\jenkins\tmp\workspace\build\src\src\hotspot\share\interpreter\linkResolver.cpp, line 766]
Event: 1.494 Thread 0x0000019f32dec5d0 Exception <a 'java/lang/IncompatibleClassChangeError'{0x00000000eb3b4e38}: Found class java.lang.Object, but interface was expected> (0x00000000eb3b4e38) 
thrown [e:\jenkins\tmp\workspace\build\src\src\hotspot\share\interpreter\linkResolver.cpp, line 833]
Event: 1.554 Thread 0x0000019f32dec5d0 Exception <a 'java/io/FileNotFoundException'{0x00000000eac52558}> (0x00000000eac52558) 
thrown [e:\jenkins\tmp\workspace\build\src\src\hotspot\share\prims\jni.cpp, line 516]
Event: 1.554 Thread 0x0000019f32dec5d0 Exception <a 'java/io/FileNotFoundException'{0x00000000eac536d8}> (0x00000000eac536d8) 
thrown [e:\jenkins\tmp\workspace\build\src\src\hotspot\share\prims\jni.cpp, line 516]
Event: 1.554 Thread 0x0000019f32dec5d0 Exception <a 'java/io/FileNotFoundException'{0x00000000eac54868}> (0x00000000eac54868) 
thrown [e:\jenkins\tmp\workspace\build\src\src\hotspot\share\prims\jni.cpp, line 516]
Event: 1.697 Thread 0x0000019f32dec5d0 Exception <a 'java/lang/ClassNotFoundException'{0x00000000ebd5f940}: com/sun/org/apache/xerces/internal/impl/msg/spi/DOMMessagesProvider> (0x00000000ebd5f940) 
thrown [e:\jenkins\tmp\workspace\build\src\src\hotspot\share\classfile\systemDictionary.cpp, line 256]
Event: 1.701 Thread 0x0000019f32dec5d0 Exception <a 'java/lang/ClassNotFoundException'{0x00000000ebd78350}: com/sun/org/apache/xerces/internal/impl/msg/spi/XMLSerializerMessagesProvider> (0x00000000ebd78350) 
thrown [e:\jenkins\tmp\workspace\build\src\src\hotspot\share\classfile\systemDictionary.cpp, line 256]
Event: 1.703 Thread 0x0000019f32dec5d0 Exception <a 'java/lang/ClassNotFoundException'{0x00000000ebd85628}: com/sun/org/apache/xerces/internal/impl/msg/spi/XMLMessagesProvider> (0x00000000ebd85628) 
thrown [e:\jenkins\tmp\workspace\build\src\src\hotspot\share\classfile\systemDictionary.cpp, line 256]
Event: 1.729 Thread 0x0000019f32dea420 Exception <a 'java/lang/NoSuchMethodError'{0x00000000ebdaba68}: 'int java.lang.invoke.DirectMethodHandle$Holder.invokeVirtual(java.lang.Object, java.lang.Object)'> (0x00000000ebdaba68) 
thrown [e:\jenkins\tmp\workspace\build\src\src\hotspot\share\interpreter\linkResolver.cpp, line 766]
Event: 1.753 Thread 0x0000019f32dec5d0 Exception <a 'sun/nio/fs/WindowsException'{0x00000000ebf62358}> (0x00000000ebf62358) 
thrown [e:\jenkins\tmp\workspace\build\src\src\hotspot\share\prims\jni.cpp, line 516]
Event: 1.849 Thread 0x0000019f32dec5d0 Exception <a 'java/lang/ClassNotFoundException'{0x00000000ec176548}: com/sun/org/apache/xml/internal/serializer/spi/XMLEntitiesProvider> (0x00000000ec176548) 
thrown [e:\jenkins\tmp\workspace\build\src\src\hotspot\share\classfile\systemDictionary.cpp, line 256]

VM Operations (20 events):
Event: 1.381 Executing VM operation: ParallelGCFailedAllocation
Event: 1.388 Executing VM operation: ParallelGCFailedAllocation done
Event: 1.470 Executing VM operation: HandshakeAllThreads
Event: 1.470 Executing VM operation: HandshakeAllThreads done
Event: 1.522 Executing VM operation: CollectForMetadataAllocation
Event: 1.537 Executing VM operation: CollectForMetadataAllocation done
Event: 1.685 Executing VM operation: HandshakeAllThreads
Event: 1.685 Executing VM operation: HandshakeAllThreads done
Event: 1.728 Executing VM operation: HandshakeAllThreads
Event: 1.728 Executing VM operation: HandshakeAllThreads done
Event: 1.762 Executing VM operation: HandshakeAllThreads
Event: 1.763 Executing VM operation: HandshakeAllThreads done
Event: 1.847 Executing VM operation: HandshakeAllThreads
Event: 1.847 Executing VM operation: HandshakeAllThreads done
Event: 1.853 Executing VM operation: HandshakeAllThreads
Event: 1.853 Executing VM operation: HandshakeAllThreads done
Event: 1.892 Executing VM operation: HandshakeAllThreads
Event: 1.892 Executing VM operation: HandshakeAllThreads done
Event: 1.925 Executing VM operation: ParallelGCFailedAllocation
Event: 1.927 Executing VM operation: ParallelGCFailedAllocation done

Events (20 events):
Event: 1.917 loading class com/sun/org/apache/xml/internal/serializer/NamespaceMappings$MappingRecord
Event: 1.917 loading class com/sun/org/apache/xml/internal/serializer/NamespaceMappings$MappingRecord done
Event: 1.918 loading class javax/xml/transform/stream/StreamSource
Event: 1.918 loading class javax/xml/transform/stream/StreamSource done
Event: 1.918 loading class javax/xml/transform/sax/SAXSource
Event: 1.918 loading class javax/xml/transform/sax/SAXSource done
Event: 1.918 loading class javax/xml/transform/stax/StAXSource
Event: 1.918 loading class javax/xml/transform/stax/StAXSource done
Event: 1.918 loading class com/sun/org/apache/xalan/internal/xsltc/trax/DOM2TO
Event: 1.918 loading class com/sun/org/apache/xalan/internal/xsltc/trax/DOM2TO done
Event: 1.924 loading class com/sun/org/apache/xml/internal/serializer/WriterToUTF8Buffered
Event: 1.924 loading class com/sun/org/apache/xml/internal/serializer/WriterChain
Event: 1.924 loading class com/sun/org/apache/xml/internal/serializer/WriterChain done
Event: 1.925 loading class com/sun/org/apache/xml/internal/serializer/WriterToUTF8Buffered done
Event: 1.925 loading class com/sun/org/apache/xml/internal/serializer/WriterToASCI
Event: 1.925 loading class com/sun/org/apache/xml/internal/serializer/WriterToASCI done
Event: 2.015 