#
# There is insufficient memory for the Java Runtime Environment to continue.
# Native memory allocation (malloc) failed to allocate 2097152 bytes for AllocateHeap
# Possible reasons:
#   The system is out of physical RAM or swap space
#   The process is running with CompressedOops enabled, and the Java Heap may be blocking the growth of the native heap
# Possible solutions:
#   Reduce memory load on the system
#   Increase physical memory or swap space
#   Check if swap backing store is full
#   Decrease Java heap size (-Xmx/-Xms)
#   Decrease number of Java threads
#   Decrease Java thread stack sizes (-Xss)
#   Set larger code cache with -XX:ReservedCodeCacheSize=
#   JVM is running with Unscaled Compressed Oops mode in which the Java heap is
#     placed in the first 4GB address space. The Java Heap base address is the
#     maximum limit for the native heap growth. Please use -XX:HeapBaseMinAddress
#     to set the Java Heap base and to place the Java Heap above 4GB virtual address.
# This output file may be truncated or incomplete.
#
#  Out of Memory Error (allocation.cpp:44), pid=15468, tid=13240
#
# JRE version: OpenJDK Runtime Environment Temurin-17.0.2+8 (17.0.2+8) (build 17.0.2+8)
# Java VM: OpenJDK 64-Bit Server VM Temurin-17.0.2+8 (17.0.2+8, mixed mode, emulated-client, tiered, compressed oops, compressed class ptrs, g1 gc, windows-amd64)
# No core dump will be written. Minidumps are not enabled by default on client versions of Windows
#

---------------  S U M M A R Y ------------

Command Line: -Dsts.lsp.client=vscode -Dsts.log.file=/dev/null -XX:TieredStopAtLevel=1 -Dspring.config.location=file:c:\Users\Nisarg Shah\.vscode\extensions\pivotal.vscode-spring-boot-1.33.0\language-server\BOOT-INF\classes\application.properties org.springframework.ide.vscode.boot.app.BootLanguageServerBootApp

Host: AMD Ryzen 5 5600H with Radeon Graphics         , 12 cores, 7G,  Windows 11 , 64 bit Build 22000 (10.0.22000.675)
Time: Sun May 22 19:38:16 2022 India Standard Time elapsed time: 3496.876313 seconds (0d 0h 58m 16s)

---------------  T H R E A D  ---------------

Current thread (0x000002bb725dcfa0):  VMThread "VM Thread" [stack: 0x000000c120300000,0x000000c120400000] [id=13240]

Stack: [0x000000c120300000,0x000000c120400000]
Native frames: (J=compiled Java code, j=interpreted, Vv=VM code, C=native code)
V  [jvm.dll+0x67564a]
V  [jvm.dll+0x82fc04]
V  [jvm.dll+0x8313ae]
V  [jvm.dll+0x831a13]
V  [jvm.dll+0x245235]
V  [jvm.dll+0xa6393]
V  [jvm.dll+0x2f52c1]
V  [jvm.dll+0x2f0f70]
V  [jvm.dll+0x2d96c7]
V  [jvm.dll+0x31c6b7]
V  [jvm.dll+0x835ebb]
V  [jvm.dll+0x836bf4]
V  [jvm.dll+0x83710c]
V  [jvm.dll+0x8374e4]
V  [jvm.dll+0x8375b0]
V  [jvm.dll+0x7dff2a]
V  [jvm.dll+0x6744d5]
C  [ucrtbase.dll+0x26c0c]
C  [KERNEL32.DLL+0x154e0]
C  [ntdll.dll+0x485b]

VM_Operation (0x000000c121cff2b0): G1CollectFull, mode: safepoint, requested by thread 0x000002bb7579d830


---------------  P R O C E S S  ---------------

Threads class SMR info:
_java_thread_list=0x000002bb755e04c0, length=37, elements={
0x000002bb725f5750, 0x000002bb725f82e0, 0x000002bb72628d30, 0x000002bb726298b0,
0x000002bb7262b180, 0x000002bb7262ef40, 0x000002bb7262f8b0, 0x000002bb726381c0,
0x000002bb7313eeb0, 0x000002bb73149550, 0x000002bb7579d830, 0x000002bb75784530,
0x000002bb65404f90, 0x000002bb7580c570, 0x000002bb7583e160, 0x000002bb7360f070,
0x000002bb7375ee20, 0x000002bb730dc340, 0x000002bb756c4f20, 0x000002bb73500120,
0x000002bb735005f0, 0x000002bb73503140, 0x000002bb735027a0, 0x000002bb73500ac0,
0x000002bb73501930, 0x000002bb73501e00, 0x000002bb73500f90, 0x000002bb73503610,
0x000002bb73502c70, 0x000002bb73501460, 0x000002bb73503ae0, 0x000002bb756c4580,
0x000002bb73085f50, 0x000002bb73087290, 0x000002bb73088f70, 0x000002bb73087760,
0x000002bb73084c10
}

Java Threads: ( => current thread )
  0x000002bb725f5750 JavaThread "Reference Handler" daemon [_thread_blocked, id=17616, stack(0x000000c120400000,0x000000c120500000)]
  0x000002bb725f82e0 JavaThread "Finalizer" daemon [_thread_blocked, id=10780, stack(0x000000c120500000,0x000000c120600000)]
  0x000002bb72628d30 JavaThread "Signal Dispatcher" daemon [_thread_blocked, id=11724, stack(0x000000c120600000,0x000000c120700000)]
  0x000002bb726298b0 JavaThread "Attach Listener" daemon [_thread_blocked, id=19204, stack(0x000000c120700000,0x000000c120800000)]
  0x000002bb7262b180 JavaThread "Service Thread" daemon [_thread_blocked, id=872, stack(0x000000c120800000,0x000000c120900000)]
  0x000002bb7262ef40 JavaThread "Monitor Deflation Thread" daemon [_thread_blocked, id=11876, stack(0x000000c120900000,0x000000c120a00000)]
  0x000002bb7262f8b0 JavaThread "C1 CompilerThread0" daemon [_thread_blocked, id=15964, stack(0x000000c120a00000,0x000000c120b00000)]
  0x000002bb726381c0 JavaThread "Sweeper thread" daemon [_thread_blocked, id=7548, stack(0x000000c120b00000,0x000000c120c00000)]
  0x000002bb7313eeb0 JavaThread "Notification Thread" daemon [_thread_blocked, id=12380, stack(0x000000c120e00000,0x000000c120f00000)]
  0x000002bb73149550 JavaThread "Common-Cleaner" daemon [_thread_blocked, id=16724, stack(0x000000c121000000,0x000000c121100000)]
  0x000002bb7579d830 JavaThread "pool-7-thread-1" [_thread_blocked, id=11704, stack(0x000000c121c00000,0x000000c121d00000)]
  0x000002bb75784530 JavaThread "LanguageServerApp-lifecycle" [_thread_blocked, id=12428, stack(0x000000c121d00000,0x000000c121e00000)]
  0x000002bb65404f90 JavaThread "DestroyJavaVM" [_thread_blocked, id=8820, stack(0x000000c11fd00000,0x000000c11fe00000)]
  0x000002bb7580c570 JavaThread "pool-8-thread-1" [_thread_in_native, id=20204, stack(0x000000c121e00000,0x000000c121f00000)]
  0x000002bb7583e160 JavaThread "Simple-Language-Server main thread" daemon [_thread_blocked, id=20928, stack(0x000000c121f00000,0x000000c122000000)]
  0x000002bb7360f070 JavaThread "pool-5-thread-1" [_thread_blocked, id=5148, stack(0x000000c122000000,0x000000c122100000)]
  0x000002bb7375ee20 JavaThread "Reconciler-1" [_thread_blocked, id=13688, stack(0x000000c122100000,0x000000c122200000)]
  0x000002bb730dc340 JavaThread "parallel-1" daemon [_thread_blocked, id=22360, stack(0x000000c122200000,0x000000c122300000)]
  0x000002bb756c4f20 JavaThread "pool-3-thread-1" [_thread_blocked, id=6240, stack(0x000000c122500000,0x000000c122600000)]
  0x000002bb73500120 JavaThread "pool-2-thread-11" [_thread_blocked, id=3720, stack(0x000000c11fc00000,0x000000c11fd00000)]
  0x000002bb735005f0 JavaThread "pool-6-thread-1" [_thread_blocked, id=10044, stack(0x000000c11fb00000,0x000000c11fc00000)]
  0x000002bb73503140 JavaThread "pool-6-thread-2" [_thread_blocked, id=19452, stack(0x000000c120c00000,0x000000c120d00000)]
  0x000002bb735027a0 JavaThread "pool-6-thread-3" [_thread_blocked, id=20232, stack(0x000000c120d00000,0x000000c120e00000)]
  0x000002bb73500ac0 JavaThread "pool-4-thread-1" [_thread_blocked, id=16304, stack(0x000000c122300000,0x000000c122400000)]
  0x000002bb73501930 JavaThread "RMI RenewClean-[192.168.1.6:51059]" daemon [_thread_blocked, id=20720, stack(0x000000c122400000,0x000000c122500000)]
  0x000002bb73501e00 JavaThread "RMI GC Daemon" daemon [_thread_blocked, id=16504, stack(0x000000c122600000,0x000000c122700000)]
  0x000002bb73500f90 JavaThread "RMI Scheduler(0)" daemon [_thread_blocked, id=11880, stack(0x000000c122700000,0x000000c122800000)]
  0x000002bb73503610 JavaThread "pool-4-thread-2" [_thread_blocked, id=5328, stack(0x000000c122900000,0x000000c122a00000)]
  0x000002bb73502c70 JavaThread "pool-4-thread-3" [_thread_blocked, id=5488, stack(0x000000c122a00000,0x000000c122b00000)]
  0x000002bb73501460 JavaThread "pool-4-thread-4" [_thread_blocked, id=4748, stack(0x000000c11fa00000,0x000000c11fb00000)]
  0x000002bb73503ae0 JavaThread "pool-4-thread-5" [_thread_blocked, id=4256, stack(0x000000c122b00000,0x000000c122c00000)]
  0x000002bb756c4580 JavaThread "pool-4-thread-6" [_thread_blocked, id=2836, stack(0x000000c122c00000,0x000000c122d00000)]
  0x000002bb73085f50 JavaThread "pool-4-thread-7" [_thread_blocked, id=3312, stack(0x000000c122d00000,0x000000c122e00000)]
  0x000002bb73087290 JavaThread "pool-4-thread-8" [_thread_blocked, id=20192, stack(0x000000c122e00000,0x000000c122f00000)]
  0x000002bb73088f70 JavaThread "pool-4-thread-9" [_thread_blocked, id=15804, stack(0x000000c122f00000,0x000000c123000000)]
  0x000002bb73087760 JavaThread "pool-4-thread-10" [_thread_blocked, id=12748, stack(0x000000c123000000,0x000000c123100000)]
  0x000002bb73084c10 JavaThread "pool-2-thread-12" [_thread_blocked, id=5832, stack(0x000000c122800000,0x000000c122900000)]

Other Threads:
=>0x000002bb725dcfa0 VMThread "VM Thread" [stack: 0x000000c120300000,0x000000c120400000] [id=13240]
  0x000002bb65465760 WatcherThread [stack: 0x000000c120f00000,0x000000c121000000] [id=22476]
  0x000002bb65441720 GCTaskThread "GC Thread#0" [stack: 0x000000c11fe00000,0x000000c11ff00000] [id=632]
  0x000002bb739713f0 GCTaskThread "GC Thread#1" [stack: 0x000000c121100000,0x000000c121200000] [id=12016]
  0x000002bb739ca2a0 GCTaskThread "GC Thread#2" [stack: 0x000000c121200000,0x000000c121300000] [id=15040]
  0x000002bb739ca550 GCTaskThread "GC Thread#3" [stack: 0x000000c121300000,0x000000c121400000] [id=13700]
  0x000002bb739ca800 GCTaskThread "GC Thread#4" [stack: 0x000000c121400000,0x000000c121500000] [id=18656]
  0x000002bb739caeb0 GCTaskThread "GC Thread#5" [stack: 0x000000c121500000,0x000000c121600000] [id=19260]
  0x000002bb739cb160 GCTaskThread "GC Thread#6" [stack: 0x000000c121600000,0x000000c121700000] [id=17992]
  0x000002bb739086e0 GCTaskThread "GC Thread#7" [stack: 0x000000c121700000,0x000000c121800000] [id=14468]
  0x000002bb7546d010 GCTaskThread "GC Thread#8" [stack: 0x000000c121800000,0x000000c121900000] [id=17596]
  0x000002bb7546d6d0 GCTaskThread "GC Thread#9" [stack: 0x000000c121900000,0x000000c121a00000] [id=13356]
  0x000002bb654520c0 ConcurrentGCThread "G1 Main Marker" [stack: 0x000000c11ff00000,0x000000c120000000] [id=22492]
  0x000002bb65455090 ConcurrentGCThread "G1 Conc#0" [stack: 0x000000c120000000,0x000000c120100000] [id=12624]
  0x000002bb75588990 ConcurrentGCThread "G1 Conc#1" [stack: 0x000000c121a00000,0x000000c121b00000] [id=22052]
  0x000002bb73befc40 ConcurrentGCThread "G1 Conc#2" [stack: 0x000000c121b00000,0x000000c121c00000] [id=13384]
  0x000002bb654d6790 ConcurrentGCThread "G1 Refine#0" [stack: 0x000000c120100000,0x000000c120200000] [id=20968]
  0x000002bb654d6fc0 ConcurrentGCThread "G1 Service" [stack: 0x000000c120200000,0x000000c120300000] [id=10892]

Threads with active compile tasks:

VM state: at safepoint (normal execution)

VM Mutex/Monitor currently owned by a thread:  ([mutex/lock_event])
[0x000002bb653fff00] Threads_lock - owner thread: 0x000002bb725dcfa0
[0x000002bb65400f50] Heap_lock - owner thread: 0x000002bb7579d830

Heap address: 0x000000008a600000, size: 1882 MB, Compressed Oops mode: 32-bit

CDS archive(s) not mapped
Compressed class space mapped at: 0x0000000100000000-0x0000000140000000, reserved size: 1073741824
Narrow klass base: 0x0000000000000000, Narrow klass shift: 3, Narrow klass range: 0x140000000

GC Precious Log:
 CPUs: 12 total, 12 available
 Memory: 7524M
 Large Page Support: Disabled
 NUMA Support: Disabled
 Compressed Oops: Enabled (32-bit)
 Heap Region Size: 1M
 Heap Min Capacity: 8M
 Heap Initial Capacity: 118M
 Heap Max Capacity: 1882M
 Pre-touch: Disabled
 Parallel Workers: 10
 Concurrent Workers: 3
 Concurrent Refinement Workers: 10
 Periodic GC: Disabled

Heap:
 garbage-first heap   total 51200K, used 24716K [0x000000008a600000, 0x0000000100000000)
  region size 1024K, 13 young (13312K), 1 survivors (1024K)
 Metaspace       used 34230K, committed 34624K, reserved 1081344K
  class space    used 4522K, committed 4672K, reserved 1048576K

Heap Regions: E=young(eden), S=young(survivor), O=old, HS=humongous(starts), HC=humongous(continues), CS=collection set, F=free, OA=open archive, CA=closed archive, TAMS=top-at-mark-start (previous, next)
|   0|0x000000008a600000, 0x000000008a700000, 0x000000008a700000|100%| O|  |TAMS 0x000000008a700000, 0x000000008a600000| Untracked 
|   1|0x000000008a700000, 0x000000008a800000, 0x000000008a800000|100%| O|  |TAMS 0x000000008a800000, 0x000000008a700000| Untracked 
|   2|0x000000008a800000, 0x000000008a8fe208, 0x000000008a900000| 99%| O|  |TAMS 0x000000008a8fe208, 0x000000008a800000| Untracked 
|   3|0x000000008a900000, 0x000000008aa00000, 0x000000008aa00000|100%| O|  |TAMS 0x000000008aa00000, 0x000000008a900000| Untracked 
|   4|0x000000008aa00000, 0x000000008ab00000, 0x000000008ab00000|100%| O|  |TAMS 0x000000008ab00000, 0x000000008aa00000| Untracked 
|   5|0x000000008ab00000, 0x000000008abfffe8, 0x000000008ac00000| 99%| O|  |TAMS 0x000000008abfffe8, 0x000000008ab00000| Untracked 
|   6|0x000000008ac00000, 0x000000008acfffe8, 0x000000008ad00000| 99%| O|  |TAMS 0x000000008acfffe8, 0x000000008ac00000| Untracked 
|   7|0x000000008ad00000, 0x000000008adff540, 0x000000008ae00000| 99%| O|  |TAMS 0x000000008adff540, 0x000000008ad00000| Untracked 
|   8|0x000000008ae00000, 0x000000008aefffc0, 0x000000008af00000| 99%| O|  |TAMS 0x000000008aefffc0, 0x000000008ae00000| Untracked 
|   9|0x000000008af00000, 0x000000008afffff8, 0x000000008b000000| 99%| O|  |TAMS 0x000000008afffff8, 0x000000008af00000| Untracked 
|  10|0x000000008b000000, 0x000000008b0f7958, 0x000000008b100000| 96%| O|  |TAMS 0x000000008b0f7958, 0x000000008b000000| Untracked 
|  11|0x000000008b100000, 0x000000008b199000, 0x000000008b200000| 59%| O|  |TAMS 0x000000008b100000, 0x000000008b100000| Untracked 
|  12|0x000000008b200000, 0x000000008b255700, 0x000000008b300000| 33%| O|  |TAMS 0x000000008b200000, 0x000000008b200000| Untracked 
|  13|0x000000008b300000, 0x000000008b3363e0, 0x000000008b400000| 21%| O|  |TAMS 0x000000008b300000, 0x000000008b300000| Untracked 
|  14|0x000000008b400000, 0x000000008b400000, 0x000000008b500000|  0%| F|  |TAMS 0x000000008b400000, 0x000000008b400000| Untracked 
|  15|0x000000008b500000, 0x000000008b500000, 0x000000008b600000|  0%| F|  |TAMS 0x000000008b500000, 0x000000008b500000| Untracked 
|  16|0x000000008b600000, 0x000000008b600000, 0x000000008b700000|  0%| F|  |TAMS 0x000000008b600000, 0x000000008b600000| Untracked 
|  17|0x000000008b700000, 0x000000008b7c8048, 0x000000008b800000| 78%| O|  |TAMS 0x000000008b700000, 0x000000008b700000| Untracked 
|  18|0x000000008b800000, 0x000000008b800000, 0x000000008b900000|  0%| F|  |TAMS 0x000000008b800000, 0x000000008b800000| Untracked 
|  19|0x000000008b900000, 0x000000008b900000, 0x000000008ba00000|  0%| F|  |TAMS 0x000000008b900000, 0x000000008b900000| Untracked 
|  20|0x000000008ba00000, 0x000000008ba00000, 0x000000008bb00000|  0%| F|  |TAMS 0x000000008ba00000, 0x000000008ba00000| Untracked 
|  21|0x000000008bb00000, 0x000000008bb00000, 0x000000008bc00000|  0%| F|  |TAMS 0x000000008bb00000, 0x000000008bb00000| Untracked 
|  22|0x000000008bc00000, 0x000000008bc00000, 0x000000008bd00000|  0%| F|  |TAMS 0x000000008bc00000, 0x000000008bc00000| Untracked 
|  23|0x000000008bd00000, 0x000000008bd00000, 0x000000008be00000|  0%| F|  |TAMS 0x000000008bd00000, 0x000000008bd00000| Untracked 
|  24|0x000000008be00000, 0x000000008be00000, 0x000000008bf00000|  0%| F|  |TAMS 0x000000008be00000, 0x000000008be00000| Untracked 
|  25|0x000000008bf00000, 0x000000008bf00000, 0x000000008c000000|  0%| F|  |TAMS 0x000000008bf00000, 0x000000008bf00000| Untracked 
|  26|0x000000008c000000, 0x000000008c000000, 0x000000008c100000|  0%| F|  |TAMS 0x000000008c000000, 0x000000008c000000| Untracked 
|  27|0x000000008c100000, 0x000000008c141820, 0x000000008c200000| 25%| S|CS|TAMS 0x000000008c100000, 0x000000008c100000| Complete 
|  28|0x000000008c200000, 0x000000008c200000, 0x000000008c300000|  0%| F|  |TAMS 0x000000008c200000, 0x000000008c200000| Untracked 
|  29|0x000000008c300000, 0x000000008c300000, 0x000000008c400000|  0%| F|  |TAMS 0x000000008c300000, 0x000000008c300000| Untracked 
|  30|0x000000008c400000, 0x000000008c400000, 0x000000008c500000|  0%| F|  |TAMS 0x000000008c400000, 0x000000008c400000| Untracked 
|  31|0x000000008c500000, 0x000000008c500000, 0x000000008c600000|  0%| F|  |TAMS 0x000000008c500000, 0x000000008c500000| Untracked 
|  32|0x000000008c600000, 0x000000008c600000, 0x000000008c700000|  0%| F|  |TAMS 0x000000008c600000, 0x000000008c600000| Untracked 
|  33|0x000000008c700000, 0x000000008c700000, 0x000000008c800000|  0%| F|  |TAMS 0x000000008c700000, 0x000000008c700000| Untracked 
|  34|0x000000008c800000, 0x000000008c800000, 0x000000008c900000|  0%| F|  |TAMS 0x000000008c800000, 0x000000008c800000| Untracked 
|  35|0x000000008c900000, 0x000000008c900000, 0x000000008ca00000|  0%| F|  |TAMS 0x000000008c900000, 0x000000008c900000| Untracked 
|  36|0x000000008ca00000, 0x000000008ca00000, 0x000000008cb00000|  0%| F|  |TAMS 0x000000008ca00000, 0x000000008ca00000| Untracked 
|  37|0x000000008cb00000, 0x000000008cb00000, 0x000000008cc00000|  0%| F|  |TAMS 0x000000008cb00000, 0x000000008cb00000| Untracked 
|  38|0x000000008cc00000, 0x000000008cd00000, 0x000000008cd00000|100%| E|  |TAMS 0x000000008cc00000, 0x000000008cc00000| Complete 
|  39|0x000000008cd00000, 0x000000008ce00000, 0x000000008ce00000|100%| E|CS|TAMS 0x000000008cd00000, 0x000000008cd00000| Complete 
|  40|0x000000008ce00000, 0x000000008cf00000, 0x000000008cf00000|100%| E|CS|TAMS 0x000000008ce00000, 0x000000008ce00000| Complete 
|  41|0x000000008cf00000, 0x000000008d000000, 0x000000008d000000|100%| E|CS|TAMS 0x000000008cf00000, 0x000000008cf00000| Complete 
|  42|0x000000008d000000, 0x000000008d100000, 0x000000008d100000|100%| E|CS|TAMS 0x000000008d000000, 0x000000008d000000| Complete 
|  43|0x000000008d100000, 0x000000008d200000, 0x000000008d200000|100%| E|CS|TAMS 0x000000008d100000, 0x000000008d100000| Complete 
|  44|0x000000008d200000, 0x000000008d300000, 0x000000008d300000|100%| E|CS|TAMS 0x000000008d200000, 0x000000008d200000| Complete 
|  45|0x000000008d300000, 0x000000008d400000, 0x000000008d400000|100%| E|CS|TAMS 0x000000008d300000, 0x000000008d300000| Complete 
|  46|0x000000008d400000, 0x000000008d500000, 0x000000008d500000|100%| E|CS|TAMS 0x000000008d400000, 0x000000008d400000| Complete 
|  47|0x000000008d500000, 0x000000008d600000, 0x000000008d600000|100%| E|CS|TAMS 0x000000008d500000, 0x000000008d500000| Complete 
|  48|0x000000008d600000, 0x000000008d700000, 0x000000008d700000|100%| E|CS|TAMS 0x000000008d600000, 0x000000008d600000| Complete 
|  49|0x000000008d700000, 0x000000008d800000, 0x000000008d800000|100%| E|CS|TAMS 0x000000008d700000, 0x000000008d700000| Complete 

Card table byte_map: [0x000002bb6b770000,0x000002bb6bb20000] _byte_map_base: 0x000002bb6b31d000

Marking Bits (Prev, Next): (CMBitMap*) 0x000002bb65442c90, (CMBitMap*) 0x000002bb65442c50
 Prev Bits: [0x000002bb6dc40000, 0x000002bb6f9a8000)
 Next Bits: [0x000002bb6bed0000, 0x000002bb6dc38000)

Polling page: 0x000002bb63380000

Metaspace:

Usage:
  Non-class:     29.01 MB used.
      Class:      4.42 MB used.
       Both:     33.43 MB used.

Virtual space:
  Non-class space:       32.00 MB reserved,      29.25 MB ( 91%) committed,  4 nodes.
      Class space:        1.00 GB reserved,       4.56 MB ( <1%) committed,  1 nodes.
             Both:        1.03 GB reserved,      33.81 MB (  3%) committed. 

Chunk freelists:
   Non-Class:  2.49 MB
       Class:  3.45 MB
        Both:  5.94 MB

MaxMetaspaceSize: unlimited
CompressedClassSpaceSize: 1.00 GB
Initial GC threshold: 21.00 MB
Current GC threshold: 53.25 MB
CDS: off
MetaspaceReclaimPolicy: balanced
 - commit_granule_bytes: 65536.
 - commit_granule_words: 8192.
 - virtual_space_node_default_size: 1048576.
 - enlarge_chunks_in_place: 1.
 - new_chunks_are_fully_committed: 0.
 - uncommit_free_chunks: 1.
 - use_allocation_guard: 0.
 - handle_deallocations: 1.


Internal statistics:

num_allocs_failed_limit: 3.
num_arena_births: 542.
num_arena_deaths: 96.
num_vsnodes_births: 5.
num_vsnodes_deaths: 0.
num_space_committed: 541.
num_space_uncommitted: 0.
num_chunks_returned_to_freelist: 103.
num_chunks_taken_from_freelist: 1615.
num_chunk_merges: 32.
num_chunk_splits: 990.
num_chunks_enlarged: 673.
num_purges: 4.
num_inconsistent_stats: 0.

CodeCache: size=49152Kb used=8330Kb max_used=10004Kb free=40821Kb
 bounds [0x000002bb68090000, 0x000002bb68b00000, 0x000002bb6b090000]
 total_blobs=5093 nmethods=4582 adapters=437
 compilation: enabled
              stopped_count=0, restarted_count=0
 full_count=0

Compilation events (20 events):
Event: 1120.338 Thread 0x000002bb7374cf50 nmethod 4572 0x000002bb6883b710 code [0x000002bb6883b900, 0x000002bb6883bd78]
Event: 1120.338 Thread 0x000002bb7374d460 nmethod 4573 0x000002bb6883ae90 code [0x000002bb6883b080, 0x000002bb6883b498]
Event: 1120.757 Thread 0x000002bb7374d460 4574   !   1       java.io.PrintStream::flush (35 bytes)
Event: 1120.757 Thread 0x000002bb7262f8b0 4575       1       java.util.ArrayList$Itr::next (66 bytes)
Event: 1120.758 Thread 0x000002bb7374d460 nmethod 4574 0x000002bb6883a890 code [0x000002bb6883aa40, 0x000002bb6883acf8]
Event: 1120.758 Thread 0x000002bb7262f8b0 nmethod 4575 0x000002bb6883a210 code [0x000002bb6883a3e0, 0x000002bb6883a6c8]
Event: 1122.755 Thread 0x000002bb7374ca40 4577       1       ch.qos.logback.core.joran.spi.ConsoleTarget$2::flush (7 bytes)
Event: 1122.755 Thread 0x000002bb7262f8b0 4576       1       ch.qos.logback.core.joran.spi.ConsoleTarget$2::write (8 bytes)
Event: 1122.755 Thread 0x000002bb7262f8b0 nmethod 4576 0x000002bb68839e90 code [0x000002bb6883a020, 0x000002bb6883a128]
Event: 1122.755 Thread 0x000002bb7374ca40 nmethod 4577 0x000002bb68839810 code [0x000002bb688399c0, 0x000002bb68839c98]
Event: 1127.108 Thread 0x000002bb7374ca40 4578   !   1       org.springframework.ide.vscode.commons.util.BasicFileObserver::paths_get (35 bytes)
Event: 1127.108 Thread 0x000002bb7262f8b0 4579   !   1       com.google.common.cache.LocalCache$Segment::clear (169 bytes)
Event: 1127.109 Thread 0x000002bb7374ca40 nmethod 4578 0x000002bb68838f10 code [0x000002bb68839100, 0x000002bb688395e8]
Event: 1127.110 Thread 0x000002bb7262f8b0 nmethod 4579 0x000002bb68836d10 code [0x000002bb688370c0, 0x000002bb68837f38]
Event: 1141.725 Thread 0x000002bb7262f8b0 4580       1       java.util.stream.Collectors$$Lambda$98/0x0000000100184530::get (8 bytes)
Event: 1141.725 Thread 0x000002bb7262f8b0 nmethod 4580 0x000002bb68836990 code [0x000002bb68836b20, 0x000002bb68836c98]
Event: 1153.769 Thread 0x000002bb7262f8b0 4581       1       java.util.concurrent.locks.AbstractQueuedSynchronizer$Node::clearStatus (12 bytes)
Event: 1153.769 Thread 0x000002bb7262f8b0 nmethod 4581 0x000002bb68836690 code [0x000002bb68836820, 0x000002bb688368f8]
Event: 1153.769 Thread 0x000002bb7262f8b0 4582       1       jdk.internal.misc.Unsafe::putIntOpaque (9 bytes)
Event: 1153.769 Thread 0x000002bb7262f8b0 nmethod 4582 0x000002bb68836390 code [0x000002bb68836520, 0x000002bb688365f8]

GC Heap History (20 events):
Event: 2.819 GC heap before
{Heap before GC invocations=2 (full 0):
 garbage-first heap   total 120832K, used 19676K [0x000000008a600000, 0x0000000100000000)
  region size 1024K, 15 young (15360K), 3 survivors (3072K)
 Metaspace       used 21298K, committed 21504K, reserved 1073152K
  class space    used 2665K, committed 2816K, reserved 1048576K
}
Event: 2.822 GC heap after
{Heap after GC invocations=3 (full 0):
 garbage-first heap   total 120832K, used 9220K [0x000000008a600000, 0x0000000100000000)
  region size 1024K, 4 young (4096K), 4 survivors (4096K)
 Metaspace       used 21298K, committed 21504K, reserved 1073152K
  class space    used 2665K, committed 2816K, reserved 1048576K
}
Event: 3.136 GC heap before
{Heap before GC invocations=4 (full 0):
 garbage-first heap   total 37888K, used 26628K [0x000000008a600000, 0x0000000100000000)
  region size 1024K, 22 young (22528K), 4 survivors (4096K)
 Metaspace       used 24124K, committed 24448K, reserved 1073152K
  class space    used 3098K, committed 3264K, reserved 1048576K
}
Event: 3.142 GC heap after
{Heap after GC invocations=5 (full 0):
 garbage-first heap   total 37888K, used 11385K [0x000000008a600000, 0x0000000100000000)
  region size 1024K, 3 young (3072K), 3 survivors (3072K)
 Metaspace       used 24124K, committed 24448K, reserved 1073152K
  class space    used 3098K, committed 3264K, reserved 1048576K
}
Event: 3.146 GC heap before
{Heap before GC invocations=5 (full 0):
 garbage-first heap   total 37888K, used 12409K [0x000000008a600000, 0x0000000100000000)
  region size 1024K, 4 young (4096K), 3 survivors (3072K)
 Metaspace       used 24124K, committed 24448K, reserved 1073152K
  class space    used 3098K, committed 3264K, reserved 1048576K
}
Event: 3.150 GC heap after
{Heap after GC invocations=6 (full 0):
 garbage-first heap   total 37888K, used 12071K [0x000000008a600000, 0x0000000100000000)
  region size 1024K, 1 young (1024K), 1 survivors (1024K)
 Metaspace       used 24124K, committed 24448K, reserved 1073152K
  class space    used 3098K, committed 3264K, reserved 1048576K
}
Event: 3.448 GC heap before
{Heap before GC invocations=6 (full 0):
 garbage-first heap   total 37888K, used 25383K [0x000000008a600000, 0x0000000100000000)
  region size 1024K, 15 young (15360K), 1 survivors (1024K)
 Metaspace       used 27178K, committed 27392K, reserved 1073152K
  class space    used 3555K, committed 3648K, reserved 1048576K
}
Event: 3.450 GC heap after
{Heap after GC invocations=7 (full 0):
 garbage-first heap   total 37888K, used 13082K [0x000000008a600000, 0x0000000100000000)
  region size 1024K, 2 young (2048K), 2 survivors (2048K)
 Metaspace       used 27178K, committed 27392K, reserved 1073152K
  class space    used 3555K, committed 3648K, reserved 1048576K
}
Event: 6.920 GC heap before
{Heap before GC invocations=7 (full 0):
 garbage-first heap   total 37888K, used 26394K [0x000000008a600000, 0x0000000100000000)
  region size 1024K, 16 young (16384K), 2 survivors (2048K)
 Metaspace       used 29948K, committed 30208K, reserved 1081344K
  class space    used 3982K, committed 4096K, reserved 1048576K
}
Event: 6.923 GC heap after
{Heap after GC invocations=8 (full 0):
 garbage-first heap   total 37888K, used 14470K [0x000000008a600000, 0x0000000100000000)
  region size 1024K, 2 young (2048K), 2 survivors (2048K)
 Metaspace       used 29948K, committed 30208K, reserved 1081344K
  class space    used 3982K, committed 4096K, reserved 1048576K
}
Event: 7.041 GC heap before
{Heap before GC invocations=8 (full 0):
 garbage-first heap   total 37888K, used 26758K [0x000000008a600000, 0x0000000100000000)
  region size 1024K, 15 young (15360K), 2 survivors (2048K)
 Metaspace       used 31605K, committed 31872K, reserved 1081344K
  class space    used 4105K, committed 4224K, reserved 1048576K
}
Event: 7.042 GC heap after
{Heap after GC invocations=9 (full 0):
 garbage-first heap   total 37888K, used 16307K [0x000000008a600000, 0x0000000100000000)
  region size 1024K, 2 young (2048K), 2 survivors (2048K)
 Metaspace       used 31605K, committed 31872K, reserved 1081344K
  class space    used 4105K, committed 4224K, reserved 1048576K
}
Event: 104.077 GC heap before
{Heap before GC invocations=9 (full 0):
 garbage-first heap   total 37888K, used 26547K [0x000000008a600000, 0x0000000100000000)
  region size 1024K, 13 young (13312K), 2 survivors (2048K)
 Metaspace       used 32213K, committed 32576K, reserved 1081344K
  class space    used 4203K, committed 4352K, reserved 1048576K
}
Event: 104.079 GC heap after
{Heap after GC invocations=10 (full 0):
 garbage-first heap   total 77824K, used 17671K [0x000000008a600000, 0x0000000100000000)
  region size 1024K, 2 young (2048K), 2 survivors (2048K)
 Metaspace       used 32213K, committed 32576K, reserved 1081344K
  class space    used 4203K, committed 4352K, reserved 1048576K
}
Event: 403.596 GC heap before
{Heap before GC invocations=10 (full 0):
 garbage-first heap   total 77824K, used 26887K [0x000000008a600000, 0x0000000100000000)
  region size 1024K, 12 young (12288K), 2 survivors (2048K)
 Metaspace       used 32398K, committed 32704K, reserved 1081344K
  class space    used 4233K, committed 4352K, reserved 1048576K
}
Event: 403.607 GC heap after
{Heap after GC invocations=11 (full 1):
 garbage-first heap   total 55296K, used 13442K [0x000000008a600000, 0x0000000100000000)
  region size 1024K, 0 young (0K), 0 survivors (0K)
 Metaspace       used 32323K, committed 32704K, reserved 1081344K
  class space    used 4215K, committed 4352K, reserved 1048576K
}
Event: 413.698 GC heap before
{Heap before GC invocations=11 (full 1):
 garbage-first heap   total 55296K, used 13442K [0x000000008a600000, 0x0000000100000000)
  region size 1024K, 1 young (1024K), 0 survivors (0K)
 Metaspace       used 32323K, committed 32704K, reserved 1081344K
  class space    used 4215K, committed 4352K, reserved 1048576K
}
Event: 413.707 GC heap after
{Heap after GC invocations=12 (full 2):
 garbage-first heap   total 51200K, used 13190K [0x000000008a600000, 0x0000000100000000)
  region size 1024K, 0 young (0K), 0 survivors (0K)
 Metaspace       used 32302K, committed 32704K, reserved 1081344K
  class space    used 4209K, committed 4352K, reserved 1048576K
}
Event: 1051.321 GC heap before
{Heap before GC invocations=12 (full 2):
 garbage-first heap   total 51200K, used 35718K [0x000000008a600000, 0x0000000100000000)
  region size 1024K, 22 young (22528K), 0 survivors (0K)
 Metaspace       used 32560K, committed 32896K, reserved 1081344K
  class space    used 4268K, committed 4416K, reserved 1048576K
}
Event: 1051.321 GC heap after
{Heap after GC invocations=13 (full 2):
 garbage-first heap   total 51200K, used 13452K [0x000000008a600000, 0x0000000100000000)
  region size 1024K, 1 young (1024K), 1 survivors (1024K)
 Metaspace       used 32560K, committed 32896K, reserved 1081344K
  class space    used 4268K, committed 4416K, reserved 1048576K
}

Deoptimization events (14 events):
Event: 1.967 Thread 0x000002bb65404f90 DEOPT PACKING pc=0x000002bb683ffe75 sp=0x000000c11fdfdc10
Event: 1.967 Thread 0x000002bb65404f90 DEOPT UNPACKING pc=0x000002bb680e2b43 sp=0x000000c11fdfd080 mode 3
Event: 2.555 Thread 0x000002bb65404f90 DEOPT PACKING pc=0x000002bb68505499 sp=0x000000c11fdfd3c0
Event: 2.555 Thread 0x000002bb65404f90 DEOPT UNPACKING pc=0x000002bb680e2b43 sp=0x000000c11fdfc8a0 mode 3
Event: 2.818 Thread 0x000002bb65404f90 DEOPT PACKING pc=0x000002bb685c9075 sp=0x000000c11fdfe250
Event: 2.818 Thread 0x000002bb65404f90 DEOPT UNPACKING pc=0x000002bb680e2b43 sp=0x000000c11fdfd6c0 mode 3
Event: 6.647 Thread 0x000002bb7583e160 DEOPT PACKING pc=0x000002bb686fae35 sp=0x000000c121ffda90
Event: 6.647 Thread 0x000002bb7583e160 DEOPT UNPACKING pc=0x000002bb680e2b43 sp=0x000000c121ffcfb8 mode 3
Event: 6.810 Thread 0x000002bb7580c570 DEOPT PACKING pc=0x000002bb6850cc81 sp=0x000000c121efdcf0
Event: 6.810 Thread 0x000002bb7580c570 DEOPT UNPACKING pc=0x000002bb680e2b43 sp=0x000000c121efd180 mode 3
Event: 7.097 Thread 0x000002bb7583e160 DEOPT PACKING pc=0x000002bb68502897 sp=0x000000c121fff0a0
Event: 7.097 Thread 0x000002bb7583e160 DEOPT UNPACKING pc=0x000002bb680e2b43 sp=0x000000c121ffe4f8 mode 3
Event: 414.859 Thread 0x000002bb7580c570 DEOPT PACKING pc=0x000002bb686240d4 sp=0x000000c121eff1c0
Event: 414.859 Thread 0x000002bb7580c570 DEOPT UNPACKING pc=0x000002bb680e2b43 sp=0x000000c121efe648 mode 0

Classes unloaded (20 events):
Event: 403.600 Thread 0x000002bb725dcfa0 Unloading class 0x00000001001dd400 'java/lang/invoke/LambdaForm$MH+0x00000001001dd400'
Event: 403.600 Thread 0x000002bb725dcfa0 Unloading class 0x00000001000ca800 'java/lang/invoke/LambdaForm$MH+0x00000001000ca800'
Event: 403.600 Thread 0x000002bb725dcfa0 Unloading class 0x00000001000ca000 'java/lang/invoke/LambdaForm$MH+0x00000001000ca000'
Event: 403.600 Thread 0x000002bb725dcfa0 Unloading class 0x00000001000c9c00 'java/lang/invoke/LambdaForm$MH+0x00000001000c9c00'
Event: 403.600 Thread 0x000002bb725dcfa0 Unloading class 0x00000001000c9800 'java/lang/invoke/LambdaForm$MH+0x00000001000c9800'
Event: 403.600 Thread 0x000002bb725dcfa0 Unloading class 0x00000001000c9000 'java/lang/invoke/LambdaForm$MH+0x00000001000c9000'
Event: 403.600 Thread 0x000002bb725dcfa0 Unloading class 0x00000001000c8c00 'java/lang/invoke/LambdaForm$MH+0x00000001000c8c00'
Event: 403.600 Thread 0x000002bb725dcfa0 Unloading class 0x00000001000c8800 'java/lang/invoke/LambdaForm$MH+0x00000001000c8800'
Event: 403.600 Thread 0x000002bb725dcfa0 Unloading class 0x00000001000c8000 'java/lang/invoke/LambdaForm$MH+0x00000001000c8000'
Event: 413.701 Thread 0x000002bb725dcfa0 Unloading class 0x000000010043c800 'java/lang/invoke/LambdaForm$DMH+0x000000010043c800'
Event: 413.701 Thread 0x000002bb725dcfa0 Unloading class 0x000000010042d800 'java/lang/invoke/LambdaForm$MH+0x000000010042d800'
Event: 413.701 Thread 0x000002bb725dcfa0 Unloading class 0x000000010042d400 'java/lang/invoke/LambdaForm$MH+0x000000010042d400'
Event: 413.701 Thread 0x000002bb725dcfa0 Unloading class 0x000000010042d000 'java/lang/invoke/LambdaForm$MH+0x000000010042d000'
Event: 413.701 Thread 0x000002bb725dcfa0 Unloading class 0x000000010042c400 'java/lang/invoke/LambdaForm$MH+0x000000010042c400'
Event: 413.701 Thread 0x000002bb725dcfa0 Unloading class 0x000000010042c000 'java/lang/invoke/LambdaForm$MH+0x000000010042c000'
Event: 413.701 Thread 0x000002bb725dcfa0 Unloading class 0x000000010042bc00 'java/lang/invoke/LambdaForm$MH+0x000000010042bc00'
Event: 413.701 Thread 0x000002bb725dcfa0 Unloading class 0x000000010042b800 'java/lang/invoke/LambdaForm$MH+0x000000010042b800'
Event: 413.701 Thread 0x000002bb725dcfa0 Unloading class 0x000000010042b400 'java/lang/invoke/LambdaForm$MH+0x000000010042b400'
Event: 413.701 Thread 0x000002bb725dcfa0 Unloading class 0x000000010042b000 'java/lang/invoke/LambdaForm$MH+0x000000010042b000'
Event: 413.701 Thread 0x000002bb725dcfa0 Unloading class 0x00000001002e1400 'java/lang/invoke/LambdaForm$MH+0x00000001002e1400'

Classes redefined (0 events):
No events

Internal exceptions (20 events):
Event: 6.758 Thread 0x000002bb7375ee20 Exception <a 'java/lang/NoSuchMethodError'{0x000000008c305c28}: 'int java.lang.invoke.DirectMethodHandle$Holder.invokeStaticInit(java.lang.Object)'> (0x000000008c305c28) 
thrown [e:\jenkins\tmp\workspace\build\src\src\hotspot\share\interpreter\linkResolver.cpp, line 766]
Event: 7.034 Thread 0x000002bb7583e160 Exception <a 'java/lang/NoSuchMethodError'{0x000000008bec20a8}: 'java.lang.Object java.lang.invoke.Invokers$Holder.invoke_MT(java.lang.Object, java.lang.Object, java.lang.Object)'> (0x000000008bec20a8) 
thrown [e:\jenkins\tmp\workspace\build\src\src\hotspot\share\interpreter\linkResolver.cpp, line 766]
Event: 7.095 Thread 0x000002bb7583e160 Exception <a 'java/lang/NoSuchMethodError'{0x000000008c254a98}: 'java.lang.Object java.lang.invoke.DirectMethodHandle$Holder.newInvokeSpecial(java.lang.Object, java.lang.Object, int)'> (0x000000008c254a98) 
thrown [e:\jenkins\tmp\workspace\build\src\src\hotspot\share\interpreter\linkResolver.cpp, line 766]
Event: 7.099 Thread 0x000002bb756c4f20 Exception <a 'java/lang/NoSuchMethodError'{0x000000008c2a1028}: 'java.lang.Object java.lang.invoke.Invokers$Holder.linkToTargetMethod(java.lang.Object, long, java.lang.Object)'> (0x000000008c2a1028) 
thrown [e:\jenkins\tmp\workspace\build\src\src\hotspot\share\interpreter\linkResolver.cpp, line 766]
Event: 23.490 Thread 0x000002bb7580c570 Exception <a 'java/lang/NoSuchMethodError'{0x000000008c044218}: 'void java.lang.invoke.DirectMethodHandle$Holder.invokeStatic(java.lang.Object, java.lang.Object, java.lang.Object, java.lang.Object, java.lang.Object, java.lang.Object)'> (0x000000008c044218) 
thrown [e:\jenkins\tmp\workspace\build\src\src\hotspot\share\interpreter\linkResolver.cpp, line 766]
Event: 104.076 Thread 0x000002bb730d0cc0 Exception <a 'java/lang/NoSuchMethodError'{0x000000008c0fa280}: 'java.lang.Object java.lang.invoke.DirectMethodHandle$Holder.invokeSpecial(java.lang.Object, java.lang.Object, int, java.lang.Object, java.lang.Object)'> (0x000000008c0fa280) 
thrown [e:\jenkins\tmp\workspace\build\src\src\hotspot\share\interpreter\linkResolver.cpp, line 766]
Event: 403.415 Thread 0x000002bb7579d830 Exception <a 'java/lang/NoSuchMethodError'{0x0000000090f7a640}: 'void java.lang.invoke.DirectMethodHandle$Holder.invokeStatic(java.lang.Object, long)'> (0x0000000090f7a640) 
thrown [e:\jenkins\tmp\workspace\build\src\src\hotspot\share\interpreter\linkResolver.cpp, line 766]
Event: 403.415 Thread 0x000002bb7579d830 Exception <a 'java/lang/NoSuchMethodError'{0x0000000090f7f9e8}: 'java.lang.Object java.lang.invoke.DirectMethodHandle$Holder.newInvokeSpecial(java.lang.Object, long)'> (0x0000000090f7f9e8) 
thrown [e:\jenkins\tmp\workspace\build\src\src\hotspot\share\interpreter\linkResolver.cpp, line 766]
Event: 403.416 Thread 0x000002bb7579d830 Exception <a 'java/lang/NoSuchMethodError'{0x0000000090f86300}: 'java.lang.Object java.lang.invoke.DirectMethodHandle$Holder.invokeStatic(java.lang.Object, java.lang.Object, long, java.lang.Object)'> (0x0000000090f86300) 
thrown [e:\jenkins\tmp\workspace\build\src\src\hotspot\share\interpreter\linkResolver.cpp, line 766]
Event: 403.416 Thread 0x000002bb7579d830 Exception <a 'java/lang/NoSuchMethodError'{0x0000000090f89d98}: 'java.lang.Object java.lang.invoke.DirectMethodHandle$Holder.invokeStaticInit(java.lang.Object, java.lang.Object, long, java.lang.Object)'> (0x0000000090f89d98) 
thrown [e:\jenkins\tmp\workspace\build\src\src\hotspot\share\interpreter\linkResolver.cpp, line 766]
Event: 403.416 Thread 0x000002bb7579d830 Exception <a 'java/lang/NoSuchMethodError'{0x000000008e8bcd88}: 'java.lang.Object java.lang.invoke.DirectMethodHandle$Holder.newInvokeSpecial(java.lang.Object, java.lang.Object, long)'> (0x000000008e8bcd88) 
thrown [e:\jenkins\tmp\workspace\build\src\src\hotspot\share\interpreter\linkResolver.cpp, line 766]
Event: 1051.320 Thread 0x000002bb7580c570 Exception <a 'java/lang/NoSuchMethodError'{0x000000008c2e9890}: 'java.lang.Object java.lang.invoke.DirectMethodHandle$Holder.invokeInterface(java.lang.Object, java.lang.Object, java.lang.Object)'> (0x000000008c2e9890) 
thrown [e:\jenkins\tmp\workspace\build\src\src\hotspot\share\interpreter\linkResolver.cpp, line 766]
Event: 1051.867 Thread 0x000002bb73500ac0 Exception <a 'java/lang/NoSuchMethodError'{0x000000008d544940}: 'int java.lang.invoke.DirectMethodHandle$Holder.invokeSpecialIFC(java.lang.Object, java.lang.Object, java.lang.Object)'> (0x000000008d544940) 
thrown [e:\jenkins\tmp\workspace\build\src\src\hotspot\share\interpreter\linkResolver.cpp, line 766]
Event: 1052.132 Thread 0x000002bb73500ac0 Exception <a 'java/lang/NoSuchMethodError'{0x000000008d4ac298}: static [Ljava/rmi/server/ObjID;.<clinit>()V> (0x000000008d4ac298) 
thrown [e:\jenkins\tmp\workspace\build\src\src\hotspot\share\prims\jni.cpp, line 1107]
Event: 1052.134 Thread 0x000002bb73500ac0 Exception <a 'java/lang/NoSuchMethodError'{0x000000008d4ce740}: static [B.<clinit>()V> (0x000000008d4ce740) 
thrown [e:\jenkins\tmp\workspace\build\src\src\hotspot\share\prims\jni.cpp, line 1107]
Event: 1052.152 Thread 0x000002bb73501930 Exception <a 'java/lang/InterruptedException'{0x000000008d4ed948}> (0x000000008d4ed948) 
thrown [e:\jenkins\tmp\workspace\build\src\src\hotspot\share\runtime\objectMonitor.cpp, line 1661]
Event: 1052.153 Thread 0x000002bb73501930 Exception <a 'java/lang/NoSuchMethodError'{0x000000008d4f60f0}: 'java.lang.Object java.lang.invoke.DirectMethodHandle$Holder.newInvokeSpecial(java.lang.Object, java.lang.Object, int, java.lang.Object, long)'> (0x000000008d4f60f0) 
thrown [e:\jenkins\tmp\workspace\build\src\src\hotspot\share\interpreter\linkResolver.cpp, line 766]
Event: 1052.219 Thread 0x000002bb73500ac0 Exception <a 'java/lang/NoSuchMethodError'{0x000000008d22f368}: static [Ljava/lang/String;.<clinit>()V> (0x000000008d22f368) 
thrown [e:\jenkins\tmp\workspace\build\src\src\hotspot\share\prims\jni.cpp, line 1107]
Event: 1082.376 Thread 0x000002bb73502c70 Exception <a 'java/lang/NoSuchMethodError'{0x000000008d0b6250}: 'java.lang.Object java.lang.invoke.DirectMethodHandle$Holder.newInvokeSpecial(java.lang.Object, java.lang.Object, java.lang.Object, java.lang.Object, java.lang.Object, int, java.lang.Object)'> (0x000000008d0b6250) 
thrown [e:\jenkins\tmp\workspace\build\src\src\hotspot\share\interpreter\linkResolver.cpp, line 766]
Event: 1082.376 Thread 0x000002bb735022d0 Exception <a 'java/lang/InterruptedException'{0x000000008d072de0}: sleep interrupted> (0x000000008d072de0) 
thrown [e:\jenkins\tmp\workspace\build\src\src\hotspot\share\prims\jvm.cpp, line 3067]

VM Operations (20 events):
Event: 1062.184 Executing VM operation: Cleanup done
Event: 1065.186 Executing VM operation: Cleanup
Event: 1065.186 Executing VM operation: Cleanup done
Event: 1067.152 Executing VM operation: HandshakeAllThreads
Event: 1067.152 Executing VM operation: HandshakeAllThreads done
Event: 1068.151 Executing VM operation: Cleanup
Event: 1068.151 Executing VM operation: Cleanup done
Event: 1071.152 Executing VM operation: Cleanup
Event: 1071.152 Executing VM operation: Cleanup done
Event: 1083.157 Executing VM operation: Cleanup
Event: 1083.157 Executing VM operation: Cleanup done
Event: 1119.172 Executing VM operation: Cleanup
Event: 1119.172 Executing VM operation: Cleanup done
Event: 1121.172 Executing VM operation: Cleanup
Event: 1121.172 Executing VM operation: Cleanup done
Event: 1123.173 Executing VM operation: Cleanup
Event: 1123.173 Executing VM operation: Cleanup done
Event: 1127.174 Executing VM operation: Cleanup
Event: 1127.174 Executing VM operation: Cleanup done
Event: 3496.873 Executing VM operation: G1CollectFull

Events (20 events):
Event: 1053.173 Thread 0x000002bb736cd020 Thread exited: 0x000002bb736cd020
Event: 1055.255 Thread 0x000002bb73501460 Thread added: 0x000002bb73501460
Event: 1058.269 Thread 0x000002bb73503ae0 Thread added: 0x000002bb73503ae0
Event: 1061.283 Thread 0x000002bb756c4580 Thread added: 0x000002bb756c4580
Event: 1064.295 Thread 0x000002bb73085f50 Thread added: 0x000002bb73085f50
Event: 1067.151 loading class java/util/ArrayList$ListItr
Event: 1067.151 loading class java/util/ArrayList$ListItr done
Event: 1067.309 Thread 0x000002bb73087290 Thread added: 0x000002bb73087290
Event: 1070.323 Thread 0x000002bb73088f70 Thread added: 0x000002bb73088f70
Event: 1073.336 Thread 0x000002bb73087760 Thread added: 0x000002bb73087760
Event: 1082.376 loading class javax/management/NotificationBroadcasterSupport$WildcardListenerInfo
Event: 1082.376 loading class javax/management/NotificationBroadcasterSupport$WildcardListenerInfo done
Event: 1082.377 Thread 0x000002bb735022d0 Thread exited: 0x000002bb735022d0
Event: 1120.336 Thread 0x000002bb7374ca40 Thread added: 0x000002bb7374ca40
Event: 1120.336 Thread 0x000002bb7374cf50 Thread added: 0x000002bb7374cf50
Event: 1120.336 Thread 0x000002bb7374d460 Thread added: 0x000002bb7374d460
Event: 1122.755 Thread 0x000002bb7374d460 Thread exited: 0x000002bb7374d460
Event: 1127.108 Thread 0x000002bb7374cf50 Thread exited: 0x000002bb7374cf50
Event: 1132.110 Thread 0x000002bb7374ca40 Thread exited: 0x000002bb7374ca40
Event: 1198.359 Thread 0x000002bb73084c10 Thread added: 0x000002bb73084c10


Dynamic libraries:
0x00007ff62a1a0000 - 0x00007ff62a1ae000 	c:\Users\Nisarg Shah\.vscode\extensions\redhat.java-1.6.0-win32-x64\jre\17.0.2-win32-x86_64\bin\java.exe
0x00007ffdfc160000 - 0x00007ffdfc369000 	C:\WINDOWS\SYSTEM32\ntdll.dll
0x00007ffdfb1f0000 - 0x00007ffdfb2ad000 	C:\WINDOWS\System32\KERNEL32.DLL
0x00007ffdf9b60000 - 0x00007ffdf9ed9000 	C:\WINDOWS\System32\KERNELBASE.dll
0x00007ffdf99d0000 - 0x00007ffdf9ae1000 	C:\WINDOWS\System32\ucrtbase.dll
0x00007ffde39e0000 - 0x00007ffde39f8000 	c:\Users\Nisarg Shah\.vscode\extensions\redhat.java-1.6.0-win32-x64\jre\17.0.2-win32-x86_64\bin\jli.dll
0x00007ffdfa650000 - 0x00007ffdfa7fc000 	C:\WINDOWS\System32\USER32.dll
0x00007ffde3360000 - 0x00007ffde3379000 	c:\Users\Nisarg Shah\.vscode\extensions\redhat.java-1.6.0-win32-x64\jre\17.0.2-win32-x86_64\bin\VCRUNTIME140.dll
0x00007ffdf99a0000 - 0x00007ffdf99c6000 	C:\WINDOWS\System32\win32u.dll
0x00007ffdfb540000 - 0x00007ffdfb569000 	C:\WINDOWS\System32\GDI32.dll
0x00007ffdf9710000 - 0x00007ffdf9822000 	C:\WINDOWS\System32\gdi32full.dll
0x00007ffdf9ee0000 - 0x00007ffdf9f7d000 	C:\WINDOWS\System32\msvcp_win.dll
0x00007ffdde0d0000 - 0x00007ffdde375000 	C:\WINDOWS\WinSxS\amd64_microsoft.windows.common-controls_6595b64144ccf1df_6.0.22000.120_none_9d947278b86cc467\COMCTL32.dll
0x00007ffdfa800000 - 0x00007ffdfa8a3000 	C:\WINDOWS\System32\msvcrt.dll
0x00007ffdfb1b0000 - 0x00007ffdfb1e1000 	C:\WINDOWS\System32\IMM32.DLL
0x00007ffdf5450000 - 0x00007ffdf545c000 	c:\Users\Nisarg Shah\.vscode\extensions\redhat.java-1.6.0-win32-x64\jre\17.0.2-win32-x86_64\bin\vcruntime140_1.dll
0x00007ffdb5e20000 - 0x00007ffdb5eb1000 	c:\Users\Nisarg Shah\.vscode\extensions\redhat.java-1.6.0-win32-x64\jre\17.0.2-win32-x86_64\bin\msvcp140.dll
0x00007ffda5db0000 - 0x00007ffda69f7000 	c:\Users\Nisarg Shah\.vscode\extensions\redhat.java-1.6.0-win32-x64\jre\17.0.2-win32-x86_64\bin\server\jvm.dll
0x00007ffdfa120000 - 0x00007ffdfa1ce000 	C:\WINDOWS\System32\ADVAPI32.dll
0x00007ffdfb110000 - 0x00007ffdfb1ae000 	C:\WINDOWS\System32\sechost.dll
0x00007ffdfb3c0000 - 0x00007ffdfb4e0000 	C:\WINDOWS\System32\RPCRT4.dll
0x00007ffdfa8b0000 - 0x00007ffdfa8b8000 	C:\WINDOWS\System32\PSAPI.DLL
0x00007ffdf26f0000 - 0x00007ffdf26fa000 	C:\WINDOWS\SYSTEM32\VERSION.dll
0x00007ffdf3030000 - 0x00007ffdf3063000 	C:\WINDOWS\SYSTEM32\WINMM.dll
0x00007ffdd7c80000 - 0x00007ffdd7c89000 	C:\WINDOWS\SYSTEM32\WSOCK32.dll
0x00007ffdfae10000 - 0x00007ffdfae7f000 	C:\WINDOWS\System32\WS2_32.dll
0x00007ffdf87c0000 - 0x00007ffdf87d8000 	C:\WINDOWS\SYSTEM32\kernel.appcore.dll
0x00007ffdf2cb0000 - 0x00007ffdf2cba000 	c:\Users\Nisarg Shah\.vscode\extensions\redhat.java-1.6.0-win32-x64\jre\17.0.2-win32-x86_64\bin\jimage.dll
0x00007ffdf71e0000 - 0x00007ffdf7401000 	C:\WINDOWS\SYSTEM32\DBGHELP.DLL
0x00007ffdd9210000 - 0x00007ffdd9241000 	C:\WINDOWS\SYSTEM32\dbgcore.DLL
0x00007ffdf9f80000 - 0x00007ffdf9fff000 	C:\WINDOWS\System32\bcryptPrimitives.dll
0x00007ffdc3c90000 - 0x00007ffdc3cb5000 	c:\Users\Nisarg Shah\.vscode\extensions\redhat.java-1.6.0-win32-x64\jre\17.0.2-win32-x86_64\bin\java.dll
0x00007ffde2dd0000 - 0x00007ffde2de8000 	c:\Users\Nisarg Shah\.vscode\extensions\redhat.java-1.6.0-win32-x64\jre\17.0.2-win32-x86_64\bin\zip.dll
0x00007ffdfb570000 - 0x00007ffdfbd1f000 	C:\WINDOWS\System32\SHELL32.dll
0x00007ffdf7740000 - 0x00007ffdf7fa8000 	C:\WINDOWS\SYSTEM32\windows.storage.dll
0x00007ffdfbd20000 - 0x00007ffdfc098000 	C:\WINDOWS\System32\combase.dll
0x00007ffdf75d0000 - 0x00007ffdf7736000 	C:\WINDOWS\SYSTEM32\wintypes.dll
0x00007ffdfb020000 - 0x00007ffdfb10a000 	C:\WINDOWS\System32\SHCORE.dll
0x00007ffdfb2b0000 - 0x00007ffdfb30d000 	C:\WINDOWS\System32\shlwapi.dll
0x00007ffdf9580000 - 0x00007ffdf95a1000 	C:\WINDOWS\SYSTEM32\profapi.dll
0x00007ffddc9d0000 - 0x00007ffddc9e9000 	C:\Users\Nisarg Shah\.vscode\extensions\redhat.java-1.6.0-win32-x64\jre\17.0.2-win32-x86_64\bin\net.dll
0x00007ffdf2ba0000 - 0x00007ffdf2cac000 	C:\WINDOWS\SYSTEM32\WINHTTP.dll
0x00007ffdf8bf0000 - 0x00007ffdf8c57000 	C:\WINDOWS\system32\mswsock.dll
0x00007ffddbd50000 - 0x00007ffddbd65000 	C:\Users\Nisarg Shah\.vscode\extensions\redhat.java-1.6.0-win32-x64\jre\17.0.2-win32-x86_64\bin\nio.dll
0x00007ffdea690000 - 0x00007ffdea6a0000 	c:\Users\Nisarg Shah\.vscode\extensions\redhat.java-1.6.0-win32-x64\jre\17.0.2-win32-x86_64\bin\verify.dll
0x00007ffde3670000 - 0x00007ffde3679000 	C:\Users\Nisarg Shah\.vscode\extensions\redhat.java-1.6.0-win32-x64\jre\17.0.2-win32-x86_64\bin\management.dll
0x00007ffde3490000 - 0x00007ffde349b000 	C:\Users\Nisarg Shah\.vscode\extensions\redhat.java-1.6.0-win32-x64\jre\17.0.2-win32-x86_64\bin\management_ext.dll
0x00007ffdd7cb0000 - 0x00007ffdd7cc7000 	C:\WINDOWS\system32\napinsp.dll
0x00007ffdd7c90000 - 0x00007ffdd7cab000 	C:\WINDOWS\system32\pnrpnsp.dll
0x00007ffdf8220000 - 0x00007ffdf8308000 	C:\WINDOWS\SYSTEM32\DNSAPI.dll
0x00007ffdf81f0000 - 0x00007ffdf821d000 	C:\WINDOWS\SYSTEM32\IPHLPAPI.DLL
0x00007ffdfaa20000 - 0x00007ffdfaa29000 	C:\WINDOWS\System32\NSI.dll
0x00007ffdd7d80000 - 0x00007ffdd7d92000 	C:\WINDOWS\System32\winrnr.dll
0x00007ffdf29e0000 - 0x00007ffdf29f5000 	C:\WINDOWS\system32\wshbth.dll
0x00007ffdd7d60000 - 0x00007ffdd7d7f000 	C:\WINDOWS\system32\nlansp_c.dll
0x00007ffde20f0000 - 0x00007ffde20fa000 	C:\Windows\System32\rasadhlp.dll
0x00007ffdf17c0000 - 0x00007ffdf1841000 	C:\WINDOWS\System32\fwpuclnt.dll
0x00007ffdf8e30000 - 0x00007ffdf8e48000 	C:\WINDOWS\SYSTEM32\CRYPTSP.dll
0x00007ffdf8720000 - 0x00007ffdf8755000 	C:\WINDOWS\system32\rsaenh.dll
0x00007ffdf8ce0000 - 0x00007ffdf8d09000 	C:\WINDOWS\SYSTEM32\USERENV.dll
0x00007ffdf8fb0000 - 0x00007ffdf8fd7000 	C:\WINDOWS\SYSTEM32\bcrypt.dll
0x00007ffdf8e50000 - 0x00007ffdf8e5c000 	C:\WINDOWS\SYSTEM32\CRYPTBASE.dll
0x00007ffdf29c0000 - 0x00007ffdf29d9000 	C:\WINDOWS\SYSTEM32\dhcpcsvc6.DLL
0x00007ffdf2d20000 - 0x00007ffdf2d3e000 	C:\WINDOWS\SYSTEM32\dhcpcsvc.DLL
0x00007ffddd550000 - 0x00007ffddd559000 	C:\Users\Nisarg Shah\.vscode\extensions\redhat.java-1.6.0-win32-x64\jre\17.0.2-win32-x86_64\bin\attach.dll
0x00007ffddbc80000 - 0x00007ffddbc87000 	C:\Users\Nisarg Shah\.vscode\extensions\redhat.java-1.6.0-win32-x64\jre\17.0.2-win32-x86_64\bin\rmi.dll

dbghelp: loaded successfully - version: 4.0.5 - missing functions: none
symbol engine: initialized successfully - sym options: 0x614 - pdb path: .;c:\Users\Nisarg Shah\.vscode\extensions\redhat.java-1.6.0-win32-x64\jre\17.0.2-win32-x86_64\bin;C:\WINDOWS\SYSTEM32;C:\WINDOWS\WinSxS\amd64_microsoft.windows.common-controls_6595b64144ccf1df_6.0.22000.120_none_9d947278b86cc467;c:\Users\Nisarg Shah\.vscode\extensions\redhat.java-1.6.0-win32-x64\jre\17.0.2-win32-x86_64\bin\server

VM Arguments:
jvm_args: -Dsts.lsp.client=vscode -Dsts.log.file=/dev/null -XX:TieredStopAtLevel=1 -Dspring.config.location=file:c:\Users\Nisarg Shah\.vscode\extensions\pivotal.vscode-spring-boot-1.33.0\language-server\BOOT-INF\classes\application.properties 
java_command: org.springframework.ide.vscode.boot.app.BootLanguageServerBootApp
java_class_path (initial): c:\Users\Nisarg Shah\.vscode\extensions\pivotal.vscode-spring-boot-1.33.0\language-server\BOOT-INF\classes;c:\Users\Nisarg Shah\.vscode\extensions\pivotal.vscode-spring-boot-1.33.0\language-server\BOOT-INF\lib\antlr4-runtime-4.5.3.jar;c:\Users\Nisarg Shah\.vscode\extensions\pivotal.vscode-spring-boot-1.33.0\language-server\BOOT-INF\lib\byte-buddy-1.10.18.jar;c:\Users\Nisarg Shah\.vscode\extensions\pivotal.vscode-spring-boot-1.33.0\language-server\BOOT-INF\lib\commons-codec-1.14.jar;c:\Users\Nisarg Shah\.vscode\extensions\pivotal.vscode-spring-boot-1.33.0\language-server\BOOT-INF\lib\commons-io-2.4.jar;c:\Users\Nisarg Shah\.vscode\extensions\pivotal.vscode-spring-boot-1.33.0\language-server\BOOT-INF\lib\commons-java-1.33.0-SNAPSHOT.jar;c:\Users\Nisarg Shah\.vscode\extensions\pivotal.vscode-spring-boot-1.33.0\language-server\BOOT-INF\lib\commons-lang3-3.10.jar;c:\Users\Nisarg Shah\.vscode\extensions\pivotal.vscode-spring-boot-1.33.0\language-server\BOOT-INF\lib\commons-language-server-1.33.0-SNAPSHOT.jar;c:\Users\Nisarg Shah\.vscode\extensions\pivotal.vscode-spring-boot-1.33.0\language-server\BOOT-INF\lib\commons-lsp-extensions-1.33.0-SNAPSHOT.jar;c:\Users\Nisarg Shah\.vscode\extensions\pivotal.vscode-spring-boot-1.33.0\language-server\BOOT-INF\lib\commons-util-1.33.0-SNAPSHOT.jar;c:\Users\Nisarg Shah\.vscode\extensions\pivotal.vscode-spring-boot-1.33.0\language-server\BOOT-INF\lib\commons-yaml-1.33.0-SNAPSHOT.jar;c:\Users\Nisarg Shah\.vscode\extensions\pivotal.vscode-spring-boot-1.33.0\language-server\BOOT-INF\lib\gson-2.8.6.jar;c:\Users\Nisarg Shah\.vscode\extensions\pivotal.vscode-spring-boot-1.33.0\language-server\BOOT-INF\lib\guava-19.0.jar;c:\Users\Nisarg Shah\.vscode\extensions\pivotal.vscode-spring-boot-1.33.0\language-server\BOOT-INF\lib\jakarta.annotation-api-1.3.5.jar;c:\Users\Nisarg Shah\.vscode\extensions\pivotal.vscode-spring-boot-1.33.0\language-server\BOOT-INF\lib\jandex-2.0.5.Final.jar;c:\Users\Nisarg Shah\.vscode\extensio
Launcher Type: SUN_STANDARD

[Global flags]
     intx CICompilerCount                          = 4                                         {product} {ergonomic}
     uint ConcGCThreads                            = 3                                         {product} {ergonomic}
     uint G1ConcRefinementThreads                  = 10                                        {product} {ergonomic}
   size_t G1HeapRegionSize                         = 1048576                                   {product} {ergonomic}
    uintx GCDrainStackTargetSize                   = 64                                        {product} {ergonomic}
   size_t InitialHeapSize                          = 123731968                                 {product} {ergonomic}
   size_t MarkStackSize                            = 4194304                                   {product} {ergonomic}
   size_t MaxHeapSize                              = 1973420032                                {product} {ergonomic}
   size_t MaxNewSize                               = 1183842304                                {product} {ergonomic}
   size_t MinHeapDeltaBytes                        = 1048576                                   {product} {ergonomic}
   size_t MinHeapSize                              = 8388608                                   {product} {ergonomic}
    uintx NonProfiledCodeHeapSize                  = 0                                      {pd product} {ergonomic}
     bool ProfileInterpreter                       = false                                  {pd product} {command line}
    uintx ProfiledCodeHeapSize                     = 0                                      {pd product} {ergonomic}
   size_t SoftMaxHeapSize                          = 1973420032                             {manageable} {ergonomic}
     intx TieredStopAtLevel                        = 1                                         {product} {command line}
     bool UseCompressedClassPointers               = true                           {product lp64_product} {ergonomic}
     bool UseCompressedOops                        = true                           {product lp64_product} {ergonomic}
     bool UseG1GC                                  = true                                      {product} {ergonomic}
     bool UseLargePagesIndividualAllocation        = false                                  {pd product} {ergonomic}

Logging:
Log output configuration:
 #0: stdout all=warning uptime,level,tags
 #1: stderr all=off uptime,level,tags

Environment Variables:
JAVA_HOME=C:\Program Files\Eclipse Adoptium\jdk-11.0.13.8-hotspot\
PATH=C:\Program Files\Python310\Scripts\;C:\Program Files\Python310\;C:\Program Files\Eclipse Adoptium\jdk-11.0.13.8-hotspot\bin;C:\windows\system32;C:\windows;C:\windows\System32\Wbem;C:\windows\System32\WindowsPowerShell\v1.0\;C:\windows\System32\OpenSSH\;C:\Program Files (x86)\NVIDIA Corporation\PhysX\Common;C:\Program Files\NVIDIA Corporation\NVIDIA NvDLISR;D:\Programs\Git\cmd;C:\Users\Nisarg Shah\AppData\Local\Microsoft\WindowsApps;D:\Programs\msys64\mingw64\bin;D:\Program Files\Nodejs\;C:\WINDOWS\system32;C:\WINDOWS;C:\WINDOWS\System32\Wbem;C:\WINDOWS\System32\WindowsPowerShell\v1.0\;C:\WINDOWS\System32\OpenSSH\;E:\Downloads\ffmpeg-2022-03-03-git-72684d2c2d-full_build\bin;D:\Program Files\apache-maven-3.8.4\bin;D:\Programs\XAMPP\php;C:\Users\Nisarg Shah\AppData\Roaming\Python\Python310\Scripts;C:\Users\Nisarg Shah\Downloads\platform-tools_r33.0.1-windows\platform-tools;C:\Users\Nisarg Shah\AppData\Local\Microsoft\WindowsApps;;D:\Programs\Microsoft VS Code\bin;D:\Program Files\IntelliJ IDEA 2021.3.1\bin;;C:\Users\Nisarg Shah\AppData\Roaming\npm;D:\Programs\heroku\bin
USERNAME=Nisarg Shah
OS=Windows_NT
PROCESSOR_IDENTIFIER=AMD64 Family 25 Model 80 Stepping 0, AuthenticAMD



---------------  S Y S T E M  ---------------

OS:
 Windows 11 , 64 bit Build 22000 (10.0.22000.675)
OS uptime: 1 days 9:25 hours

CPU: total 12 (initial active 12) (12 cores per cpu, 2 threads per core) family 25 model 80 stepping 0 microcode 0x0, cx8, cmov, fxsr, ht, mmx, 3dnowpref, sse, sse2, sse3, ssse3, sse4a, sse4.1, sse4.2, popcnt, lzcnt, tsc, tscinvbit, avx, avx2, aes, erms, clmul, bmi1, bmi2, adx, sha, fma, vzeroupper, clflush, clflushopt

Memory: 4k page, system-wide physical 7524M (340M free)
TotalPageFile size 11620M (AvailPageFile size 10M)
current process WorkingSet (physical memory assigned to process): 141M, peak: 141M
current process commit charge ("private bytes"): 186M, peak: 223M

vm_info: OpenJDK 64-Bit Server VM (17.0.2+8) for windows-amd64 JRE (17.0.2+8), built on Jan 20 2022 04:52:34 by "" with MS VC++ 16.7 (VS2019)

END.
