#
# There is insufficient memory for the Java Runtime Environment to continue.
# Native memory allocation (malloc) failed to allocate 1655824 bytes for Chunk::new
# Possible reasons:
#   The system is out of physical RAM or swap space
#   The process is running with CompressedOops enabled, and the Java Heap may be blocking the growth of the native heap
# Possible solutions:
#   Reduce memory load on the system
#   Increase physical memory or swap space
#   Check if swap backing store is full
#   Decrease Java heap size (-Xmx/-Xms)
#   Decrease number of Java threads
#   Decrease Java thread stack sizes (-Xss)
#   Set larger code cache with -XX:ReservedCodeCacheSize=
#   JVM is running with Unscaled Compressed Oops mode in which the Java heap is
#     placed in the first 4GB address space. The Java Heap base address is the
#     maximum limit for the native heap growth. Please use -XX:HeapBaseMinAddress
#     to set the Java Heap base and to place the Java Heap above 4GB virtual address.
# This output file may be truncated or incomplete.
#
#  Out of Memory Error (arena.cpp:189), pid=9316, tid=19240
#
# JRE version: OpenJDK Runtime Environment Temurin-17.0.2+8 (17.0.2+8) (build 17.0.2+8)
# Java VM: OpenJDK 64-Bit Server VM Temurin-17.0.2+8 (17.0.2+8, mixed mode, tiered, compressed oops, compressed class ptrs, parallel gc, windows-amd64)
# No core dump will be written. Minidumps are not enabled by default on client versions of Windows
#

---------------  S U M M A R Y ------------

Command Line: --add-modules=ALL-SYSTEM --add-opens=java.base/java.util=ALL-UNNAMED --add-opens=java.base/java.lang=ALL-UNNAMED --add-opens=java.base/sun.nio.fs=ALL-UNNAMED -Declipse.application=org.eclipse.jdt.ls.core.id1 -Dosgi.bundles.defaultStartLevel=4 -Declipse.product=org.eclipse.jdt.ls.core.product -Djava.import.generatesMetadataFilesAtProjectRoot=false -Dfile.encoding=utf8 -DwatchParentProcess=false -XX:+UseParallelGC -XX:GCTimeRatio=4 -XX:AdaptiveSizePolicyWeight=90 -Dsun.zip.disableMemoryMapping=true -Xmx1G -Xms100m -XX:+HeapDumpOnOutOfMemoryError -XX:HeapDumpPath=c:\Users\Nisarg Shah\AppData\Roaming\Code\User\workspaceStorage\54ba89270061d8e32219ce9d5ef7f790\redhat.java c:\Users\Nisarg Shah\.vscode\extensions\redhat.java-1.6.0-win32-x64\server\plugins\org.eclipse.equinox.launcher_1.6.400.v20210924-0641.jar -configuration c:\Users\Nisarg Shah\AppData\Roaming\Code\User\globalStorage\redhat.java\1.6.0\config_win -data c:\Users\Nisarg Shah\AppData\Roaming\Code\User\workspaceStorage\54ba89270061d8e32219ce9d5ef7f790\redhat.java\jdt_ws

Host: AMD Ryzen 5 5600H with Radeon Graphics         , 12 cores, 7G,  Windows 11 , 64 bit Build 22000 (10.0.22000.675)
Time: Sat May 21 21:43:58 2022 India Standard Time elapsed time: 1.461076 seconds (0d 0h 0m 1s)

---------------  T H R E A D  ---------------

Current thread (0x0000024c15907030):  JavaThread "C2 CompilerThread0" daemon [_thread_in_native, id=19240, stack(0x0000008e34700000,0x0000008e34800000)]


Current CompileTask:
C2:   1461 2207       4       org.eclipse.core.internal.dtree.DataTreeReader::readNode (248 bytes)

Stack: [0x0000008e34700000,0x0000008e34800000]
Native frames: (J=compiled Java code, j=interpreted, Vv=VM code, C=native code)
V  [jvm.dll+0x67564a]
V  [jvm.dll+0x82fc04]
V  [jvm.dll+0x8313ae]
V  [jvm.dll+0x831a13]
V  [jvm.dll+0x245235]
V  [jvm.dll+0xabd7b]
V  [jvm.dll+0xac30c]
V  [jvm.dll+0x3631f7]
V  [jvm.dll+0x1bb8e8]
V  [jvm.dll+0x218229]
V  [jvm.dll+0x2174f1]
V  [jvm.dll+0x1a3a8d]
V  [jvm.dll+0x226ef8]
V  [jvm.dll+0x22503c]
V  [jvm.dll+0x7e596b]
V  [jvm.dll+0x7dff2a]
V  [jvm.dll+0x6744d5]
C  [ucrtbase.dll+0x26c0c]
C  [KERNEL32.DLL+0x154e0]
C  [ntdll.dll+0x485b]


---------------  P R O C E S S  ---------------

Threads class SMR info:
_java_thread_list=0x0000024c19c81f40, length=22, elements={
0x0000024c7dd54a80, 0x0000024c7ff760b0, 0x0000024c7ff77210, 0x0000024c158b5800,
0x0000024c158b63b0, 0x0000024c158e37b0, 0x0000024c158e6380, 0x0000024c15907030,
0x0000024c159079e0, 0x0000024c1590fee0, 0x0000024c15a6c750, 0x0000024c15a89f70,
0x0000024c15a6cc20, 0x0000024c15a6e900, 0x0000024c15a6c280, 0x0000024c15a6d0f0,
0x0000024c15a6af40, 0x0000024c15a6d5c0, 0x0000024c15a6bdb0, 0x0000024c15a6da90,
0x0000024c15a6df60, 0x0000024c15a6b410
}

Java Threads: ( => current thread )
  0x0000024c7dd54a80 JavaThread "main" [_thread_blocked, id=22172, stack(0x0000008e33e00000,0x0000008e33f00000)]
  0x0000024c7ff760b0 JavaThread "Reference Handler" daemon [_thread_blocked, id=21048, stack(0x0000008e34100000,0x0000008e34200000)]
  0x0000024c7ff77210 JavaThread "Finalizer" daemon [_thread_blocked, id=10744, stack(0x0000008e34200000,0x0000008e34300000)]
  0x0000024c158b5800 JavaThread "Signal Dispatcher" daemon [_thread_blocked, id=4092, stack(0x0000008e34300000,0x0000008e34400000)]
  0x0000024c158b63b0 JavaThread "Attach Listener" daemon [_thread_blocked, id=4884, stack(0x0000008e34400000,0x0000008e34500000)]
  0x0000024c158e37b0 JavaThread "Service Thread" daemon [_thread_blocked, id=5164, stack(0x0000008e34500000,0x0000008e34600000)]
  0x0000024c158e6380 JavaThread "Monitor Deflation Thread" daemon [_thread_blocked, id=3880, stack(0x0000008e34600000,0x0000008e34700000)]
=>0x0000024c15907030 JavaThread "C2 CompilerThread0" daemon [_thread_in_native, id=19240, stack(0x0000008e34700000,0x0000008e34800000)]
  0x0000024c159079e0 JavaThread "C1 CompilerThread0" daemon [_thread_blocked, id=16388, stack(0x0000008e34800000,0x0000008e34900000)]
  0x0000024c1590fee0 JavaThread "Sweeper thread" daemon [_thread_blocked, id=16296, stack(0x0000008e34900000,0x0000008e34a00000)]
  0x0000024c15a6c750 JavaThread "Common-Cleaner" daemon [_thread_blocked, id=7116, stack(0x0000008e34a00000,0x0000008e34b00000)]
  0x0000024c15a89f70 JavaThread "C2 CompilerThread1" daemon [_thread_blocked, id=4216, stack(0x0000008e34b00000,0x0000008e34c00000)]
  0x0000024c15a6cc20 JavaThread "Notification Thread" daemon [_thread_blocked, id=11540, stack(0x0000008e34c00000,0x0000008e34d00000)]
  0x0000024c15a6e900 JavaThread "Active Thread: Equinox Container: 4bfc6647-6c4c-4cf2-bc78-0ba1aa15000a" [_thread_blocked, id=7352, stack(0x0000008e34e00000,0x0000008e34f00000)]
  0x0000024c15a6c280 JavaThread "Framework Event Dispatcher: Equinox Container: 4bfc6647-6c4c-4cf2-bc78-0ba1aa15000a" daemon [_thread_blocked, id=18736, stack(0x0000008e34f00000,0x0000008e35000000)]
  0x0000024c15a6d0f0 JavaThread "Start Level: Equinox Container: 4bfc6647-6c4c-4cf2-bc78-0ba1aa15000a" daemon [_thread_in_native, id=22116, stack(0x0000008e35000000,0x0000008e35100000)]
  0x0000024c15a6af40 JavaThread "SCR Component Actor" daemon [_thread_blocked, id=21552, stack(0x0000008e35700000,0x0000008e35800000)]
  0x0000024c15a6d5c0 JavaThread "Timer-0" [_thread_blocked, id=14456, stack(0x0000008e35800000,0x0000008e35900000)]
  0x0000024c15a6bdb0 JavaThread "Bundle File Closer" daemon [_thread_blocked, id=17316, stack(0x0000008e35900000,0x0000008e35a00000)]
  0x0000024c15a6da90 JavaThread "Worker-JM" [_thread_blocked, id=13148, stack(0x0000008e35a00000,0x0000008e35b00000)]
  0x0000024c15a6df60 JavaThread "Worker-0" [_thread_blocked, id=4976, stack(0x0000008e35e00000,0x0000008e35f00000)]
  0x0000024c15a6b410 JavaThread "Worker-1" [_thread_blocked, id=16796, stack(0x0000008e35f00000,0x0000008e36000000)]

Other Threads:
  0x0000024c7fe3a8b0 VMThread "VM Thread" [stack: 0x0000008e34000000,0x0000008e34100000] [id=10224]
  0x0000024c15b1e1e0 WatcherThread [stack: 0x0000008e34d00000,0x0000008e34e00000] [id=10976]
  0x0000024c7dd66110 GCTaskThread "GC Thread#0" [stack: 0x0000008e33f00000,0x0000008e34000000] [id=22060]
  0x0000024c170559d0 GCTaskThread "GC Thread#1" [stack: 0x0000008e35100000,0x0000008e35200000] [id=1744]
  0x0000024c173a6d00 GCTaskThread "GC Thread#2" [stack: 0x0000008e35200000,0x0000008e35300000] [id=16392]
  0x0000024c173a6fb0 GCTaskThread "GC Thread#3" [stack: 0x0000008e35300000,0x0000008e35400000] [id=14884]
  0x0000024c173a9ab0 GCTaskThread "GC Thread#4" [stack: 0x0000008e35400000,0x0000008e35500000] [id=19344]
  0x0000024c173a9d60 GCTaskThread "GC Thread#5" [stack: 0x0000008e35500000,0x0000008e35600000] [id=6668]
  0x0000024c18391460 GCTaskThread "GC Thread#6" [stack: 0x0000008e35600000,0x0000008e35700000] [id=14444]
  0x0000024c1872a860 GCTaskThread "GC Thread#7" [stack: 0x0000008e35b00000,0x0000008e35c00000] [id=10100]
  0x0000024c186c1430 GCTaskThread "GC Thread#8" [stack: 0x0000008e35c00000,0x0000008e35d00000] [id=17848]
  0x0000024c186c16e0 GCTaskThread "GC Thread#9" [stack: 0x0000008e35d00000,0x0000008e35e00000] [id=17180]

Threads with active compile tasks:
C2 CompilerThread0     1470 2207       4       org.eclipse.core.internal.dtree.DataTreeReader::readNode (248 bytes)

VM state: not at safepoint (normal execution)

VM Mutex/Monitor currently owned by a thread: None

Heap address: 0x00000000c0000000, size: 1024 MB, Compressed Oops mode: 32-bit

CDS archive(s) not mapped
Compressed class space mapped at: 0x0000000100000000-0x0000000140000000, reserved size: 1073741824
Narrow klass base: 0x0000000000000000, Narrow klass shift: 3, Narrow klass range: 0x140000000

GC Precious Log:
 CPUs: 12 total, 12 available
 Memory: 7524M
 Large Page Support: Disabled
 NUMA Support: Disabled
 Compressed Oops: Enabled (32-bit)
 Alignments: Space 512K, Generation 512K, Heap 2M
 Heap Min Capacity: 100M
 Heap Initial Capacity: 100M
 Heap Max Capacity: 1G
 Pre-touch: Disabled
 Parallel Workers: 10

Heap:
 PSYoungGen      total 29696K, used 2516K [0x00000000eab00000, 0x00000000ecc00000, 0x0000000100000000)
  eden space 25600K, 9% used [0x00000000eab00000,0x00000000ead75350,0x00000000ec400000)
  from space 4096K, 0% used [0x00000000ec400000,0x00000000ec400000,0x00000000ec800000)
  to   space 4096K, 0% used [0x00000000ec800000,0x00000000ec800000,0x00000000ecc00000)
 ParOldGen       total 68608K, used 10128K [0x00000000c0000000, 0x00000000c4300000, 0x00000000eab00000)
  object space 68608K, 14% used [0x00000000c0000000,0x00000000c09e43b0,0x00000000c4300000)
 Metaspace       used 22223K, committed 22656K, reserved 1073152K
  class space    used 2198K, committed 2432K, reserved 1048576K

Card table byte_map: [0x0000024c7f7f0000,0x0000024c7fa00000] _byte_map_base: 0x0000024c7f1f0000

Marking Bits: (ParMarkBitMap*) 0x00007ffda67f3af0
 Begin Bits: [0x0000024c11bb0000, 0x0000024c12bb0000)
 End Bits:   [0x0000024c12bb0000, 0x0000024c13bb0000)

Polling page: 0x0000024c7f5e0000

Metaspace:

Usage:
  Non-class:     19.56 MB used.
      Class:      2.15 MB used.
       Both:     21.70 MB used.

Virtual space:
  Non-class space:       24.00 MB reserved,      19.75 MB ( 82%) committed,  3 nodes.
      Class space:        1.00 GB reserved,       2.38 MB ( <1%) committed,  1 nodes.
             Both:        1.02 GB reserved,      22.12 MB (  2%) committed. 

Chunk freelists:
   Non-Class:  3.38 MB
       Class:  1.61 MB
        Both:  4.98 MB

MaxMetaspaceSize: unlimited
CompressedClassSpaceSize: 1.00 GB
Initial GC threshold: 21.00 MB
Current GC threshold: 35.00 MB
CDS: off
MetaspaceReclaimPolicy: balanced
 - commit_granule_bytes: 65536.
 - commit_granule_words: 8192.
 - virtual_space_node_default_size: 1048576.
 - enlarge_chunks_in_place: 1.
 - new_chunks_are_fully_committed: 0.
 - uncommit_free_chunks: 1.
 - use_allocation_guard: 0.
 - handle_deallocations: 1.


Internal statistics:

num_allocs_failed_limit: 3.
num_arena_births: 128.
num_arena_deaths: 0.
num_vsnodes_births: 4.
num_vsnodes_deaths: 0.
num_space_committed: 354.
num_space_uncommitted: 0.
num_chunks_returned_to_freelist: 3.
num_chunks_taken_from_freelist: 637.
num_chunk_merges: 3.
num_chunk_splits: 426.
num_chunks_enlarged: 301.
num_purges: 0.
num_inconsistent_stats: 0.

CodeHeap 'non-profiled nmethods': size=120000Kb used=812Kb max_used=812Kb free=119187Kb
 bounds [0x0000024c0a680000, 0x0000024c0a8f0000, 0x0000024c11bb0000]
CodeHeap 'profiled nmethods': size=120000Kb used=4852Kb max_used=4852Kb free=115148Kb
 bounds [0x0000024c03150000, 0x0000024c03610000, 0x0000024c0a680000]
CodeHeap 'non-nmethods': size=5760Kb used=1185Kb max_used=1210Kb free=4574Kb
 bounds [0x0000024c02bb0000, 0x0000024c02e20000, 0x0000024c03150000]
 total_blobs=2828 nmethods=2346 adapters=396
 compilation: enabled
              stopped_count=0, restarted_count=0
 full_count=0

Compilation events (20 events):
Event: 1.441 Thread 0x0000024c15a89f70 2307       4       org.eclipse.core.runtime.Path::segmentCount (6 bytes)
Event: 1.442 Thread 0x0000024c15a89f70 nmethod 2307 0x0000024c0a74a190 code [0x0000024c0a74a300, 0x0000024c0a74a398]
Event: 1.442 Thread 0x0000024c15a89f70 2339       4       org.eclipse.osgi.internal.hookregistry.ClassLoaderHook::recordClassDefine (1 bytes)
Event: 1.442 Thread 0x0000024c15a89f70 nmethod 2339 0x0000024c0a74a490 code [0x0000024c0a74a600, 0x0000024c0a74a678]
Event: 1.452 Thread 0x0000024c159079e0 2340       3       java.util.Arrays::copyOfRange (90 bytes)
Event: 1.452 Thread 0x0000024c15a89f70 2342       4       java.lang.invoke.MemberName::getReferenceKind (12 bytes)
Event: 1.453 Thread 0x0000024c159079e0 nmethod 2340 0x0000024c0360a790 code [0x0000024c0360aa40, 0x0000024c0360b718]
Event: 1.453 Thread 0x0000024c159079e0 2341       3       java.lang.invoke.DirectMethodHandle::maybeCompile (24 bytes)
Event: 1.453 Thread 0x0000024c15a89f70 nmethod 2342 0x0000024c0a74a790 code [0x0000024c0a74a900, 0x0000024c0a74a978]
Event: 1.453 Thread 0x0000024c159079e0 nmethod 2341 0x0000024c0360bb90 code [0x0000024c0360bd40, 0x0000024c0360bf58]
Event: 1.453 Thread 0x0000024c159079e0 2343       3       org.eclipse.osgi.internal.framework.EquinoxBundle::getSymbolicName (11 bytes)
Event: 1.453 Thread 0x0000024c159079e0 nmethod 2343 0x0000024c0360c090 code [0x0000024c0360c240, 0x0000024c0360c408]
Event: 1.453 Thread 0x0000024c159079e0 2345       3       java.util.ArrayDeque::circularClear (43 bytes)
Event: 1.454 Thread 0x0000024c159079e0 nmethod 2345 0x0000024c0360c510 code [0x0000024c0360c6e0, 0x0000024c0360cad8]
Event: 1.454 Thread 0x0000024c159079e0 2344       3       java.util.ArrayDeque::clear (26 bytes)
Event: 1.454 Thread 0x0000024c159079e0 nmethod 2344 0x0000024c0360cc90 code [0x0000024c0360ce20, 0x0000024c0360cf88]
Event: 1.455 Thread 0x0000024c15a89f70 2346       4       java.lang.ThreadLocal::get (38 bytes)
Event: 1.456 Thread 0x0000024c15a89f70 nmethod 2346 0x0000024c0a74aa90 code [0x0000024c0a74ac20, 0x0000024c0a74ad58]
Event: 1.456 Thread 0x0000024c15a89f70 2347       4       java.lang.ThreadLocal$ThreadLocalMap::getEntry (42 bytes)
Event: 1.457 Thread 0x0000024c15a89f70 nmethod 2347 0x0000024c0a74af10 code [0x0000024c0a74b0a0, 0x0000024c0a74b1a8]

GC Heap History (8 events):
Event: 0.720 GC heap before
{Heap before GC invocations=1 (full 0):
 PSYoungGen      total 29696K, used 25600K [0x00000000eab00000, 0x00000000ecc00000, 0x0000000100000000)
  eden space 25600K, 100% used [0x00000000eab00000,0x00000000ec400000,0x00000000ec400000)
  from space 4096K, 0% used [0x00000000ec800000,0x00000000ec800000,0x00000000ecc00000)
  to   space 4096K, 0% used [0x00000000ec400000,0x00000000ec400000,0x00000000ec800000)
 ParOldGen       total 68608K, used 0K [0x00000000c0000000, 0x00000000c4300000, 0x00000000eab00000)
  object space 68608K, 0% used [0x00000000c0000000,0x00000000c0000000,0x00000000c4300000)
 Metaspace       used 12832K, committed 13056K, reserved 1064960K
  class space    used 1299K, committed 1408K, reserved 1048576K
}
Event: 0.728 GC heap after
{Heap after GC invocations=1 (full 0):
 PSYoungGen      total 29696K, used 4072K [0x00000000eab00000, 0x00000000ecc00000, 0x0000000100000000)
  eden space 25600K, 0% used [0x00000000eab00000,0x00000000eab00000,0x00000000ec400000)
  from space 4096K, 99% used [0x00000000ec400000,0x00000000ec7fa2d8,0x00000000ec800000)
  to   space 4096K, 0% used [0x00000000ec800000,0x00000000ec800000,0x00000000ecc00000)
 ParOldGen       total 68608K, used 774K [0x00000000c0000000, 0x00000000c4300000, 0x00000000eab00000)
  object space 68608K, 1% used [0x00000000c0000000,0x00000000c00c1830,0x00000000c4300000)
 Metaspace       used 12832K, committed 13056K, reserved 1064960K
  class space    used 1299K, committed 1408K, reserved 1048576K
}
Event: 1.275 GC heap before
{Heap before GC invocations=2 (full 0):
 PSYoungGen      total 29696K, used 29672K [0x00000000eab00000, 0x00000000ecc00000, 0x0000000100000000)
  eden space 25600K, 100% used [0x00000000eab00000,0x00000000ec400000,0x00000000ec400000)
  from space 4096K, 99% used [0x00000000ec400000,0x00000000ec7fa2d8,0x00000000ec800000)
  to   space 4096K, 0% used [0x00000000ec800000,0x00000000ec800000,0x00000000ecc00000)
 ParOldGen       total 68608K, used 774K [0x00000000c0000000, 0x00000000c4300000, 0x00000000eab00000)
  object space 68608K, 1% used [0x00000000c0000000,0x00000000c00c1830,0x00000000c4300000)
 Metaspace       used 19460K, committed 19840K, reserved 1073152K
  class space    used 1971K, committed 2112K, reserved 1048576K
}
Event: 1.281 GC heap after
{Heap after GC invocations=2 (full 0):
 PSYoungGen      total 29696K, used 4084K [0x00000000eab00000, 0x00000000ecc00000, 0x0000000100000000)
  eden space 25600K, 0% used [0x00000000eab00000,0x00000000eab00000,0x00000000ec400000)
  from space 4096K, 99% used [0x00000000ec800000,0x00000000ecbfd208,0x00000000ecc00000)
  to   space 4096K, 0% used [0x00000000ec400000,0x00000000ec400000,0x00000000ec800000)
 ParOldGen       total 68608K, used 6714K [0x00000000c0000000, 0x00000000c4300000, 0x00000000eab00000)
  object space 68608K, 9% used [0x00000000c0000000,0x00000000c068e8d8,0x00000000c4300000)
 Metaspace       used 19460K, committed 19840K, reserved 1073152K
  class space    used 1971K, committed 2112K, reserved 1048576K
}
Event: 1.422 GC heap before
{Heap before GC invocations=3 (full 0):
 PSYoungGen      total 29696K, used 15005K [0x00000000eab00000, 0x00000000ecc00000, 0x0000000100000000)
  eden space 25600K, 42% used [0x00000000eab00000,0x00000000eb5aa278,0x00000000ec400000)
  from space 4096K, 99% used [0x00000000ec800000,0x00000000ecbfd208,0x00000000ecc00000)
  to   space 4096K, 0% used [0x00000000ec400000,0x00000000ec400000,0x00000000ec800000)
 ParOldGen       total 68608K, used 6714K [0x00000000c0000000, 0x00000000c4300000, 0x00000000eab00000)
  object space 68608K, 9% used [0x00000000c0000000,0x00000000c068e8d8,0x00000000c4300000)
 Metaspace       used 21075K, committed 21504K, reserved 1073152K
  class space    used 2130K, committed 2368K, reserved 1048576K
}
Event: 1.425 GC heap after
{Heap after GC invocations=3 (full 0):
 PSYoungGen      total 29696K, used 4086K [0x00000000eab00000, 0x00000000ecc00000, 0x0000000100000000)
  eden space 25600K, 0% used [0x00000000eab00000,0x00000000eab00000,0x00000000ec400000)
  from space 4096K, 99% used [0x00000000ec400000,0x00000000ec7fdb48,0x00000000ec800000)
  to   space 4096K, 0% used [0x00000000ec800000,0x00000000ec800000,0x00000000ecc00000)
 ParOldGen       total 68608K, used 7604K [0x00000000c0000000, 0x00000000c4300000, 0x00000000eab00000)
  object space 68608K, 11% used [0x00000000c0000000,0x00000000c076d2d8,0x00000000c4300000)
 Metaspace       used 21075K, committed 21504K, reserved 1073152K
  class space    used 2130K, committed 2368K, reserved 1048576K
}
Event: 1.425 GC heap before
{Heap before GC invocations=4 (full 1):
 PSYoungGen      total 29696K, used 4086K [0x00000000eab00000, 0x00000000ecc00000, 0x0000000100000000)
  eden space 25600K, 0% used [0x00000000eab00000,0x00000000eab00000,0x00000000ec400000)
  from space 4096K, 99% used [0x00000000ec400000,0x00000000ec7fdb48,0x00000000ec800000)
  to   space 4096K, 0% used [0x00000000ec800000,0x00000000ec800000,0x00000000ecc00000)
 ParOldGen       total 68608K, used 7604K [0x00000000c0000000, 0x00000000c4300000, 0x00000000eab00000)
  object space 68608K, 11% used [0x00000000c0000000,0x00000000c076d2d8,0x00000000c4300000)
 Metaspace       used 21075K, committed 21504K, reserved 1073152K
  class space    used 2130K, committed 2368K, reserved 1048576K
}
Event: 1.438 GC heap after
{Heap after GC invocations=4 (full 1):
 PSYoungGen      total 29696K, used 0K [0x00000000eab00000, 0x00000000ecc00000, 0x0000000100000000)
  eden space 25600K, 0% used [0x00000000eab00000,0x00000000eab00000,0x00000000ec400000)
  from space 4096K, 0% used [0x00000000ec400000,0x00000000ec400000,0x00000000ec800000)
  to   space 4096K, 0% used [0x00000000ec800000,0x00000000ec800000,0x00000000ecc00000)
 ParOldGen       total 68608K, used 10128K [0x00000000c0000000, 0x00000000c4300000, 0x00000000eab00000)
  object space 68608K, 14% used [0x00000000c0000000,0x00000000c09e43b0,0x00000000c4300000)
 Metaspace       used 21075K, committed 21504K, reserved 1073152K
  class space    used 2130K, committed 2368K, reserved 1048576K
}

Deoptimization events (20 events):
Event: 1.289 Thread 0x0000024c15a6d0f0 Uncommon trap: trap_request=0xffffff45 fr.pc=0x0000024c0a737da4 relative=0x00000000000008c4
Event: 1.289 Thread 0x0000024c15a6d0f0 Uncommon trap: reason=unstable_if action=reinterpret pc=0x0000024c0a737da4 method=org.eclipse.core.runtime.Path.computeHashCode()I @ 4 c2
Event: 1.289 Thread 0x0000024c15a6d0f0 DEOPT PACKING pc=0x0000024c0a737da4 sp=0x0000008e350f5010
Event: 1.289 Thread 0x0000024c15a6d0f0 DEOPT UNPACKING pc=0x0000024c02c020a3 sp=0x0000008e350f4ee8 mode 2
Event: 1.290 Thread 0x0000024c15a6d0f0 Uncommon trap: trap_request=0xffffff45 fr.pc=0x0000024c0a7341e0 relative=0x00000000000000c0
Event: 1.290 Thread 0x0000024c15a6d0f0 Uncommon trap: reason=unstable_if action=reinterpret pc=0x0000024c0a7341e0 method=org.eclipse.core.internal.localstore.SafeChunkyInputStream.refineChunk()V @ 31 c2
Event: 1.290 Thread 0x0000024c15a6d0f0 DEOPT PACKING pc=0x0000024c0a7341e0 sp=0x0000008e350f4fb0
Event: 1.290 Thread 0x0000024c15a6d0f0 DEOPT UNPACKING pc=0x0000024c02c020a3 sp=0x0000008e350f4f58 mode 2
Event: 1.309 Thread 0x0000024c15a6d0f0 DEOPT PACKING pc=0x0000024c035cda41 sp=0x0000008e350f4fd0
Event: 1.309 Thread 0x0000024c15a6d0f0 DEOPT UNPACKING pc=0x0000024c02c02843 sp=0x0000008e350f4468 mode 0
Event: 1.310 Thread 0x0000024c15a6d0f0 DEOPT PACKING pc=0x0000024c035cda41 sp=0x0000008e350f5050
Event: 1.310 Thread 0x0000024c15a6d0f0 DEOPT UNPACKING pc=0x0000024c02c02843 sp=0x0000008e350f44e8 mode 0
Event: 1.311 Thread 0x0000024c15a6d0f0 DEOPT PACKING pc=0x0000024c035cda41 sp=0x0000008e350f5050
Event: 1.311 Thread 0x0000024c15a6d0f0 DEOPT UNPACKING pc=0x0000024c02c02843 sp=0x0000008e350f44e8 mode 0
Event: 1.312 Thread 0x0000024c15a6d0f0 DEOPT PACKING pc=0x0000024c035cda41 sp=0x0000008e350f5050
Event: 1.312 Thread 0x0000024c15a6d0f0 DEOPT UNPACKING pc=0x0000024c02c02843 sp=0x0000008e350f44e8 mode 0
Event: 1.339 Thread 0x0000024c15a6d0f0 Uncommon trap: trap_request=0xffffff45 fr.pc=0x0000024c0a7353b0 relative=0x0000000000000090
Event: 1.339 Thread 0x0000024c15a6d0f0 Uncommon trap: reason=unstable_if action=reinterpret pc=0x0000024c0a7353b0 method=org.eclipse.core.runtime.Path.equals(Ljava/lang/Object;)Z @ 35 c2
Event: 1.339 Thread 0x0000024c15a6d0f0 DEOPT PACKING pc=0x0000024c0a7353b0 sp=0x0000008e350f4ee0
Event: 1.339 Thread 0x0000024c15a6d0f0 DEOPT UNPACKING pc=0x0000024c02c020a3 sp=0x0000008e350f4e60 mode 2

Classes unloaded (0 events):
No events

Classes redefined (0 events):
No events

Internal exceptions (20 events):
Event: 0.384 Thread 0x0000024c7dd54a80 Exception <a 'java/lang/NoSuchMethodError'{0x00000000eb848520}: 'java.lang.Object java.lang.invoke.DirectMethodHandle$Holder.invokeInterface(java.lang.Object, java.lang.Object)'> (0x00000000eb848520) 
thrown [e:\jenkins\tmp\workspace\build\src\src\hotspot\share\interpreter\linkResolver.cpp, line 766]
Event: 0.385 Thread 0x0000024c7dd54a80 Exception <a 'java/lang/IncompatibleClassChangeError'{0x00000000eb84bd18}: Found class java.lang.Object, but interface was expected> (0x00000000eb84bd18) 
thrown [e:\jenkins\tmp\workspace\build\src\src\hotspot\share\interpreter\linkResolver.cpp, line 833]
Event: 0.385 Thread 0x0000024c7dd54a80 Exception <a 'java/lang/NoSuchMethodError'{0x00000000eb84ec38}: 'void java.lang.invoke.DirectMethodHandle$Holder.invokeStatic(java.lang.Object, java.lang.Object)'> (0x00000000eb84ec38) 
thrown [e:\jenkins\tmp\workspace\build\src\src\hotspot\share\interpreter\linkResolver.cpp, line 766]
Event: 0.385 Thread 0x0000024c7dd54a80 Exception <a 'java/lang/NoSuchMethodError'{0x00000000eb852438}: 'void java.lang.invoke.DirectMethodHandle$Holder.invokeStaticInit(java.lang.Object, java.lang.Object)'> (0x00000000eb852438) 
thrown [e:\jenkins\tmp\workspace\build\src\src\hotspot\share\interpreter\linkResolver.cpp, line 766]
Event: 0.386 Thread 0x0000024c7dd54a80 Exception <a 'java/lang/NoSuchMethodError'{0x00000000eb858498}: 'int java.lang.invoke.DirectMethodHandle$Holder.invokeStaticInit(java.lang.Object, java.lang.Object)'> (0x00000000eb858498) 
thrown [e:\jenkins\tmp\workspace\build\src\src\hotspot\share\interpreter\linkResolver.cpp, line 766]
Event: 0.401 Thread 0x0000024c7dd54a80 Exception <a 'java/lang/NoSuchMethodError'{0x00000000eb8a9790}: 'java.lang.Object java.lang.invoke.DirectMethodHandle$Holder.invokeStaticInit(java.lang.Object, int, int, int, int)'> (0x00000000eb8a9790) 
thrown [e:\jenkins\tmp\workspace\build\src\src\hotspot\share\interpreter\linkResolver.cpp, line 766]
Event: 0.453 Thread 0x0000024c7dd54a80 Exception <a 'java/lang/NoSuchMethodError'{0x00000000eb8ca018}: 'java.lang.Object java.lang.invoke.DirectMethodHandle$Holder.invokeStaticInit(java.lang.Object, java.lang.Object, int, int, int, int)'> (0x00000000eb8ca018) 
thrown [e:\jenkins\tmp\workspace\build\src\src\hotspot\share\interpreter\linkResolver.cpp, line 766]
Event: 0.469 Thread 0x0000024c7dd54a80 Exception <a 'java/lang/NoSuchMethodError'{0x00000000eb95fa20}: 'void java.lang.invoke.DirectMethodHandle$Holder.invokeSpecial(java.lang.Object, java.lang.Object, java.lang.Object)'> (0x00000000eb95fa20) 
thrown [e:\jenkins\tmp\workspace\build\src\src\hotspot\share\interpreter\linkResolver.cpp, line 766]
Event: 0.598 Thread 0x0000024c7dd54a80 Exception <a 'java/lang/NoSuchMethodError'{0x00000000ec041590}: 'java.lang.Object java.lang.invoke.DirectMethodHandle$Holder.newInvokeSpecial(java.lang.Object, int, java.lang.Object)'> (0x00000000ec041590) 
thrown [e:\jenkins\tmp\workspace\build\src\src\hotspot\share\interpreter\linkResolver.cpp, line 766]
Event: 0.728 Thread 0x0000024c7dd54a80 Exception <a 'java/lang/UnsatisfiedLinkError'{0x00000000eab80290}: 'void org.eclipse.equinox.launcher.JNIBridge._update_splash()'> (0x00000000eab80290) 
thrown [e:\jenkins\tmp\workspace\build\src\src\hotspot\share\prims\nativeLookup.cpp, line 543]
Event: 0.755 Thread 0x0000024c15a6d0f0 Exception <a 'java/lang/NoSuchMethodError'{0x00000000eaca1870}: 'java.lang.Object java.lang.invoke.DirectMethodHandle$Holder.invokeStaticInit(java.lang.Object)'> (0x00000000eaca1870) 
thrown [e:\jenkins\tmp\workspace\build\src\src\hotspot\share\interpreter\linkResolver.cpp, line 766]
Event: 0.855 Thread 0x0000024c15a6d0f0 Exception <a 'java/io/FileNotFoundException'{0x00000000eafee6d0}> (0x00000000eafee6d0) 
thrown [e:\jenkins\tmp\workspace\build\src\src\hotspot\share\prims\jni.cpp, line 516]
Event: 1.181 Thread 0x0000024c15a6d0f0 Exception <a 'java/lang/NoSuchMethodError'{0x00000000ebe8feb0}: 'void java.lang.invoke.DirectMethodHandle$Holder.invokeInterface(java.lang.Object, java.lang.Object, java.lang.Object)'> (0x00000000ebe8feb0) 
thrown [e:\jenkins\tmp\workspace\build\src\src\hotspot\share\interpreter\linkResolver.cpp, line 766]
Event: 1.217 Thread 0x0000024c15a6d0f0 Exception <a 'java/lang/NoSuchMethodError'{0x00000000ec026658}: 'java.lang.Object java.lang.invoke.Invokers$Holder.invokeExact_MT(java.lang.Object, java.lang.Object, java.lang.Object, java.lang.Object, java.lang.Object, java.lang.Object)'> (0x00000000ec026658) 
thrown [e:\jenkins\tmp\workspace\build\src\src\hotspot\share\interpreter\linkResolver.cpp, line 766]
Event: 1.227 Thread 0x0000024c15a6d0f0 Exception <a 'java/io/FileNotFoundException'{0x00000000ec06bb68}> (0x00000000ec06bb68) 
thrown [e:\jenkins\tmp\workspace\build\src\src\hotspot\share\prims\jni.cpp, line 516]
Event: 1.387 Thread 0x0000024c15a6d0f0 Exception <a 'java/lang/NoSuchMethodError'{0x00000000eb370ed0}: 'int java.lang.invoke.DirectMethodHandle$Holder.invokeStaticInit(java.lang.Object, java.lang.Object, java.lang.Object)'> (0x00000000eb370ed0) 
thrown [e:\jenkins\tmp\workspace\build\src\src\hotspot\share\interpreter\linkResolver.cpp, line 766]
Event: 1.394 Thread 0x0000024c15a6d0f0 Exception <a 'java/lang/IncompatibleClassChangeError'{0x00000000eb3afbc8}: Found class java.lang.Object, but interface was expected> (0x00000000eb3afbc8) 
thrown [e:\jenkins\tmp\workspace\build\src\src\hotspot\share\interpreter\linkResolver.cpp, line 833]
Event: 1.453 Thread 0x0000024c15a6d0f0 Exception <a 'java/io/FileNotFoundException'{0x00000000eac0d3b8}> (0x00000000eac0d3b8) 
thrown [e:\jenkins\tmp\workspace\build\src\src\hotspot\share\prims\jni.cpp, line 516]
Event: 1.453 Thread 0x0000024c15a6d0f0 Exception <a 'java/io/FileNotFoundException'{0x00000000eac0e538}> (0x00000000eac0e538) 
thrown [e:\jenkins\tmp\workspace\build\src\src\hotspot\share\prims\jni.cpp, line 516]
Event: 1.453 Thread 0x0000024c15a6d0f0 Exception <a 'java/io/FileNotFoundException'{0x00000000eac0f6c8}> (0x00000000eac0f6c8) 
thrown [e:\jenkins\tmp\workspace\build\src\src\hotspot\share\prims\jni.cpp, line 516]

VM Operations (20 events):
Event: 0.583 Executing VM operation: HandshakeAllThreads
Event: 0.583 Executing VM operation: HandshakeAllThreads done
Event: 0.720 Executing VM operation: ParallelGCFailedAllocation
Event: 0.728 Executing VM operation: ParallelGCFailedAllocation done
Event: 0.766 Executing VM operation: HandshakeAllThreads
Event: 0.766 Executing VM operation: HandshakeAllThreads done
Event: 1.101 Executing VM operation: ICBufferFull
Event: 1.101 Executing VM operation: ICBufferFull done
Event: 1.143 Executing VM operation: HandshakeAllThreads
Event: 1.143 Executing VM operation: HandshakeAllThreads done
Event: 1.170 Executing VM operation: HandshakeAllThreads
Event: 1.170 Executing VM operation: HandshakeAllThreads done
Event: 1.172 Executing VM operation: HandshakeAllThreads
Event: 1.172 Executing VM operation: HandshakeAllThreads done
Event: 1.275 Executing VM operation: ParallelGCFailedAllocation
Event: 1.281 Executing VM operation: ParallelGCFailedAllocation done
Event: 1.365 Executing VM operation: HandshakeAllThreads
Event: 1.365 Executing VM operation: HandshakeAllThreads done
Event: 1.422 Executing VM operation: CollectForMetadataAllocation
Event: 1.438 Executing VM operation: CollectForMetadataAllocation done

Events (20 events):
Event: 1.404 loading class java/util/zip/DeflaterOutputStream done
Event: 1.404 loading class java/util/zip/GZIPOutputStream done
Event: 1.408 loading class java/io/StringReader
Event: 1.408 loading class java/io/StringReader done
Event: 1.413 loading class java/util/zip/GZIPInputStream
Event: 1.413 loading class java/util/zip/GZIPInputStream done
Event: 1.414 loading class java/net/SocketTimeoutException
Event: 1.414 loading class java/io/InterruptedIOException
Event: 1.414 loading class java/io/InterruptedIOException done
Event: 1.415 loading class java/net/SocketTimeoutException done
Event: 1.415 loading class java/net/SocketException
Event: 1.415 loading class java/net/SocketException done
Event: 1.415 loading class java/net/UnknownHostException
Event: 1.415 loading class java/net/UnknownHostException done
Event: 1.415 loading class java/net/ProtocolException
Event: 1.415 loading class java/net/ProtocolException done
Event: 1.445 loading class java/io/FileWriter
Event: 1.445 loading class java/io/FileWriter done
Event: 1.451 loading class java/lang/NegativeArraySizeException
Event: 1.451 loading class java/lang/NegativeArraySizeException done


Dynamic libraries:
0x00007ff6d0d80000 - 0x00007ff6d0d8e000 	c:\Users\Nisarg Shah\.vscode\extensions\redhat.java-1.6.0-win32-x64\jre\17.0.2-win32-x86_64\bin\java.exe
0x00007ffdfc160000 - 0x00007ffdfc369000 	C:\WINDOWS\SYSTEM32\ntdll.dll
0x00007ffdfb1f0000 - 0x00007ffdfb2ad000 	C:\WINDOWS\System32\KERNEL32.DLL
0x00007ffdf9b60000 - 0x00007ffdf9ed9000 	C:\WINDOWS\System32\KERNELBASE.dll
0x00007ffdf99d0000 - 0x00007ffdf9ae1000 	C:\WINDOWS\System32\ucrtbase.dll
0x00007ffddb670000 - 0x00007ffddb689000 	c:\Users\Nisarg Shah\.vscode\extensions\redhat.java-1.6.0-win32-x64\jre\17.0.2-win32-x86_64\bin\VCRUNTIME140.dll
0x00007ffddbb80000 - 0x00007ffddbb98000 	c:\Users\Nisarg Shah\.vscode\extensions\redhat.java-1.6.0-win32-x64\jre\17.0.2-win32-x86_64\bin\jli.dll
0x00007ffdfa650000 - 0x00007ffdfa7fc000 	C:\WINDOWS\System32\USER32.dll
0x00007ffdf99a0000 - 0x00007ffdf99c6000 	C:\WINDOWS\System32\win32u.dll
0x00007ffdde0d0000 - 0x00007ffdde375000 	C:\WINDOWS\WinSxS\amd64_microsoft.windows.common-controls_6595b64144ccf1df_6.0.22000.120_none_9d947278b86cc467\COMCTL32.dll
0x00007ffdfa800000 - 0x00007ffdfa8a3000 	C:\WINDOWS\System32\msvcrt.dll
0x00007ffdfb540000 - 0x00007ffdfb569000 	C:\WINDOWS\System32\GDI32.dll
0x00007ffdf9710000 - 0x00007ffdf9822000 	C:\WINDOWS\System32\gdi32full.dll
0x00007ffdf9ee0000 - 0x00007ffdf9f7d000 	C:\WINDOWS\System32\msvcp_win.dll
0x00007ffdfb1b0000 - 0x00007ffdfb1e1000 	C:\WINDOWS\System32\IMM32.DLL
0x00007ffdf4090000 - 0x00007ffdf409c000 	c:\Users\Nisarg Shah\.vscode\extensions\redhat.java-1.6.0-win32-x64\jre\17.0.2-win32-x86_64\bin\vcruntime140_1.dll
0x00007ffdba980000 - 0x00007ffdbaa11000 	c:\Users\Nisarg Shah\.vscode\extensions\redhat.java-1.6.0-win32-x64\jre\17.0.2-win32-x86_64\bin\msvcp140.dll
0x00007ffda5c70000 - 0x00007ffda68b7000 	c:\Users\Nisarg Shah\.vscode\extensions\redhat.java-1.6.0-win32-x64\jre\17.0.2-win32-x86_64\bin\server\jvm.dll
0x00007ffdfa120000 - 0x00007ffdfa1ce000 	C:\WINDOWS\System32\ADVAPI32.dll
0x00007ffdfb110000 - 0x00007ffdfb1ae000 	C:\WINDOWS\System32\sechost.dll
0x00007ffdfb3c0000 - 0x00007ffdfb4e0000 	C:\WINDOWS\System32\RPCRT4.dll
0x00007ffdfa8b0000 - 0x00007ffdfa8b8000 	C:\WINDOWS\System32\PSAPI.DLL
0x00007ffdd7c80000 - 0x00007ffdd7c89000 	C:\WINDOWS\SYSTEM32\WSOCK32.dll
0x00007ffdf26f0000 - 0x00007ffdf26fa000 	C:\WINDOWS\SYSTEM32\VERSION.dll
0x00007ffdf3030000 - 0x00007ffdf3063000 	C:\WINDOWS\SYSTEM32\WINMM.dll
0x00007ffdfae10000 - 0x00007ffdfae7f000 	C:\WINDOWS\System32\WS2_32.dll
0x00007ffdf87c0000 - 0x00007ffdf87d8000 	C:\WINDOWS\SYSTEM32\kernel.appcore.dll
0x00007ffdf3070000 - 0x00007ffdf307a000 	c:\Users\Nisarg Shah\.vscode\extensions\redhat.java-1.6.0-win32-x64\jre\17.0.2-win32-x86_64\bin\jimage.dll
0x00007ffdf71e0000 - 0x00007ffdf7401000 	C:\WINDOWS\SYSTEM32\DBGHELP.DLL
0x00007ffdd9210000 - 0x00007ffdd9241000 	C:\WINDOWS\SYSTEM32\dbgcore.DLL
0x00007ffdf9f80000 - 0x00007ffdf9fff000 	C:\WINDOWS\System32\bcryptPrimitives.dll
0x00007ffdc94f0000 - 0x00007ffdc9515000 	c:\Users\Nisarg Shah\.vscode\extensions\redhat.java-1.6.0-win32-x64\jre\17.0.2-win32-x86_64\bin\java.dll
0x00007ffdda0a0000 - 0x00007ffdda0b8000 	c:\Users\Nisarg Shah\.vscode\extensions\redhat.java-1.6.0-win32-x64\jre\17.0.2-win32-x86_64\bin\zip.dll
0x00007ffdfb570000 - 0x00007ffdfbd1f000 	C:\WINDOWS\System32\SHELL32.dll
0x00007ffdf7740000 - 0x00007ffdf7fa8000 	C:\WINDOWS\SYSTEM32\windows.storage.dll
0x00007ffdfbd20000 - 0x00007ffdfc098000 	C:\WINDOWS\System32\combase.dll
0x00007ffdf75d0000 - 0x00007ffdf7736000 	C:\WINDOWS\SYSTEM32\wintypes.dll
0x00007ffdfb020000 - 0x00007ffdfb10a000 	C:\WINDOWS\System32\SHCORE.dll
0x00007ffdfb2b0000 - 0x00007ffdfb30d000 	C:\WINDOWS\System32\shlwapi.dll
0x00007ffdf9580000 - 0x00007ffdf95a1000 	C:\WINDOWS\SYSTEM32\profapi.dll
0x00007ffdda000000 - 0x00007ffdda019000 	C:\Users\Nisarg Shah\.vscode\extensions\redhat.java-1.6.0-win32-x64\jre\17.0.2-win32-x86_64\bin\net.dll
0x00007ffdf2ba0000 - 0x00007ffdf2cac000 	C:\WINDOWS\SYSTEM32\WINHTTP.dll
0x00007ffdf8bf0000 - 0x00007ffdf8c57000 	C:\WINDOWS\system32\mswsock.dll
0x00007ffdd7500000 - 0x00007ffdd7515000 	C:\Users\Nisarg Shah\.vscode\extensions\redhat.java-1.6.0-win32-x64\jre\17.0.2-win32-x86_64\bin\nio.dll
0x00007ffdf8e30000 - 0x00007ffdf8e48000 	C:\WINDOWS\SYSTEM32\CRYPTSP.dll
0x00007ffdf8720000 - 0x00007ffdf8755000 	C:\WINDOWS\system32\rsaenh.dll
0x00007ffdf8ce0000 - 0x00007ffdf8d09000 	C:\WINDOWS\SYSTEM32\USERENV.dll
0x00007ffdf8fb0000 - 0x00007ffdf8fd7000 	C:\WINDOWS\SYSTEM32\bcrypt.dll
0x00007ffdf8e50000 - 0x00007ffdf8e5c000 	C:\WINDOWS\SYSTEM32\CRYPTBASE.dll
0x00007ffdf81f0000 - 0x00007ffdf821d000 	C:\WINDOWS\SYSTEM32\IPHLPAPI.DLL
0x00007ffdfaa20000 - 0x00007ffdfaa29000 	C:\WINDOWS\System32\NSI.dll
0x00007ffdf29c0000 - 0x00007ffdf29d9000 	C:\WINDOWS\SYSTEM32\dhcpcsvc6.DLL
0x00007ffdf2d20000 - 0x00007ffdf2d3e000 	C:\WINDOWS\SYSTEM32\dhcpcsvc.DLL
0x00007ffdf8220000 - 0x00007ffdf8308000 	C:\WINDOWS\SYSTEM32\DNSAPI.dll
0x00007ffdc1e30000 - 0x00007ffdc1e6e000 	C:\Users\Nisarg Shah\AppData\Roaming\Code\User\globalStorage\redhat.java\1.6.0\config_win\org.eclipse.equinox.launcher\org.eclipse.equinox.launcher.win32.win32.x86_64_1.2.400.v20211117-0650\eclipse_11602.dll
0x00007ffdfae80000 - 0x00007ffdfb01a000 	C:\WINDOWS\System32\ole32.dll

dbghelp: loaded successfully - version: 4.0.5 - missing functions: none
symbol engine: initialized successfully - sym options: 0x614 - pdb path: .;c:\Users\Nisarg Shah\.vscode\extensions\redhat.java-1.6.0-win32-x64\jre\17.0.2-win32-x86_64\bin;C:\WINDOWS\SYSTEM32;C:\WINDOWS\WinSxS\amd64_microsoft.windows.common-controls_6595b64144ccf1df_6.0.22000.120_none_9d947278b86cc467;c:\Users\Nisarg Shah\.vscode\extensions\redhat.java-1.6.0-win32-x64\jre\17.0.2-win32-x86_64\bin\server;C:\Users\Nisarg Shah\AppData\Roaming\Code\User\globalStorage\redhat.java\1.6.0\config_win\org.eclipse.equinox.launcher\org.eclipse.equinox.launcher.win32.win32.x86_64_1.2.400.v20211117-0650

VM Arguments:
jvm_args: --add-modules=ALL-SYSTEM --add-opens=java.base/java.util=ALL-UNNAMED --add-opens=java.base/java.lang=ALL-UNNAMED --add-opens=java.base/sun.nio.fs=ALL-UNNAMED -Declipse.application=org.eclipse.jdt.ls.core.id1 -Dosgi.bundles.defaultStartLevel=4 -Declipse.product=org.eclipse.jdt.ls.core.product -Djava.import.generatesMetadataFilesAtProjectRoot=false -Dfile.encoding=utf8 -DwatchParentProcess=false -XX:+UseParallelGC -XX:GCTimeRatio=4 -XX:AdaptiveSizePolicyWeight=90 -Dsun.zip.disableMemoryMapping=true -Xmx1G -Xms100m -XX:+HeapDumpOnOutOfMemoryError -XX:HeapDumpPath=c:\Users\Nisarg Shah\AppData\Roaming\Code\User\workspaceStorage\54ba89270061d8e32219ce9d5ef7f790\redhat.java 
java_command: c:\Users\Nisarg Shah\.vscode\extensions\redhat.java-1.6.0-win32-x64\server\plugins\org.eclipse.equinox.launcher_1.6.400.v20210924-0641.jar -configuration c:\Users\Nisarg Shah\AppData\Roaming\Code\User\globalStorage\redhat.java\1.6.0\config_win -data c:\Users\Nisarg Shah\AppData\Roaming\Code\User\workspaceStorage\54ba89270061d8e32219ce9d5ef7f790\redhat.java\jdt_ws
java_class_path (initial): c:\Users\Nisarg Shah\.vscode\extensions\redhat.java-1.6.0-win32-x64\server\plugins\org.eclipse.equinox.launcher_1.6.400.v20210924-0641.jar
Launcher Type: SUN_STANDARD

[Global flags]
    uintx AdaptiveSizePolicyWeight                 = 90                                        {product} {command line}
     intx CICompilerCount                          = 4                                         {product} {ergonomic}
    uintx GCTimeRatio                              = 4                                         {product} {command line}
     bool HeapDumpOnOutOfMemoryError               = true                                   {manageable} {command line}
    ccstr HeapDumpPath                             = c:\Users\Nisarg Shah\AppData\Roaming\Code\User\workspaceStorage\54ba89270061d8e32219ce9d5ef7f790\redhat.java         {manageable} {command line}
   size_t InitialHeapSize                          = 104857600                                 {product} {command line}
   size_t MaxHeapSize                              = 1073741824                                {product} {command line}
   size_t MaxNewSize                               = 357564416                                 {product} {ergonomic}
   size_t MinHeapDeltaBytes                        = 524288                                    {product} {ergonomic}
   size_t MinHeapSize                              = 104857600                                 {product} {command line}
   size_t NewSize                                  = 34603008                                  {product} {ergonomic}
    uintx NonNMethodCodeHeapSize                   = 5839372                                {pd product} {ergonomic}
    uintx NonProfiledCodeHeapSize                  = 122909434                              {pd product} {ergonomic}
   size_t OldSize                                  = 70254592                                  {product} {ergonomic}
    uintx ProfiledCodeHeapSize                     = 122909434                              {pd product} {ergonomic}
    uintx ReservedCodeCacheSize                    = 251658240                              {pd product} {ergonomic}
     bool SegmentedCodeCache                       = true                                      {product} {ergonomic}
   size_t SoftMaxHeapSize                          = 1073741824                             {manageable} {ergonomic}
     bool UseCompressedClassPointers               = true                           {product lp64_product} {ergonomic}
     bool UseCompressedOops                        = true                           {product lp64_product} {ergonomic}
     bool UseLargePagesIndividualAllocation        = false                                  {pd product} {ergonomic}
     bool UseParallelGC                            = true                                      {product} {command line}

Logging:
Log output configuration:
 #0: stdout all=warning uptime,level,tags
 #1: stderr all=off uptime,level,tags

Environment Variables:
JAVA_HOME=C:\Program Files\Eclipse Adoptium\jdk-11.0.13.8-hotspot\
PATH=C:\Program Files\Python310\Scripts\;C:\Program Files\Python310\;C:\Program Files\Eclipse Adoptium\jdk-11.0.13.8-hotspot\bin;C:\windows\system32;C:\windows;C:\windows\System32\Wbem;C:\windows\System32\WindowsPowerShell\v1.0\;C:\windows\System32\OpenSSH\;C:\Program Files (x86)\NVIDIA Corporation\PhysX\Common;C:\Program Files\NVIDIA Corporation\NVIDIA NvDLISR;D:\Programs\Git\cmd;C:\Users\Nisarg Shah\AppData\Local\Microsoft\WindowsApps;D:\Programs\msys64\mingw64\bin;D:\Program Files\Nodejs\;C:\WINDOWS\system32;C:\WINDOWS;C:\WINDOWS\System32\Wbem;C:\WINDOWS\System32\WindowsPowerShell\v1.0\;C:\WINDOWS\System32\OpenSSH\;E:\Downloads\ffmpeg-2022-03-03-git-72684d2c2d-full_build\bin;D:\Program Files\apache-maven-3.8.4\bin;D:\Programs\XAMPP\php;C:\Users\Nisarg Shah\AppData\Roaming\Python\Python310\Scripts;C:\Users\Nisarg Shah\Downloads\platform-tools_r33.0.1-windows\platform-tools;C:\Users\Nisarg Shah\AppData\Local\Microsoft\WindowsApps;;D:\Programs\Microsoft VS Code\bin;D:\Program Files\IntelliJ IDEA 2021.3.1\bin;;C:\Users\Nisarg Shah\AppData\Roaming\npm;D:\Programs\heroku\bin
USERNAME=Nisarg Shah
OS=Windows_NT
PROCESSOR_IDENTIFIER=AMD64 Family 25 Model 80 Stepping 0, AuthenticAMD



---------------  S Y S T E M  ---------------

OS:
 Windows 11 , 64 bit Build 22000 (10.0.22000.675)
OS uptime: 0 days 11:30 hours

CPU: total 12 (initial active 12) (12 cores per cpu, 2 threads per core) family 25 model 80 stepping 0 microcode 0x0, cx8, cmov, fxsr, ht, mmx, 3dnowpref, sse, sse2, sse3, ssse3, sse4a, sse4.1, sse4.2, popcnt, lzcnt, tsc, tscinvbit, avx, avx2, aes, erms, clmul, bmi1, bmi2, adx, sha, fma, vzeroupper, clflush, clflushopt

Memory: 4k page, system-wide physical 7524M (493M free)
TotalPageFile size 11620M (AvailPageFile size 5M)
current process WorkingSet (physical memory assigned to process): 128M, peak: 129M
current process commit charge ("private bytes"): 240M, peak: 240M

vm_info: OpenJDK 64-Bit Server VM (17.0.2+8) for windows-amd64 JRE (17.0.2+8), built on Jan 20 2022 04:52:34 by "" with MS VC++ 16.7 (VS2019)

END.
