#
# There is insufficient memory for the Java Runtime Environment to continue.
# Native memory allocation (mmap) failed to map 123731968 bytes for Failed to commit area from 0x000000008a600000 to 0x0000000091c00000 of length 123731968.
# Possible reasons:
#   The system is out of physical RAM or swap space
#   The process is running with CompressedOops enabled, and the Java Heap may be blocking the growth of the native heap
# Possible solutions:
#   Reduce memory load on the system
#   Increase physical memory or swap space
#   Check if swap backing store is full
#   Decrease Java heap size (-Xmx/-Xms)
#   Decrease number of Java threads
#   Decrease Java thread stack sizes (-Xss)
#   Set larger code cache with -XX:ReservedCodeCacheSize=
# This output file may be truncated or incomplete.
#
#  Out of Memory Error (./src/hotspot/os/windows/os_windows.cpp:3311), pid=14036, tid=2944
#
# JRE version:  (11.0.13+8) (build )
# Java VM: OpenJDK 64-Bit Server VM (11.0.13+8, mixed mode, sharing, tiered, compressed oops, g1 gc, windows-amd64)
# No core dump will be written. Minidumps are not enabled by default on client versions of Windows
#

---------------  S U M M A R Y ------------

Command Line: -agentlib:jdwp=transport=dt_socket,server=n,suspend=y,address=localhost:60355 USA_Practice.MultiThreading.Test

Host: AMD Ryzen 5 5600H with Radeon Graphics         , 12 cores, 7G,  Windows 10 , 64 bit Build 22000 (10.0.22000.613)
Time: Sun Apr 24 20:46:21 2022 India Standard Time elapsed time: 0.040152 seconds (0d 0h 0m 0s)

---------------  T H R E A D  ---------------

Current thread (0x000001e7db29d000):  JavaThread "Unknown thread" [_thread_in_vm, id=2944, stack(0x0000003eeab00000,0x0000003eeac00000)]

Stack: [0x0000003eeab00000,0x0000003eeac00000]
Native frames: (J=compiled Java code, j=interpreted, Vv=VM code, C=native code)
V  [jvm.dll+0x61cc7a]
V  [jvm.dll+0x7a8fd9]
V  [jvm.dll+0x7aa69f]
V  [jvm.dll+0x7aad73]
V  [jvm.dll+0x24f808]
V  [jvm.dll+0x619f8a]
V  [jvm.dll+0x60e835]
V  [jvm.dll+0x30733c]
V  [jvm.dll+0x3071c2]
V  [jvm.dll+0x30bee6]
V  [jvm.dll+0x350e8f]
V  [jvm.dll+0x3508c0]
V  [jvm.dll+0x2e4438]
V  [jvm.dll+0x2e5596]
V  [jvm.dll+0x782db7]
V  [jvm.dll+0x78453f]
V  [jvm.dll+0x35dc19]
V  [jvm.dll+0x765d40]
V  [jvm.dll+0x3cb66f]
V  [jvm.dll+0x3cda01]
C  [jli.dll+0x5207]
C  [ucrtbase.dll+0x26c0c]
C  [KERNEL32.DLL+0x154e0]
C  [ntdll.dll+0x485b]


---------------  P R O C E S S  ---------------

Threads class SMR info:
_java_thread_list=0x000001e7d9063af0, length=0, elements={
}

Java Threads: ( => current thread )

Other Threads:
  0x000001e7db2b4800 GCTaskThread "GC Thread#0" [stack: 0x0000003eeac00000,0x0000003eead00000] [id=17556]
  0x000001e7db2e5000 ConcurrentGCThread "G1 Main Marker" [stack: 0x0000003eead00000,0x0000003eeae00000] [id=17568]
  0x000001e7db2e6800 ConcurrentGCThread "G1 Conc#0" [stack: 0x0000003eeae00000,0x0000003eeaf00000] [id=16268]

[error occurred during error reporting (printing all threads), id 0xc0000005, EXCEPTION_ACCESS_VIOLATION (0xc0000005) at pc=0x00007ffb0bb93b17]

VM state:not at safepoint (not fully initialized)

VM Mutex/Monitor currently owned by a thread:  ([mutex/lock_event])
[0x000001e7db299bb0] Heap_lock - owner thread: 0x000001e7db29d000

Heap address: 0x000000008a600000, size: 1882 MB, Compressed Oops mode: Non-zero based: 0x000000008a600000
Narrow klass base: 0x0000000000000000, Narrow klass shift: 0

GC Heap History (0 events):
No events

Deoptimization events (0 events):
No events

Classes redefined (0 events):
No events

Internal exceptions (0 events):
No events

Events (1 events):
Event: 0.033 Loaded shared library C:\Program Files\Eclipse Adoptium\jdk-11.0.13.8-hotspot\bin\zip.dll


Dynamic libraries:
0x00007ff60de10000 - 0x00007ff60de1d000 	C:\Program Files\Eclipse Adoptium\jdk-11.0.13.8-hotspot\bin\java.exe
0x00007ffb4c3e0000 - 0x00007ffb4c5e9000 	C:\WINDOWS\SYSTEM32\ntdll.dll
0x00007ffb4c1f0000 - 0x00007ffb4c2ad000 	C:\WINDOWS\System32\KERNEL32.DLL
0x00007ffb49bb0000 - 0x00007ffb49f24000 	C:\WINDOWS\System32\KERNELBASE.dll
0x00007ffb498d0000 - 0x00007ffb499e1000 	C:\WINDOWS\System32\ucrtbase.dll
0x00007ffb342d0000 - 0x00007ffb342e5000 	C:\Program Files\Eclipse Adoptium\jdk-11.0.13.8-hotspot\bin\VCRUNTIME140.dll
0x00007ffb2c520000 - 0x00007ffb2c537000 	C:\Program Files\Eclipse Adoptium\jdk-11.0.13.8-hotspot\bin\jli.dll
0x00007ffb4ae20000 - 0x00007ffb4afcc000 	C:\WINDOWS\System32\USER32.dll
0x00007ffb2d290000 - 0x00007ffb2d535000 	C:\WINDOWS\WinSxS\amd64_microsoft.windows.common-controls_6595b64144ccf1df_6.0.22000.120_none_9d947278b86cc467\COMCTL32.dll
0x00007ffb49b80000 - 0x00007ffb49ba6000 	C:\WINDOWS\System32\win32u.dll
0x00007ffb4a3c0000 - 0x00007ffb4a463000 	C:\WINDOWS\System32\msvcrt.dll
0x00007ffb4a330000 - 0x00007ffb4a359000 	C:\WINDOWS\System32\GDI32.dll
0x00007ffb499f0000 - 0x00007ffb49b02000 	C:\WINDOWS\System32\gdi32full.dll
0x00007ffb49f30000 - 0x00007ffb49fcd000 	C:\WINDOWS\System32\msvcp_win.dll
0x00007ffb4a470000 - 0x00007ffb4a4a1000 	C:\WINDOWS\System32\IMM32.DLL
0x00007ffb12290000 - 0x00007ffb1232b000 	C:\Program Files\Eclipse Adoptium\jdk-11.0.13.8-hotspot\bin\msvcp140.dll
0x00007ffb0b8a0000 - 0x00007ffb0c41e000 	C:\Program Files\Eclipse Adoptium\jdk-11.0.13.8-hotspot\bin\server\jvm.dll
0x00007ffb4bde0000 - 0x00007ffb4be8e000 	C:\WINDOWS\System32\ADVAPI32.dll
0x00007ffb4a5d0000 - 0x00007ffb4a66e000 	C:\WINDOWS\System32\sechost.dll
0x00007ffb4a4b0000 - 0x00007ffb4a5d0000 	C:\WINDOWS\System32\RPCRT4.dll
0x00007ffb4afe0000 - 0x00007ffb4afe8000 	C:\WINDOWS\System32\PSAPI.DLL
0x00007ffb43870000 - 0x00007ffb438a3000 	C:\WINDOWS\SYSTEM32\WINMM.dll
0x00007ffb23eb0000 - 0x00007ffb23eb9000 	C:\WINDOWS\SYSTEM32\WSOCK32.dll
0x00007ffb40c70000 - 0x00007ffb40c7a000 	C:\WINDOWS\SYSTEM32\VERSION.dll
0x00007ffb4b140000 - 0x00007ffb4b1af000 	C:\WINDOWS\System32\WS2_32.dll
0x00007ffb48ac0000 - 0x00007ffb48ad8000 	C:\WINDOWS\SYSTEM32\kernel.appcore.dll
0x00007ffb45ce0000 - 0x00007ffb45cf0000 	C:\Program Files\Eclipse Adoptium\jdk-11.0.13.8-hotspot\bin\verify.dll
0x00007ffb47000000 - 0x00007ffb47221000 	C:\WINDOWS\SYSTEM32\DBGHELP.DLL
0x00007ffb29a70000 - 0x00007ffb29aa1000 	C:\WINDOWS\SYSTEM32\dbgcore.DLL
0x00007ffb4a140000 - 0x00007ffb4a1bf000 	C:\WINDOWS\System32\bcryptPrimitives.dll
0x00007ffb2c3c0000 - 0x00007ffb2c3e8000 	C:\Program Files\Eclipse Adoptium\jdk-11.0.13.8-hotspot\bin\java.dll
0x00007ffb45350000 - 0x00007ffb4535a000 	C:\Program Files\Eclipse Adoptium\jdk-11.0.13.8-hotspot\bin\jimage.dll
0x00007ffb2c140000 - 0x00007ffb2c178000 	C:\Program Files\Eclipse Adoptium\jdk-11.0.13.8-hotspot\bin\jdwp.dll
0x00007ffb2c210000 - 0x00007ffb2c227000 	C:\Program Files\Eclipse Adoptium\jdk-11.0.13.8-hotspot\bin\zip.dll

dbghelp: loaded successfully - version: 4.0.5 - missing functions: none
symbol engine: initialized successfully - sym options: 0x614 - pdb path: .;C:\Program Files\Eclipse Adoptium\jdk-11.0.13.8-hotspot\bin;C:\WINDOWS\SYSTEM32;C:\WINDOWS\WinSxS\amd64_microsoft.windows.common-controls_6595b64144ccf1df_6.0.22000.120_none_9d947278b86cc467;C:\Program Files\Eclipse Adoptium\jdk-11.0.13.8-hotspot\bin\server

VM Arguments:
jvm_args: -agentlib:jdwp=transport=dt_socket,server=n,suspend=y,address=localhost:60355 
java_command: USA_Practice.MultiThreading.Test
java_class_path (initial): C:\Users\Nisarg Shah\AppData\Roaming\Code\User\workspaceStorage\54ba89270061d8e32219ce9d5ef7f790\redhat.java\jdt_ws\Java_eaa6c0f5\bin
Launcher Type: SUN_STANDARD

[Global flags]
     intx CICompilerCount                          = 4                                         {product} {ergonomic}
     uint ConcGCThreads                            = 3                                         {product} {ergonomic}
     uint G1ConcRefinementThreads                  = 10                                        {product} {ergonomic}
   size_t G1HeapRegionSize                         = 1048576                                   {product} {ergonomic}
    uintx GCDrainStackTargetSize                   = 64                                        {product} {ergonomic}
   size_t InitialHeapSize                          = 123731968                                 {product} {ergonomic}
   size_t MarkStackSize                            = 4194304                                   {product} {ergonomic}
   size_t MaxHeapSize                              = 1973420032                                {product} {ergonomic}
   size_t MinHeapDeltaBytes                        = 1048576                                   {product} {ergonomic}
    uintx NonNMethodCodeHeapSize                   = 5836300                                {pd product} {ergonomic}
    uintx NonProfiledCodeHeapSize                  = 122910970                              {pd product} {ergonomic}
    uintx ProfiledCodeHeapSize                     = 122910970                              {pd product} {ergonomic}
    uintx ReservedCodeCacheSize                    = 251658240                              {pd product} {ergonomic}
     bool SegmentedCodeCache                       = true                                      {product} {ergonomic}
     bool UseCompressedClassPointers               = true                                 {lp64_product} {ergonomic}
     bool UseCompressedOops                        = true                                 {lp64_product} {ergonomic}
     bool UseG1GC                                  = true                                      {product} {ergonomic}
     bool UseLargePagesIndividualAllocation        = false                                  {pd product} {ergonomic}

Logging:
Log output configuration:
 #0: stdout all=warning uptime,level,tags
 #1: stderr all=off uptime,level,tags

Environment Variables:
JAVA_HOME=C:\Program Files\Eclipse Adoptium\jdk-11.0.13.8-hotspot\
PATH=C:\Program Files\Python310\Scripts\;C:\Program Files\Python310\;C:\Program Files\Eclipse Adoptium\jdk-11.0.13.8-hotspot\bin;C:\windows\system32;C:\windows;C:\windows\System32\Wbem;C:\windows\System32\WindowsPowerShell\v1.0\;C:\windows\System32\OpenSSH\;C:\Program Files (x86)\NVIDIA Corporation\PhysX\Common;C:\Program Files\NVIDIA Corporation\NVIDIA NvDLISR;D:\Programs\Git\cmd;C:\Users\Nisarg Shah\AppData\Local\Microsoft\WindowsApps;D:\Programs\msys64\mingw64\bin;D:\Program Files\Nodejs\;C:\WINDOWS\system32;C:\WINDOWS;C:\WINDOWS\System32\Wbem;C:\WINDOWS\System32\WindowsPowerShell\v1.0\;C:\WINDOWS\System32\OpenSSH\;E:\Downloads\ffmpeg-2022-03-03-git-72684d2c2d-full_build\bin;D:\Program Files\apache-maven-3.8.4\bin;D:\Programs\XAMPP\php;C:\Users\Nisarg Shah\AppData\Roaming\Python\Python310\Scripts;C:\Users\Nisarg Shah\AppData\Local\Microsoft\WindowsApps;;D:\Programs\Microsoft VS Code\bin;D:\Program Files\IntelliJ IDEA 2021.3.1\bin;;C:\Users\Nisarg Shah\AppData\Roaming\npm;D:\Programs\heroku\bin
USERNAME=Nisarg Shah
LANG=en_US.UTF-8
OS=Windows_NT
PROCESSOR_IDENTIFIER=AMD64 Family 25 Model 80 Stepping 0, AuthenticAMD



---------------  S Y S T E M  ---------------

OS: Windows 10 , 64 bit Build 22000 (10.0.22000.613)
OS uptime: 0 days 22:54 hours

CPU:total 12 (initial active 12) (12 cores per cpu, 2 threads per core) family 25 model 80 stepping 0 microcode 0x0, cmov, cx8, fxsr, mmx, sse, sse2, sse3, ssse3, sse4.1, sse4.2, popcnt, avx, avx2, aes, clmul, erms, mmxext, 3dnowpref, lzcnt, sse4a, ht, tsc, tscinvbit, tscinv, bmi1, bmi2, adx, sha, fma

Memory: 4k page, system-wide physical 7524M (554M free)
TotalPageFile size 11620M (AvailPageFile size 64M)
current process WorkingSet (physical memory assigned to process): 10M, peak: 10M
current process commit charge ("private bytes"): 64M, peak: 182M

vm_info: OpenJDK 64-Bit Server VM (11.0.13+8) for windows-amd64 JRE (11.0.13+8), built on Oct 19 2021 17:05:59 by "" with unknown MS VC++:1916

END.
