#
# There is insufficient memory for the Java Runtime Environment to continue.
# Native memory allocation (malloc) failed to allocate 1233616 bytes for Chunk::new
# Possible reasons:
#   The system is out of physical RAM or swap space
#   The process is running with CompressedOops enabled, and the Java Heap may be blocking the growth of the native heap
# Possible solutions:
#   Reduce memory load on the system
#   Increase physical memory or swap space
#   Check if swap backing store is full
#   Decrease Java heap size (-Xmx/-Xms)
#   Decrease number of Java threads
#   Decrease Java thread stack sizes (-Xss)
#   Set larger code cache with -XX:ReservedCodeCacheSize=
#   JVM is running with Unscaled Compressed Oops mode in which the Java heap is
#     placed in the first 4GB address space. The Java Heap base address is the
#     maximum limit for the native heap growth. Please use -XX:HeapBaseMinAddress
#     to set the Java Heap base and to place the Java Heap above 4GB virtual address.
# This output file may be truncated or incomplete.
#
#  Out of Memory Error (arena.cpp:189), pid=19944, tid=11520
#
# JRE version: OpenJDK Runtime Environment Temurin-17.0.2+8 (17.0.2+8) (build 17.0.2+8)
# Java VM: OpenJDK 64-Bit Server VM Temurin-17.0.2+8 (17.0.2+8, mixed mode, tiered, compressed oops, compressed class ptrs, parallel gc, windows-amd64)
# No core dump will be written. Minidumps are not enabled by default on client versions of Windows
#

---------------  S U M M A R Y ------------

Command Line: --add-modules=ALL-SYSTEM --add-opens=java.base/java.util=ALL-UNNAMED --add-opens=java.base/java.lang=ALL-UNNAMED --add-opens=java.base/sun.nio.fs=ALL-UNNAMED -Declipse.application=org.eclipse.jdt.ls.core.id1 -Dosgi.bundles.defaultStartLevel=4 -Declipse.product=org.eclipse.jdt.ls.core.product -Djava.import.generatesMetadataFilesAtProjectRoot=false -Dfile.encoding=utf8 -DwatchParentProcess=false -XX:+UseParallelGC -XX:GCTimeRatio=4 -XX:AdaptiveSizePolicyWeight=90 -Dsun.zip.disableMemoryMapping=true -Xmx1G -Xms100m -XX:+HeapDumpOnOutOfMemoryError -XX:HeapDumpPath=c:\Users\Nisarg Shah\AppData\Roaming\Code\User\workspaceStorage\54ba89270061d8e32219ce9d5ef7f790\redhat.java c:\Users\Nisarg Shah\.vscode\extensions\redhat.java-1.6.0-win32-x64\server\plugins\org.eclipse.equinox.launcher_1.6.400.v20210924-0641.jar -configuration c:\Users\Nisarg Shah\AppData\Roaming\Code\User\globalStorage\redhat.java\1.6.0\config_win -data c:\Users\Nisarg Shah\AppData\Roaming\Code\User\workspaceStorage\54ba89270061d8e32219ce9d5ef7f790\redhat.java\jdt_ws

Host: AMD Ryzen 5 5600H with Radeon Graphics         , 12 cores, 7G,  Windows 11 , 64 bit Build 22000 (10.0.22000.675)
Time: Sat May 21 21:44:01 2022 India Standard Time elapsed time: 1.329755 seconds (0d 0h 0m 1s)

---------------  T H R E A D  ---------------

Current thread (0x00000294cd53a480):  JavaThread "C2 CompilerThread1" daemon [_thread_in_native, id=11520, stack(0x000000ff2b400000,0x000000ff2b500000)]


Current CompileTask:
C2:   1329 2195       4       org.eclipse.core.internal.dtree.DataTreeReader::readNode (248 bytes)

Stack: [0x000000ff2b400000,0x000000ff2b500000]
Native frames: (J=compiled Java code, j=interpreted, Vv=VM code, C=native code)
V  [jvm.dll+0x67564a]
V  [jvm.dll+0x82fc04]
V  [jvm.dll+0x8313ae]
V  [jvm.dll+0x831a13]
V  [jvm.dll+0x245235]
V  [jvm.dll+0xabd7b]
V  [jvm.dll+0xac30c]
V  [jvm.dll+0x3631a2]
V  [jvm.dll+0x1bb702]
V  [jvm.dll+0x218229]
V  [jvm.dll+0x2174f1]
V  [jvm.dll+0x1a3a8d]
V  [jvm.dll+0x226ef8]
V  [jvm.dll+0x22503c]
V  [jvm.dll+0x7e596b]
V  [jvm.dll+0x7dff2a]
V  [jvm.dll+0x6744d5]
C  [ucrtbase.dll+0x26c0c]
C  [KERNEL32.DLL+0x154e0]
C  [ntdll.dll+0x485b]


---------------  P R O C E S S  ---------------

Threads class SMR info:
_java_thread_list=0x00000294cef17890, length=22, elements={
0x00000294b46c3a70, 0x00000294ca4765a0, 0x00000294ca4778f0, 0x00000294cc19e010,
0x00000294cc19ead0, 0x00000294cc19fe20, 0x00000294cc1a2be0, 0x00000294cc1a3f70,
0x00000294cc1a6020, 0x00000294cc1af890, 0x00000294cc286f10, 0x00000294cc3acce0,
0x00000294cd53a480, 0x00000294cd9b7b70, 0x00000294cdca0010, 0x00000294cda74fa0,
0x00000294cdb18360, 0x00000294cdccd420, 0x00000294cece9e20, 0x00000294ced04930,
0x00000294cef3db40, 0x00000294cef3f350
}

Java Threads: ( => current thread )
  0x00000294b46c3a70 JavaThread "main" [_thread_blocked, id=3216, stack(0x000000ff2a500000,0x000000ff2a600000)]
  0x00000294ca4765a0 JavaThread "Reference Handler" daemon [_thread_blocked, id=18520, stack(0x000000ff2a800000,0x000000ff2a900000)]
  0x00000294ca4778f0 JavaThread "Finalizer" daemon [_thread_blocked, id=5788, stack(0x000000ff2a900000,0x000000ff2aa00000)]
  0x00000294cc19e010 JavaThread "Signal Dispatcher" daemon [_thread_blocked, id=2736, stack(0x000000ff2aa00000,0x000000ff2ab00000)]
  0x00000294cc19ead0 JavaThread "Attach Listener" daemon [_thread_blocked, id=3256, stack(0x000000ff2ab00000,0x000000ff2ac00000)]
  0x00000294cc19fe20 JavaThread "Service Thread" daemon [_thread_blocked, id=16640, stack(0x000000ff2ac00000,0x000000ff2ad00000)]
  0x00000294cc1a2be0 JavaThread "Monitor Deflation Thread" daemon [_thread_blocked, id=10852, stack(0x000000ff2ad00000,0x000000ff2ae00000)]
  0x00000294cc1a3f70 JavaThread "C2 CompilerThread0" daemon [_thread_in_native, id=10896, stack(0x000000ff2ae00000,0x000000ff2af00000)]
  0x00000294cc1a6020 JavaThread "C1 CompilerThread0" daemon [_thread_blocked, id=17304, stack(0x000000ff2af00000,0x000000ff2b000000)]
  0x00000294cc1af890 JavaThread "Sweeper thread" daemon [_thread_blocked, id=4952, stack(0x000000ff2b000000,0x000000ff2b100000)]
  0x00000294cc286f10 JavaThread "Common-Cleaner" daemon [_thread_blocked, id=11492, stack(0x000000ff2b100000,0x000000ff2b200000)]
  0x00000294cc3acce0 JavaThread "Notification Thread" daemon [_thread_blocked, id=9876, stack(0x000000ff2b200000,0x000000ff2b300000)]
=>0x00000294cd53a480 JavaThread "C2 CompilerThread1" daemon [_thread_in_native, id=11520, stack(0x000000ff2b400000,0x000000ff2b500000)]
  0x00000294cd9b7b70 JavaThread "Active Thread: Equinox Container: 8fe91cf2-4b55-4770-86a2-feb53cb78068" [_thread_blocked, id=3956, stack(0x000000ff2b500000,0x000000ff2b600000)]
  0x00000294cdca0010 JavaThread "Framework Event Dispatcher: Equinox Container: 8fe91cf2-4b55-4770-86a2-feb53cb78068" daemon [_thread_blocked, id=15928, stack(0x000000ff2b600000,0x000000ff2b700000)]
  0x00000294cda74fa0 JavaThread "Start Level: Equinox Container: 8fe91cf2-4b55-4770-86a2-feb53cb78068" daemon [_thread_in_vm, id=19692, stack(0x000000ff2b700000,0x000000ff2b800000)]
  0x00000294cdb18360 JavaThread "SCR Component Actor" daemon [_thread_blocked, id=17436, stack(0x000000ff2be00000,0x000000ff2bf00000)]
  0x00000294cdccd420 JavaThread "Timer-0" [_thread_blocked, id=368, stack(0x000000ff2bf00000,0x000000ff2c000000)]
  0x00000294cece9e20 JavaThread "Bundle File Closer" daemon [_thread_blocked, id=18308, stack(0x000000ff2c000000,0x000000ff2c100000)]
  0x00000294ced04930 JavaThread "Worker-JM" [_thread_blocked, id=6268, stack(0x000000ff2c100000,0x000000ff2c200000)]
  0x00000294cef3db40 JavaThread "Worker-0" [_thread_blocked, id=17648, stack(0x000000ff2c500000,0x000000ff2c600000)]
  0x00000294cef3f350 JavaThread "Worker-1" [_thread_blocked, id=12436, stack(0x000000ff2c600000,0x000000ff2c700000)]

Other Threads:
  0x00000294cc152930 VMThread "VM Thread" [stack: 0x000000ff2a700000,0x000000ff2a800000] [id=6472]
  0x00000294cc45cc10 WatcherThread [stack: 0x000000ff2b300000,0x000000ff2b400000] [id=1836]
  0x00000294b46d5630 GCTaskThread "GC Thread#0" [stack: 0x000000ff2a600000,0x000000ff2a700000] [id=11040]
  0x00000294cd873260 GCTaskThread "GC Thread#1" [stack: 0x000000ff2b800000,0x000000ff2b900000] [id=15856]
  0x00000294cdb1cda0 GCTaskThread "GC Thread#2" [stack: 0x000000ff2b900000,0x000000ff2ba00000] [id=2776]
  0x00000294cdb0dfd0 GCTaskThread "GC Thread#3" [stack: 0x000000ff2ba00000,0x000000ff2bb00000] [id=2376]
  0x00000294cdb112b0 GCTaskThread "GC Thread#4" [stack: 0x000000ff2bb00000,0x000000ff2bc00000] [id=13004]
  0x00000294cdb11560 GCTaskThread "GC Thread#5" [stack: 0x000000ff2bc00000,0x000000ff2bd00000] [id=17464]
  0x00000294cdb11c20 GCTaskThread "GC Thread#6" [stack: 0x000000ff2bd00000,0x000000ff2be00000] [id=13756]
  0x00000294ceee1b20 GCTaskThread "GC Thread#7" [stack: 0x000000ff2c200000,0x000000ff2c300000] [id=13748]
  0x00000294ceeb5e10 GCTaskThread "GC Thread#8" [stack: 0x000000ff2c300000,0x000000ff2c400000] [id=5156]
  0x00000294ceebbfe0 GCTaskThread "GC Thread#9" [stack: 0x000000ff2c400000,0x000000ff2c500000] [id=11976]

Threads with active compile tasks:
C2 CompilerThread0     1346 2305       4       org.eclipse.core.internal.dtree.AbstractDataTreeNode::assembleWith (502 bytes)
C2 CompilerThread1     1347 2195       4       org.eclipse.core.internal.dtree.DataTreeReader::readNode (248 bytes)

VM state: not at safepoint (normal execution)

VM Mutex/Monitor currently owned by a thread: None

Heap address: 0x00000000c0000000, size: 1024 MB, Compressed Oops mode: 32-bit

CDS archive(s) not mapped
Compressed class space mapped at: 0x0000000100000000-0x0000000140000000, reserved size: 1073741824
Narrow klass base: 0x0000000000000000, Narrow klass shift: 3, Narrow klass range: 0x140000000

GC Precious Log:
 CPUs: 12 total, 12 available
 Memory: 7524M
 Large Page Support: Disabled
 NUMA Support: Disabled
 Compressed Oops: Enabled (32-bit)
 Alignments: Space 512K, Generation 512K, Heap 2M
 Heap Min Capacity: 100M
 Heap Initial Capacity: 100M
 Heap Max Capacity: 1G
 Pre-touch: Disabled
 Parallel Workers: 10

Heap:
 PSYoungGen      total 29696K, used 14323K [0x00000000eab00000, 0x00000000ecc00000, 0x0000000100000000)
  eden space 25600K, 40% used [0x00000000eab00000,0x00000000eb501a38,0x00000000ec400000)
  from space 4096K, 99% used [0x00000000ec800000,0x00000000ecbfb1d8,0x00000000ecc00000)
  to   space 4096K, 0% used [0x00000000ec400000,0x00000000ec400000,0x00000000ec800000)
 ParOldGen       total 68608K, used 6748K [0x00000000c0000000, 0x00000000c4300000, 0x00000000eab00000)
  object space 68608K, 9% used [0x00000000c0000000,0x00000000c0697170,0x00000000c4300000)
 Metaspace       used 20639K, committed 21120K, reserved 1073152K
  class space    used 2082K, committed 2304K, reserved 1048576K

Card table byte_map: [0x00000294c7cf0000,0x00000294c7f00000] _byte_map_base: 0x00000294c76f0000

Marking Bits: (ParMarkBitMap*) 0x00007ffda67f3af0
 Begin Bits: [0x00000294c8060000, 0x00000294c9060000)
 End Bits:   [0x00000294c9060000, 0x00000294ca060000)

Polling page: 0x00000294b4440000

Metaspace:

Usage:
  Non-class:     18.12 MB used.
      Class:      2.03 MB used.
       Both:     20.16 MB used.

Virtual space:
  Non-class space:       24.00 MB reserved,      18.38 MB ( 77%) committed,  3 nodes.
      Class space:        1.00 GB reserved,       2.25 MB ( <1%) committed,  1 nodes.
             Both:        1.02 GB reserved,      20.62 MB (  2%) committed. 

Chunk freelists:
   Non-Class:  1.54 MB
       Class:  1.72 MB
        Both:  3.27 MB

MaxMetaspaceSize: unlimited
CompressedClassSpaceSize: 1.00 GB
Initial GC threshold: 21.00 MB
Current GC threshold: 21.00 MB
CDS: off
MetaspaceReclaimPolicy: balanced
 - commit_granule_bytes: 65536.
 - commit_granule_words: 8192.
 - virtual_space_node_default_size: 1048576.
 - enlarge_chunks_in_place: 1.
 - new_chunks_are_fully_committed: 0.
 - uncommit_free_chunks: 1.
 - use_allocation_guard: 0.
 - handle_deallocations: 1.


Internal statistics:

num_allocs_failed_limit: 0.
num_arena_births: 130.
num_arena_deaths: 0.
num_vsnodes_births: 4.
num_vsnodes_deaths: 0.
num_space_committed: 330.
num_space_uncommitted: 0.
num_chunks_returned_to_freelist: 0.
num_chunks_taken_from_freelist: 591.
num_chunk_merges: 0.
num_chunk_splits: 379.
num_chunks_enlarged: 260.
num_purges: 0.
num_inconsistent_stats: 0.

CodeHeap 'non-profiled nmethods': size=120000Kb used=809Kb max_used=809Kb free=119190Kb
 bounds [0x00000294c05d0000, 0x00000294c0840000, 0x00000294c7b00000]
CodeHeap 'profiled nmethods': size=120000Kb used=4779Kb max_used=4779Kb free=115220Kb
 bounds [0x00000294b90a0000, 0x00000294b9550000, 0x00000294c05d0000]
CodeHeap 'non-nmethods': size=5760Kb used=1187Kb max_used=1203Kb free=4572Kb
 bounds [0x00000294b8b00000, 0x00000294b8d70000, 0x00000294b90a0000]
 total_blobs=2818 nmethods=2335 adapters=396
 compilation: enabled
              stopped_count=0, restarted_count=0
 full_count=0

Compilation events (20 events):
Event: 1.295 Thread 0x00000294cc1a6020 nmethod 2318 0x00000294c0699990 code [0x00000294c0699b20, 0x00000294c0699bf8]
Event: 1.297 Thread 0x00000294cc1a6020 2319       3       java.lang.invoke.MethodHandles$Lookup::checkAccess (232 bytes)
Event: 1.300 Thread 0x00000294cc1a6020 nmethod 2319 0x00000294b953dd90 code [0x00000294b953e080, 0x00000294b953f118]
Event: 1.304 Thread 0x00000294cc1a6020 2321   !   3       org.eclipse.osgi.internal.loader.ModuleClassLoader::lockClassName (140 bytes)
Event: 1.306 Thread 0x00000294cc1a6020 nmethod 2321 0x00000294b953f590 code [0x00000294b953f860, 0x00000294b9540798]
Event: 1.318 Thread 0x00000294cc1a6020 2322       3       java.lang.invoke.MethodHandleNatives::isCallerSensitive (29 bytes)
Event: 1.319 Thread 0x00000294cc1a6020 nmethod 2322 0x00000294b9541090 code [0x00000294b9541280, 0x00000294b9541808]
Event: 1.319 Thread 0x00000294cc1a6020 2323       3       java.lang.invoke.MethodHandleNatives::canBeCalledVirtual (50 bytes)
Event: 1.319 Thread 0x00000294cc1a6020 nmethod 2323 0x00000294b9541a10 code [0x00000294b9541c00, 0x00000294b95420c8]
Event: 1.319 Thread 0x00000294cc1a6020 2324       3       java.lang.invoke.MethodType::basicType (8 bytes)
Event: 1.319 Thread 0x00000294cc1a6020 nmethod 2324 0x00000294b9542290 code [0x00000294b9542420, 0x00000294b9542558]
Event: 1.321 Thread 0x00000294cc1a6020 2325       3       java.nio.file.FileSystems::getDefault (14 bytes)
Event: 1.321 Thread 0x00000294cc1a6020 nmethod 2325 0x00000294b9542610 code [0x00000294b95427e0, 0x00000294b9542af8]
Event: 1.321 Thread 0x00000294cc1a6020 2326       3       java.nio.CharBuffer::position (8 bytes)
Event: 1.321 Thread 0x00000294cc1a6020 nmethod 2326 0x00000294b9542c10 code [0x00000294b9542da0, 0x00000294b9542ee8]
Event: 1.321 Thread 0x00000294cc1a6020 2327       3       java.nio.charset.CoderResult::isUnderflow (13 bytes)
Event: 1.322 Thread 0x00000294cc1a6020 nmethod 2327 0x00000294b9542f90 code [0x00000294b9543120, 0x00000294b9543298]
Event: 1.323 Thread 0x00000294cc1a6020 2328       1       java.net.URI::getScheme (5 bytes)
Event: 1.323 Thread 0x00000294cc1a6020 nmethod 2328 0x00000294c0699f90 code [0x00000294c069a120, 0x00000294c069a1f8]
Event: 1.323 Thread 0x00000294cc1a6020 2329       3       java.nio.charset.CoderResult::isOverflow (14 bytes)

GC Heap History (4 events):
Event: 0.567 GC heap before
{Heap before GC invocations=1 (full 0):
 PSYoungGen      total 29696K, used 25600K [0x00000000eab00000, 0x00000000ecc00000, 0x0000000100000000)
  eden space 25600K, 100% used [0x00000000eab00000,0x00000000ec400000,0x00000000ec400000)
  from space 4096K, 0% used [0x00000000ec800000,0x00000000ec800000,0x00000000ecc00000)
  to   space 4096K, 0% used [0x00000000ec400000,0x00000000ec400000,0x00000000ec800000)
 ParOldGen       total 68608K, used 0K [0x00000000c0000000, 0x00000000c4300000, 0x00000000eab00000)
  object space 68608K, 0% used [0x00000000c0000000,0x00000000c0000000,0x00000000c4300000)
 Metaspace       used 12825K, committed 13056K, reserved 1064960K
  class space    used 1298K, committed 1408K, reserved 1048576K
}
Event: 0.573 GC heap after
{Heap after GC invocations=1 (full 0):
 PSYoungGen      total 29696K, used 4081K [0x00000000eab00000, 0x00000000ecc00000, 0x0000000100000000)
  eden space 25600K, 0% used [0x00000000eab00000,0x00000000eab00000,0x00000000ec400000)
  from space 4096K, 99% used [0x00000000ec400000,0x00000000ec7fc750,0x00000000ec800000)
  to   space 4096K, 0% used [0x00000000ec800000,0x00000000ec800000,0x00000000ecc00000)
 ParOldGen       total 68608K, used 736K [0x00000000c0000000, 0x00000000c4300000, 0x00000000eab00000)
  object space 68608K, 1% used [0x00000000c0000000,0x00000000c00b8020,0x00000000c4300000)
 Metaspace       used 12825K, committed 13056K, reserved 1064960K
  class space    used 1298K, committed 1408K, reserved 1048576K
}
Event: 1.120 GC heap before
{Heap before GC invocations=2 (full 0):
 PSYoungGen      total 29696K, used 29681K [0x00000000eab00000, 0x00000000ecc00000, 0x0000000100000000)
  eden space 25600K, 100% used [0x00000000eab00000,0x00000000ec400000,0x00000000ec400000)
  from space 4096K, 99% used [0x00000000ec400000,0x00000000ec7fc750,0x00000000ec800000)
  to   space 4096K, 0% used [0x00000000ec800000,0x00000000ec800000,0x00000000ecc00000)
 ParOldGen       total 68608K, used 736K [0x00000000c0000000, 0x00000000c4300000, 0x00000000eab00000)
  object space 68608K, 1% used [0x00000000c0000000,0x00000000c00b8020,0x00000000c4300000)
 Metaspace       used 19398K, committed 19776K, reserved 1073152K
  class space    used 1966K, committed 2112K, reserved 1048576K
}
Event: 1.133 GC heap after
{Heap after GC invocations=2 (full 0):
 PSYoungGen      total 29696K, used 4076K [0x00000000eab00000, 0x00000000ecc00000, 0x0000000100000000)
  eden space 25600K, 0% used [0x00000000eab00000,0x00000000eab00000,0x00000000ec400000)
  from space 4096K, 99% used [0x00000000ec800000,0x00000000ecbfb1d8,0x00000000ecc00000)
  to   space 4096K, 0% used [0x00000000ec400000,0x00000000ec400000,0x00000000ec800000)
 ParOldGen       total 68608K, used 6748K [0x00000000c0000000, 0x00000000c4300000, 0x00000000eab00000)
  object space 68608K, 9% used [0x00000000c0000000,0x00000000c0697170,0x00000000c4300000)
 Metaspace       used 19398K, committed 19776K, reserved 1073152K
  class space    used 1966K, committed 2112K, reserved 1048576K
}

Deoptimization events (20 events):
Event: 1.141 Thread 0x00000294cda74fa0 Uncommon trap: trap_request=0xffffff45 fr.pc=0x00000294c067f0a0 relative=0x0000000000000aa0
Event: 1.141 Thread 0x00000294cda74fa0 Uncommon trap: reason=unstable_if action=reinterpret pc=0x00000294c067f0a0 method=java.io.DataInputStream.readInt()I @ 41 c2
Event: 1.141 Thread 0x00000294cda74fa0 DEOPT PACKING pc=0x00000294c067f0a0 sp=0x000000ff2b7fa060
Event: 1.141 Thread 0x00000294cda74fa0 DEOPT UNPACKING pc=0x00000294b8b520a3 sp=0x000000ff2b7fa020 mode 2
Event: 1.141 Thread 0x00000294cda74fa0 Uncommon trap: trap_request=0xffffff45 fr.pc=0x00000294c0683f74 relative=0x00000000000001d4
Event: 1.141 Thread 0x00000294cda74fa0 Uncommon trap: reason=unstable_if action=reinterpret pc=0x00000294c0683f74 method=org.eclipse.core.runtime.Path.computeHashCode()I @ 4 c2
Event: 1.141 Thread 0x00000294cda74fa0 DEOPT PACKING pc=0x00000294c0683f74 sp=0x000000ff2b7f9e70
Event: 1.141 Thread 0x00000294cda74fa0 DEOPT UNPACKING pc=0x00000294b8b520a3 sp=0x000000ff2b7f9e00 mode 2
Event: 1.165 Thread 0x00000294cda74fa0 Uncommon trap: trap_request=0xffffff45 fr.pc=0x00000294c06886e0 relative=0x00000000000000c0
Event: 1.165 Thread 0x00000294cda74fa0 Uncommon trap: reason=unstable_if action=reinterpret pc=0x00000294c06886e0 method=org.eclipse.core.internal.localstore.SafeChunkyInputStream.refineChunk()V @ 31 c2
Event: 1.165 Thread 0x00000294cda74fa0 DEOPT PACKING pc=0x00000294c06886e0 sp=0x000000ff2b7f9ea0
Event: 1.165 Thread 0x00000294cda74fa0 DEOPT UNPACKING pc=0x00000294b8b520a3 sp=0x000000ff2b7f9e48 mode 2
Event: 1.235 Thread 0x00000294cda74fa0 Uncommon trap: trap_request=0xffffff45 fr.pc=0x00000294c06837b0 relative=0x0000000000000090
Event: 1.235 Thread 0x00000294cda74fa0 Uncommon trap: reason=unstable_if action=reinterpret pc=0x00000294c06837b0 method=org.eclipse.core.runtime.Path.equals(Ljava/lang/Object;)Z @ 35 c2
Event: 1.235 Thread 0x00000294cda74fa0 DEOPT PACKING pc=0x00000294c06837b0 sp=0x000000ff2b7f9de0
Event: 1.235 Thread 0x00000294cda74fa0 DEOPT UNPACKING pc=0x00000294b8b520a3 sp=0x000000ff2b7f9d60 mode 2
Event: 1.241 Thread 0x00000294cda74fa0 Uncommon trap: trap_request=0xffffff45 fr.pc=0x00000294c0633dc0 relative=0x0000000000000040
Event: 1.241 Thread 0x00000294cda74fa0 Uncommon trap: reason=unstable_if action=reinterpret pc=0x00000294c0633dc0 method=sun.nio.fs.WindowsPathParser.isSlash(C)Z @ 9 c2
Event: 1.241 Thread 0x00000294cda74fa0 DEOPT PACKING pc=0x00000294c0633dc0 sp=0x000000ff2b7f9920
Event: 1.241 Thread 0x00000294cda74fa0 DEOPT UNPACKING pc=0x00000294b8b520a3 sp=0x000000ff2b7f98a8 mode 2

Classes unloaded (0 events):
No events

Classes redefined (0 events):
No events

Internal exceptions (20 events):
Event: 0.296 Thread 0x00000294b46c3a70 Implicit null exception at 0x00000294c05fcbec to 0x00000294c05fcdd0
Event: 0.296 Thread 0x00000294b46c3a70 Implicit null exception at 0x00000294c05ff50f to 0x00000294c05ff585
Event: 0.317 Thread 0x00000294b46c3a70 Exception <a 'java/lang/NoSuchMethodError'{0x00000000eb83dec0}: 'int java.lang.invoke.DirectMethodHandle$Holder.invokeStaticInit(java.lang.Object, java.lang.Object, java.lang.Object, java.lang.Object)'> (0x00000000eb83dec0) 
thrown [e:\jenkins\tmp\workspace\build\src\src\hotspot\share\interpreter\linkResolver.cpp, line 766]
Event: 0.318 Thread 0x00000294b46c3a70 Exception <a 'java/lang/NoSuchMethodError'{0x00000000eb848530}: 'java.lang.Object java.lang.invoke.DirectMethodHandle$Holder.invokeInterface(java.lang.Object, java.lang.Object)'> (0x00000000eb848530) 
thrown [e:\jenkins\tmp\workspace\build\src\src\hotspot\share\interpreter\linkResolver.cpp, line 766]
Event: 0.318 Thread 0x00000294b46c3a70 Exception <a 'java/lang/IncompatibleClassChangeError'{0x00000000eb84bd28}: Found class java.lang.Object, but interface was expected> (0x00000000eb84bd28) 
thrown [e:\jenkins\tmp\workspace\build\src\src\hotspot\share\interpreter\linkResolver.cpp, line 833]
Event: 0.319 Thread 0x00000294b46c3a70 Exception <a 'java/lang/NoSuchMethodError'{0x00000000eb84ec48}: 'void java.lang.invoke.DirectMethodHandle$Holder.invokeStatic(java.lang.Object, java.lang.Object)'> (0x00000000eb84ec48) 
thrown [e:\jenkins\tmp\workspace\build\src\src\hotspot\share\interpreter\linkResolver.cpp, line 766]
Event: 0.319 Thread 0x00000294b46c3a70 Exception <a 'java/lang/NoSuchMethodError'{0x00000000eb852448}: 'void java.lang.invoke.DirectMethodHandle$Holder.invokeStaticInit(java.lang.Object, java.lang.Object)'> (0x00000000eb852448) 
thrown [e:\jenkins\tmp\workspace\build\src\src\hotspot\share\interpreter\linkResolver.cpp, line 766]
Event: 0.319 Thread 0x00000294b46c3a70 Exception <a 'java/lang/NoSuchMethodError'{0x00000000eb857fc8}: 'int java.lang.invoke.DirectMethodHandle$Holder.invokeStaticInit(java.lang.Object, java.lang.Object)'> (0x00000000eb857fc8) 
thrown [e:\jenkins\tmp\workspace\build\src\src\hotspot\share\interpreter\linkResolver.cpp, line 766]
Event: 0.332 Thread 0x00000294b46c3a70 Exception <a 'java/lang/NoSuchMethodError'{0x00000000eb8a98b8}: 'java.lang.Object java.lang.invoke.DirectMethodHandle$Holder.invokeStaticInit(java.lang.Object, int, int, int, int)'> (0x00000000eb8a98b8) 
thrown [e:\jenkins\tmp\workspace\build\src\src\hotspot\share\interpreter\linkResolver.cpp, line 766]
Event: 0.375 Thread 0x00000294b46c3a70 Exception <a 'java/lang/NoSuchMethodError'{0x00000000eb8ca460}: 'java.lang.Object java.lang.invoke.DirectMethodHandle$Holder.invokeStaticInit(java.lang.Object, java.lang.Object, int, int, int, int)'> (0x00000000eb8ca460) 
thrown [e:\jenkins\tmp\workspace\build\src\src\hotspot\share\interpreter\linkResolver.cpp, line 766]
Event: 0.387 Thread 0x00000294b46c3a70 Exception <a 'java/lang/NoSuchMethodError'{0x00000000eb9602a8}: 'void java.lang.invoke.DirectMethodHandle$Holder.invokeSpecial(java.lang.Object, java.lang.Object, java.lang.Object)'> (0x00000000eb9602a8) 
thrown [e:\jenkins\tmp\workspace\build\src\src\hotspot\share\interpreter\linkResolver.cpp, line 766]
Event: 0.487 Thread 0x00000294b46c3a70 Exception <a 'java/lang/NoSuchMethodError'{0x00000000ec03f950}: 'java.lang.Object java.lang.invoke.DirectMethodHandle$Holder.newInvokeSpecial(java.lang.Object, int, java.lang.Object)'> (0x00000000ec03f950) 
thrown [e:\jenkins\tmp\workspace\build\src\src\hotspot\share\interpreter\linkResolver.cpp, line 766]
Event: 0.573 Thread 0x00000294b46c3a70 Exception <a 'java/lang/UnsatisfiedLinkError'{0x00000000eab002a0}: 'void org.eclipse.equinox.launcher.JNIBridge._update_splash()'> (0x00000000eab002a0) 
thrown [e:\jenkins\tmp\workspace\build\src\src\hotspot\share\prims\nativeLookup.cpp, line 543]
Event: 0.595 Thread 0x00000294cda74fa0 Exception <a 'java/lang/NoSuchMethodError'{0x00000000eaca0218}: 'java.lang.Object java.lang.invoke.DirectMethodHandle$Holder.invokeStaticInit(java.lang.Object)'> (0x00000000eaca0218) 
thrown [e:\jenkins\tmp\workspace\build\src\src\hotspot\share\interpreter\linkResolver.cpp, line 766]
Event: 0.672 Thread 0x00000294cda74fa0 Exception <a 'java/io/FileNotFoundException'{0x00000000eafedfe0}> (0x00000000eafedfe0) 
thrown [e:\jenkins\tmp\workspace\build\src\src\hotspot\share\prims\jni.cpp, line 516]
Event: 0.960 Thread 0x00000294cda74fa0 Exception <a 'java/lang/NoSuchMethodError'{0x00000000ebe700e8}: 'void java.lang.invoke.DirectMethodHandle$Holder.invokeInterface(java.lang.Object, java.lang.Object, java.lang.Object)'> (0x00000000ebe700e8) 
thrown [e:\jenkins\tmp\workspace\build\src\src\hotspot\share\interpreter\linkResolver.cpp, line 766]
Event: 1.013 Thread 0x00000294cda74fa0 Exception <a 'java/lang/NoSuchMethodError'{0x00000000ec004460}: 'java.lang.Object java.lang.invoke.Invokers$Holder.invokeExact_MT(java.lang.Object, java.lang.Object, java.lang.Object, java.lang.Object, java.lang.Object, java.lang.Object)'> (0x00000000ec004460) 
thrown [e:\jenkins\tmp\workspace\build\src\src\hotspot\share\interpreter\linkResolver.cpp, line 766]
Event: 1.026 Thread 0x00000294cda74fa0 Exception <a 'java/io/FileNotFoundException'{0x00000000ec0499b8}> (0x00000000ec0499b8) 
thrown [e:\jenkins\tmp\workspace\build\src\src\hotspot\share\prims\jni.cpp, line 516]
Event: 1.307 Thread 0x00000294cda74fa0 Exception <a 'java/lang/NoSuchMethodError'{0x00000000eb3447d0}: 'int java.lang.invoke.DirectMethodHandle$Holder.invokeStaticInit(java.lang.Object, java.lang.Object, java.lang.Object)'> (0x00000000eb3447d0) 
thrown [e:\jenkins\tmp\workspace\build\src\src\hotspot\share\interpreter\linkResolver.cpp, line 766]
Event: 1.318 Thread 0x00000294cda74fa0 Exception <a 'java/lang/IncompatibleClassChangeError'{0x00000000eb382dd0}: Found class java.lang.Object, but interface was expected> (0x00000000eb382dd0) 
thrown [e:\jenkins\tmp\workspace\build\src\src\hotspot\share\interpreter\linkResolver.cpp, line 833]

VM Operations (20 events):
Event: 0.475 Executing VM operation: HandshakeAllThreads
Event: 0.475 Executing VM operation: HandshakeAllThreads done
Event: 0.478 Executing VM operation: HandshakeAllThreads
Event: 0.478 Executing VM operation: HandshakeAllThreads done
Event: 0.567 Executing VM operation: ParallelGCFailedAllocation
Event: 0.573 Executing VM operation: ParallelGCFailedAllocation done
Event: 0.604 Executing VM operation: HandshakeAllThreads
Event: 0.604 Executing VM operation: HandshakeAllThreads done
Event: 0.867 Executing VM operation: ICBufferFull
Event: 0.867 Executing VM operation: ICBufferFull done
Event: 0.898 Executing VM operation: HandshakeAllThreads
Event: 0.898 Executing VM operation: HandshakeAllThreads done
Event: 0.938 Executing VM operation: HandshakeAllThreads
Event: 0.938 Executing VM operation: HandshakeAllThreads done
Event: 0.941 Executing VM operation: HandshakeAllThreads
Event: 0.941 Executing VM operation: HandshakeAllThreads done
Event: 1.120 Executing VM operation: ParallelGCFailedAllocation
Event: 1.133 Executing VM operation: ParallelGCFailedAllocation done
Event: 1.277 Executing VM operation: HandshakeAllThreads
Event: 1.278 Executing VM operation: HandshakeAllThreads done

Events (20 events):
Event: 1.074 loading class java/io/FileOutputStream$1 done
Event: 1.212 loading class java/nio/file/NoSuchFileException
Event: 1.212 loading class java/nio/file/FileSystemException
Event: 1.212 loading class java/nio/file/FileSystemException done
Event: 1.212 loading class java/nio/file/NoSuchFileException done
Event: 1.212 loading class java/nio/file/FileAlreadyExistsException
Event: 1.212 loading class java/nio/file/FileAlreadyExistsException done
Event: 1.212 loading class java/nio/file/AccessDeniedException
Event: 1.212 loading class java/nio/file/AccessDeniedException done
Event: 1.212 loading class java/nio/file/DirectoryNotEmptyException
Event: 1.212 loading class java/nio/file/DirectoryNotEmptyException done
Event: 1.228 loading class java/nio/file/attribute/DosFileAttributeView
Event: 1.228 loading class java/nio/file/attribute/DosFileAttributeView done
Event: 1.228 loading class sun/nio/fs/WindowsFileAttributeViews$Dos
Event: 1.229 loading class sun/nio/fs/WindowsFileAttributeViews$Dos done
Event: 1.240 loading class sun/nio/fs/WindowsUriSupport
Event: 1.241 loading class sun/nio/fs/WindowsUriSupport done
Event: 1.297 loading class java/util/function/LongUnaryOperator
Event: 1.297 loading class java/util/function/LongUnaryOperator done
Event: 1.299 Thread 0x00000294cef3db40 Thread added: 0x00000294cef3db40


Dynamic libraries:
0x00007ff6d0d80000 - 0x00007ff6d0d8e000 	c:\Users\Nisarg Shah\.vscode\extensions\redhat.java-1.6.0-win32-x64\jre\17.0.2-win32-x86_64\bin\java.exe
0x00007ffdfc160000 - 0x00007ffdfc369000 	C:\WINDOWS\SYSTEM32\ntdll.dll
0x00007ffdfb1f0000 - 0x00007ffdfb2ad000 	C:\WINDOWS\System32\KERNEL32.DLL
0x00007ffdf9b60000 - 0x00007ffdf9ed9000 	C:\WINDOWS\System32\KERNELBASE.dll
0x00007ffdf99d0000 - 0x00007ffdf9ae1000 	C:\WINDOWS\System32\ucrtbase.dll
0x00007ffddbb80000 - 0x00007ffddbb98000 	c:\Users\Nisarg Shah\.vscode\extensions\redhat.java-1.6.0-win32-x64\jre\17.0.2-win32-x86_64\bin\jli.dll
0x00007ffddb670000 - 0x00007ffddb689000 	c:\Users\Nisarg Shah\.vscode\extensions\redhat.java-1.6.0-win32-x64\jre\17.0.2-win32-x86_64\bin\VCRUNTIME140.dll
0x00007ffdfa650000 - 0x00007ffdfa7fc000 	C:\WINDOWS\System32\USER32.dll
0x00007ffdf99a0000 - 0x00007ffdf99c6000 	C:\WINDOWS\System32\win32u.dll
0x00007ffdde0d0000 - 0x00007ffdde375000 	C:\WINDOWS\WinSxS\amd64_microsoft.windows.common-controls_6595b64144ccf1df_6.0.22000.120_none_9d947278b86cc467\COMCTL32.dll
0x00007ffdfb540000 - 0x00007ffdfb569000 	C:\WINDOWS\System32\GDI32.dll
0x00007ffdfa800000 - 0x00007ffdfa8a3000 	C:\WINDOWS\System32\msvcrt.dll
0x00007ffdf9710000 - 0x00007ffdf9822000 	C:\WINDOWS\System32\gdi32full.dll
0x00007ffdf9ee0000 - 0x00007ffdf9f7d000 	C:\WINDOWS\System32\msvcp_win.dll
0x00007ffdfb1b0000 - 0x00007ffdfb1e1000 	C:\WINDOWS\System32\IMM32.DLL
0x00007ffdf4090000 - 0x00007ffdf409c000 	c:\Users\Nisarg Shah\.vscode\extensions\redhat.java-1.6.0-win32-x64\jre\17.0.2-win32-x86_64\bin\vcruntime140_1.dll
0x00007ffdba980000 - 0x00007ffdbaa11000 	c:\Users\Nisarg Shah\.vscode\extensions\redhat.java-1.6.0-win32-x64\jre\17.0.2-win32-x86_64\bin\msvcp140.dll
0x00007ffda5c70000 - 0x00007ffda68b7000 	c:\Users\Nisarg Shah\.vscode\extensions\redhat.java-1.6.0-win32-x64\jre\17.0.2-win32-x86_64\bin\server\jvm.dll
0x00007ffdfa120000 - 0x00007ffdfa1ce000 	C:\WINDOWS\System32\ADVAPI32.dll
0x00007ffdfb110000 - 0x00007ffdfb1ae000 	C:\WINDOWS\System32\sechost.dll
0x00007ffdfb3c0000 - 0x00007ffdfb4e0000 	C:\WINDOWS\System32\RPCRT4.dll
0x00007ffdfa8b0000 - 0x00007ffdfa8b8000 	C:\WINDOWS\System32\PSAPI.DLL
0x00007ffdd7c80000 - 0x00007ffdd7c89000 	C:\WINDOWS\SYSTEM32\WSOCK32.dll
0x00007ffdf3030000 - 0x00007ffdf3063000 	C:\WINDOWS\SYSTEM32\WINMM.dll
0x00007ffdf26f0000 - 0x00007ffdf26fa000 	C:\WINDOWS\SYSTEM32\VERSION.dll
0x00007ffdfae10000 - 0x00007ffdfae7f000 	C:\WINDOWS\System32\WS2_32.dll
0x00007ffdf87c0000 - 0x00007ffdf87d8000 	C:\WINDOWS\SYSTEM32\kernel.appcore.dll
0x00007ffdf3070000 - 0x00007ffdf307a000 	c:\Users\Nisarg Shah\.vscode\extensions\redhat.java-1.6.0-win32-x64\jre\17.0.2-win32-x86_64\bin\jimage.dll
0x00007ffdf71e0000 - 0x00007ffdf7401000 	C:\WINDOWS\SYSTEM32\DBGHELP.DLL
0x00007ffdd9210000 - 0x00007ffdd9241000 	C:\WINDOWS\SYSTEM32\dbgcore.DLL
0x00007ffdf9f80000 - 0x00007ffdf9fff000 	C:\WINDOWS\System32\bcryptPrimitives.dll
0x00007ffdc94f0000 - 0x00007ffdc9515000 	c:\Users\Nisarg Shah\.vscode\extensions\redhat.java-1.6.0-win32-x64\jre\17.0.2-win32-x86_64\bin\java.dll
0x00007ffdda0a0000 - 0x00007ffdda0b8000 	c:\Users\Nisarg Shah\.vscode\extensions\redhat.java-1.6.0-win32-x64\jre\17.0.2-win32-x86_64\bin\zip.dll
0x00007ffdfb570000 - 0x00007ffdfbd1f000 	C:\WINDOWS\System32\SHELL32.dll
0x00007ffdf7740000 - 0x00007ffdf7fa8000 	C:\WINDOWS\SYSTEM32\windows.storage.dll
0x00007ffdfbd20000 - 0x00007ffdfc098000 	C:\WINDOWS\System32\combase.dll
0x00007ffdf75d0000 - 0x00007ffdf7736000 	C:\WINDOWS\SYSTEM32\wintypes.dll
0x00007ffdfb020000 - 0x00007ffdfb10a000 	C:\WINDOWS\System32\SHCORE.dll
0x00007ffdfb2b0000 - 0x00007ffdfb30d000 	C:\WINDOWS\System32\shlwapi.dll
0x00007ffdf9580000 - 0x00007ffdf95a1000 	C:\WINDOWS\SYSTEM32\profapi.dll
0x00007ffdda000000 - 0x00007ffdda019000 	C:\Users\Nisarg Shah\.vscode\extensions\redhat.java-1.6.0-win32-x64\jre\17.0.2-win32-x86_64\bin\net.dll
0x00007ffdf2ba0000 - 0x00007ffdf2cac000 	C:\WINDOWS\SYSTEM32\WINHTTP.dll
0x00007ffdf8bf0000 - 0x00007ffdf8c57000 	C:\WINDOWS\system32\mswsock.dll
0x00007ffdd7500000 - 0x00007ffdd7515000 	C:\Users\Nisarg Shah\.vscode\extensions\redhat.java-1.6.0-win32-x64\jre\17.0.2-win32-x86_64\bin\nio.dll
0x00007ffdf8e30000 - 0x00007ffdf8e48000 	C:\WINDOWS\SYSTEM32\CRYPTSP.dll
0x00007ffdf8720000 - 0x00007ffdf8755000 	C:\WINDOWS\system32\rsaenh.dll
0x00007ffdf8ce0000 - 0x00007ffdf8d09000 	C:\WINDOWS\SYSTEM32\USERENV.dll
0x00007ffdf8fb0000 - 0x00007ffdf8fd7000 	C:\WINDOWS\SYSTEM32\bcrypt.dll
0x00007ffdf8e50000 - 0x00007ffdf8e5c000 	C:\WINDOWS\SYSTEM32\CRYPTBASE.dll
0x00007ffdf81f0000 - 0x00007ffdf821d000 	C:\WINDOWS\SYSTEM32\IPHLPAPI.DLL
0x00007ffdfaa20000 - 0x00007ffdfaa29000 	C:\WINDOWS\System32\NSI.dll
0x00007ffdf29c0000 - 0x00007ffdf29d9000 	C:\WINDOWS\SYSTEM32\dhcpcsvc6.DLL
0x00007ffdf2d20000 - 0x00007ffdf2d3e000 	C:\WINDOWS\SYSTEM32\dhcpcsvc.DLL
0x00007ffdf8220000 - 0x00007ffdf8308000 	C:\WINDOWS\SYSTEM32\DNSAPI.dll
0x00007ffdc1e30000 - 0x00007ffdc1e6e000 	C:\Users\Nisarg Shah\AppData\Roaming\Code\User\globalStorage\redhat.java\1.6.0\config_win\org.eclipse.equinox.launcher\org.eclipse.equinox.launcher.win32.win32.x86_64_1.2.400.v20211117-0650\eclipse_11602.dll
0x00007ffdfae80000 - 0x00007ffdfb01a000 	C:\WINDOWS\System32\ole32.dll

dbghelp: loaded successfully - version: 4.0.5 - missing functions: none
symbol engine: initialized successfully - sym options: 0x614 - pdb path: .;c:\Users\Nisarg Shah\.vscode\extensions\redhat.java-1.6.0-win32-x64\jre\17.0.2-win32-x86_64\bin;C:\WINDOWS\SYSTEM32;C:\WINDOWS\WinSxS\amd64_microsoft.windows.common-controls_6595b64144ccf1df_6.0.22000.120_none_9d947278b86cc467;c:\Users\Nisarg Shah\.vscode\extensions\redhat.java-1.6.0-win32-x64\jre\17.0.2-win32-x86_64\bin\server;C:\Users\Nisarg Shah\AppData\Roaming\Code\User\globalStorage\redhat.java\1.6.0\config_win\org.eclipse.equinox.launcher\org.eclipse.equinox.launcher.win32.win32.x86_64_1.2.400.v20211117-0650

VM Arguments:
jvm_args: --add-modules=ALL-SYSTEM --add-opens=java.base/java.util=ALL-UNNAMED --add-opens=java.base/java.lang=ALL-UNNAMED --add-opens=java.base/sun.nio.fs=ALL-UNNAMED -Declipse.application=org.eclipse.jdt.ls.core.id1 -Dosgi.bundles.defaultStartLevel=4 -Declipse.product=org.eclipse.jdt.ls.core.product -Djava.import.generatesMetadataFilesAtProjectRoot=false -Dfile.encoding=utf8 -DwatchParentProcess=false -XX:+UseParallelGC -XX:GCTimeRatio=4 -XX:AdaptiveSizePolicyWeight=90 -Dsun.zip.disableMemoryMapping=true -Xmx1G -Xms100m -XX:+HeapDumpOnOutOfMemoryError -XX:HeapDumpPath=c:\Users\Nisarg Shah\AppData\Roaming\Code\User\workspaceStorage\54ba89270061d8e32219ce9d5ef7f790\redhat.java 
java_command: c:\Users\Nisarg Shah\.vscode\extensions\redhat.java-1.6.0-win32-x64\server\plugins\org.eclipse.equinox.launcher_1.6.400.v20210924-0641.jar -configuration c:\Users\Nisarg Shah\AppData\Roaming\Code\User\globalStorage\redhat.java\1.6.0\config_win -data c:\Users\Nisarg Shah\AppData\Roaming\Code\User\workspaceStorage\54ba89270061d8e32219ce9d5ef7f790\redhat.java\jdt_ws
java_class_path (initial): c:\Users\Nisarg Shah\.vscode\extensions\redhat.java-1.6.0-win32-x64\server\plugins\org.eclipse.equinox.launcher_1.6.400.v20210924-0641.jar
Launcher Type: SUN_STANDARD

[Global flags]
    uintx AdaptiveSizePolicyWeight                 = 90                                        {product} {command line}
     intx CICompilerCount                          = 4                                         {product} {ergonomic}
    uintx GCTimeRatio                              = 4                                         {product} {command line}
     bool HeapDumpOnOutOfMemoryError               = true                                   {manageable} {command line}
    ccstr HeapDumpPath                             = c:\Users\Nisarg Shah\AppData\Roaming\Code\User\workspaceStorage\54ba89270061d8e32219ce9d5ef7f790\redhat.java         {manageable} {command line}
   size_t InitialHeapSize                          = 104857600                                 {product} {command line}
   size_t MaxHeapSize                              = 1073741824                                {product} {command line}
   size_t MaxNewSize                               = 357564416                                 {product} {ergonomic}
   size_t MinHeapDeltaBytes                        = 524288                                    {product} {ergonomic}
   size_t MinHeapSize                              = 104857600                                 {product} {command line}
   size_t NewSize                                  = 34603008                                  {product} {ergonomic}
    uintx NonNMethodCodeHeapSize                   = 5839372                                {pd product} {ergonomic}
    uintx NonProfiledCodeHeapSize                  = 122909434                              {pd product} {ergonomic}
   size_t OldSize                                  = 70254592                                  {product} {ergonomic}
    uintx ProfiledCodeHeapSize                     = 122909434                              {pd product} {ergonomic}
    uintx ReservedCodeCacheSize                    = 251658240                              {pd product} {ergonomic}
     bool SegmentedCodeCache                       = true                                      {product} {ergonomic}
   size_t SoftMaxHeapSize                          = 1073741824                             {manageable} {ergonomic}
     bool UseCompressedClassPointers               = true                           {product lp64_product} {ergonomic}
     bool UseCompressedOops                        = true                           {product lp64_product} {ergonomic}
     bool UseLargePagesIndividualAllocation        = false                                  {pd product} {ergonomic}
     bool UseParallelGC                            = true                                      {product} {command line}

Logging:
Log output configuration:
 #0: stdout all=warning uptime,level,tags
 #1: stderr all=off uptime,level,tags

Environment Variables:
JAVA_HOME=C:\Program Files\Eclipse Adoptium\jdk-11.0.13.8-hotspot\
PATH=C:\Program Files\Python310\Scripts\;C:\Program Files\Python310\;C:\Program Files\Eclipse Adoptium\jdk-11.0.13.8-hotspot\bin;C:\windows\system32;C:\windows;C:\windows\System32\Wbem;C:\windows\System32\WindowsPowerShell\v1.0\;C:\windows\System32\OpenSSH\;C:\Program Files (x86)\NVIDIA Corporation\PhysX\Common;C:\Program Files\NVIDIA Corporation\NVIDIA NvDLISR;D:\Programs\Git\cmd;C:\Users\Nisarg Shah\AppData\Local\Microsoft\WindowsApps;D:\Programs\msys64\mingw64\bin;D:\Program Files\Nodejs\;C:\WINDOWS\system32;C:\WINDOWS;C:\WINDOWS\System32\Wbem;C:\WINDOWS\System32\WindowsPowerShell\v1.0\;C:\WINDOWS\System32\OpenSSH\;E:\Downloads\ffmpeg-2022-03-03-git-72684d2c2d-full_build\bin;D:\Program Files\apache-maven-3.8.4\bin;D:\Programs\XAMPP\php;C:\Users\Nisarg Shah\AppData\Roaming\Python\Python310\Scripts;C:\Users\Nisarg Shah\Downloads\platform-tools_r33.0.1-windows\platform-tools;C:\Users\Nisarg Shah\AppData\Local\Microsoft\WindowsApps;;D:\Programs\Microsoft VS Code\bin;D:\Program Files\IntelliJ IDEA 2021.3.1\bin;;C:\Users\Nisarg Shah\AppData\Roaming\npm;D:\Programs\heroku\bin
USERNAME=Nisarg Shah
OS=Windows_NT
PROCESSOR_IDENTIFIER=AMD64 Family 25 Model 80 Stepping 0, AuthenticAMD



---------------  S Y S T E M  ---------------

OS:
 Windows 11 , 64 bit Build 22000 (10.0.22000.675)
OS uptime: 0 days 11:31 hours

CPU: total 12 (initial active 12) (12 cores per cpu, 2 threads per core) family 25 model 80 stepping 0 microcode 0x0, cx8, cmov, fxsr, ht, mmx, 3dnowpref, sse, sse2, sse3, ssse3, sse4a, sse4.1, sse4.2, popcnt, lzcnt, tsc, tscinvbit, avx, avx2, aes, erms, clmul, bmi1, bmi2, adx, sha, fma, vzeroupper, clflush, clflushopt

Memory: 4k page, system-wide physical 7524M (461M free)
TotalPageFile size 11620M (AvailPageFile size 7M)
current process WorkingSet (physical memory assigned to process): 119M, peak: 119M
current process commit charge ("private bytes"): 233M, peak: 234M

vm_info: OpenJDK 64-Bit Server VM (17.0.2+8) for windows-amd64 JRE (17.0.2+8), built on Jan 20 2022 04:52:34 by "" with MS VC++ 16.7 (VS2019)

END.
