#
# There is insufficient memory for the Java Runtime Environment to continue.
# Native memory allocation (malloc) failed to allocate 2097152 bytes for AllocateHeap
# Possible reasons:
#   The system is out of physical RAM or swap space
#   The process is running with CompressedOops enabled, and the Java Heap may be blocking the growth of the native heap
# Possible solutions:
#   Reduce memory load on the system
#   Increase physical memory or swap space
#   Check if swap backing store is full
#   Decrease Java heap size (-Xmx/-Xms)
#   Decrease number of Java threads
#   Decrease Java thread stack sizes (-Xss)
#   Set larger code cache with -XX:ReservedCodeCacheSize=
#   JVM is running with Unscaled Compressed Oops mode in which the Java heap is
#     placed in the first 4GB address space. The Java Heap base address is the
#     maximum limit for the native heap growth. Please use -XX:HeapBaseMinAddress
#     to set the Java Heap base and to place the Java Heap above 4GB virtual address.
# This output file may be truncated or incomplete.
#
#  Out of Memory Error (allocation.cpp:44), pid=16716, tid=17772
#
# JRE version: OpenJDK Runtime Environment Temurin-17.0.2+8 (17.0.2+8) (build 17.0.2+8)
# Java VM: OpenJDK 64-Bit Server VM Temurin-17.0.2+8 (17.0.2+8, mixed mode, emulated-client, tiered, compressed oops, compressed class ptrs, g1 gc, windows-amd64)
# No core dump will be written. Minidumps are not enabled by default on client versions of Windows
#

---------------  S U M M A R Y ------------

Command Line: -Dsts.lsp.client=vscode -Dsts.log.file=/dev/null -XX:TieredStopAtLevel=1 -Dspring.config.location=file:c:\Users\Nisarg Shah\.vscode\extensions\pivotal.vscode-spring-boot-1.33.0\language-server\BOOT-INF\classes\application.properties org.springframework.ide.vscode.boot.app.BootLanguageServerBootApp

Host: AMD Ryzen 5 5600H with Radeon Graphics         , 12 cores, 7G,  Windows 11 , 64 bit Build 22000 (10.0.22000.613)
Time: Sat Apr 23 21:37:24 2022 India Standard Time elapsed time: 5842.913588 seconds (0d 1h 37m 22s)

---------------  T H R E A D  ---------------

Current thread (0x000001b721ca76a0):  VMThread "VM Thread" [stack: 0x00000075dcb00000,0x00000075dcc00000] [id=17772]

Stack: [0x00000075dcb00000,0x00000075dcc00000]
Native frames: (J=compiled Java code, j=interpreted, Vv=VM code, C=native code)
V  [jvm.dll+0x67564a]
V  [jvm.dll+0x82fc04]
V  [jvm.dll+0x8313ae]
V  [jvm.dll+0x831a13]
V  [jvm.dll+0x245235]
V  [jvm.dll+0xa6393]
V  [jvm.dll+0x2f52c1]
V  [jvm.dll+0x2f0f70]
V  [jvm.dll+0x2d96c7]
V  [jvm.dll+0x31c6b7]
V  [jvm.dll+0x835ebb]
V  [jvm.dll+0x836bf4]
V  [jvm.dll+0x83710c]
V  [jvm.dll+0x8374e4]
V  [jvm.dll+0x8375b0]
V  [jvm.dll+0x7dff2a]
V  [jvm.dll+0x6744d5]
C  [ucrtbase.dll+0x26c0c]
C  [KERNEL32.DLL+0x154e0]
C  [ntdll.dll+0x485b]

VM_Operation (0x00000075de5fea30): G1CollectFull, mode: safepoint, requested by thread 0x000001b722f5c550


---------------  P R O C E S S  ---------------

Threads class SMR info:
_java_thread_list=0x000001b722d57380, length=28, elements={
0x000001b721cb5900, 0x000001b721cb6570, 0x000001b721ce9690, 0x000001b721cea210,
0x000001b721cebae0, 0x000001b721cec3a0, 0x000001b721cecc60, 0x000001b721cf0a60,
0x000001b72292a410, 0x000001b72293a160, 0x000001b722f5c550, 0x000001b722df2cd0,
0x000001b712a8a610, 0x000001b722da20f0, 0x000001b724d91e90, 0x000001b724db4210,
0x000001b724db5320, 0x000001b724d5d100, 0x000001b725051d20, 0x000001b725051850,
0x000001b725053060, 0x000001b72504f6a0, 0x000001b7250521f0, 0x000001b7250509e0,
0x000001b7252a3d60, 0x000001b7252a03a0, 0x000001b7252a2550, 0x000001b7252a1210
}

Java Threads: ( => current thread )
  0x000001b721cb5900 JavaThread "Reference Handler" daemon [_thread_blocked, id=22228, stack(0x00000075dcc00000,0x00000075dcd00000)]
  0x000001b721cb6570 JavaThread "Finalizer" daemon [_thread_blocked, id=22160, stack(0x00000075dcd00000,0x00000075dce00000)]
  0x000001b721ce9690 JavaThread "Signal Dispatcher" daemon [_thread_blocked, id=10128, stack(0x00000075dce00000,0x00000075dcf00000)]
  0x000001b721cea210 JavaThread "Attach Listener" daemon [_thread_blocked, id=19088, stack(0x00000075dcf00000,0x00000075dd000000)]
  0x000001b721cebae0 JavaThread "Service Thread" daemon [_thread_blocked, id=17320, stack(0x00000075dd000000,0x00000075dd100000)]
  0x000001b721cec3a0 JavaThread "Monitor Deflation Thread" daemon [_thread_blocked, id=16480, stack(0x00000075dd100000,0x00000075dd200000)]
  0x000001b721cecc60 JavaThread "C1 CompilerThread0" daemon [_thread_blocked, id=11032, stack(0x00000075dd200000,0x00000075dd300000)]
  0x000001b721cf0a60 JavaThread "Sweeper thread" daemon [_thread_blocked, id=8512, stack(0x00000075dd300000,0x00000075dd400000)]
  0x000001b72292a410 JavaThread "Notification Thread" daemon [_thread_blocked, id=4296, stack(0x00000075dd700000,0x00000075dd800000)]
  0x000001b72293a160 JavaThread "Common-Cleaner" daemon [_thread_blocked, id=21896, stack(0x00000075dd900000,0x00000075dda00000)]
  0x000001b722f5c550 JavaThread "pool-7-thread-1" [_thread_blocked, id=4936, stack(0x00000075de500000,0x00000075de600000)]
  0x000001b722df2cd0 JavaThread "LanguageServerApp-lifecycle" [_thread_blocked, id=17308, stack(0x00000075de600000,0x00000075de700000)]
  0x000001b712a8a610 JavaThread "DestroyJavaVM" [_thread_blocked, id=22264, stack(0x00000075dc500000,0x00000075dc600000)]
  0x000001b722da20f0 JavaThread "pool-8-thread-1" [_thread_in_native, id=17200, stack(0x00000075de700000,0x00000075de800000)]
  0x000001b724d91e90 JavaThread "Simple-Language-Server main thread" daemon [_thread_blocked, id=224, stack(0x00000075de800000,0x00000075de900000)]
  0x000001b724db4210 JavaThread "pool-5-thread-1" [_thread_blocked, id=7884, stack(0x00000075de900000,0x00000075dea00000)]
  0x000001b724db5320 JavaThread "Reconciler-1" [_thread_blocked, id=4520, stack(0x00000075dea00000,0x00000075deb00000)]
  0x000001b724d5d100 JavaThread "parallel-1" daemon [_thread_blocked, id=19112, stack(0x00000075deb00000,0x00000075dec00000)]
  0x000001b725051d20 JavaThread "pool-3-thread-1" [_thread_blocked, id=8744, stack(0x00000075ded00000,0x00000075dee00000)]
  0x000001b725051850 JavaThread "pool-6-thread-1" [_thread_blocked, id=17152, stack(0x00000075dec00000,0x00000075ded00000)]
  0x000001b725053060 JavaThread "pool-6-thread-2" [_thread_blocked, id=16752, stack(0x00000075dee00000,0x00000075def00000)]
  0x000001b72504f6a0 JavaThread "pool-6-thread-3" [_thread_blocked, id=17612, stack(0x00000075def00000,0x00000075df000000)]
  0x000001b7250521f0 JavaThread "pool-4-thread-1" [_thread_blocked, id=22032, stack(0x00000075dd600000,0x00000075dd700000)]
  0x000001b7250509e0 JavaThread "RMI Scheduler(0)" daemon [_thread_blocked, id=12464, stack(0x00000075df100000,0x00000075df200000)]
  0x000001b7252a3d60 JavaThread "pool-4-thread-2" [_thread_blocked, id=3236, stack(0x00000075df300000,0x00000075df400000)]
  0x000001b7252a03a0 JavaThread "pool-4-thread-3" [_thread_blocked, id=4640, stack(0x00000075df500000,0x00000075df600000)]
  0x000001b7252a2550 JavaThread "pool-4-thread-4" [_thread_blocked, id=11936, stack(0x00000075df600000,0x00000075df700000)]
  0x000001b7252a1210 JavaThread "pool-4-thread-5" [_thread_blocked, id=14424, stack(0x00000075dc200000,0x00000075dc300000)]

Other Threads:
=>0x000001b721ca76a0 VMThread "VM Thread" [stack: 0x00000075dcb00000,0x00000075dcc00000] [id=17772]
  0x000001b72292c8f0 WatcherThread [stack: 0x00000075dd800000,0x00000075dd900000] [id=1884]
  0x000001b712ac4e00 GCTaskThread "GC Thread#0" [stack: 0x00000075dc600000,0x00000075dc700000] [id=7872]
  0x000001b723148b90 GCTaskThread "GC Thread#1" [stack: 0x00000075dda00000,0x00000075ddb00000] [id=13288]
  0x000001b7230a26d0 GCTaskThread "GC Thread#2" [stack: 0x00000075ddb00000,0x00000075ddc00000] [id=18972]
  0x000001b7231a3800 GCTaskThread "GC Thread#3" [stack: 0x00000075ddc00000,0x00000075ddd00000] [id=1696]
  0x000001b7231a3ab0 GCTaskThread "GC Thread#4" [stack: 0x00000075ddd00000,0x00000075dde00000] [id=17180]
  0x000001b7231a3d60 GCTaskThread "GC Thread#5" [stack: 0x00000075dde00000,0x00000075ddf00000] [id=17936]
  0x000001b7231a4010 GCTaskThread "GC Thread#6" [stack: 0x00000075ddf00000,0x00000075de000000] [id=1888]
  0x000001b724c26d40 GCTaskThread "GC Thread#7" [stack: 0x00000075de000000,0x00000075de100000] [id=11208]
  0x000001b724c27200 GCTaskThread "GC Thread#8" [stack: 0x00000075de100000,0x00000075de200000] [id=18700]
  0x000001b724c274b0 GCTaskThread "GC Thread#9" [stack: 0x00000075de200000,0x00000075de300000] [id=4356]
  0x000001b712ad5890 ConcurrentGCThread "G1 Main Marker" [stack: 0x00000075dc700000,0x00000075dc800000] [id=21868]
  0x000001b712ad62a0 ConcurrentGCThread "G1 Conc#0" [stack: 0x00000075dc800000,0x00000075dc900000] [id=13104]
  0x000001b7233f4850 ConcurrentGCThread "G1 Conc#1" [stack: 0x00000075de300000,0x00000075de400000] [id=4492]
  0x000001b724e58c30 ConcurrentGCThread "G1 Conc#2" [stack: 0x00000075de400000,0x00000075de500000] [id=5844]
  0x000001b712b57190 ConcurrentGCThread "G1 Refine#0" [stack: 0x00000075dc900000,0x00000075dca00000] [id=22204]
  0x000001b712b57ab0 ConcurrentGCThread "G1 Service" [stack: 0x00000075dca00000,0x00000075dcb00000] [id=19316]

Threads with active compile tasks:

VM state: at safepoint (normal execution)

VM Mutex/Monitor currently owned by a thread:  ([mutex/lock_event])
[0x000001b71290b780] Threads_lock - owner thread: 0x000001b721ca76a0
[0x000001b712a87b40] Heap_lock - owner thread: 0x000001b722f5c550

Heap address: 0x000000008a600000, size: 1882 MB, Compressed Oops mode: 32-bit

CDS archive(s) not mapped
Compressed class space mapped at: 0x0000000100000000-0x0000000140000000, reserved size: 1073741824
Narrow klass base: 0x0000000000000000, Narrow klass shift: 3, Narrow klass range: 0x140000000

GC Precious Log:
 CPUs: 12 total, 12 available
 Memory: 7524M
 Large Page Support: Disabled
 NUMA Support: Disabled
 Compressed Oops: Enabled (32-bit)
 Heap Region Size: 1M
 Heap Min Capacity: 8M
 Heap Initial Capacity: 118M
 Heap Max Capacity: 1882M
 Pre-touch: Disabled
 Parallel Workers: 10
 Concurrent Workers: 3
 Concurrent Refinement Workers: 10
 Periodic GC: Disabled

Heap:
 garbage-first heap   total 45056K, used 13515K [0x000000008a600000, 0x0000000100000000)
  region size 1024K, 1 young (1024K), 0 survivors (0K)
 Metaspace       used 34092K, committed 34688K, reserved 1081344K
  class space    used 4492K, committed 4736K, reserved 1048576K

Heap Regions: E=young(eden), S=young(survivor), O=old, HS=humongous(starts), HC=humongous(continues), CS=collection set, F=free, OA=open archive, CA=closed archive, TAMS=top-at-mark-start (previous, next)
|   0|0x000000008a600000, 0x000000008a700000, 0x000000008a700000|100%| O|  |TAMS 0x000000008a700000, 0x000000008a600000| Untracked 
|   1|0x000000008a700000, 0x000000008a7ffd80, 0x000000008a800000| 99%| O|  |TAMS 0x000000008a7ffd80, 0x000000008a700000| Untracked 
|   2|0x000000008a800000, 0x000000008a900000, 0x000000008a900000|100%| O|  |TAMS 0x000000008a900000, 0x000000008a800000| Untracked 
|   3|0x000000008a900000, 0x000000008aa00000, 0x000000008aa00000|100%| O|  |TAMS 0x000000008aa00000, 0x000000008a900000| Untracked 
|   4|0x000000008aa00000, 0x000000008ab00000, 0x000000008ab00000|100%| O|  |TAMS 0x000000008ab00000, 0x000000008aa00000| Untracked 
|   5|0x000000008ab00000, 0x000000008abffff0, 0x000000008ac00000| 99%| O|  |TAMS 0x000000008abffff0, 0x000000008ab00000| Untracked 
|   6|0x000000008ac00000, 0x000000008acffff0, 0x000000008ad00000| 99%| O|  |TAMS 0x000000008acffff0, 0x000000008ac00000| Untracked 
|   7|0x000000008ad00000, 0x000000008ae00000, 0x000000008ae00000|100%| O|  |TAMS 0x000000008ae00000, 0x000000008ad00000| Untracked 
|   8|0x000000008ae00000, 0x000000008aefffe8, 0x000000008af00000| 99%| O|  |TAMS 0x000000008aefffe8, 0x000000008ae00000| Untracked 
|   9|0x000000008af00000, 0x000000008affffe0, 0x000000008b000000| 99%| O|  |TAMS 0x000000008affffe0, 0x000000008af00000| Untracked 
|  10|0x000000008b000000, 0x000000008b100000, 0x000000008b100000|100%| O|  |TAMS 0x000000008b100000, 0x000000008b000000| Untracked 
|  11|0x000000008b100000, 0x000000008b1f3238, 0x000000008b200000| 94%| O|  |TAMS 0x000000008b100000, 0x000000008b100000| Untracked 
|  12|0x000000008b200000, 0x000000008b23fe70, 0x000000008b300000| 24%| O|  |TAMS 0x000000008b200000, 0x000000008b200000| Untracked 
|  13|0x000000008b300000, 0x000000008b300000, 0x000000008b400000|  0%| F|  |TAMS 0x000000008b300000, 0x000000008b300000| Untracked 
|  14|0x000000008b400000, 0x000000008b400000, 0x000000008b500000|  0%| F|  |TAMS 0x000000008b400000, 0x000000008b400000| Untracked 
|  15|0x000000008b500000, 0x000000008b500000, 0x000000008b600000|  0%| F|  |TAMS 0x000000008b500000, 0x000000008b500000| Untracked 
|  16|0x000000008b600000, 0x000000008b600000, 0x000000008b700000|  0%| F|  |TAMS 0x000000008b600000, 0x000000008b600000| Untracked 
|  17|0x000000008b700000, 0x000000008b700000, 0x000000008b800000|  0%| F|  |TAMS 0x000000008b700000, 0x000000008b700000| Untracked 
|  18|0x000000008b800000, 0x000000008b800000, 0x000000008b900000|  0%| F|  |TAMS 0x000000008b800000, 0x000000008b800000| Untracked 
|  19|0x000000008b900000, 0x000000008b900000, 0x000000008ba00000|  0%| F|  |TAMS 0x000000008b900000, 0x000000008b900000| Untracked 
|  20|0x000000008ba00000, 0x000000008ba00000, 0x000000008bb00000|  0%| F|  |TAMS 0x000000008ba00000, 0x000000008ba00000| Untracked 
|  21|0x000000008bb00000, 0x000000008bb00000, 0x000000008bc00000|  0%| F|  |TAMS 0x000000008bb00000, 0x000000008bb00000| Untracked 
|  22|0x000000008bc00000, 0x000000008bc00000, 0x000000008bd00000|  0%| F|  |TAMS 0x000000008bc00000, 0x000000008bc00000| Untracked 
|  23|0x000000008bd00000, 0x000000008bd00000, 0x000000008be00000|  0%| F|  |TAMS 0x000000008bd00000, 0x000000008bd00000| Untracked 
|  24|0x000000008be00000, 0x000000008be00000, 0x000000008bf00000|  0%| F|  |TAMS 0x000000008be00000, 0x000000008be00000| Untracked 
|  25|0x000000008bf00000, 0x000000008bf00000, 0x000000008c000000|  0%| F|  |TAMS 0x000000008bf00000, 0x000000008bf00000| Untracked 
|  26|0x000000008c000000, 0x000000008c100000, 0x000000008c100000|100%| O|  |TAMS 0x000000008c100000, 0x000000008c000000| Untracked 
|  27|0x000000008c100000, 0x000000008c100000, 0x000000008c200000|  0%| F|  |TAMS 0x000000008c100000, 0x000000008c100000| Untracked 
|  28|0x000000008c200000, 0x000000008c200000, 0x000000008c300000|  0%| F|  |TAMS 0x000000008c200000, 0x000000008c200000| Untracked 
|  29|0x000000008c300000, 0x000000008c300000, 0x000000008c400000|  0%| F|  |TAMS 0x000000008c300000, 0x000000008c300000| Untracked 
|  30|0x000000008c400000, 0x000000008c400000, 0x000000008c500000|  0%| F|  |TAMS 0x000000008c400000, 0x000000008c400000| Untracked 
|  31|0x000000008c500000, 0x000000008c500000, 0x000000008c600000|  0%| F|  |TAMS 0x000000008c500000, 0x000000008c500000| Untracked 
|  32|0x000000008c600000, 0x000000008c600000, 0x000000008c700000|  0%| F|  |TAMS 0x000000008c600000, 0x000000008c600000| Untracked 
|  33|0x000000008c700000, 0x000000008c700000, 0x000000008c800000|  0%| F|  |TAMS 0x000000008c700000, 0x000000008c700000| Untracked 
|  34|0x000000008c800000, 0x000000008c800000, 0x000000008c900000|  0%| F|  |TAMS 0x000000008c800000, 0x000000008c800000| Untracked 
|  35|0x000000008c900000, 0x000000008c900000, 0x000000008ca00000|  0%| F|  |TAMS 0x000000008c900000, 0x000000008c900000| Untracked 
|  36|0x000000008ca00000, 0x000000008ca00000, 0x000000008cb00000|  0%| F|  |TAMS 0x000000008ca00000, 0x000000008ca00000| Untracked 
|  37|0x000000008cb00000, 0x000000008cb00000, 0x000000008cc00000|  0%| F|  |TAMS 0x000000008cb00000, 0x000000008cb00000| Untracked 
|  38|0x000000008cc00000, 0x000000008cc00000, 0x000000008cd00000|  0%| F|  |TAMS 0x000000008cc00000, 0x000000008cc00000| Untracked 
|  39|0x000000008cd00000, 0x000000008cd00000, 0x000000008ce00000|  0%| F|  |TAMS 0x000000008cd00000, 0x000000008cd00000| Untracked 
|  40|0x000000008ce00000, 0x000000008ce00000, 0x000000008cf00000|  0%| F|  |TAMS 0x000000008ce00000, 0x000000008ce00000| Untracked 
|  41|0x000000008cf00000, 0x000000008cf00000, 0x000000008d000000|  0%| F|  |TAMS 0x000000008cf00000, 0x000000008cf00000| Untracked 
|  42|0x000000008d000000, 0x000000008d000000, 0x000000008d100000|  0%| F|  |TAMS 0x000000008d000000, 0x000000008d000000| Untracked 
|  43|0x000000008d100000, 0x000000008d106908, 0x000000008d200000|  2%| E|  |TAMS 0x000000008d100000, 0x000000008d100000| Complete 

Card table byte_map: [0x000001b71ad90000,0x000001b71b140000] _byte_map_base: 0x000001b71a93d000

Marking Bits (Prev, Next): (CMBitMap*) 0x000001b712ac6460, (CMBitMap*) 0x000001b712ac6420
 Prev Bits: [0x000001b71d260000, 0x000001b71efc8000)
 Next Bits: [0x000001b71b4f0000, 0x000001b71d258000)

Polling page: 0x000001b716ec0000

Metaspace:

Usage:
  Non-class:     28.91 MB used.
      Class:      4.39 MB used.
       Both:     33.29 MB used.

Virtual space:
  Non-class space:       32.00 MB reserved,      29.25 MB ( 91%) committed,  4 nodes.
      Class space:        1.00 GB reserved,       4.62 MB ( <1%) committed,  1 nodes.
             Both:        1.03 GB reserved,      33.88 MB (  3%) committed. 

Chunk freelists:
   Non-Class:  2.55 MB
       Class:  3.28 MB
        Both:  5.83 MB

MaxMetaspaceSize: unlimited
CompressedClassSpaceSize: 1.00 GB
Initial GC threshold: 21.00 MB
Current GC threshold: 56.50 MB
CDS: off
MetaspaceReclaimPolicy: balanced
 - commit_granule_bytes: 65536.
 - commit_granule_words: 8192.
 - virtual_space_node_default_size: 1048576.
 - enlarge_chunks_in_place: 1.
 - new_chunks_are_fully_committed: 0.
 - uncommit_free_chunks: 1.
 - use_allocation_guard: 0.
 - handle_deallocations: 1.


Internal statistics:

num_allocs_failed_limit: 3.
num_arena_births: 562.
num_arena_deaths: 230.
num_vsnodes_births: 5.
num_vsnodes_deaths: 0.
num_space_committed: 542.
num_space_uncommitted: 0.
num_chunks_returned_to_freelist: 292.
num_chunks_taken_from_freelist: 1629.
num_chunk_merges: 112.
num_chunk_splits: 993.
num_chunks_enlarged: 669.
num_purges: 6.
num_inconsistent_stats: 0.

CodeCache: size=49152Kb used=8204Kb max_used=9691Kb free=40947Kb
 bounds [0x000001b716ee0000, 0x000001b7178d0000, 0x000001b719ee0000]
 total_blobs=4997 nmethods=4487 adapters=437
 compilation: enabled
              stopped_count=0, restarted_count=0
 full_count=0

Compilation events (20 events):
Event: 4006.071 Thread 0x000001b721cecc60 4475       1       java.lang.ProcessImpl$2::<init> (20 bytes)
Event: 4006.071 Thread 0x000001b721cecc60 nmethod 4475 0x000001b7176cc310 code [0x000001b7176cc4a0, 0x000001b7176cc618]
Event: 4006.071 Thread 0x000001b721cecc60 4476       1       java.lang.ProcessImpl$2::run (5 bytes)
Event: 4006.071 Thread 0x000001b721cecc60 nmethod 4476 0x000001b7176cc010 code [0x000001b7176cc1a0, 0x000001b7176cc288]
Event: 4006.071 Thread 0x000001b721cecc60 4477       1       java.lang.ProcessImpl$2::run (242 bytes)
Event: 4006.071 Thread 0x000001b721cecc60 nmethod 4477 0x000001b7176ca990 code [0x000001b7176cac40, 0x000001b7176cb9d8]
Event: 4006.071 Thread 0x000001b721cecc60 4478       1       java.lang.ProcessImpl::waitFor (136 bytes)
Event: 4006.072 Thread 0x000001b721cecc60 nmethod 4478 0x000001b7176ca110 code [0x000001b7176ca320, 0x000001b7176ca718]
Event: 4006.215 Thread 0x000001b721cecc60 4479   !   1       java.io.FilterOutputStream::close (183 bytes)
Event: 4006.236 Thread 0x000001b721cecc60 nmethod 4479 0x000001b7176c8f90 code [0x000001b7176c91a0, 0x000001b7176c9678]
Event: 4006.236 Thread 0x000001b721cecc60 4480   !   1       java.io.FileOutputStream::close (69 bytes)
Event: 4006.236 Thread 0x000001b721cecc60 nmethod 4480 0x000001b7176c8910 code [0x000001b7176c8ae0, 0x000001b7176c8e58]
Event: 4006.236 Thread 0x000001b721cecc60 4481       1       java.io.FileOutputStream$1::<init> (10 bytes)
Event: 4006.236 Thread 0x000001b721cecc60 nmethod 4481 0x000001b7176c8610 code [0x000001b7176c87a0, 0x000001b7176c88b8]
Event: 4006.236 Thread 0x000001b721cecc60 4482       1       java.io.FileOutputStream$1::close (11 bytes)
Event: 4006.236 Thread 0x000001b721cecc60 nmethod 4482 0x000001b7176c7f90 code [0x000001b7176c8140, 0x000001b7176c8458]
Event: 4006.236 Thread 0x000001b721cecc60 4484       1       java.lang.ProcessImpl$$Lambda$508/0x00000001002768a0::run (8 bytes)
Event: 4006.236 Thread 0x000001b721cecc60 nmethod 4484 0x000001b7176c7c90 code [0x000001b7176c7e20, 0x000001b7176c7f08]
Event: 4006.236 Thread 0x000001b721cecc60 4485       1       java.lang.ProcessImpl::lambda$new$0 (6 bytes)
Event: 4006.236 Thread 0x000001b721cecc60 nmethod 4485 0x000001b7176c7990 code [0x000001b7176c7b20, 0x000001b7176c7be8]

GC Heap History (20 events):
Event: 5741.828 GC heap before
{Heap before GC invocations=431 (full 422):
 garbage-first heap   total 45056K, used 13515K [0x000000008a600000, 0x0000000100000000)
  region size 1024K, 1 young (1024K), 0 survivors (0K)
 Metaspace       used 34092K, committed 34688K, reserved 1081344K
  class space    used 4492K, committed 4736K, reserved 1048576K
}
Event: 5741.843 GC heap after
{Heap after GC invocations=432 (full 423):
 garbage-first heap   total 45056K, used 13515K [0x000000008a600000, 0x0000000100000000)
  region size 1024K, 0 young (0K), 0 survivors (0K)
 Metaspace       used 34092K, committed 34688K, reserved 1081344K
  class space    used 4492K, committed 4736K, reserved 1048576K
}
Event: 5751.937 GC heap before
{Heap before GC invocations=432 (full 423):
 garbage-first heap   total 45056K, used 13515K [0x000000008a600000, 0x0000000100000000)
  region size 1024K, 1 young (1024K), 0 survivors (0K)
 Metaspace       used 34092K, committed 34688K, reserved 1081344K
  class space    used 4492K, committed 4736K, reserved 1048576K
}
Event: 5751.951 GC heap after
{Heap after GC invocations=433 (full 424):
 garbage-first heap   total 45056K, used 13515K [0x000000008a600000, 0x0000000100000000)
  region size 1024K, 0 young (0K), 0 survivors (0K)
 Metaspace       used 34092K, committed 34688K, reserved 1081344K
  class space    used 4492K, committed 4736K, reserved 1048576K
}
Event: 5762.048 GC heap before
{Heap before GC invocations=433 (full 424):
 garbage-first heap   total 45056K, used 13515K [0x000000008a600000, 0x0000000100000000)
  region size 1024K, 1 young (1024K), 0 survivors (0K)
 Metaspace       used 34092K, committed 34688K, reserved 1081344K
  class space    used 4492K, committed 4736K, reserved 1048576K
}
Event: 5762.062 GC heap after
{Heap after GC invocations=434 (full 425):
 garbage-first heap   total 45056K, used 13515K [0x000000008a600000, 0x0000000100000000)
  region size 1024K, 0 young (0K), 0 survivors (0K)
 Metaspace       used 34092K, committed 34688K, reserved 1081344K
  class space    used 4492K, committed 4736K, reserved 1048576K
}
Event: 5772.169 GC heap before
{Heap before GC invocations=434 (full 425):
 garbage-first heap   total 45056K, used 13515K [0x000000008a600000, 0x0000000100000000)
  region size 1024K, 1 young (1024K), 0 survivors (0K)
 Metaspace       used 34092K, committed 34688K, reserved 1081344K
  class space    used 4492K, committed 4736K, reserved 1048576K
}
Event: 5772.183 GC heap after
{Heap after GC invocations=435 (full 426):
 garbage-first heap   total 45056K, used 13515K [0x000000008a600000, 0x0000000100000000)
  region size 1024K, 0 young (0K), 0 survivors (0K)
 Metaspace       used 34092K, committed 34688K, reserved 1081344K
  class space    used 4492K, committed 4736K, reserved 1048576K
}
Event: 5782.282 GC heap before
{Heap before GC invocations=435 (full 426):
 garbage-first heap   total 45056K, used 13515K [0x000000008a600000, 0x0000000100000000)
  region size 1024K, 1 young (1024K), 0 survivors (0K)
 Metaspace       used 34092K, committed 34688K, reserved 1081344K
  class space    used 4492K, committed 4736K, reserved 1048576K
}
Event: 5782.295 GC heap after
{Heap after GC invocations=436 (full 427):
 garbage-first heap   total 45056K, used 13515K [0x000000008a600000, 0x0000000100000000)
  region size 1024K, 0 young (0K), 0 survivors (0K)
 Metaspace       used 34092K, committed 34688K, reserved 1081344K
  class space    used 4492K, committed 4736K, reserved 1048576K
}
Event: 5792.400 GC heap before
{Heap before GC invocations=436 (full 427):
 garbage-first heap   total 45056K, used 13515K [0x000000008a600000, 0x0000000100000000)
  region size 1024K, 1 young (1024K), 0 survivors (0K)
 Metaspace       used 34092K, committed 34688K, reserved 1081344K
  class space    used 4492K, committed 4736K, reserved 1048576K
}
Event: 5792.415 GC heap after
{Heap after GC invocations=437 (full 428):
 garbage-first heap   total 45056K, used 13515K [0x000000008a600000, 0x0000000100000000)
  region size 1024K, 0 young (0K), 0 survivors (0K)
 Metaspace       used 34092K, committed 34688K, reserved 1081344K
  class space    used 4492K, committed 4736K, reserved 1048576K
}
Event: 5802.516 GC heap before
{Heap before GC invocations=437 (full 428):
 garbage-first heap   total 45056K, used 13515K [0x000000008a600000, 0x0000000100000000)
  region size 1024K, 1 young (1024K), 0 survivors (0K)
 Metaspace       used 34092K, committed 34688K, reserved 1081344K
  class space    used 4492K, committed 4736K, reserved 1048576K
}
Event: 5802.529 GC heap after
{Heap after GC invocations=438 (full 429):
 garbage-first heap   total 45056K, used 13515K [0x000000008a600000, 0x0000000100000000)
  region size 1024K, 0 young (0K), 0 survivors (0K)
 Metaspace       used 34092K, committed 34688K, reserved 1081344K
  class space    used 4492K, committed 4736K, reserved 1048576K
}
Event: 5812.636 GC heap before
{Heap before GC invocations=438 (full 429):
 garbage-first heap   total 45056K, used 13515K [0x000000008a600000, 0x0000000100000000)
  region size 1024K, 1 young (1024K), 0 survivors (0K)
 Metaspace       used 34092K, committed 34688K, reserved 1081344K
  class space    used 4492K, committed 4736K, reserved 1048576K
}
Event: 5812.652 GC heap after
{Heap after GC invocations=439 (full 430):
 garbage-first heap   total 45056K, used 13515K [0x000000008a600000, 0x0000000100000000)
  region size 1024K, 0 young (0K), 0 survivors (0K)
 Metaspace       used 34092K, committed 34688K, reserved 1081344K
  class space    used 4492K, committed 4736K, reserved 1048576K
}
Event: 5822.748 GC heap before
{Heap before GC invocations=439 (full 430):
 garbage-first heap   total 45056K, used 13515K [0x000000008a600000, 0x0000000100000000)
  region size 1024K, 1 young (1024K), 0 survivors (0K)
 Metaspace       used 34092K, committed 34688K, reserved 1081344K
  class space    used 4492K, committed 4736K, reserved 1048576K
}
Event: 5822.762 GC heap after
{Heap after GC invocations=440 (full 431):
 garbage-first heap   total 45056K, used 13515K [0x000000008a600000, 0x0000000100000000)
  region size 1024K, 0 young (0K), 0 survivors (0K)
 Metaspace       used 34092K, committed 34688K, reserved 1081344K
  class space    used 4492K, committed 4736K, reserved 1048576K
}
Event: 5832.863 GC heap before
{Heap before GC invocations=440 (full 431):
 garbage-first heap   total 45056K, used 13515K [0x000000008a600000, 0x0000000100000000)
  region size 1024K, 1 young (1024K), 0 survivors (0K)
 Metaspace       used 34092K, committed 34688K, reserved 1081344K
  class space    used 4492K, committed 4736K, reserved 1048576K
}
Event: 5832.876 GC heap after
{Heap after GC invocations=441 (full 432):
 garbage-first heap   total 45056K, used 13515K [0x000000008a600000, 0x0000000100000000)
  region size 1024K, 0 young (0K), 0 survivors (0K)
 Metaspace       used 34092K, committed 34688K, reserved 1081344K
  class space    used 4492K, committed 4736K, reserved 1048576K
}

Deoptimization events (14 events):
Event: 2.918 Thread 0x000001b712a8a610 DEOPT PACKING pc=0x000001b7172db575 sp=0x00000075dc5fdbb0
Event: 2.918 Thread 0x000001b712a8a610 DEOPT UNPACKING pc=0x000001b716f32b43 sp=0x00000075dc5fd020 mode 3
Event: 3.869 Thread 0x000001b712a8a610 DEOPT PACKING pc=0x000001b7173e4419 sp=0x00000075dc5fd360
Event: 3.869 Thread 0x000001b712a8a610 DEOPT UNPACKING pc=0x000001b716f32b43 sp=0x00000075dc5fc840 mode 3
Event: 4.417 Thread 0x000001b712a8a610 DEOPT PACKING pc=0x000001b7174aadf5 sp=0x00000075dc5fd030
Event: 4.417 Thread 0x000001b712a8a610 DEOPT UNPACKING pc=0x000001b716f32b43 sp=0x00000075dc5fc4a0 mode 3
Event: 5.787 Thread 0x000001b724d91e90 DEOPT PACKING pc=0x000001b7175e6535 sp=0x00000075de8fdbb0
Event: 5.787 Thread 0x000001b724d91e90 DEOPT UNPACKING pc=0x000001b716f32b43 sp=0x00000075de8fd0d8 mode 3
Event: 5.969 Thread 0x000001b722da20f0 DEOPT PACKING pc=0x000001b7173ebc01 sp=0x00000075de7fdb10
Event: 5.969 Thread 0x000001b722da20f0 DEOPT UNPACKING pc=0x000001b716f32b43 sp=0x00000075de7fcfa0 mode 3
Event: 6.400 Thread 0x000001b724d91e90 DEOPT PACKING pc=0x000001b7173e1417 sp=0x00000075de8ff1c0
Event: 6.400 Thread 0x000001b724d91e90 DEOPT UNPACKING pc=0x000001b716f32b43 sp=0x00000075de8fe618 mode 3
Event: 1363.032 Thread 0x000001b722da20f0 DEOPT PACKING pc=0x000001b71750c454 sp=0x00000075de7ff010
Event: 1363.032 Thread 0x000001b722da20f0 DEOPT UNPACKING pc=0x000001b716f32b43 sp=0x00000075de7fe4b8 mode 0

Classes unloaded (20 events):
Event: 2312.464 Thread 0x000001b721ca76a0 Unloading class 0x000000010044b400 'jdk/internal/reflect/GeneratedSerializationConstructorAccessor3'
Event: 2312.464 Thread 0x000001b721ca76a0 Unloading class 0x000000010044b000 'jdk/internal/reflect/GeneratedSerializationConstructorAccessor2'
Event: 2312.464 Thread 0x000001b721ca76a0 Unloading class 0x000000010044ac00 'jdk/internal/reflect/GeneratedSerializationConstructorAccessor1'
Event: 2312.464 Thread 0x000001b721ca76a0 Unloading class 0x0000000100449000 'java/lang/invoke/LambdaForm$MH+0x0000000100449000'
Event: 2312.464 Thread 0x000001b721ca76a0 Unloading class 0x0000000100448c00 'java/lang/invoke/LambdaForm$MH+0x0000000100448c00'
Event: 2312.464 Thread 0x000001b721ca76a0 Unloading class 0x0000000100448800 'java/lang/invoke/LambdaForm$MH+0x0000000100448800'
Event: 2312.464 Thread 0x000001b721ca76a0 Unloading class 0x0000000100448400 'java/lang/invoke/LambdaForm$MH+0x0000000100448400'
Event: 2312.464 Thread 0x000001b721ca76a0 Unloading class 0x0000000100448000 'java/lang/invoke/LambdaForm$MH+0x0000000100448000'
Event: 2312.464 Thread 0x000001b721ca76a0 Unloading class 0x0000000100445c00 'java/lang/invoke/LambdaForm$MH+0x0000000100445c00'
Event: 2312.464 Thread 0x000001b721ca76a0 Unloading class 0x0000000100445800 'java/lang/invoke/LambdaForm$MH+0x0000000100445800'
Event: 2312.464 Thread 0x000001b721ca76a0 Unloading class 0x0000000100445400 'java/lang/invoke/LambdaForm$MH+0x0000000100445400'
Event: 2312.464 Thread 0x000001b721ca76a0 Unloading class 0x0000000100445000 'java/lang/invoke/LambdaForm$MH+0x0000000100445000'
Event: 2312.464 Thread 0x000001b721ca76a0 Unloading class 0x0000000100444c00 'java/lang/invoke/LambdaForm$MH+0x0000000100444c00'
Event: 2312.464 Thread 0x000001b721ca76a0 Unloading class 0x0000000100444800 'java/lang/invoke/LambdaForm$MH+0x0000000100444800'
Event: 2312.464 Thread 0x000001b721ca76a0 Unloading class 0x0000000100444400 'java/lang/invoke/LambdaForm$MH+0x0000000100444400'
Event: 2312.464 Thread 0x000001b721ca76a0 Unloading class 0x000000010043b800 'java/lang/invoke/LambdaForm$MH+0x000000010043b800'
Event: 2312.464 Thread 0x000001b721ca76a0 Unloading class 0x000000010043b400 'java/lang/invoke/LambdaForm$MH+0x000000010043b400'
Event: 2312.464 Thread 0x000001b721ca76a0 Unloading class 0x000000010043b000 'java/lang/invoke/LambdaForm$MH+0x000000010043b000'
Event: 2312.464 Thread 0x000001b721ca76a0 Unloading class 0x000000010043ac00 'java/lang/invoke/LambdaForm$MH+0x000000010043ac00'
Event: 2312.464 Thread 0x000001b721ca76a0 Unloading class 0x000000010043a800 'java/lang/invoke/LambdaForm$MH+0x000000010043a800'

Classes redefined (0 events):
No events

Internal exceptions (20 events):
Event: 2136.185 Thread 0x000001b7250521f0 Exception <a 'java/net/SocketException'{0x000000008c347db8}: Socket is not connected: shutdown> (0x000000008c347db8) 
thrown [e:\jenkins\tmp\workspace\build\src\src\hotspot\share\prims\jni.cpp, line 535]
Event: 2138.027 Thread 0x000001b7252a4230 Exception <a 'java/net/ConnectException'{0x000000008c208188}: Connection refused: connect> (0x000000008c208188) 
thrown [e:\jenkins\tmp\workspace\build\src\src\hotspot\share\prims\jni.cpp, line 535]
Event: 2138.027 Thread 0x000001b7252a4230 Exception <a 'java/net/SocketException'{0x000000008c2084c0}: Socket is not connected: shutdown> (0x000000008c2084c0) 
thrown [e:\jenkins\tmp\workspace\build\src\src\hotspot\share\prims\jni.cpp, line 535]
Event: 2138.029 Thread 0x000001b7252a4230 Exception <a 'java/lang/NoSuchMethodError'{0x000000008c217c10}: 'java.lang.Object java.lang.invoke.DirectMethodHandle$Holder.newInvokeSpecial(java.lang.Object, java.lang.Object, java.lang.Object, java.lang.Object, java.lang.Object, int, java.lang.Object)'> (0x000000008c217c10) 
thrown [e:\jenkins\tmp\workspace\build\src\src\hotspot\share\interpreter\linkResolver.cpp, line 766]
Event: 2138.186 Thread 0x000001b7250521f0 Exception <a 'java/net/ConnectException'{0x000000008c348a10}: Connection refused: connect> (0x000000008c348a10) 
thrown [e:\jenkins\tmp\workspace\build\src\src\hotspot\share\prims\jni.cpp, line 535]
Event: 2138.186 Thread 0x000001b7250521f0 Exception <a 'java/net/SocketException'{0x000000008c348d48}: Socket is not connected: shutdown> (0x000000008c348d48) 
thrown [e:\jenkins\tmp\workspace\build\src\src\hotspot\share\prims\jni.cpp, line 535]
Event: 2171.965 Thread 0x000001b725050510 Exception <a 'java/net/ConnectException'{0x000000008d1067e0}: Connection refused: connect> (0x000000008d1067e0) 
thrown [e:\jenkins\tmp\workspace\build\src\src\hotspot\share\prims\jni.cpp, line 535]
Event: 2171.965 Thread 0x000001b725050510 Exception <a 'java/net/SocketException'{0x000000008d106b18}: Socket is not connected: shutdown> (0x000000008d106b18) 
thrown [e:\jenkins\tmp\workspace\build\src\src\hotspot\share\prims\jni.cpp, line 535]
Event: 2353.969 Thread 0x000001b725050510 Exception <a 'java/net/ConnectException'{0x000000008d106950}: Connection refused: connect> (0x000000008d106950) 
thrown [e:\jenkins\tmp\workspace\build\src\src\hotspot\share\prims\jni.cpp, line 535]
Event: 2353.969 Thread 0x000001b725050510 Exception <a 'java/net/SocketException'{0x000000008d106c88}: Socket is not connected: shutdown> (0x000000008d106c88) 
thrown [e:\jenkins\tmp\workspace\build\src\src\hotspot\share\prims\jni.cpp, line 535]
Event: 2429.992 Thread 0x000001b725050510 Exception <a 'java/net/ConnectException'{0x000000008d106fa0}: Connection refused: connect> (0x000000008d106fa0) 
thrown [e:\jenkins\tmp\workspace\build\src\src\hotspot\share\prims\jni.cpp, line 535]
Event: 2429.992 Thread 0x000001b725050510 Exception <a 'java/net/SocketException'{0x000000008d1072d8}: Socket is not connected: shutdown> (0x000000008d1072d8) 
thrown [e:\jenkins\tmp\workspace\build\src\src\hotspot\share\prims\jni.cpp, line 535]
Event: 2431.998 Thread 0x000001b725050510 Exception <a 'java/net/ConnectException'{0x000000008d107f50}: Connection refused: connect> (0x000000008d107f50) 
thrown [e:\jenkins\tmp\workspace\build\src\src\hotspot\share\prims\jni.cpp, line 535]
Event: 2431.998 Thread 0x000001b725050510 Exception <a 'java/net/SocketException'{0x000000008d108288}: Socket is not connected: shutdown> (0x000000008d108288) 
thrown [e:\jenkins\tmp\workspace\build\src\src\hotspot\share\prims\jni.cpp, line 535]
Event: 2434.001 Thread 0x000001b725050510 Exception <a 'java/net/ConnectException'{0x000000008d108f78}: Connection refused: connect> (0x000000008d108f78) 
thrown [e:\jenkins\tmp\workspace\build\src\src\hotspot\share\prims\jni.cpp, line 535]
Event: 2434.001 Thread 0x000001b725050510 Exception <a 'java/net/SocketException'{0x000000008d1092b0}: Socket is not connected: shutdown> (0x000000008d1092b0) 
thrown [e:\jenkins\tmp\workspace\build\src\src\hotspot\share\prims\jni.cpp, line 535]
Event: 2436.003 Thread 0x000001b725050510 Exception <a 'java/net/ConnectException'{0x000000008d109f28}: Connection refused: connect> (0x000000008d109f28) 
thrown [e:\jenkins\tmp\workspace\build\src\src\hotspot\share\prims\jni.cpp, line 535]
Event: 2436.003 Thread 0x000001b725050510 Exception <a 'java/net/SocketException'{0x000000008d10a260}: Socket is not connected: shutdown> (0x000000008d10a260) 
thrown [e:\jenkins\tmp\workspace\build\src\src\hotspot\share\prims\jni.cpp, line 535]
Event: 2438.007 Thread 0x000001b725050510 Exception <a 'java/net/ConnectException'{0x000000008d106950}: Connection refused: connect> (0x000000008d106950) 
thrown [e:\jenkins\tmp\workspace\build\src\src\hotspot\share\prims\jni.cpp, line 535]
Event: 2438.007 Thread 0x000001b725050510 Exception <a 'java/net/SocketException'{0x000000008d106c88}: Socket is not connected: shutdown> (0x000000008d106c88) 
thrown [e:\jenkins\tmp\workspace\build\src\src\hotspot\share\prims\jni.cpp, line 535]

VM Operations (20 events):
Event: 5741.843 Executing VM operation: G1CollectFull done
Event: 5751.937 Executing VM operation: G1CollectFull
Event: 5751.951 Executing VM operation: G1CollectFull done
Event: 5762.048 Executing VM operation: G1CollectFull
Event: 5762.062 Executing VM operation: G1CollectFull done
Event: 5772.169 Executing VM operation: G1CollectFull
Event: 5772.183 Executing VM operation: G1CollectFull done
Event: 5782.282 Executing VM operation: G1CollectFull
Event: 5782.295 Executing VM operation: G1CollectFull done
Event: 5792.400 Executing VM operation: G1CollectFull
Event: 5792.415 Executing VM operation: G1CollectFull done
Event: 5802.516 Executing VM operation: G1CollectFull
Event: 5802.529 Executing VM operation: G1CollectFull done
Event: 5812.636 Executing VM operation: G1CollectFull
Event: 5812.652 Executing VM operation: G1CollectFull done
Event: 5822.748 Executing VM operation: G1CollectFull
Event: 5822.762 Executing VM operation: G1CollectFull done
Event: 5832.863 Executing VM operation: G1CollectFull
Event: 5832.876 Executing VM operation: G1CollectFull done
Event: 5842.910 Executing VM operation: G1CollectFull

Events (20 events):
Event: 2690.459 Thread 0x000001b7252a2a20 Thread added: 0x000001b7252a2a20
Event: 2803.510 Thread 0x000001b7252a2a20 Thread exited: 0x000001b7252a2a20
Event: 2814.523 Thread 0x000001b7252a16e0 Thread added: 0x000001b7252a16e0
Event: 2899.806 Thread 0x000001b72529fed0 Thread added: 0x000001b72529fed0
Event: 2902.926 Thread 0x000001b72529e6c0 Thread added: 0x000001b72529e6c0
Event: 2910.714 Thread 0x000001b72529eb90 Thread added: 0x000001b72529eb90
Event: 2970.716 Thread 0x000001b72529eb90 Thread exited: 0x000001b72529eb90
Event: 2974.531 Thread 0x000001b7252a16e0 Thread exited: 0x000001b7252a16e0
Event: 2997.623 Thread 0x000001b72529fed0 Thread exited: 0x000001b72529fed0
Event: 3000.587 Thread 0x000001b72529e6c0 Thread exited: 0x000001b72529e6c0
Event: 3001.151 Thread 0x000001b72529e6c0 Thread added: 0x000001b72529e6c0
Event: 3002.655 Thread 0x000001b7252a3890 Thread added: 0x000001b7252a3890
Event: 3075.976 Thread 0x000001b7252a3890 Thread exited: 0x000001b7252a3890
Event: 3101.456 Thread 0x000001b72529e6c0 Thread exited: 0x000001b72529e6c0
Event: 3202.102 Thread 0x000001b7252a33c0 Thread added: 0x000001b7252a33c0
Event: 3271.609 Thread 0x000001b7252a33c0 Thread exited: 0x000001b7252a33c0
Event: 3409.040 Thread 0x000001b7252a0870 Thread added: 0x000001b7252a0870
Event: 3469.042 Thread 0x000001b7252a0870 Thread exited: 0x000001b7252a0870
Event: 5475.041 Thread 0x000001b7252a16e0 Thread added: 0x000001b7252a16e0
Event: 5540.954 Thread 0x000001b7252a16e0 Thread exited: 0x000001b7252a16e0


Dynamic libraries:
0x00007ff64da00000 - 0x00007ff64da0e000 	c:\Users\Nisarg Shah\.vscode\extensions\redhat.java-1.5.0-win32-x64\jre\17.0.2-win32-x86_64\bin\java.exe
0x00007ffdbfdc0000 - 0x00007ffdbffc9000 	C:\WINDOWS\SYSTEM32\ntdll.dll
0x00007ffdbe1d0000 - 0x00007ffdbe28d000 	C:\WINDOWS\System32\KERNEL32.DLL
0x00007ffdbd8e0000 - 0x00007ffdbdc54000 	C:\WINDOWS\System32\KERNELBASE.dll
0x00007ffdbd7c0000 - 0x00007ffdbd8d1000 	C:\WINDOWS\System32\ucrtbase.dll
0x00007ffd82b40000 - 0x00007ffd82b58000 	c:\Users\Nisarg Shah\.vscode\extensions\redhat.java-1.5.0-win32-x64\jre\17.0.2-win32-x86_64\bin\jli.dll
0x00007ffd7fa70000 - 0x00007ffd7fa89000 	c:\Users\Nisarg Shah\.vscode\extensions\redhat.java-1.5.0-win32-x64\jre\17.0.2-win32-x86_64\bin\VCRUNTIME140.dll
0x00007ffdbdc60000 - 0x00007ffdbde0c000 	C:\WINDOWS\System32\USER32.dll
0x00007ffda4f30000 - 0x00007ffda51d5000 	C:\WINDOWS\WinSxS\amd64_microsoft.windows.common-controls_6595b64144ccf1df_6.0.22000.120_none_9d947278b86cc467\COMCTL32.dll
0x00007ffdbd2b0000 - 0x00007ffdbd2d6000 	C:\WINDOWS\System32\win32u.dll
0x00007ffdbe120000 - 0x00007ffdbe1c3000 	C:\WINDOWS\System32\msvcrt.dll
0x00007ffdbfbb0000 - 0x00007ffdbfbd9000 	C:\WINDOWS\System32\GDI32.dll
0x00007ffdbd3a0000 - 0x00007ffdbd4b2000 	C:\WINDOWS\System32\gdi32full.dll
0x00007ffdbd4c0000 - 0x00007ffdbd55d000 	C:\WINDOWS\System32\msvcp_win.dll
0x00007ffdbfc60000 - 0x00007ffdbfc91000 	C:\WINDOWS\System32\IMM32.DLL
0x00007ffdb7390000 - 0x00007ffdb739c000 	c:\Users\Nisarg Shah\.vscode\extensions\redhat.java-1.5.0-win32-x64\jre\17.0.2-win32-x86_64\bin\vcruntime140_1.dll
0x00007ffd52e30000 - 0x00007ffd52ec1000 	c:\Users\Nisarg Shah\.vscode\extensions\redhat.java-1.5.0-win32-x64\jre\17.0.2-win32-x86_64\bin\msvcp140.dll
0x00007ffd39700000 - 0x00007ffd3a347000 	c:\Users\Nisarg Shah\.vscode\extensions\redhat.java-1.5.0-win32-x64\jre\17.0.2-win32-x86_64\bin\server\jvm.dll
0x00007ffdbe290000 - 0x00007ffdbe33e000 	C:\WINDOWS\System32\ADVAPI32.dll
0x00007ffdbf1f0000 - 0x00007ffdbf28e000 	C:\WINDOWS\System32\sechost.dll
0x00007ffdbe630000 - 0x00007ffdbe750000 	C:\WINDOWS\System32\RPCRT4.dll
0x00007ffdbec80000 - 0x00007ffdbec88000 	C:\WINDOWS\System32\PSAPI.DLL
0x00007ffd988a0000 - 0x00007ffd988a9000 	C:\WINDOWS\SYSTEM32\WSOCK32.dll
0x00007ffdb7260000 - 0x00007ffdb7293000 	C:\WINDOWS\SYSTEM32\WINMM.dll
0x00007ffdb47a0000 - 0x00007ffdb47aa000 	C:\WINDOWS\SYSTEM32\VERSION.dll
0x00007ffdbfbf0000 - 0x00007ffdbfc5f000 	C:\WINDOWS\System32\WS2_32.dll
0x00007ffdbc4a0000 - 0x00007ffdbc4b8000 	C:\WINDOWS\SYSTEM32\kernel.appcore.dll
0x00007ffdb72c0000 - 0x00007ffdb72ca000 	c:\Users\Nisarg Shah\.vscode\extensions\redhat.java-1.5.0-win32-x64\jre\17.0.2-win32-x86_64\bin\jimage.dll
0x00007ffdbaa00000 - 0x00007ffdbac21000 	C:\WINDOWS\SYSTEM32\DBGHELP.DLL
0x00007ffd9acd0000 - 0x00007ffd9ad01000 	C:\WINDOWS\SYSTEM32\dbgcore.DLL
0x00007ffdbd740000 - 0x00007ffdbd7bf000 	C:\WINDOWS\System32\bcryptPrimitives.dll
0x00007ffd52bf0000 - 0x00007ffd52c15000 	c:\Users\Nisarg Shah\.vscode\extensions\redhat.java-1.5.0-win32-x64\jre\17.0.2-win32-x86_64\bin\java.dll
0x00007ffd790e0000 - 0x00007ffd790f8000 	c:\Users\Nisarg Shah\.vscode\extensions\redhat.java-1.5.0-win32-x64\jre\17.0.2-win32-x86_64\bin\zip.dll
0x00007ffdbf400000 - 0x00007ffdbfbaf000 	C:\WINDOWS\System32\SHELL32.dll
0x00007ffdbb3b0000 - 0x00007ffdbbc18000 	C:\WINDOWS\SYSTEM32\windows.storage.dll
0x00007ffdbec90000 - 0x00007ffdbf008000 	C:\WINDOWS\System32\combase.dll
0x00007ffdbb240000 - 0x00007ffdbb3a6000 	C:\WINDOWS\SYSTEM32\wintypes.dll
0x00007ffdbe030000 - 0x00007ffdbe11a000 	C:\WINDOWS\System32\SHCORE.dll
0x00007ffdbe750000 - 0x00007ffdbe7ad000 	C:\WINDOWS\System32\shlwapi.dll
0x00007ffdbd1e0000 - 0x00007ffdbd201000 	C:\WINDOWS\SYSTEM32\profapi.dll
0x00007ffd764c0000 - 0x00007ffd764d9000 	C:\Users\Nisarg Shah\.vscode\extensions\redhat.java-1.5.0-win32-x64\jre\17.0.2-win32-x86_64\bin\net.dll
0x00007ffdb7f30000 - 0x00007ffdb803c000 	C:\WINDOWS\SYSTEM32\WINHTTP.dll
0x00007ffdbc8d0000 - 0x00007ffdbc937000 	C:\WINDOWS\system32\mswsock.dll
0x00007ffd74e80000 - 0x00007ffd74e95000 	C:\Users\Nisarg Shah\.vscode\extensions\redhat.java-1.5.0-win32-x64\jre\17.0.2-win32-x86_64\bin\nio.dll
0x00007ffda0af0000 - 0x00007ffda0b00000 	c:\Users\Nisarg Shah\.vscode\extensions\redhat.java-1.5.0-win32-x64\jre\17.0.2-win32-x86_64\bin\verify.dll
0x00007ffda8390000 - 0x00007ffda8399000 	C:\Users\Nisarg Shah\.vscode\extensions\redhat.java-1.5.0-win32-x64\jre\17.0.2-win32-x86_64\bin\management.dll
0x00007ffda8380000 - 0x00007ffda838b000 	C:\Users\Nisarg Shah\.vscode\extensions\redhat.java-1.5.0-win32-x64\jre\17.0.2-win32-x86_64\bin\management_ext.dll
0x00007ffd988e0000 - 0x00007ffd988f7000 	C:\WINDOWS\system32\napinsp.dll
0x00007ffd98820000 - 0x00007ffd9883b000 	C:\WINDOWS\system32\pnrpnsp.dll
0x00007ffdbbf00000 - 0x00007ffdbbfe8000 	C:\WINDOWS\SYSTEM32\DNSAPI.dll
0x00007ffdbbed0000 - 0x00007ffdbbefd000 	C:\WINDOWS\SYSTEM32\IPHLPAPI.DLL
0x00007ffdbf010000 - 0x00007ffdbf019000 	C:\WINDOWS\System32\NSI.dll
0x00007ffd98150000 - 0x00007ffd98162000 	C:\WINDOWS\System32\winrnr.dll
0x00007ffd9b570000 - 0x00007ffd9b585000 	C:\WINDOWS\system32\wshbth.dll
0x00007ffd98240000 - 0x00007ffd9825f000 	C:\WINDOWS\system32\nlansp_c.dll
0x00007ffda34c0000 - 0x00007ffda34ca000 	C:\Windows\System32\rasadhlp.dll
0x00007ffdb7160000 - 0x00007ffdb71e1000 	C:\WINDOWS\System32\fwpuclnt.dll
0x00007ffdbcb20000 - 0x00007ffdbcb38000 	C:\WINDOWS\SYSTEM32\CRYPTSP.dll
0x00007ffdbc400000 - 0x00007ffdbc435000 	C:\WINDOWS\system32\rsaenh.dll
0x00007ffdbc9c0000 - 0x00007ffdbc9e9000 	C:\WINDOWS\SYSTEM32\USERENV.dll
0x00007ffdbcc90000 - 0x00007ffdbccb7000 	C:\WINDOWS\SYSTEM32\bcrypt.dll
0x00007ffdbcb10000 - 0x00007ffdbcb1c000 	C:\WINDOWS\SYSTEM32\CRYPTBASE.dll
0x00007ffdb7f00000 - 0x00007ffdb7f19000 	C:\WINDOWS\SYSTEM32\dhcpcsvc6.DLL
0x00007ffdb81d0000 - 0x00007ffdb81ee000 	C:\WINDOWS\SYSTEM32\dhcpcsvc.DLL
0x00007ffdb9630000 - 0x00007ffdb9639000 	C:\Users\Nisarg Shah\.vscode\extensions\redhat.java-1.5.0-win32-x64\jre\17.0.2-win32-x86_64\bin\attach.dll
0x00007ffdb8450000 - 0x00007ffdb8457000 	C:\Users\Nisarg Shah\.vscode\extensions\redhat.java-1.5.0-win32-x64\jre\17.0.2-win32-x86_64\bin\rmi.dll

dbghelp: loaded successfully - version: 4.0.5 - missing functions: none
symbol engine: initialized successfully - sym options: 0x614 - pdb path: .;c:\Users\Nisarg Shah\.vscode\extensions\redhat.java-1.5.0-win32-x64\jre\17.0.2-win32-x86_64\bin;C:\WINDOWS\SYSTEM32;C:\WINDOWS\WinSxS\amd64_microsoft.windows.common-controls_6595b64144ccf1df_6.0.22000.120_none_9d947278b86cc467;c:\Users\Nisarg Shah\.vscode\extensions\redhat.java-1.5.0-win32-x64\jre\17.0.2-win32-x86_64\bin\server

VM Arguments:
jvm_args: -Dsts.lsp.client=vscode -Dsts.log.file=/dev/null -XX:TieredStopAtLevel=1 -Dspring.config.location=file:c:\Users\Nisarg Shah\.vscode\extensions\pivotal.vscode-spring-boot-1.33.0\language-server\BOOT-INF\classes\application.properties 
java_command: org.springframework.ide.vscode.boot.app.BootLanguageServerBootApp
java_class_path (initial): c:\Users\Nisarg Shah\.vscode\extensions\pivotal.vscode-spring-boot-1.33.0\language-server\BOOT-INF\classes;c:\Users\Nisarg Shah\.vscode\extensions\pivotal.vscode-spring-boot-1.33.0\language-server\BOOT-INF\lib\antlr4-runtime-4.5.3.jar;c:\Users\Nisarg Shah\.vscode\extensions\pivotal.vscode-spring-boot-1.33.0\language-server\BOOT-INF\lib\byte-buddy-1.10.18.jar;c:\Users\Nisarg Shah\.vscode\extensions\pivotal.vscode-spring-boot-1.33.0\language-server\BOOT-INF\lib\commons-codec-1.14.jar;c:\Users\Nisarg Shah\.vscode\extensions\pivotal.vscode-spring-boot-1.33.0\language-server\BOOT-INF\lib\commons-io-2.4.jar;c:\Users\Nisarg Shah\.vscode\extensions\pivotal.vscode-spring-boot-1.33.0\language-server\BOOT-INF\lib\commons-java-1.33.0-SNAPSHOT.jar;c:\Users\Nisarg Shah\.vscode\extensions\pivotal.vscode-spring-boot-1.33.0\language-server\BOOT-INF\lib\commons-lang3-3.10.jar;c:\Users\Nisarg Shah\.vscode\extensions\pivotal.vscode-spring-boot-1.33.0\language-server\BOOT-INF\lib\commons-language-server-1.33.0-SNAPSHOT.jar;c:\Users\Nisarg Shah\.vscode\extensions\pivotal.vscode-spring-boot-1.33.0\language-server\BOOT-INF\lib\commons-lsp-extensions-1.33.0-SNAPSHOT.jar;c:\Users\Nisarg Shah\.vscode\extensions\pivotal.vscode-spring-boot-1.33.0\language-server\BOOT-INF\lib\commons-util-1.33.0-SNAPSHOT.jar;c:\Users\Nisarg Shah\.vscode\extensions\pivotal.vscode-spring-boot-1.33.0\language-server\BOOT-INF\lib\commons-yaml-1.33.0-SNAPSHOT.jar;c:\Users\Nisarg Shah\.vscode\extensions\pivotal.vscode-spring-boot-1.33.0\language-server\BOOT-INF\lib\gson-2.8.6.jar;c:\Users\Nisarg Shah\.vscode\extensions\pivotal.vscode-spring-boot-1.33.0\language-server\BOOT-INF\lib\guava-19.0.jar;c:\Users\Nisarg Shah\.vscode\extensions\pivotal.vscode-spring-boot-1.33.0\language-server\BOOT-INF\lib\jakarta.annotation-api-1.3.5.jar;c:\Users\Nisarg Shah\.vscode\extensions\pivotal.vscode-spring-boot-1.33.0\language-server\BOOT-INF\lib\jandex-2.0.5.Final.jar;c:\Users\Nisarg Shah\.vscode\extensio
Launcher Type: SUN_STANDARD

[Global flags]
     intx CICompilerCount                          = 4                                         {product} {ergonomic}
     uint ConcGCThreads                            = 3                                         {product} {ergonomic}
     uint G1ConcRefinementThreads                  = 10                                        {product} {ergonomic}
   size_t G1HeapRegionSize                         = 1048576                                   {product} {ergonomic}
    uintx GCDrainStackTargetSize                   = 64                                        {product} {ergonomic}
   size_t InitialHeapSize                          = 123731968                                 {product} {ergonomic}
   size_t MarkStackSize                            = 4194304                                   {product} {ergonomic}
   size_t MaxHeapSize                              = 1973420032                                {product} {ergonomic}
   size_t MaxNewSize                               = 1183842304                                {product} {ergonomic}
   size_t MinHeapDeltaBytes                        = 1048576                                   {product} {ergonomic}
   size_t MinHeapSize                              = 8388608                                   {product} {ergonomic}
    uintx NonProfiledCodeHeapSize                  = 0                                      {pd product} {ergonomic}
     bool ProfileInterpreter                       = false                                  {pd product} {command line}
    uintx ProfiledCodeHeapSize                     = 0                                      {pd product} {ergonomic}
   size_t SoftMaxHeapSize                          = 1973420032                             {manageable} {ergonomic}
     intx TieredStopAtLevel                        = 1                                         {product} {command line}
     bool UseCompressedClassPointers               = true                           {product lp64_product} {ergonomic}
     bool UseCompressedOops                        = true                           {product lp64_product} {ergonomic}
     bool UseG1GC                                  = true                                      {product} {ergonomic}
     bool UseLargePagesIndividualAllocation        = false                                  {pd product} {ergonomic}

Logging:
Log output configuration:
 #0: stdout all=warning uptime,level,tags
 #1: stderr all=off uptime,level,tags

Environment Variables:
JAVA_HOME=C:\Program Files\Eclipse Adoptium\jdk-11.0.13.8-hotspot\
PATH=C:\Program Files\Python310\Scripts\;C:\Program Files\Python310\;C:\Program Files\Eclipse Adoptium\jdk-11.0.13.8-hotspot\bin;C:\windows\system32;C:\windows;C:\windows\System32\Wbem;C:\windows\System32\WindowsPowerShell\v1.0\;C:\windows\System32\OpenSSH\;C:\Program Files (x86)\NVIDIA Corporation\PhysX\Common;C:\Program Files\NVIDIA Corporation\NVIDIA NvDLISR;D:\Programs\Git\cmd;C:\Users\Nisarg Shah\AppData\Local\Microsoft\WindowsApps;D:\Programs\msys64\mingw64\bin;D:\Program Files\Nodejs\;C:\WINDOWS\system32;C:\WINDOWS;C:\WINDOWS\System32\Wbem;C:\WINDOWS\System32\WindowsPowerShell\v1.0\;C:\WINDOWS\System32\OpenSSH\;E:\Downloads\ffmpeg-2022-03-03-git-72684d2c2d-full_build\bin;D:\Program Files\apache-maven-3.8.4\bin;D:\Programs\XAMPP\php;C:\Users\Nisarg Shah\AppData\Roaming\Python\Python310\Scripts;C:\Users\Nisarg Shah\AppData\Local\Microsoft\WindowsApps;;D:\Programs\Microsoft VS Code\bin;D:\Program Files\IntelliJ IDEA 2021.3.1\bin;;C:\Users\Nisarg Shah\AppData\Roaming\npm;D:\Programs\heroku\bin
USERNAME=Nisarg Shah
OS=Windows_NT
PROCESSOR_IDENTIFIER=AMD64 Family 25 Model 80 Stepping 0, AuthenticAMD



---------------  S Y S T E M  ---------------

OS:
 Windows 11 , 64 bit Build 22000 (10.0.22000.613)
OS uptime: 1 days 3:34 hours

CPU: total 12 (initial active 12) (12 cores per cpu, 2 threads per core) family 25 model 80 stepping 0 microcode 0x0, cx8, cmov, fxsr, ht, mmx, 3dnowpref, sse, sse2, sse3, ssse3, sse4a, sse4.1, sse4.2, popcnt, lzcnt, tsc, tscinvbit, avx, avx2, aes, erms, clmul, bmi1, bmi2, adx, sha, fma, vzeroupper, clflush, clflushopt

Memory: 4k page, system-wide physical 7524M (309M free)
TotalPageFile size 11620M (AvailPageFile size 4M)
current process WorkingSet (physical memory assigned to process): 66M, peak: 141M
current process commit charge ("private bytes"): 173M, peak: 225M

vm_info: OpenJDK 64-Bit Server VM (17.0.2+8) for windows-amd64 JRE (17.0.2+8), built on Jan 20 2022 04:52:34 by "" with MS VC++ 16.7 (VS2019)

END.
