#
# There is insufficient memory for the Java Runtime Environment to continue.
# Native memory allocation (malloc) failed to allocate 50480 bytes for Chunk::new
# Possible reasons:
#   The system is out of physical RAM or swap space
#   The process is running with CompressedOops enabled, and the Java Heap may be blocking the growth of the native heap
# Possible solutions:
#   Reduce memory load on the system
#   Increase physical memory or swap space
#   Check if swap backing store is full
#   Decrease Java heap size (-Xmx/-Xms)
#   Decrease number of Java threads
#   Decrease Java thread stack sizes (-Xss)
#   Set larger code cache with -XX:ReservedCodeCacheSize=
#   JVM is running with Unscaled Compressed Oops mode in which the Java heap is
#     placed in the first 4GB address space. The Java Heap base address is the
#     maximum limit for the native heap growth. Please use -XX:HeapBaseMinAddress
#     to set the Java Heap base and to place the Java Heap above 4GB virtual address.
# This output file may be truncated or incomplete.
#
#  Out of Memory Error (arena.cpp:189), pid=19428, tid=19460
#
# JRE version: OpenJDK Runtime Environment Temurin-17.0.2+8 (17.0.2+8) (build 17.0.2+8)
# Java VM: OpenJDK 64-Bit Server VM Temurin-17.0.2+8 (17.0.2+8, mixed mode, tiered, compressed oops, compressed class ptrs, parallel gc, windows-amd64)
# No core dump will be written. Minidumps are not enabled by default on client versions of Windows
#

---------------  S U M M A R Y ------------

Command Line: --add-modules=ALL-SYSTEM --add-opens=java.base/java.util=ALL-UNNAMED --add-opens=java.base/java.lang=ALL-UNNAMED --add-opens=java.base/sun.nio.fs=ALL-UNNAMED -Declipse.application=org.eclipse.jdt.ls.core.id1 -Dosgi.bundles.defaultStartLevel=4 -Declipse.product=org.eclipse.jdt.ls.core.product -Djava.import.generatesMetadataFilesAtProjectRoot=false -Dfile.encoding=utf8 -DwatchParentProcess=false -XX:+UseParallelGC -XX:GCTimeRatio=4 -XX:AdaptiveSizePolicyWeight=90 -Dsun.zip.disableMemoryMapping=true -Xmx1G -Xms100m -XX:+HeapDumpOnOutOfMemoryError -XX:HeapDumpPath=c:\Users\Nisarg Shah\AppData\Roaming\Code\User\workspaceStorage\54ba89270061d8e32219ce9d5ef7f790\redhat.java c:\Users\Nisarg Shah\.vscode\extensions\redhat.java-1.6.0-win32-x64\server\plugins\org.eclipse.equinox.launcher_1.6.400.v20210924-0641.jar -configuration c:\Users\Nisarg Shah\AppData\Roaming\Code\User\globalStorage\redhat.java\1.6.0\config_win -data c:\Users\Nisarg Shah\AppData\Roaming\Code\User\workspaceStorage\54ba89270061d8e32219ce9d5ef7f790\redhat.java\jdt_ws

Host: AMD Ryzen 5 5600H with Radeon Graphics         , 12 cores, 7G,  Windows 11 , 64 bit Build 22000 (10.0.22000.708)
Time: Sat May 28 20:05:25 2022 India Standard Time elapsed time: 258.845486 seconds (0d 0h 4m 18s)

---------------  T H R E A D  ---------------

Current thread (0x0000019872967880):  JavaThread "C2 CompilerThread1" daemon [_thread_in_native, id=19460, stack(0x0000002834f00000,0x0000002835000000)]


Current CompileTask:
C2: 258845 9260       4       org.eclipse.jdt.internal.compiler.lookup.ModuleBinding::getOrCreateDeclaredPackage (136 bytes)

Stack: [0x0000002834f00000,0x0000002835000000]
Native frames: (J=compiled Java code, j=interpreted, Vv=VM code, C=native code)
V  [jvm.dll+0x67564a]
V  [jvm.dll+0x82fc04]
V  [jvm.dll+0x8313ae]
V  [jvm.dll+0x831a13]
V  [jvm.dll+0x245235]
V  [jvm.dll+0xabd7b]
V  [jvm.dll+0xac30c]
V  [jvm.dll+0x57c516]
V  [jvm.dll+0x2202ed]
V  [jvm.dll+0x2206cf]
V  [jvm.dll+0x219f25]
V  [jvm.dll+0x2173eb]
V  [jvm.dll+0x1a3a8d]
V  [jvm.dll+0x226ef8]
V  [jvm.dll+0x22503c]
V  [jvm.dll+0x7e596b]
V  [jvm.dll+0x7dff2a]
V  [jvm.dll+0x6744d5]
C  [ucrtbase.dll+0x26c0c]
C  [KERNEL32.DLL+0x154e0]
C  [ntdll.dll+0x485b]


---------------  P R O C E S S  ---------------

Threads class SMR info:
_java_thread_list=0x000001986ef35b30, length=35, elements={
0x00000198567c2b10, 0x000001986a645ff0, 0x000001986c384010, 0x000001986c394970,
0x000001986c3956f0, 0x000001986c3c57c0, 0x000001986c3c6820, 0x000001986a64c330,
0x000001986a64d3d0, 0x000001986c3cece0, 0x000001986c54b210, 0x000001986c549ed0,
0x000001986c549060, 0x000001986c54bbb0, 0x000001986c54c080, 0x000001986c54a3a0,
0x000001986c54ad40, 0x000001986c549530, 0x000001986c54ca20, 0x000001986dcad660,
0x000001986dcae000, 0x000001986dcb01b0, 0x000001986dcab980, 0x000001986dcb0b50,
0x000001986dcb2d00, 0x000001986dcb31d0, 0x000001986dcabe50, 0x000001986dcadb30,
0x000001986dcb0680, 0x000001986dcad190, 0x000001986dcb1e90, 0x000001986dcb2830,
0x000001986dcac7f0, 0x0000019872967880, 0x000001987432ecf0
}

Java Threads: ( => current thread )
  0x00000198567c2b10 JavaThread "main" [_thread_blocked, id=12260, stack(0x0000002832800000,0x0000002832900000)]
  0x000001986a645ff0 JavaThread "Reference Handler" daemon [_thread_blocked, id=21352, stack(0x0000002832b00000,0x0000002832c00000)]
  0x000001986c384010 JavaThread "Finalizer" daemon [_thread_blocked, id=11752, stack(0x0000002832c00000,0x0000002832d00000)]
  0x000001986c394970 JavaThread "Signal Dispatcher" daemon [_thread_blocked, id=20212, stack(0x0000002832d00000,0x0000002832e00000)]
  0x000001986c3956f0 JavaThread "Attach Listener" daemon [_thread_blocked, id=6000, stack(0x0000002832e00000,0x0000002832f00000)]
  0x000001986c3c57c0 JavaThread "Service Thread" daemon [_thread_blocked, id=15960, stack(0x0000002832f00000,0x0000002833000000)]
  0x000001986c3c6820 JavaThread "Monitor Deflation Thread" daemon [_thread_blocked, id=6208, stack(0x0000002833000000,0x0000002833100000)]
  0x000001986a64c330 JavaThread "C2 CompilerThread0" daemon [_thread_blocked, id=18768, stack(0x0000002833100000,0x0000002833200000)]
  0x000001986a64d3d0 JavaThread "C1 CompilerThread0" daemon [_thread_blocked, id=13580, stack(0x0000002833200000,0x0000002833300000)]
  0x000001986c3cece0 JavaThread "Sweeper thread" daemon [_thread_blocked, id=21032, stack(0x0000002833300000,0x0000002833400000)]
  0x000001986c54b210 JavaThread "Common-Cleaner" daemon [_thread_blocked, id=6220, stack(0x0000002833400000,0x0000002833500000)]
  0x000001986c549ed0 JavaThread "Notification Thread" daemon [_thread_blocked, id=21064, stack(0x0000002833500000,0x0000002833600000)]
  0x000001986c549060 JavaThread "Active Thread: Equinox Container: 0946ff7b-2130-4f31-b1c8-1d665ef4ad07" [_thread_blocked, id=14348, stack(0x0000002833800000,0x0000002833900000)]
  0x000001986c54bbb0 JavaThread "Framework Event Dispatcher: Equinox Container: 0946ff7b-2130-4f31-b1c8-1d665ef4ad07" daemon [_thread_blocked, id=352, stack(0x0000002833700000,0x0000002833800000)]
  0x000001986c54c080 JavaThread "Start Level: Equinox Container: 0946ff7b-2130-4f31-b1c8-1d665ef4ad07" daemon [_thread_blocked, id=15532, stack(0x0000002833900000,0x0000002833a00000)]
  0x000001986c54a3a0 JavaThread "SCR Component Actor" daemon [_thread_blocked, id=7580, stack(0x0000002834000000,0x0000002834100000)]
  0x000001986c54ad40 JavaThread "Bundle File Closer" daemon [_thread_blocked, id=5384, stack(0x0000002834200000,0x0000002834300000)]
  0x000001986c549530 JavaThread "Worker-JM" [_thread_blocked, id=8340, stack(0x0000002834300000,0x0000002834400000)]
  0x000001986c54ca20 JavaThread "Java indexing" daemon [_thread_blocked, id=3068, stack(0x0000002834500000,0x0000002834600000)]
  0x000001986dcad660 JavaThread "pool-2-thread-1" [_thread_in_native, id=21240, stack(0x0000002834c00000,0x0000002834d00000)]
  0x000001986dcae000 JavaThread "Worker-3" [_thread_blocked, id=12192, stack(0x0000002835000000,0x0000002835100000)]
  0x000001986dcb01b0 JavaThread "ForkJoinPool.commonPool-worker-1" daemon [_thread_blocked, id=19148, stack(0x0000002834400000,0x0000002834500000)]
  0x000001986dcab980 JavaThread "ForkJoinPool.commonPool-worker-3" daemon [_thread_blocked, id=17748, stack(0x0000002835100000,0x0000002835200000)]
  0x000001986dcb0b50 JavaThread "ForkJoinPool.commonPool-worker-4" daemon [_thread_blocked, id=13956, stack(0x0000002834100000,0x0000002834200000)]
  0x000001986dcb2d00 JavaThread "ForkJoinPool.commonPool-worker-5" daemon [_thread_blocked, id=21016, stack(0x0000002835500000,0x0000002835600000)]
  0x000001986dcb31d0 JavaThread "ForkJoinPool.commonPool-worker-6" daemon [_thread_blocked, id=8400, stack(0x0000002835600000,0x0000002835700000)]
  0x000001986dcabe50 JavaThread "ForkJoinPool.commonPool-worker-9" daemon [_thread_blocked, id=19976, stack(0x0000002832500000,0x0000002832600000)]
  0x000001986dcadb30 JavaThread "Worker-4" [_thread_blocked, id=11132, stack(0x0000002832600000,0x0000002832700000)]
  0x000001986dcb0680 JavaThread "ForkJoinPool.commonPool-worker-10" daemon [_thread_blocked, id=17320, stack(0x0000002834900000,0x0000002834a00000)]
  0x000001986dcad190 JavaThread "ForkJoinPool.commonPool-worker-11" daemon [_thread_blocked, id=340, stack(0x0000002834a00000,0x0000002834b00000)]
  0x000001986dcb1e90 JavaThread "ForkJoinPool.commonPool-worker-12" daemon [_thread_blocked, id=14440, stack(0x0000002834b00000,0x0000002834c00000)]
  0x000001986dcb2830 JavaThread "ForkJoinPool.commonPool-worker-13" daemon [_thread_blocked, id=5456, stack(0x0000002832700000,0x0000002832800000)]
  0x000001986dcac7f0 JavaThread "ForkJoinPool.commonPool-worker-14" daemon [_thread_blocked, id=20200, stack(0x0000002834d00000,0x0000002834e00000)]
=>0x0000019872967880 JavaThread "C2 CompilerThread1" daemon [_thread_in_native, id=19460, stack(0x0000002834f00000,0x0000002835000000)]
  0x000001987432ecf0 JavaThread "C2 CompilerThread2" daemon [_thread_in_native, id=19756, stack(0x0000002835200000,0x0000002835300000)]

Other Threads:
  0x000001986a508f10 VMThread "VM Thread" [stack: 0x0000002832a00000,0x0000002832b00000] [id=11088]
  0x000001986c5d4000 WatcherThread [stack: 0x0000002833600000,0x0000002833700000] [id=18972]
  0x00000198567d3880 GCTaskThread "GC Thread#0" [stack: 0x0000002832900000,0x0000002832a00000] [id=13624]
  0x000001986dcd3f60 GCTaskThread "GC Thread#1" [stack: 0x0000002833a00000,0x0000002833b00000] [id=19248]
  0x000001986dcd4210 GCTaskThread "GC Thread#2" [stack: 0x0000002833b00000,0x0000002833c00000] [id=17596]
  0x000001986dcd44c0 GCTaskThread "GC Thread#3" [stack: 0x0000002833c00000,0x0000002833d00000] [id=13736]
  0x000001986dcd4770 GCTaskThread "GC Thread#4" [stack: 0x0000002833d00000,0x0000002833e00000] [id=3984]
  0x000001986dcd4a20 GCTaskThread "GC Thread#5" [stack: 0x0000002833e00000,0x0000002833f00000] [id=21348]
  0x000001986dcc7cc0 GCTaskThread "GC Thread#6" [stack: 0x0000002833f00000,0x0000002834000000] [id=11164]
  0x000001986f14c800 GCTaskThread "GC Thread#7" [stack: 0x0000002834600000,0x0000002834700000] [id=2384]
  0x000001986f1aa100 GCTaskThread "GC Thread#8" [stack: 0x0000002834700000,0x0000002834800000] [id=18872]
  0x000001986f1aa3b0 GCTaskThread "GC Thread#9" [stack: 0x0000002834800000,0x0000002834900000] [id=4804]

Threads with active compile tasks:
C2 CompilerThread1   258864 9260       4       org.eclipse.jdt.internal.compiler.lookup.ModuleBinding::getOrCreateDeclaredPackage (136 bytes)
C2 CompilerThread2   258864 9303 %     4       org.eclipse.jdt.internal.compiler.lookup.BinaryTypeBinding::createMethod @ 347 (1687 bytes)

VM state: not at safepoint (normal execution)

VM Mutex/Monitor currently owned by a thread: None

Heap address: 0x00000000c0000000, size: 1024 MB, Compressed Oops mode: 32-bit

CDS archive(s) not mapped
Compressed class space mapped at: 0x0000000100000000-0x0000000140000000, reserved size: 1073741824
Narrow klass base: 0x0000000000000000, Narrow klass shift: 3, Narrow klass range: 0x140000000

GC Precious Log:
 CPUs: 12 total, 12 available
 Memory: 7524M
 Large Page Support: Disabled
 NUMA Support: Disabled
 Compressed Oops: Enabled (32-bit)
 Alignments: Space 512K, Generation 512K, Heap 2M
 Heap Min Capacity: 100M
 Heap Initial Capacity: 100M
 Heap Max Capacity: 1G
 Pre-touch: Disabled
 Parallel Workers: 10

Heap:
 PSYoungGen      total 10752K, used 5847K [0x00000000eab00000, 0x00000000ebb80000, 0x0000000100000000)
  eden space 5632K, 14% used [0x00000000eab00000,0x00000000eabc6788,0x00000000eb080000)
  from space 5120K, 98% used [0x00000000eb680000,0x00000000ebb6f800,0x00000000ebb80000)
  to   space 5632K, 0% used [0x00000000eb080000,0x00000000eb080000,0x00000000eb600000)
 ParOldGen       total 111616K, used 95799K [0x00000000c0000000, 0x00000000c6d00000, 0x00000000eab00000)
  object space 111616K, 85% used [0x00000000c0000000,0x00000000c5d8df50,0x00000000c6d00000)
 Metaspace       used 66504K, committed 67392K, reserved 1114112K
  class space    used 6962K, committed 7360K, reserved 1048576K

Card table byte_map: [0x00000198561b0000,0x00000198563c0000] _byte_map_base: 0x0000019855bb0000

Marking Bits: (ParMarkBitMap*) 0x00007ff9da063af0
 Begin Bits: [0x0000019868450000, 0x0000019869450000)
 End Bits:   [0x0000019869450000, 0x000001986a450000)

Polling page: 0x0000019855fa0000

Metaspace:

Usage:
  Non-class:     58.15 MB used.
      Class:      6.80 MB used.
       Both:     64.95 MB used.

Virtual space:
  Non-class space:       64.00 MB reserved,      58.62 MB ( 92%) committed,  8 nodes.
      Class space:        1.00 GB reserved,       7.19 MB ( <1%) committed,  1 nodes.
             Both:        1.06 GB reserved,      65.81 MB (  6%) committed. 

Chunk freelists:
   Non-Class:  720.00 KB
       Class:  753.00 KB
        Both:  1.44 MB

MaxMetaspaceSize: unlimited
CompressedClassSpaceSize: 1.00 GB
Initial GC threshold: 21.00 MB
Current GC threshold: 105.94 MB
CDS: off
MetaspaceReclaimPolicy: balanced
 - commit_granule_bytes: 65536.
 - commit_granule_words: 8192.
 - virtual_space_node_default_size: 1048576.
 - enlarge_chunks_in_place: 1.
 - new_chunks_are_fully_committed: 0.
 - uncommit_free_chunks: 1.
 - use_allocation_guard: 0.
 - handle_deallocations: 1.


Internal statistics:

num_allocs_failed_limit: 9.
num_arena_births: 378.
num_arena_deaths: 0.
num_vsnodes_births: 9.
num_vsnodes_deaths: 0.
num_space_committed: 1053.
num_space_uncommitted: 0.
num_chunks_returned_to_freelist: 9.
num_chunks_taken_from_freelist: 2703.
num_chunk_merges: 9.
num_chunk_splits: 1789.
num_chunks_enlarged: 1176.
num_purges: 0.
num_inconsistent_stats: 0.

CodeHeap 'non-profiled nmethods': size=120000Kb used=4368Kb max_used=4528Kb free=115631Kb
 bounds [0x0000019860f20000, 0x00000198613b0000, 0x0000019868450000]
CodeHeap 'profiled nmethods': size=120000Kb used=17378Kb max_used=17833Kb free=102621Kb
 bounds [0x00000198599f0000, 0x000001985ab80000, 0x0000019860f20000]
CodeHeap 'non-nmethods': size=5760Kb used=1368Kb max_used=1454Kb free=4391Kb
 bounds [0x0000019859450000, 0x00000198596c0000, 0x00000198599f0000]
 total_blobs=8236 nmethods=7529 adapters=619
 compilation: enabled
              stopped_count=0, restarted_count=0
 full_count=0

Compilation events (20 events):
Event: 258.771 Thread 0x000001986a64d3d0 nmethod 9338 0x000001985aa50390 code [0x000001985aa50660, 0x000001985aa51678]
Event: 258.777 Thread 0x0000019872967880 nmethod 9304 0x0000019861252090 code [0x0000019861252400, 0x0000019861254ed0]
Event: 258.777 Thread 0x0000019872967880 9327 %     4       org.eclipse.jdt.internal.core.index.DiskIndex::addQueryResults @ 337 (699 bytes)
Event: 258.782 Thread 0x000001986a64c330 nmethod 9325% 0x00000198611ad790 code [0x00000198611ada20, 0x00000198611afca0]
Event: 258.782 Thread 0x000001986a64c330 9326       4       org.eclipse.jdt.internal.core.index.DiskIndex::readStreamDocumentArray (267 bytes)
Event: 258.787 Thread 0x0000019872967880 nmethod 9327% 0x0000019861285510 code [0x00000198612856e0, 0x0000019861285d48]
Event: 258.787 Thread 0x0000019872967880 9260       4       org.eclipse.jdt.internal.compiler.lookup.ModuleBinding::getOrCreateDeclaredPackage (136 bytes)
Event: 258.789 Thread 0x000001986a64c330 nmethod 9326 0x0000019861284d90 code [0x0000019861284f20, 0x0000019861285338]
Event: 258.789 Thread 0x000001986a64c330 9286       4       java.lang.String::valueOf (9 bytes)
Event: 258.792 Thread 0x000001986a64c330 nmethod 9286 0x00000198611ad010 code [0x00000198611ad1a0, 0x00000198611ad578]
Event: 258.792 Thread 0x000001986a64c330 9287       4       org.eclipse.jdt.internal.compiler.classfmt.MethodInfo::getMethodDescriptor (46 bytes)
Event: 258.803 Thread 0x000001986a64c330 nmethod 9287 0x00000198611ac290 code [0x00000198611ac440, 0x00000198611accb8]
Event: 258.803 Thread 0x000001986a64c330 9308       4       java.lang.StringBuilder::length (5 bytes)
Event: 258.804 Thread 0x000001986a64c330 nmethod 9308 0x0000019861284990 code [0x0000019861284b00, 0x0000019861284b78]
Event: 258.804 Thread 0x000001986a64c330 9280       4       org.eclipse.jdt.internal.compiler.lookup.PackageBinding::addPackage (40 bytes)
Event: 258.806 Thread 0x000001986a64c330 nmethod 9280 0x00000198611abc90 code [0x00000198611abe20, 0x00000198611abfa8]
Event: 258.806 Thread 0x000001986a64c330 9299       4       org.eclipse.jdt.internal.compiler.env.ITypeAnnotationWalker$1::toThrows (2 bytes)
Event: 258.806 Thread 0x000001986a64c330 nmethod 9299 0x0000019861251d90 code [0x0000019861251f00, 0x0000019861251f78]
Event: 258.806 Thread 0x000001986a64c330 9328       4       org.eclipse.jdt.internal.compiler.impl.IrritantSet::clear (22 bytes)
Event: 258.807 Thread 0x000001986a64c330 nmethod 9328 0x0000019861251a90 code [0x0000019861251c00, 0x0000019861251cd8]

GC Heap History (20 events):
Event: 16.669 GC heap before
{Heap before GC invocations=38 (full 5):
 PSYoungGen      total 11264K, used 11213K [0x00000000eab00000, 0x00000000ebb80000, 0x0000000100000000)
  eden space 6656K, 100% used [0x00000000eab00000,0x00000000eb180000,0x00000000eb180000)
  from space 4608K, 98% used [0x00000000eb700000,0x00000000ebb737f0,0x00000000ebb80000)
  to   space 5120K, 0% used [0x00000000eb180000,0x00000000eb180000,0x00000000eb680000)
 ParOldGen       total 111616K, used 88413K [0x00000000c0000000, 0x00000000c6d00000, 0x00000000eab00000)
  object space 111616K, 79% used [0x00000000c0000000,0x00000000c56577d8,0x00000000c6d00000)
 Metaspace       used 65502K, committed 66368K, reserved 1114112K
  class space    used 6869K, committed 7232K, reserved 1048576K
}
Event: 16.671 GC heap after
{Heap after GC invocations=38 (full 5):
 PSYoungGen      total 8704K, used 1792K [0x00000000eab00000, 0x00000000eb880000, 0x0000000100000000)
  eden space 6656K, 0% used [0x00000000eab00000,0x00000000eab00000,0x00000000eb180000)
  from space 2048K, 87% used [0x00000000eb180000,0x00000000eb340000,0x00000000eb380000)
  to   space 3072K, 0% used [0x00000000eb580000,0x00000000eb580000,0x00000000eb880000)
 ParOldGen       total 111616K, used 88413K [0x00000000c0000000, 0x00000000c6d00000, 0x00000000eab00000)
  object space 111616K, 79% used [0x00000000c0000000,0x00000000c56577d8,0x00000000c6d00000)
 Metaspace       used 65502K, committed 66368K, reserved 1114112K
  class space    used 6869K, committed 7232K, reserved 1048576K
}
Event: 238.629 GC heap before
{Heap before GC invocations=39 (full 5):
 PSYoungGen      total 8704K, used 8448K [0x00000000eab00000, 0x00000000eb880000, 0x0000000100000000)
  eden space 6656K, 100% used [0x00000000eab00000,0x00000000eb180000,0x00000000eb180000)
  from space 2048K, 87% used [0x00000000eb180000,0x00000000eb340000,0x00000000eb380000)
  to   space 3072K, 0% used [0x00000000eb580000,0x00000000eb580000,0x00000000eb880000)
 ParOldGen       total 111616K, used 88413K [0x00000000c0000000, 0x00000000c6d00000, 0x00000000eab00000)
  object space 111616K, 79% used [0x00000000c0000000,0x00000000c56577d8,0x00000000c6d00000)
 Metaspace       used 66035K, committed 66816K, reserved 1114112K
  class space    used 6936K, committed 7296K, reserved 1048576K
}
Event: 238.631 GC heap after
{Heap after GC invocations=39 (full 5):
 PSYoungGen      total 8704K, used 3053K [0x00000000eab00000, 0x00000000ebb80000, 0x0000000100000000)
  eden space 5632K, 0% used [0x00000000eab00000,0x00000000eab00000,0x00000000eb080000)
  from space 3072K, 99% used [0x00000000eb580000,0x00000000eb87b7f0,0x00000000eb880000)
  to   space 5120K, 0% used [0x00000000eb080000,0x00000000eb080000,0x00000000eb580000)
 ParOldGen       total 111616K, used 89837K [0x00000000c0000000, 0x00000000c6d00000, 0x00000000eab00000)
  object space 111616K, 80% used [0x00000000c0000000,0x00000000c57bb7d8,0x00000000c6d00000)
 Metaspace       used 66035K, committed 66816K, reserved 1114112K
  class space    used 6936K, committed 7296K, reserved 1048576K
}
Event: 238.655 GC heap before
{Heap before GC invocations=40 (full 5):
 PSYoungGen      total 8704K, used 8685K [0x00000000eab00000, 0x00000000ebb80000, 0x0000000100000000)
  eden space 5632K, 100% used [0x00000000eab00000,0x00000000eb080000,0x00000000eb080000)
  from space 3072K, 99% used [0x00000000eb580000,0x00000000eb87b7f0,0x00000000eb880000)
  to   space 5120K, 0% used [0x00000000eb080000,0x00000000eb080000,0x00000000eb580000)
 ParOldGen       total 111616K, used 89837K [0x00000000c0000000, 0x00000000c6d00000, 0x00000000eab00000)
  object space 111616K, 80% used [0x00000000c0000000,0x00000000c57bb7d8,0x00000000c6d00000)
 Metaspace       used 66035K, committed 66816K, reserved 1114112K
  class space    used 6936K, committed 7296K, reserved 1048576K
}
Event: 238.657 GC heap after
{Heap after GC invocations=40 (full 5):
 PSYoungGen      total 9216K, used 3309K [0x00000000eab00000, 0x00000000eb880000, 0x0000000100000000)
  eden space 5632K, 0% used [0x00000000eab00000,0x00000000eab00000,0x00000000eb080000)
  from space 3584K, 92% used [0x00000000eb080000,0x00000000eb3bb7f0,0x00000000eb400000)
  to   space 4096K, 0% used [0x00000000eb480000,0x00000000eb480000,0x00000000eb880000)
 ParOldGen       total 111616K, used 91501K [0x00000000c0000000, 0x00000000c6d00000, 0x00000000eab00000)
  object space 111616K, 81% used [0x00000000c0000000,0x00000000c595b7d8,0x00000000c6d00000)
 Metaspace       used 66035K, committed 66816K, reserved 1114112K
  class space    used 6936K, committed 7296K, reserved 1048576K
}
Event: 243.631 GC heap before
{Heap before GC invocations=41 (full 5):
 PSYoungGen      total 9216K, used 8308K [0x00000000eab00000, 0x00000000eb880000, 0x0000000100000000)
  eden space 5632K, 88% used [0x00000000eab00000,0x00000000eafe1990,0x00000000eb080000)
  from space 3584K, 92% used [0x00000000eb080000,0x00000000eb3bb7f0,0x00000000eb400000)
  to   space 4096K, 0% used [0x00000000eb480000,0x00000000eb480000,0x00000000eb880000)
 ParOldGen       total 111616K, used 91501K [0x00000000c0000000, 0x00000000c6d00000, 0x00000000eab00000)
  object space 111616K, 81% used [0x00000000c0000000,0x00000000c595b7d8,0x00000000c6d00000)
 Metaspace       used 66130K, committed 66944K, reserved 1114112K
  class space    used 6945K, committed 7296K, reserved 1048576K
}
Event: 243.633 GC heap after
{Heap after GC invocations=41 (full 5):
 PSYoungGen      total 7168K, used 1072K [0x00000000eab00000, 0x00000000eb600000, 0x0000000100000000)
  eden space 5632K, 0% used [0x00000000eab00000,0x00000000eab00000,0x00000000eb080000)
  from space 1536K, 69% used [0x00000000eb480000,0x00000000eb58c010,0x00000000eb600000)
  to   space 2048K, 0% used [0x00000000eb200000,0x00000000eb200000,0x00000000eb400000)
 ParOldGen       total 111616K, used 91501K [0x00000000c0000000, 0x00000000c6d00000, 0x00000000eab00000)
  object space 111616K, 81% used [0x00000000c0000000,0x00000000c595b7d8,0x00000000c6d00000)
 Metaspace       used 66130K, committed 66944K, reserved 1114112K
  class space    used 6945K, committed 7296K, reserved 1048576K
}
Event: 243.658 GC heap before
{Heap before GC invocations=42 (full 5):
 PSYoungGen      total 7168K, used 5266K [0x00000000eab00000, 0x00000000eb600000, 0x0000000100000000)
  eden space 5632K, 74% used [0x00000000eab00000,0x00000000eaf18be8,0x00000000eb080000)
  from space 1536K, 69% used [0x00000000eb480000,0x00000000eb58c010,0x00000000eb600000)
  to   space 2048K, 0% used [0x00000000eb200000,0x00000000eb200000,0x00000000eb400000)
 ParOldGen       total 111616K, used 91501K [0x00000000c0000000, 0x00000000c6d00000, 0x00000000eab00000)
  object space 111616K, 81% used [0x00000000c0000000,0x00000000c595b7d8,0x00000000c6d00000)
 Metaspace       used 66266K, committed 67136K, reserved 1114112K
  class space    used 6960K, committed 7360K, reserved 1048576K
}
Event: 243.659 GC heap after
{Heap after GC invocations=42 (full 5):
 PSYoungGen      total 7168K, used 1197K [0x00000000eab00000, 0x00000000eb500000, 0x0000000100000000)
  eden space 5632K, 0% used [0x00000000eab00000,0x00000000eab00000,0x00000000eb080000)
  from space 1536K, 77% used [0x00000000eb200000,0x00000000eb32b680,0x00000000eb380000)
  to   space 1536K, 0% used [0x00000000eb380000,0x00000000eb380000,0x00000000eb500000)
 ParOldGen       total 111616K, used 91501K [0x00000000c0000000, 0x00000000c6d00000, 0x00000000eab00000)
  object space 111616K, 81% used [0x00000000c0000000,0x00000000c595b7d8,0x00000000c6d00000)
 Metaspace       used 66266K, committed 67136K, reserved 1114112K
  class space    used 6960K, committed 7360K, reserved 1048576K
}
Event: 243.689 GC heap before
{Heap before GC invocations=43 (full 5):
 PSYoungGen      total 7168K, used 5941K [0x00000000eab00000, 0x00000000eb500000, 0x0000000100000000)
  eden space 5632K, 84% used [0x00000000eab00000,0x00000000eafa1fd8,0x00000000eb080000)
  from space 1536K, 77% used [0x00000000eb200000,0x00000000eb32b680,0x00000000eb380000)
  to   space 1536K, 0% used [0x00000000eb380000,0x00000000eb380000,0x00000000eb500000)
 ParOldGen       total 111616K, used 91501K [0x00000000c0000000, 0x00000000c6d00000, 0x00000000eab00000)
  object space 111616K, 81% used [0x00000000c0000000,0x00000000c595b7d8,0x00000000c6d00000)
 Metaspace       used 66273K, committed 67136K, reserved 1114112K
  class space    used 6961K, committed 7360K, reserved 1048576K
}
Event: 243.690 GC heap after
{Heap after GC invocations=43 (full 5):
 PSYoungGen      total 7168K, used 1375K [0x00000000eab00000, 0x00000000eb500000, 0x0000000100000000)
  eden space 5632K, 0% used [0x00000000eab00000,0x00000000eab00000,0x00000000eb080000)
  from space 1536K, 89% used [0x00000000eb380000,0x00000000eb4d7cc8,0x00000000eb500000)
  to   space 1536K, 0% used [0x00000000eb200000,0x00000000eb200000,0x00000000eb380000)
 ParOldGen       total 111616K, used 91501K [0x00000000c0000000, 0x00000000c6d00000, 0x00000000eab00000)
  object space 111616K, 81% used [0x00000000c0000000,0x00000000c595b7d8,0x00000000c6d00000)
 Metaspace       used 66273K, committed 67136K, reserved 1114112K
  class space    used 6961K, committed 7360K, reserved 1048576K
}
Event: 244.092 GC heap before
{Heap before GC invocations=44 (full 5):
 PSYoungGen      total 7168K, used 7007K [0x00000000eab00000, 0x00000000eb500000, 0x0000000100000000)
  eden space 5632K, 99% used [0x00000000eab00000,0x00000000eb07ffe0,0x00000000eb080000)
  from space 1536K, 89% used [0x00000000eb380000,0x00000000eb4d7cc8,0x00000000eb500000)
  to   space 1536K, 0% used [0x00000000eb200000,0x00000000eb200000,0x00000000eb380000)
 ParOldGen       total 111616K, used 91501K [0x00000000c0000000, 0x00000000c6d00000, 0x00000000eab00000)
  object space 111616K, 81% used [0x00000000c0000000,0x00000000c595b7d8,0x00000000c6d00000)
 Metaspace       used 66352K, committed 67264K, reserved 1114112K
  class space    used 6962K, committed 7360K, reserved 1048576K
}
Event: 244.093 GC heap after
{Heap after GC invocations=44 (full 5):
 PSYoungGen      total 7168K, used 1509K [0x00000000eab00000, 0x00000000eb480000, 0x0000000100000000)
  eden space 5632K, 0% used [0x00000000eab00000,0x00000000eab00000,0x00000000eb080000)
  from space 1536K, 98% used [0x00000000eb200000,0x00000000eb379458,0x00000000eb380000)
  to   space 1024K, 0% used [0x00000000eb380000,0x00000000eb380000,0x00000000eb480000)
 ParOldGen       total 111616K, used 91618K [0x00000000c0000000, 0x00000000c6d00000, 0x00000000eab00000)
  object space 111616K, 82% used [0x00000000c0000000,0x00000000c59789f0,0x00000000c6d00000)
 Metaspace       used 66352K, committed 67264K, reserved 1114112K
  class space    used 6962K, committed 7360K, reserved 1048576K
}
Event: 258.613 GC heap before
{Heap before GC invocations=45 (full 5):
 PSYoungGen      total 7168K, used 7141K [0x00000000eab00000, 0x00000000eb480000, 0x0000000100000000)
  eden space 5632K, 100% used [0x00000000eab00000,0x00000000eb080000,0x00000000eb080000)
  from space 1536K, 98% used [0x00000000eb200000,0x00000000eb379458,0x00000000eb380000)
  to   space 1024K, 0% used [0x00000000eb380000,0x00000000eb380000,0x00000000eb480000)
 ParOldGen       total 111616K, used 91618K [0x00000000c0000000, 0x00000000c6d00000, 0x00000000eab00000)
  object space 111616K, 82% used [0x00000000c0000000,0x00000000c59789f0,0x00000000c6d00000)
 Metaspace       used 66452K, committed 67328K, reserved 1114112K
  class space    used 6962K, committed 7360K, reserved 1048576K
}
Event: 258.614 GC heap after
{Heap after GC invocations=45 (full 5):
 PSYoungGen      total 6656K, used 1013K [0x00000000eab00000, 0x00000000eb580000, 0x0000000100000000)
  eden space 5632K, 0% used [0x00000000eab00000,0x00000000eab00000,0x00000000eb080000)
  from space 1024K, 98% used [0x00000000eb380000,0x00000000eb47d448,0x00000000eb480000)
  to   space 2560K, 0% used [0x00000000eb080000,0x00000000eb080000,0x00000000eb300000)
 ParOldGen       total 111616K, used 92607K [0x00000000c0000000, 0x00000000c6d00000, 0x00000000eab00000)
  object space 111616K, 82% used [0x00000000c0000000,0x00000000c5a6feb0,0x00000000c6d00000)
 Metaspace       used 66452K, committed 67328K, reserved 1114112K
  class space    used 6962K, committed 7360K, reserved 1048576K
}
Event: 258.689 GC heap before
{Heap before GC invocations=46 (full 5):
 PSYoungGen      total 6656K, used 6645K [0x00000000eab00000, 0x00000000eb580000, 0x0000000100000000)
  eden space 5632K, 100% used [0x00000000eab00000,0x00000000eb080000,0x00000000eb080000)
  from space 1024K, 98% used [0x00000000eb380000,0x00000000eb47d448,0x00000000eb480000)
  to   space 2560K, 0% used [0x00000000eb080000,0x00000000eb080000,0x00000000eb300000)
 ParOldGen       total 111616K, used 92607K [0x00000000c0000000, 0x00000000c6d00000, 0x00000000eab00000)
  object space 111616K, 82% used [0x00000000c0000000,0x00000000c5a6feb0,0x00000000c6d00000)
 Metaspace       used 66491K, committed 67392K, reserved 1114112K
  class space    used 6962K, committed 7360K, reserved 1048576K
}
Event: 258.693 GC heap after
{Heap after GC invocations=46 (full 5):
 PSYoungGen      total 8192K, used 2533K [0x00000000eab00000, 0x00000000ebc80000, 0x0000000100000000)
  eden space 5632K, 0% used [0x00000000eab00000,0x00000000eab00000,0x00000000eb080000)
  from space 2560K, 98% used [0x00000000eb080000,0x00000000eb2f95e8,0x00000000eb300000)
  to   space 6144K, 0% used [0x00000000eb680000,0x00000000eb680000,0x00000000ebc80000)
 ParOldGen       total 111616K, used 95361K [0x00000000c0000000, 0x00000000c6d00000, 0x00000000eab00000)
  object space 111616K, 85% used [0x00000000c0000000,0x00000000c5d20738,0x00000000c6d00000)
 Metaspace       used 66491K, committed 67392K, reserved 1114112K
  class space    used 6962K, committed 7360K, reserved 1048576K
}
Event: 258.733 GC heap before
{Heap before GC invocations=47 (full 5):
 PSYoungGen      total 8192K, used 8165K [0x00000000eab00000, 0x00000000ebc80000, 0x0000000100000000)
  eden space 5632K, 100% used [0x00000000eab00000,0x00000000eb080000,0x00000000eb080000)
  from space 2560K, 98% used [0x00000000eb080000,0x00000000eb2f95e8,0x00000000eb300000)
  to   space 6144K, 0% used [0x00000000eb680000,0x00000000eb680000,0x00000000ebc80000)
 ParOldGen       total 111616K, used 95361K [0x00000000c0000000, 0x00000000c6d00000, 0x00000000eab00000)
  object space 111616K, 85% used [0x00000000c0000000,0x00000000c5d20738,0x00000000c6d00000)
 Metaspace       used 66496K, committed 67392K, reserved 1114112K
  class space    used 6962K, committed 7360K, reserved 1048576K
}
Event: 258.739 GC heap after
{Heap after GC invocations=47 (full 5):
 PSYoungGen      total 10752K, used 5054K [0x00000000eab00000, 0x00000000ebb80000, 0x0000000100000000)
  eden space 5632K, 0% used [0x00000000eab00000,0x00000000eab00000,0x00000000eb080000)
  from space 5120K, 98% used [0x00000000eb680000,0x00000000ebb6f800,0x00000000ebb80000)
  to   space 5632K, 0% used [0x00000000eb080000,0x00000000eb080000,0x00000000eb600000)
 ParOldGen       total 111616K, used 95799K [0x00000000c0000000, 0x00000000c6d00000, 0x00000000eab00000)
  object space 111616K, 85% used [0x00000000c0000000,0x00000000c5d8df50,0x00000000c6d00000)
 Metaspace       used 66496K, committed 67392K, reserved 1114112K
  class space    used 6962K, committed 7360K, reserved 1048576K
}

Deoptimization events (20 events):
Event: 243.682 Thread 0x000001986dcb2d00 DEOPT PACKING pc=0x000001985a2996d2 sp=0x00000028355fce00
Event: 243.682 Thread 0x000001986dcb2d00 DEOPT UNPACKING pc=0x00000198594a2843 sp=0x00000028355fc310 mode 0
Event: 243.685 Thread 0x000001986dcb2d00 DEOPT PACKING pc=0x000001985a2996d2 sp=0x00000028355fcd90
Event: 243.685 Thread 0x000001986dcb2d00 DEOPT UNPACKING pc=0x00000198594a2843 sp=0x00000028355fc2a0 mode 0
Event: 243.701 Thread 0x000001986dcb2d00 Uncommon trap: trap_request=0xffffff45 fr.pc=0x000001986124d2fc relative=0x00000000000000dc
Event: 243.701 Thread 0x000001986dcb2d00 Uncommon trap: reason=unstable_if action=reinterpret pc=0x000001986124d2fc method=org.eclipse.jdt.internal.compiler.parser.Scanner.getNextChar(C)Z @ 46 c2
Event: 243.701 Thread 0x000001986dcb2d00 DEOPT PACKING pc=0x000001986124d2fc sp=0x00000028355fd230
Event: 243.701 Thread 0x000001986dcb2d00 DEOPT UNPACKING pc=0x00000198594a20a3 sp=0x00000028355fd1c0 mode 2
Event: 243.702 Thread 0x000001986dcb2d00 Uncommon trap: trap_request=0xffffff45 fr.pc=0x0000019861240778 relative=0x0000000000001bf8
Event: 243.702 Thread 0x000001986dcb2d00 Uncommon trap: reason=unstable_if action=reinterpret pc=0x0000019861240778 method=org.eclipse.jdt.internal.compiler.parser.Scanner.getNextToken()I @ 127 c2
Event: 243.702 Thread 0x000001986dcb2d00 DEOPT PACKING pc=0x0000019861240778 sp=0x00000028355fd490
Event: 243.702 Thread 0x000001986dcb2d00 DEOPT UNPACKING pc=0x00000198594a20a3 sp=0x00000028355fd478 mode 2
Event: 244.099 Thread 0x000001986dcae000 DEOPT PACKING pc=0x0000019859c16463 sp=0x00000028350fd120
Event: 244.099 Thread 0x000001986dcae000 DEOPT UNPACKING pc=0x00000198594a2843 sp=0x00000028350fc7c8 mode 0
Event: 258.668 Thread 0x000001986dcb2d00 DEOPT PACKING pc=0x0000019859c16405 sp=0x00000028355fcc70
Event: 258.668 Thread 0x000001986dcb2d00 DEOPT UNPACKING pc=0x00000198594a2843 sp=0x00000028355fc318 mode 0
Event: 258.671 Thread 0x000001986dcb2d00 DEOPT PACKING pc=0x000001985a4a2fe0 sp=0x00000028355fe010
Event: 258.671 Thread 0x000001986dcb2d00 DEOPT UNPACKING pc=0x00000198594a2843 sp=0x00000028355fd500 mode 0
Event: 258.747 Thread 0x000001986dcb2d00 DEOPT PACKING pc=0x000001985aaa69a0 sp=0x00000028355fe2f0
Event: 258.747 Thread 0x000001986dcb2d00 DEOPT UNPACKING pc=0x00000198594a2843 sp=0x00000028355fd7a8 mode 0

Classes unloaded (0 events):
No events

Classes redefined (0 events):
No events

Internal exceptions (20 events):
Event: 13.163 Thread 0x000001986dcad190 Exception <a 'sun/nio/fs/WindowsException'{0x00000000eaec26b8}> (0x00000000eaec26b8) 
thrown [e:\jenkins\tmp\workspace\build\src\src\hotspot\share\prims\jni.cpp, line 516]
Event: 13.167 Thread 0x000001986dcad190 Exception <a 'sun/nio/fs/WindowsException'{0x00000000eaed24c8}> (0x00000000eaed24c8) 
thrown [e:\jenkins\tmp\workspace\build\src\src\hotspot\share\prims\jni.cpp, line 516]
Event: 13.171 Thread 0x000001986dcad190 Exception <a 'sun/nio/fs/WindowsException'{0x00000000eaee38f8}> (0x00000000eaee38f8) 
thrown [e:\jenkins\tmp\workspace\build\src\src\hotspot\share\prims\jni.cpp, line 516]
Event: 13.175 Thread 0x000001986dcad190 Exception <a 'sun/nio/fs/WindowsException'{0x00000000eaef3740}> (0x00000000eaef3740) 
thrown [e:\jenkins\tmp\workspace\build\src\src\hotspot\share\prims\jni.cpp, line 516]
Event: 13.227 Thread 0x000001986dcad660 Exception <a 'java/io/FileNotFoundException'{0x00000000eb2322e0}> (0x00000000eb2322e0) 
thrown [e:\jenkins\tmp\workspace\build\src\src\hotspot\share\prims\jni.cpp, line 516]
Event: 13.229 Thread 0x000001986dcad660 Implicit null exception at 0x00000198611d1845 to 0x00000198611d1c79
Event: 13.263 Thread 0x000001986dcae000 Exception <a 'java/lang/NoSuchMethodError'{0x00000000eb3326a8}: 'java.lang.Object java.lang.invoke.DirectMethodHandle$Holder.invokeStatic(java.lang.Object, java.lang.Object, java.lang.Object, long)'> (0x00000000eb3326a8) 
thrown [e:\jenkins\tmp\workspace\build\src\src\hotspot\share\interpreter\linkResolver.cpp, line 766]
Event: 13.263 Thread 0x000001986dcae000 Exception <a 'java/lang/NoSuchMethodError'{0x00000000eb33fb18}: 'java.lang.Object java.lang.invoke.DirectMethodHandle$Holder.newInvokeSpecial(java.lang.Object, java.lang.Object, java.lang.Object, long)'> (0x00000000eb33fb18) 
thrown [e:\jenkins\tmp\workspace\build\src\src\hotspot\share\interpreter\linkResolver.cpp, line 766]
Event: 13.264 Thread 0x000001986dcae000 Exception <a 'java/lang/NoSuchMethodError'{0x00000000eb348b70}: 'java.lang.Object java.lang.invoke.DirectMethodHandle$Holder.invokeSpecial(java.lang.Object, java.lang.Object, java.lang.Object, java.lang.Object, long)'> (0x00000000eb348b70) 
thrown [e:\jenkins\tmp\workspace\build\src\src\hotspot\share\interpreter\linkResolver.cpp, line 766]
Event: 13.264 Thread 0x000001986dcae000 Exception <a 'java/lang/NoSuchMethodError'{0x00000000eb34f488}: 'java.lang.Object java.lang.invoke.Invokers$Holder.linkToTargetMethod(java.lang.Object, java.lang.Object, long, java.lang.Object)'> (0x00000000eb34f488) 
thrown [e:\jenkins\tmp\workspace\build\src\src\hotspot\share\interpreter\linkResolver.cpp, line 766]
Event: 13.303 Thread 0x000001986dcb01b0 Exception <a 'java/lang/NoSuchMethodError'{0x00000000eb5809f8}: 'int java.lang.invoke.DirectMethodHandle$Holder.invokeSpecial(java.lang.Object, java.lang.Object, java.lang.Object)'> (0x00000000eb5809f8) 
thrown [e:\jenkins\tmp\workspace\build\src\src\hotspot\share\interpreter\linkResolver.cpp, line 766]
Event: 13.307 Thread 0x000001986dcb01b0 Exception <a 'java/lang/NoSuchMethodError'{0x00000000eb5b2c18}: 'int java.lang.invoke.DirectMethodHandle$Holder.invokeStatic(java.lang.Object, java.lang.Object, java.lang.Object, int)'> (0x00000000eb5b2c18) 
thrown [e:\jenkins\tmp\workspace\build\src\src\hotspot\share\interpreter\linkResolver.cpp, line 766]
Event: 13.348 Thread 0x000001986dcb01b0 Exception <a 'java/io/FileNotFoundException'{0x00000000eb6d7df8}> (0x00000000eb6d7df8) 
thrown [e:\jenkins\tmp\workspace\build\src\src\hotspot\share\prims\jni.cpp, line 516]
Event: 13.481 Thread 0x000001986c54b6e0 Exception <a 'java/lang/NoSuchMethodError'{0x00000000ebaff4d0}: 'java.lang.Object java.lang.invoke.DirectMethodHandle$Holder.invokeStatic(java.lang.Object, java.lang.Object, int, java.lang.Object)'> (0x00000000ebaff4d0) 
thrown [e:\jenkins\tmp\workspace\build\src\src\hotspot\share\interpreter\linkResolver.cpp, line 766]
Event: 13.482 Thread 0x000001986c54b6e0 Exception <a 'java/lang/NoSuchMethodError'{0x00000000ebb077e8}: 'java.lang.Object java.lang.invoke.DirectMethodHandle$Holder.newInvokeSpecial(java.lang.Object, java.lang.Object, int)'> (0x00000000ebb077e8) 
thrown [e:\jenkins\tmp\workspace\build\src\src\hotspot\share\interpreter\linkResolver.cpp, line 766]
Event: 16.230 Thread 0x000001986dcab980 Exception <a 'java/lang/ArrayIndexOutOfBoundsException'{0x00000000eb3f1fa0}: Index 1129 out of bounds for length 1128> (0x00000000eb3f1fa0) 
thrown [e:\jenkins\tmp\workspace\build\src\src\hotspot\share\interpreter\interpreterRuntime.cpp, line 428]
Event: 16.255 Thread 0x000001986dcb0b50 Exception <a 'java/lang/ClassNotFoundException'{0x00000000ebfb88a0}: sun/util/logging/resources/spi/loggingProvider> (0x00000000ebfb88a0) 
thrown [e:\jenkins\tmp\workspace\build\src\src\hotspot\share\classfile\systemDictionary.cpp, line 256]
Event: 16.689 Thread 0x000001986dcb0680 Exception <a 'java/lang/NoSuchMethodError'{0x00000000eab8fac8}: 'java.lang.Object java.lang.invoke.DirectMethodHandle$Holder.invokeStatic(java.lang.Object, int, java.lang.Object, java.lang.Object, java.lang.Object, java.lang.Object)'> (0x00000000eab8fac8) 
thrown [e:\jenkins\tmp\workspace\build\src\src\hotspot\share\interpreter\linkResolver.cpp, line 766]
Event: 16.708 Thread 0x000001986dcb0680 Exception <a 'java/lang/NoSuchMethodError'{0x00000000eac168e8}: 'int java.lang.invoke.DirectMethodHandle$Holder.invokeSpecialIFC(java.lang.Object, java.lang.Object, java.lang.Object, java.lang.Object)'> (0x00000000eac168e8) 
thrown [e:\jenkins\tmp\workspace\build\src\src\hotspot\share\interpreter\linkResolver.cpp, line 766]
Event: 243.648 Thread 0x000001986dcb2d00 Implicit null exception at 0x000001986120132c to 0x000001986120138c

VM Operations (20 events):
Event: 238.655 Executing VM operation: ParallelGCFailedAllocation
Event: 238.657 Executing VM operation: ParallelGCFailedAllocation done
Event: 243.630 Executing VM operation: ParallelGCFailedAllocation
Event: 243.633 Executing VM operation: ParallelGCFailedAllocation done
Event: 243.658 Executing VM operation: ParallelGCFailedAllocation
Event: 243.661 Executing VM operation: ParallelGCFailedAllocation done
Event: 243.689 Executing VM operation: ParallelGCFailedAllocation
Event: 243.690 Executing VM operation: ParallelGCFailedAllocation done
Event: 244.092 Executing VM operation: ParallelGCFailedAllocation
Event: 244.093 Executing VM operation: ParallelGCFailedAllocation done
Event: 245.094 Executing VM operation: Cleanup
Event: 245.094 Executing VM operation: Cleanup done
Event: 249.095 Executing VM operation: Cleanup
Event: 249.095 Executing VM operation: Cleanup done
Event: 258.613 Executing VM operation: ParallelGCFailedAllocation
Event: 258.615 Executing VM operation: ParallelGCFailedAllocation done
Event: 258.689 Executing VM operation: ParallelGCFailedAllocation
Event: 258.693 Executing VM operation: ParallelGCFailedAllocation done
Event: 258.733 Executing VM operation: ParallelGCFailedAllocation
Event: 258.739 Executing VM operation: ParallelGCFailedAllocation done

Events (20 events):
Event: 76.942 Thread 0x000001986c54b6e0 Thread exited: 0x000001986c54b6e0
Event: 78.292 Thread 0x000001986dcb0680 Thread exited: 0x000001986dcb0680
Event: 138.293 Thread 0x000001986dcabe50 Thread exited: 0x000001986dcabe50
Event: 198.293 Thread 0x000001986dcb2830 Thread exited: 0x000001986dcb2830
Event: 238.605 Thread 0x000001986dcabe50 Thread added: 0x000001986dcabe50
Event: 238.613 Thread 0x000001986ed9ce50 Thread added: 0x000001986ed9ce50
Event: 238.615 Thread 0x000001987432ecf0 Thread added: 0x000001987432ecf0
Event: 238.931 Thread 0x000001987432ecf0 Thread exited: 0x000001987432ecf0
Event: 243.574 Thread 0x000001986ed9ce50 Thread exited: 0x000001986ed9ce50
Event: 243.584 Thread 0x000001986dcadb30 Thread added: 0x000001986dcadb30
Event: 243.584 Thread 0x000001986dcad190 Thread exited: 0x000001986dcad190
Event: 243.594 Thread 0x0000019872967880 Thread added: 0x0000019872967880
Event: 243.594 Thread 0x000001986dcb0680 Thread added: 0x000001986dcb0680
Event: 243.595 Thread 0x000001986dcad190 Thread added: 0x000001986dcad190
Event: 243.642 Thread 0x000001986dcb1e90 Thread added: 0x000001986dcb1e90
Event: 248.550 Thread 0x0000019872967880 Thread exited: 0x0000019872967880
Event: 258.605 Thread 0x000001986dcb2830 Thread added: 0x000001986dcb2830
Event: 258.608 Thread 0x000001986dcac7f0 Thread added: 0x000001986dcac7f0
Event: 258.619 Thread 0x0000019872967880 Thread added: 0x0000019872967880
Event: 258.666 Thread 0x000001987432ecf0 Thread added: 0x000001987432ecf0


Dynamic libraries:
0x00007ff78f640000 - 0x00007ff78f64e000 	c:\Users\Nisarg Shah\.vscode\extensions\redhat.java-1.6.0-win32-x64\jre\17.0.2-win32-x86_64\bin\java.exe
0x00007ffa1e5a0000 - 0x00007ffa1e7a9000 	C:\WINDOWS\SYSTEM32\ntdll.dll
0x00007ffa1d8d0000 - 0x00007ffa1d98d000 	C:\WINDOWS\System32\KERNEL32.DLL
0x00007ffa1ba80000 - 0x00007ffa1bdf9000 	C:\WINDOWS\System32\KERNELBASE.dll
0x00007ffa1be00000 - 0x00007ffa1bf11000 	C:\WINDOWS\System32\ucrtbase.dll
0x00007ff9feda0000 - 0x00007ff9fedb9000 	c:\Users\Nisarg Shah\.vscode\extensions\redhat.java-1.6.0-win32-x64\jre\17.0.2-win32-x86_64\bin\VCRUNTIME140.dll
0x00007ff9ff4b0000 - 0x00007ff9ff4c8000 	c:\Users\Nisarg Shah\.vscode\extensions\redhat.java-1.6.0-win32-x64\jre\17.0.2-win32-x86_64\bin\jli.dll
0x00007ffa1c430000 - 0x00007ffa1c5dc000 	C:\WINDOWS\System32\USER32.dll
0x00007ffa1bfc0000 - 0x00007ffa1bfe6000 	C:\WINDOWS\System32\win32u.dll
0x00007ffa00640000 - 0x00007ffa008e5000 	C:\WINDOWS\WinSxS\amd64_microsoft.windows.common-controls_6595b64144ccf1df_6.0.22000.120_none_9d947278b86cc467\COMCTL32.dll
0x00007ffa1c8a0000 - 0x00007ffa1c8c9000 	C:\WINDOWS\System32\GDI32.dll
0x00007ffa1ddb0000 - 0x00007ffa1de53000 	C:\WINDOWS\System32\msvcrt.dll
0x00007ffa1c310000 - 0x00007ffa1c422000 	C:\WINDOWS\System32\gdi32full.dll
0x00007ffa1bf20000 - 0x00007ffa1bfbd000 	C:\WINDOWS\System32\msvcp_win.dll
0x00007ffa1e490000 - 0x00007ffa1e4c1000 	C:\WINDOWS\System32\IMM32.DLL
0x00007ffa162e0000 - 0x00007ffa162ec000 	c:\Users\Nisarg Shah\.vscode\extensions\redhat.java-1.6.0-win32-x64\jre\17.0.2-win32-x86_64\bin\vcruntime140_1.dll
0x00007ff9e5680000 - 0x00007ff9e5711000 	c:\Users\Nisarg Shah\.vscode\extensions\redhat.java-1.6.0-win32-x64\jre\17.0.2-win32-x86_64\bin\msvcp140.dll
0x00007ff9d94e0000 - 0x00007ff9da127000 	c:\Users\Nisarg Shah\.vscode\extensions\redhat.java-1.6.0-win32-x64\jre\17.0.2-win32-x86_64\bin\server\jvm.dll
0x00007ffa1d820000 - 0x00007ffa1d8ce000 	C:\WINDOWS\System32\ADVAPI32.dll
0x00007ffa1db60000 - 0x00007ffa1dbfe000 	C:\WINDOWS\System32\sechost.dll
0x00007ffa1c5e0000 - 0x00007ffa1c700000 	C:\WINDOWS\System32\RPCRT4.dll
0x00007ffa1c700000 - 0x00007ffa1c708000 	C:\WINDOWS\System32\PSAPI.DLL
0x00007ff9f6180000 - 0x00007ff9f6189000 	C:\WINDOWS\SYSTEM32\WSOCK32.dll
0x00007ffa19300000 - 0x00007ffa1930a000 	C:\WINDOWS\SYSTEM32\VERSION.dll
0x00007ffa1da00000 - 0x00007ffa1da6f000 	C:\WINDOWS\System32\WS2_32.dll
0x00007ffa15ed0000 - 0x00007ffa15f03000 	C:\WINDOWS\SYSTEM32\WINMM.dll
0x00007ffa1ac70000 - 0x00007ffa1ac88000 	C:\WINDOWS\SYSTEM32\kernel.appcore.dll
0x00007ffa161e0000 - 0x00007ffa161ea000 	c:\Users\Nisarg Shah\.vscode\extensions\redhat.java-1.6.0-win32-x64\jre\17.0.2-win32-x86_64\bin\jimage.dll
0x00007ffa09280000 - 0x00007ffa094a1000 	C:\WINDOWS\SYSTEM32\DBGHELP.DLL
0x00007ffa05f80000 - 0x00007ffa05fb1000 	C:\WINDOWS\SYSTEM32\dbgcore.DLL
0x00007ffa1bff0000 - 0x00007ffa1c06f000 	C:\WINDOWS\System32\bcryptPrimitives.dll
0x00007ff9f96b0000 - 0x00007ff9f96d5000 	c:\Users\Nisarg Shah\.vscode\extensions\redhat.java-1.6.0-win32-x64\jre\17.0.2-win32-x86_64\bin\java.dll
0x00007ff9fed80000 - 0x00007ff9fed98000 	c:\Users\Nisarg Shah\.vscode\extensions\redhat.java-1.6.0-win32-x64\jre\17.0.2-win32-x86_64\bin\zip.dll
0x00007ffa1ce90000 - 0x00007ffa1d648000 	C:\WINDOWS\System32\SHELL32.dll
0x00007ffa19b80000 - 0x00007ffa1a3e8000 	C:\WINDOWS\SYSTEM32\windows.storage.dll
0x00007ffa1df80000 - 0x00007ffa1e2f9000 	C:\WINDOWS\System32\combase.dll
0x00007ffa19a10000 - 0x00007ffa19b76000 	C:\WINDOWS\SYSTEM32\wintypes.dll
0x00007ffa1cda0000 - 0x00007ffa1ce8a000 	C:\WINDOWS\System32\SHCORE.dll
0x00007ffa1e390000 - 0x00007ffa1e3ed000 	C:\WINDOWS\System32\shlwapi.dll
0x00007ffa1b9b0000 - 0x00007ffa1b9d1000 	C:\WINDOWS\SYSTEM32\profapi.dll
0x00007ff9f9ef0000 - 0x00007ff9f9f09000 	C:\Users\Nisarg Shah\.vscode\extensions\redhat.java-1.6.0-win32-x64\jre\17.0.2-win32-x86_64\bin\net.dll
0x00007ffa15c50000 - 0x00007ffa15d5c000 	C:\WINDOWS\SYSTEM32\WINHTTP.dll
0x00007ffa1b0a0000 - 0x00007ffa1b107000 	C:\WINDOWS\system32\mswsock.dll
0x00007ff9f8070000 - 0x00007ff9f8085000 	C:\Users\Nisarg Shah\.vscode\extensions\redhat.java-1.6.0-win32-x64\jre\17.0.2-win32-x86_64\bin\nio.dll
0x00007ffa1b2e0000 - 0x00007ffa1b2f8000 	C:\WINDOWS\SYSTEM32\CRYPTSP.dll
0x00007ffa1abd0000 - 0x00007ffa1ac05000 	C:\WINDOWS\system32\rsaenh.dll
0x00007ffa1b190000 - 0x00007ffa1b1b9000 	C:\WINDOWS\SYSTEM32\USERENV.dll
0x00007ffa1b460000 - 0x00007ffa1b487000 	C:\WINDOWS\SYSTEM32\bcrypt.dll
0x00007ffa1b300000 - 0x00007ffa1b30c000 	C:\WINDOWS\SYSTEM32\CRYPTBASE.dll
0x00007ffa1a6a0000 - 0x00007ffa1a6cd000 	C:\WINDOWS\SYSTEM32\IPHLPAPI.DLL
0x00007ffa1e380000 - 0x00007ffa1e389000 	C:\WINDOWS\System32\NSI.dll
0x00007ffa15d90000 - 0x00007ffa15da9000 	C:\WINDOWS\SYSTEM32\dhcpcsvc6.DLL
0x00007ffa15eb0000 - 0x00007ffa15ece000 	C:\WINDOWS\SYSTEM32\dhcpcsvc.DLL
0x00007ffa1a6d0000 - 0x00007ffa1a7b8000 	C:\WINDOWS\SYSTEM32\DNSAPI.dll
0x00007ff9f8290000 - 0x00007ff9f82ce000 	C:\Users\Nisarg Shah\AppData\Roaming\Code\User\globalStorage\redhat.java\1.6.0\config_win\org.eclipse.equinox.launcher\org.eclipse.equinox.launcher.win32.win32.x86_64_1.2.400.v20211117-0650\eclipse_11602.dll
0x00007ffa1dc10000 - 0x00007ffa1ddaa000 	C:\WINDOWS\System32\ole32.dll
0x00007ffa0bfb0000 - 0x00007ffa0bfc0000 	c:\Users\Nisarg Shah\.vscode\extensions\redhat.java-1.6.0-win32-x64\jre\17.0.2-win32-x86_64\bin\verify.dll
0x00007ff9f1ce0000 - 0x00007ff9f1d24000 	C:\Users\Nisarg Shah\AppData\Local\Temp\jna--955153698\jna13893150948634623119.dll
0x00007ffa08f40000 - 0x00007ffa08f4e000 	C:\Users\Nisarg Shah\.vscode\extensions\redhat.java-1.6.0-win32-x64\jre\17.0.2-win32-x86_64\bin\sunmscapi.dll
0x00007ffa1c070000 - 0x00007ffa1c1d2000 	C:\WINDOWS\System32\CRYPT32.dll
0x00007ffa1b430000 - 0x00007ffa1b458000 	C:\WINDOWS\SYSTEM32\ncrypt.dll
0x00007ffa1b3f0000 - 0x00007ffa1b427000 	C:\WINDOWS\SYSTEM32\NTASN1.dll
0x00007ffa03960000 - 0x00007ffa0396a000 	C:\Windows\System32\rasadhlp.dll
0x00007ffa156a0000 - 0x00007ffa15721000 	C:\WINDOWS\System32\fwpuclnt.dll

dbghelp: loaded successfully - version: 4.0.5 - missing functions: none
symbol engine: initialized successfully - sym options: 0x614 - pdb path: .;c:\Users\Nisarg Shah\.vscode\extensions\redhat.java-1.6.0-win32-x64\jre\17.0.2-win32-x86_64\bin;C:\WINDOWS\SYSTEM32;C:\WINDOWS\WinSxS\amd64_microsoft.windows.common-controls_6595b64144ccf1df_6.0.22000.120_none_9d947278b86cc467;c:\Users\Nisarg Shah\.vscode\extensions\redhat.java-1.6.0-win32-x64\jre\17.0.2-win32-x86_64\bin\server;C:\Users\Nisarg Shah\AppData\Roaming\Code\User\globalStorage\redhat.java\1.6.0\config_win\org.eclipse.equinox.launcher\org.eclipse.equinox.launcher.win32.win32.x86_64_1.2.400.v20211117-0650;C:\Users\Nisarg Shah\AppData\Local\Temp\jna--955153698

VM Arguments:
jvm_args: --add-modules=ALL-SYSTEM --add-opens=java.base/java.util=ALL-UNNAMED --add-opens=java.base/java.lang=ALL-UNNAMED --add-opens=java.base/sun.nio.fs=ALL-UNNAMED -Declipse.application=org.eclipse.jdt.ls.core.id1 -Dosgi.bundles.defaultStartLevel=4 -Declipse.product=org.eclipse.jdt.ls.core.product -Djava.import.generatesMetadataFilesAtProjectRoot=false -Dfile.encoding=utf8 -DwatchParentProcess=false -XX:+UseParallelGC -XX:GCTimeRatio=4 -XX:AdaptiveSizePolicyWeight=90 -Dsun.zip.disableMemoryMapping=true -Xmx1G -Xms100m -XX:+HeapDumpOnOutOfMemoryError -XX:HeapDumpPath=c:\Users\Nisarg Shah\AppData\Roaming\Code\User\workspaceStorage\54ba89270061d8e32219ce9d5ef7f790\redhat.java 
java_command: c:\Users\Nisarg Shah\.vscode\extensions\redhat.java-1.6.0-win32-x64\server\plugins\org.eclipse.equinox.launcher_1.6.400.v20210924-0641.jar -configuration c:\Users\Nisarg Shah\AppData\Roaming\Code\User\globalStorage\redhat.java\1.6.0\config_win -data c:\Users\Nisarg Shah\AppData\Roaming\Code\User\workspaceStorage\54ba89270061d8e32219ce9d5ef7f790\redhat.java\jdt_ws
java_class_path (initial): c:\Users\Nisarg Shah\.vscode\extensions\redhat.java-1.6.0-win32-x64\server\plugins\org.eclipse.equinox.launcher_1.6.400.v20210924-0641.jar
Launcher Type: SUN_STANDARD

[Global flags]
    uintx AdaptiveSizePolicyWeight                 = 90                                        {product} {command line}
     intx CICompilerCount                          = 4                                         {product} {ergonomic}
    uintx GCTimeRatio                              = 4                                         {product} {command line}
     bool HeapDumpOnOutOfMemoryError               = true                                   {manageable} {command line}
    ccstr HeapDumpPath                             = c:\Users\Nisarg Shah\AppData\Roaming\Code\User\workspaceStorage\54ba89270061d8e32219ce9d5ef7f790\redhat.java         {manageable} {command line}
   size_t InitialHeapSize                          = 104857600                                 {product} {command line}
   size_t MaxHeapSize                              = 1073741824                                {product} {command line}
   size_t MaxNewSize                               = 357564416                                 {product} {ergonomic}
   size_t MinHeapDeltaBytes                        = 524288                                    {product} {ergonomic}
   size_t MinHeapSize                              = 104857600                                 {product} {command line}
   size_t NewSize                                  = 34603008                                  {product} {ergonomic}
    uintx NonNMethodCodeHeapSize                   = 5839372                                {pd product} {ergonomic}
    uintx NonProfiledCodeHeapSize                  = 122909434                              {pd product} {ergonomic}
   size_t OldSize                                  = 70254592                                  {product} {ergonomic}
    uintx ProfiledCodeHeapSize                     = 122909434                              {pd product} {ergonomic}
    uintx ReservedCodeCacheSize                    = 251658240                              {pd product} {ergonomic}
     bool SegmentedCodeCache                       = true                                      {product} {ergonomic}
   size_t SoftMaxHeapSize                          = 1073741824                             {manageable} {ergonomic}
     bool UseCompressedClassPointers               = true                           {product lp64_product} {ergonomic}
     bool UseCompressedOops                        = true                           {product lp64_product} {ergonomic}
     bool UseLargePagesIndividualAllocation        = false                                  {pd product} {ergonomic}
     bool UseParallelGC                            = true                                      {product} {command line}

Logging:
Log output configuration:
 #0: stdout all=warning uptime,level,tags
 #1: stderr all=off uptime,level,tags

Environment Variables:
JAVA_HOME=C:\Program Files\Eclipse Adoptium\jdk-11.0.13.8-hotspot\
PATH=C:\Program Files\Python310\Scripts\;C:\Program Files\Python310\;C:\Program Files\Eclipse Adoptium\jdk-11.0.13.8-hotspot\bin;C:\windows\system32;C:\windows;C:\windows\System32\Wbem;C:\windows\System32\WindowsPowerShell\v1.0\;C:\windows\System32\OpenSSH\;C:\Program Files (x86)\NVIDIA Corporation\PhysX\Common;C:\Program Files\NVIDIA Corporation\NVIDIA NvDLISR;D:\Programs\Git\cmd;C:\Users\Nisarg Shah\AppData\Local\Microsoft\WindowsApps;D:\Programs\msys64\mingw64\bin;D:\Program Files\Nodejs\;C:\WINDOWS\system32;C:\WINDOWS;C:\WINDOWS\System32\Wbem;C:\WINDOWS\System32\WindowsPowerShell\v1.0\;C:\WINDOWS\System32\OpenSSH\;E:\Downloads\ffmpeg-2022-03-03-git-72684d2c2d-full_build\bin;D:\Program Files\apache-maven-3.8.4\bin;D:\Programs\XAMPP\php;C:\Users\Nisarg Shah\AppData\Roaming\Python\Python310\Scripts;C:\Users\Nisarg Shah\Downloads\platform-tools_r33.0.1-windows\platform-tools;C:\Users\Nisarg Shah\AppData\Local\Microsoft\WindowsApps;;D:\Programs\Microsoft VS Code\bin;D:\Program Files\IntelliJ IDEA 2021.3.1\bin;;C:\Users\Nisarg Shah\AppData\Roaming\npm;D:\Programs\heroku\bin
USERNAME=Nisarg Shah
OS=Windows_NT
PROCESSOR_IDENTIFIER=AMD64 Family 25 Model 80 Stepping 0, AuthenticAMD



---------------  S Y S T E M  ---------------

OS:
 Windows 11 , 64 bit Build 22000 (10.0.22000.708)
OS uptime: 0 days 20:02 hours

CPU: total 12 (initial active 12) (12 cores per cpu, 2 threads per core) family 25 model 80 stepping 0 microcode 0x0, cx8, cmov, fxsr, ht, mmx, 3dnowpref, sse, sse2, sse3, ssse3, sse4a, sse4.1, sse4.2, popcnt, lzcnt, tsc, tscinvbit, avx, avx2, aes, erms, clmul, bmi1, bmi2, adx, sha, fma, vzeroupper, clflush, clflushopt

Memory: 4k page, system-wide physical 7524M (598M free)
TotalPageFile size 11620M (AvailPageFile size 10M)
current process WorkingSet (physical memory assigned to process): 299M, peak: 327M
current process commit charge ("private bytes"): 359M, peak: 389M

vm_info: OpenJDK 64-Bit Server VM (17.0.2+8) for windows-amd64 JRE (17.0.2+8), built on Jan 20 2022 04:52:34 by "" with MS VC++ 16.7 (VS2019)

END.
